[2024-11-01T19:51:17.650+0000] {local_task_job_runner.py:123} INFO - ::group::Pre task execution logs
[2024-11-01T19:51:17.674+0000] {taskinstance.py:2612} INFO - Dependencies all met for dep_context=non-requeueable deps ti=<TaskInstance: read_kafka.load_connections manual__2024-11-01T19:51:15.920345+00:00 [queued]>
[2024-11-01T19:51:17.685+0000] {taskinstance.py:2612} INFO - Dependencies all met for dep_context=requeueable deps ti=<TaskInstance: read_kafka.load_connections manual__2024-11-01T19:51:15.920345+00:00 [queued]>
[2024-11-01T19:51:17.686+0000] {taskinstance.py:2865} INFO - Starting attempt 1 of 2
[2024-11-01T19:51:17.707+0000] {taskinstance.py:2888} INFO - Executing <Task(PythonOperator): load_connections> on 2024-11-01 19:51:15.920345+00:00
[2024-11-01T19:51:17.714+0000] {warnings.py:112} WARNING - /home/***/.local/lib/python3.12/site-packages/***/task/task_runner/standard_task_runner.py:70: DeprecationWarning: This process (pid=72) is multi-threaded, use of fork() may lead to deadlocks in the child.
  pid = os.fork()

[2024-11-01T19:51:17.716+0000] {standard_task_runner.py:72} INFO - Started process 73 to run task
[2024-11-01T19:51:17.716+0000] {standard_task_runner.py:104} INFO - Running: ['***', 'tasks', 'run', 'read_kafka', 'load_connections', 'manual__2024-11-01T19:51:15.920345+00:00', '--job-id', '3', '--raw', '--subdir', 'DAGS_FOLDER/read_kafka.py', '--cfg-path', '/tmp/tmpk8gmusvg']
[2024-11-01T19:51:17.717+0000] {standard_task_runner.py:105} INFO - Job 3: Subtask load_connections
[2024-11-01T19:51:17.773+0000] {task_command.py:467} INFO - Running <TaskInstance: read_kafka.load_connections manual__2024-11-01T19:51:15.920345+00:00 [running]> on host 887d9f907c8b
[2024-11-01T19:51:17.869+0000] {taskinstance.py:3131} INFO - Exporting env vars: AIRFLOW_CTX_DAG_OWNER='***' AIRFLOW_CTX_DAG_ID='read_kafka' AIRFLOW_CTX_TASK_ID='load_connections' AIRFLOW_CTX_EXECUTION_DATE='2024-11-01T19:51:15.920345+00:00' AIRFLOW_CTX_TRY_NUMBER='1' AIRFLOW_CTX_DAG_RUN_ID='manual__2024-11-01T19:51:15.920345+00:00'
[2024-11-01T19:51:17.870+0000] {taskinstance.py:731} INFO - ::endgroup::
[2024-11-01T19:51:17.902+0000] {crypto.py:82} WARNING - empty cryptography key - values will not be stored encrypted.
[2024-11-01T19:51:17.915+0000] {python.py:240} INFO - Done. Returned value was: None
[2024-11-01T19:51:17.927+0000] {taskinstance.py:340} INFO - ::group::Post task execution logs
[2024-11-01T19:51:17.928+0000] {taskinstance.py:352} INFO - Marking task as SUCCESS. dag_id=read_kafka, task_id=load_connections, run_id=manual__2024-11-01T19:51:15.920345+00:00, execution_date=20241101T195115, start_date=20241101T195117, end_date=20241101T195117
[2024-11-01T19:51:17.975+0000] {local_task_job_runner.py:266} INFO - Task exited with return code 0
[2024-11-01T19:51:18.014+0000] {taskinstance.py:3900} INFO - 1 downstream tasks scheduled from follow-on schedule check
[2024-11-01T19:51:18.017+0000] {local_task_job_runner.py:245} INFO - ::endgroup::
