[2024-10-31T20:00:01.645+0000] {local_task_job_runner.py:123} INFO - ::group::Pre task execution logs
[2024-10-31T20:00:01.668+0000] {taskinstance.py:2612} INFO - Dependencies all met for dep_context=non-requeueable deps ti=<TaskInstance: write_kafka.load_connections scheduled__2024-10-31T19:00:00+00:00 [queued]>
[2024-10-31T20:00:01.678+0000] {taskinstance.py:2612} INFO - Dependencies all met for dep_context=requeueable deps ti=<TaskInstance: write_kafka.load_connections scheduled__2024-10-31T19:00:00+00:00 [queued]>
[2024-10-31T20:00:01.679+0000] {taskinstance.py:2865} INFO - Starting attempt 1 of 2
[2024-10-31T20:00:01.696+0000] {taskinstance.py:2888} INFO - Executing <Task(PythonOperator): load_connections> on 2024-10-31 19:00:00+00:00
[2024-10-31T20:00:01.705+0000] {warnings.py:112} WARNING - /home/***/.local/lib/python3.12/site-packages/***/task/task_runner/standard_task_runner.py:70: DeprecationWarning: This process (pid=316) is multi-threaded, use of fork() may lead to deadlocks in the child.
  pid = os.fork()

[2024-10-31T20:00:01.707+0000] {standard_task_runner.py:72} INFO - Started process 318 to run task
[2024-10-31T20:00:01.707+0000] {standard_task_runner.py:104} INFO - Running: ['***', 'tasks', 'run', 'write_kafka', 'load_connections', 'scheduled__2024-10-31T19:00:00+00:00', '--job-id', '12', '--raw', '--subdir', 'DAGS_FOLDER/write_kafka.py', '--cfg-path', '/tmp/tmpkh3c419n']
[2024-10-31T20:00:01.710+0000] {standard_task_runner.py:105} INFO - Job 12: Subtask load_connections
[2024-10-31T20:00:01.771+0000] {task_command.py:467} INFO - Running <TaskInstance: write_kafka.load_connections scheduled__2024-10-31T19:00:00+00:00 [running]> on host 16db0ed5f1c9
[2024-10-31T20:00:02.095+0000] {taskinstance.py:3131} INFO - Exporting env vars: AIRFLOW_CTX_DAG_OWNER='***' AIRFLOW_CTX_DAG_ID='write_kafka' AIRFLOW_CTX_TASK_ID='load_connections' AIRFLOW_CTX_EXECUTION_DATE='2024-10-31T19:00:00+00:00' AIRFLOW_CTX_TRY_NUMBER='1' AIRFLOW_CTX_DAG_RUN_ID='scheduled__2024-10-31T19:00:00+00:00'
[2024-10-31T20:00:02.096+0000] {taskinstance.py:731} INFO - ::endgroup::
[2024-10-31T20:00:02.113+0000] {crypto.py:82} WARNING - empty cryptography key - values will not be stored encrypted.
[2024-10-31T20:00:02.121+0000] {python.py:240} INFO - Done. Returned value was: None
[2024-10-31T20:00:02.133+0000] {taskinstance.py:340} INFO - ::group::Post task execution logs
[2024-10-31T20:00:02.134+0000] {taskinstance.py:352} INFO - Marking task as SUCCESS. dag_id=write_kafka, task_id=load_connections, run_id=scheduled__2024-10-31T19:00:00+00:00, execution_date=20241031T190000, start_date=20241031T200001, end_date=20241031T200002
[2024-10-31T20:00:02.164+0000] {local_task_job_runner.py:266} INFO - Task exited with return code 0
[2024-10-31T20:00:02.191+0000] {taskinstance.py:3900} INFO - 1 downstream tasks scheduled from follow-on schedule check
[2024-10-31T20:00:02.194+0000] {local_task_job_runner.py:245} INFO - ::endgroup::
[2024-10-31T20:39:42.416+0000] {local_task_job_runner.py:123} INFO - ::group::Pre task execution logs
[2024-10-31T20:39:42.440+0000] {taskinstance.py:2612} INFO - Dependencies all met for dep_context=non-requeueable deps ti=<TaskInstance: write_kafka.load_connections scheduled__2024-10-31T19:00:00+00:00 [queued]>
[2024-10-31T20:39:42.454+0000] {taskinstance.py:2612} INFO - Dependencies all met for dep_context=requeueable deps ti=<TaskInstance: write_kafka.load_connections scheduled__2024-10-31T19:00:00+00:00 [queued]>
[2024-10-31T20:39:42.455+0000] {taskinstance.py:2865} INFO - Starting attempt 1 of 2
[2024-10-31T20:39:42.479+0000] {taskinstance.py:2888} INFO - Executing <Task(PythonOperator): load_connections> on 2024-10-31 19:00:00+00:00
[2024-10-31T20:39:42.488+0000] {warnings.py:112} WARNING - /home/***/.local/lib/python3.12/site-packages/***/task/task_runner/standard_task_runner.py:70: DeprecationWarning: This process (pid=80) is multi-threaded, use of fork() may lead to deadlocks in the child.
  pid = os.fork()

[2024-10-31T20:39:42.490+0000] {standard_task_runner.py:72} INFO - Started process 82 to run task
[2024-10-31T20:39:42.491+0000] {standard_task_runner.py:104} INFO - Running: ['***', 'tasks', 'run', 'write_kafka', 'load_connections', 'scheduled__2024-10-31T19:00:00+00:00', '--job-id', '3', '--raw', '--subdir', 'DAGS_FOLDER/write_kafka.py', '--cfg-path', '/tmp/tmpnkhdc44r']
[2024-10-31T20:39:42.494+0000] {standard_task_runner.py:105} INFO - Job 3: Subtask load_connections
[2024-10-31T20:39:42.789+0000] {task_command.py:467} INFO - Running <TaskInstance: write_kafka.load_connections scheduled__2024-10-31T19:00:00+00:00 [running]> on host 635c5977ecad
[2024-10-31T20:39:42.894+0000] {taskinstance.py:3131} INFO - Exporting env vars: AIRFLOW_CTX_DAG_OWNER='***' AIRFLOW_CTX_DAG_ID='write_kafka' AIRFLOW_CTX_TASK_ID='load_connections' AIRFLOW_CTX_EXECUTION_DATE='2024-10-31T19:00:00+00:00' AIRFLOW_CTX_TRY_NUMBER='1' AIRFLOW_CTX_DAG_RUN_ID='scheduled__2024-10-31T19:00:00+00:00'
[2024-10-31T20:39:42.896+0000] {taskinstance.py:731} INFO - ::endgroup::
[2024-10-31T20:39:42.937+0000] {crypto.py:82} WARNING - empty cryptography key - values will not be stored encrypted.
[2024-10-31T20:39:42.960+0000] {python.py:240} INFO - Done. Returned value was: None
[2024-10-31T20:39:42.975+0000] {taskinstance.py:340} INFO - ::group::Post task execution logs
[2024-10-31T20:39:42.976+0000] {taskinstance.py:352} INFO - Marking task as SUCCESS. dag_id=write_kafka, task_id=load_connections, run_id=scheduled__2024-10-31T19:00:00+00:00, execution_date=20241031T190000, start_date=20241031T203942, end_date=20241031T203942
[2024-10-31T20:39:43.027+0000] {local_task_job_runner.py:266} INFO - Task exited with return code 0
[2024-10-31T20:39:43.268+0000] {taskinstance.py:3900} INFO - 1 downstream tasks scheduled from follow-on schedule check
[2024-10-31T20:39:43.272+0000] {local_task_job_runner.py:245} INFO - ::endgroup::
