[2024-11-01T19:23:23.451+0000] {local_task_job_runner.py:123} INFO - ::group::Pre task execution logs
[2024-11-01T19:23:23.473+0000] {taskinstance.py:2612} INFO - Dependencies all met for dep_context=non-requeueable deps ti=<TaskInstance: write_kafka.load_connections scheduled__2024-11-01T18:00:00+00:00 [queued]>
[2024-11-01T19:23:23.485+0000] {taskinstance.py:2612} INFO - Dependencies all met for dep_context=requeueable deps ti=<TaskInstance: write_kafka.load_connections scheduled__2024-11-01T18:00:00+00:00 [queued]>
[2024-11-01T19:23:23.486+0000] {taskinstance.py:2865} INFO - Starting attempt 1 of 2
[2024-11-01T19:23:23.506+0000] {taskinstance.py:2888} INFO - Executing <Task(PythonOperator): load_connections> on 2024-11-01 18:00:00+00:00
[2024-11-01T19:23:23.514+0000] {warnings.py:112} WARNING - /home/***/.local/lib/python3.12/site-packages/***/task/task_runner/standard_task_runner.py:70: DeprecationWarning: This process (pid=179) is multi-threaded, use of fork() may lead to deadlocks in the child.
  pid = os.fork()

[2024-11-01T19:23:23.516+0000] {standard_task_runner.py:72} INFO - Started process 181 to run task
[2024-11-01T19:23:23.516+0000] {standard_task_runner.py:104} INFO - Running: ['***', 'tasks', 'run', 'write_kafka', 'load_connections', 'scheduled__2024-11-01T18:00:00+00:00', '--job-id', '5', '--raw', '--subdir', 'DAGS_FOLDER/write_kafka.py', '--cfg-path', '/tmp/tmpvv5tv1q9']
[2024-11-01T19:23:23.519+0000] {standard_task_runner.py:105} INFO - Job 5: Subtask load_connections
[2024-11-01T19:23:23.787+0000] {task_command.py:467} INFO - Running <TaskInstance: write_kafka.load_connections scheduled__2024-11-01T18:00:00+00:00 [running]> on host 1571d3dd6210
[2024-11-01T19:23:23.888+0000] {taskinstance.py:3131} INFO - Exporting env vars: AIRFLOW_CTX_DAG_OWNER='***' AIRFLOW_CTX_DAG_ID='write_kafka' AIRFLOW_CTX_TASK_ID='load_connections' AIRFLOW_CTX_EXECUTION_DATE='2024-11-01T18:00:00+00:00' AIRFLOW_CTX_TRY_NUMBER='1' AIRFLOW_CTX_DAG_RUN_ID='scheduled__2024-11-01T18:00:00+00:00'
[2024-11-01T19:23:23.889+0000] {taskinstance.py:731} INFO - ::endgroup::
[2024-11-01T19:23:23.918+0000] {crypto.py:82} WARNING - empty cryptography key - values will not be stored encrypted.
[2024-11-01T19:23:23.928+0000] {python.py:240} INFO - Done. Returned value was: None
[2024-11-01T19:23:23.952+0000] {taskinstance.py:340} INFO - ::group::Post task execution logs
[2024-11-01T19:23:23.953+0000] {taskinstance.py:352} INFO - Marking task as SUCCESS. dag_id=write_kafka, task_id=load_connections, run_id=scheduled__2024-11-01T18:00:00+00:00, execution_date=20241101T180000, start_date=20241101T192323, end_date=20241101T192323
[2024-11-01T19:23:24.012+0000] {local_task_job_runner.py:266} INFO - Task exited with return code 0
[2024-11-01T19:23:24.249+0000] {taskinstance.py:3900} INFO - 1 downstream tasks scheduled from follow-on schedule check
[2024-11-01T19:23:24.251+0000] {local_task_job_runner.py:245} INFO - ::endgroup::
[2024-11-01T19:34:54.847+0000] {local_task_job_runner.py:123} INFO - ::group::Pre task execution logs
[2024-11-01T19:34:54.870+0000] {taskinstance.py:2612} INFO - Dependencies all met for dep_context=non-requeueable deps ti=<TaskInstance: write_kafka.load_connections scheduled__2024-11-01T18:00:00+00:00 [queued]>
[2024-11-01T19:34:54.881+0000] {taskinstance.py:2612} INFO - Dependencies all met for dep_context=requeueable deps ti=<TaskInstance: write_kafka.load_connections scheduled__2024-11-01T18:00:00+00:00 [queued]>
[2024-11-01T19:34:54.882+0000] {taskinstance.py:2865} INFO - Starting attempt 1 of 2
[2024-11-01T19:34:54.902+0000] {taskinstance.py:2888} INFO - Executing <Task(PythonOperator): load_connections> on 2024-11-01 18:00:00+00:00
[2024-11-01T19:34:54.910+0000] {warnings.py:112} WARNING - /home/***/.local/lib/python3.12/site-packages/***/task/task_runner/standard_task_runner.py:70: DeprecationWarning: This process (pid=72) is multi-threaded, use of fork() may lead to deadlocks in the child.
  pid = os.fork()

[2024-11-01T19:34:54.912+0000] {standard_task_runner.py:72} INFO - Started process 74 to run task
[2024-11-01T19:34:54.912+0000] {standard_task_runner.py:104} INFO - Running: ['***', 'tasks', 'run', 'write_kafka', 'load_connections', 'scheduled__2024-11-01T18:00:00+00:00', '--job-id', '3', '--raw', '--subdir', 'DAGS_FOLDER/write_kafka.py', '--cfg-path', '/tmp/tmpk13lgd2k']
[2024-11-01T19:34:54.915+0000] {standard_task_runner.py:105} INFO - Job 3: Subtask load_connections
[2024-11-01T19:34:55.183+0000] {task_command.py:467} INFO - Running <TaskInstance: write_kafka.load_connections scheduled__2024-11-01T18:00:00+00:00 [running]> on host abb56370658a
[2024-11-01T19:34:55.271+0000] {taskinstance.py:3131} INFO - Exporting env vars: AIRFLOW_CTX_DAG_OWNER='***' AIRFLOW_CTX_DAG_ID='write_kafka' AIRFLOW_CTX_TASK_ID='load_connections' AIRFLOW_CTX_EXECUTION_DATE='2024-11-01T18:00:00+00:00' AIRFLOW_CTX_TRY_NUMBER='1' AIRFLOW_CTX_DAG_RUN_ID='scheduled__2024-11-01T18:00:00+00:00'
[2024-11-01T19:34:55.273+0000] {taskinstance.py:731} INFO - ::endgroup::
[2024-11-01T19:34:55.305+0000] {crypto.py:82} WARNING - empty cryptography key - values will not be stored encrypted.
[2024-11-01T19:34:55.317+0000] {python.py:240} INFO - Done. Returned value was: None
[2024-11-01T19:34:55.331+0000] {taskinstance.py:340} INFO - ::group::Post task execution logs
[2024-11-01T19:34:55.331+0000] {taskinstance.py:352} INFO - Marking task as SUCCESS. dag_id=write_kafka, task_id=load_connections, run_id=scheduled__2024-11-01T18:00:00+00:00, execution_date=20241101T180000, start_date=20241101T193454, end_date=20241101T193455
[2024-11-01T19:34:55.369+0000] {local_task_job_runner.py:266} INFO - Task exited with return code 0
[2024-11-01T19:34:55.597+0000] {taskinstance.py:3900} INFO - 1 downstream tasks scheduled from follow-on schedule check
[2024-11-01T19:34:55.600+0000] {local_task_job_runner.py:245} INFO - ::endgroup::
[2024-11-01T19:52:33.491+0000] {local_task_job_runner.py:123} INFO - ::group::Pre task execution logs
[2024-11-01T19:52:33.511+0000] {taskinstance.py:2612} INFO - Dependencies all met for dep_context=non-requeueable deps ti=<TaskInstance: write_kafka.load_connections scheduled__2024-11-01T18:00:00+00:00 [queued]>
[2024-11-01T19:52:33.522+0000] {taskinstance.py:2612} INFO - Dependencies all met for dep_context=requeueable deps ti=<TaskInstance: write_kafka.load_connections scheduled__2024-11-01T18:00:00+00:00 [queued]>
[2024-11-01T19:52:33.523+0000] {taskinstance.py:2865} INFO - Starting attempt 1 of 2
[2024-11-01T19:52:33.544+0000] {taskinstance.py:2888} INFO - Executing <Task(PythonOperator): load_connections> on 2024-11-01 18:00:00+00:00
[2024-11-01T19:52:33.552+0000] {warnings.py:112} WARNING - /home/***/.local/lib/python3.12/site-packages/***/task/task_runner/standard_task_runner.py:70: DeprecationWarning: This process (pid=96) is multi-threaded, use of fork() may lead to deadlocks in the child.
  pid = os.fork()

[2024-11-01T19:52:33.553+0000] {standard_task_runner.py:72} INFO - Started process 100 to run task
[2024-11-01T19:52:33.555+0000] {standard_task_runner.py:104} INFO - Running: ['***', 'tasks', 'run', 'write_kafka', 'load_connections', 'scheduled__2024-11-01T18:00:00+00:00', '--job-id', '6', '--raw', '--subdir', 'DAGS_FOLDER/write_kafka.py', '--cfg-path', '/tmp/tmp5xy56w_p']
[2024-11-01T19:52:33.559+0000] {standard_task_runner.py:105} INFO - Job 6: Subtask load_connections
[2024-11-01T19:52:33.875+0000] {task_command.py:467} INFO - Running <TaskInstance: write_kafka.load_connections scheduled__2024-11-01T18:00:00+00:00 [running]> on host 887d9f907c8b
[2024-11-01T19:52:33.993+0000] {taskinstance.py:3131} INFO - Exporting env vars: AIRFLOW_CTX_DAG_OWNER='***' AIRFLOW_CTX_DAG_ID='write_kafka' AIRFLOW_CTX_TASK_ID='load_connections' AIRFLOW_CTX_EXECUTION_DATE='2024-11-01T18:00:00+00:00' AIRFLOW_CTX_TRY_NUMBER='1' AIRFLOW_CTX_DAG_RUN_ID='scheduled__2024-11-01T18:00:00+00:00'
[2024-11-01T19:52:33.995+0000] {taskinstance.py:731} INFO - ::endgroup::
[2024-11-01T19:52:34.010+0000] {crypto.py:82} WARNING - empty cryptography key - values will not be stored encrypted.
[2024-11-01T19:52:34.017+0000] {python.py:240} INFO - Done. Returned value was: None
[2024-11-01T19:52:34.031+0000] {taskinstance.py:340} INFO - ::group::Post task execution logs
[2024-11-01T19:52:34.032+0000] {taskinstance.py:352} INFO - Marking task as SUCCESS. dag_id=write_kafka, task_id=load_connections, run_id=scheduled__2024-11-01T18:00:00+00:00, execution_date=20241101T180000, start_date=20241101T195233, end_date=20241101T195234
[2024-11-01T19:52:34.090+0000] {local_task_job_runner.py:266} INFO - Task exited with return code 0
[2024-11-01T19:52:34.308+0000] {taskinstance.py:3900} INFO - 1 downstream tasks scheduled from follow-on schedule check
[2024-11-01T19:52:34.322+0000] {local_task_job_runner.py:245} INFO - ::endgroup::
