[2024-10-16T16:38:02.236+0000] {processor.py:186} INFO - Started process (PID=81) to work on /home/airflow/.local/lib/python3.12/site-packages/airflow/example_dags/example_xcom.py
[2024-10-16T16:38:02.238+0000] {processor.py:914} INFO - Processing file /home/airflow/.local/lib/python3.12/site-packages/airflow/example_dags/example_xcom.py for tasks to queue
[2024-10-16T16:38:02.241+0000] {logging_mixin.py:190} INFO - [2024-10-16T16:38:02.241+0000] {dagbag.py:588} INFO - Filling up the DagBag from /home/airflow/.local/lib/python3.12/site-packages/airflow/example_dags/example_xcom.py
[2024-10-16T16:38:02.258+0000] {processor.py:925} INFO - DAG(s) 'example_xcom' retrieved from /home/airflow/.local/lib/python3.12/site-packages/airflow/example_dags/example_xcom.py
[2024-10-16T16:38:02.401+0000] {logging_mixin.py:190} INFO - [2024-10-16T16:38:02.401+0000] {override.py:1900} INFO - Created Permission View: can delete on DAG:example_xcom
[2024-10-16T16:38:02.413+0000] {logging_mixin.py:190} INFO - [2024-10-16T16:38:02.413+0000] {override.py:1900} INFO - Created Permission View: can edit on DAG:example_xcom
[2024-10-16T16:38:02.422+0000] {logging_mixin.py:190} INFO - [2024-10-16T16:38:02.422+0000] {override.py:1900} INFO - Created Permission View: can read on DAG:example_xcom
[2024-10-16T16:38:02.436+0000] {logging_mixin.py:190} INFO - [2024-10-16T16:38:02.436+0000] {override.py:1900} INFO - Created Permission View: menu access on DAG Run:example_xcom
[2024-10-16T16:38:02.444+0000] {logging_mixin.py:190} INFO - [2024-10-16T16:38:02.444+0000] {override.py:1900} INFO - Created Permission View: can create on DAG Run:example_xcom
[2024-10-16T16:38:02.456+0000] {logging_mixin.py:190} INFO - [2024-10-16T16:38:02.455+0000] {override.py:1900} INFO - Created Permission View: can delete on DAG Run:example_xcom
[2024-10-16T16:38:02.468+0000] {logging_mixin.py:190} INFO - [2024-10-16T16:38:02.467+0000] {override.py:1900} INFO - Created Permission View: can read on DAG Run:example_xcom
[2024-10-16T16:38:02.469+0000] {logging_mixin.py:190} INFO - [2024-10-16T16:38:02.469+0000] {dag.py:3239} INFO - Sync 1 DAGs
[2024-10-16T16:38:02.492+0000] {logging_mixin.py:190} INFO - [2024-10-16T16:38:02.492+0000] {dag.py:3262} INFO - Creating ORM DAG for example_xcom
[2024-10-16T16:38:02.524+0000] {logging_mixin.py:190} INFO - [2024-10-16T16:38:02.524+0000] {dag.py:4180} INFO - Setting next_dagrun for example_xcom to 2021-01-01 00:00:00+00:00, run_after=2021-01-01 00:00:00+00:00
[2024-10-16T16:38:02.548+0000] {processor.py:208} INFO - Processing /home/airflow/.local/lib/python3.12/site-packages/airflow/example_dags/example_xcom.py took 0.322 seconds
[2024-10-16T16:38:32.903+0000] {processor.py:186} INFO - Started process (PID=143) to work on /home/airflow/.local/lib/python3.12/site-packages/airflow/example_dags/example_xcom.py
[2024-10-16T16:38:32.905+0000] {processor.py:914} INFO - Processing file /home/airflow/.local/lib/python3.12/site-packages/airflow/example_dags/example_xcom.py for tasks to queue
[2024-10-16T16:38:32.907+0000] {logging_mixin.py:190} INFO - [2024-10-16T16:38:32.907+0000] {dagbag.py:588} INFO - Filling up the DagBag from /home/airflow/.local/lib/python3.12/site-packages/airflow/example_dags/example_xcom.py
[2024-10-16T16:38:32.920+0000] {processor.py:925} INFO - DAG(s) 'example_xcom' retrieved from /home/airflow/.local/lib/python3.12/site-packages/airflow/example_dags/example_xcom.py
[2024-10-16T16:38:32.943+0000] {logging_mixin.py:190} INFO - [2024-10-16T16:38:32.943+0000] {dag.py:3239} INFO - Sync 1 DAGs
[2024-10-16T16:38:32.974+0000] {logging_mixin.py:190} INFO - [2024-10-16T16:38:32.973+0000] {dag.py:4180} INFO - Setting next_dagrun for example_xcom to 2021-01-01 00:00:00+00:00, run_after=2021-01-01 00:00:00+00:00
[2024-10-16T16:38:32.999+0000] {processor.py:208} INFO - Processing /home/airflow/.local/lib/python3.12/site-packages/airflow/example_dags/example_xcom.py took 0.102 seconds
[2024-10-16T16:39:03.776+0000] {processor.py:186} INFO - Started process (PID=205) to work on /home/airflow/.local/lib/python3.12/site-packages/airflow/example_dags/example_xcom.py
[2024-10-16T16:39:03.777+0000] {processor.py:914} INFO - Processing file /home/airflow/.local/lib/python3.12/site-packages/airflow/example_dags/example_xcom.py for tasks to queue
[2024-10-16T16:39:03.780+0000] {logging_mixin.py:190} INFO - [2024-10-16T16:39:03.779+0000] {dagbag.py:588} INFO - Filling up the DagBag from /home/airflow/.local/lib/python3.12/site-packages/airflow/example_dags/example_xcom.py
[2024-10-16T16:39:03.790+0000] {processor.py:925} INFO - DAG(s) 'example_xcom' retrieved from /home/airflow/.local/lib/python3.12/site-packages/airflow/example_dags/example_xcom.py
[2024-10-16T16:39:03.815+0000] {logging_mixin.py:190} INFO - [2024-10-16T16:39:03.815+0000] {dag.py:3239} INFO - Sync 1 DAGs
[2024-10-16T16:39:03.844+0000] {logging_mixin.py:190} INFO - [2024-10-16T16:39:03.843+0000] {dag.py:4180} INFO - Setting next_dagrun for example_xcom to 2021-01-01 00:00:00+00:00, run_after=2021-01-01 00:00:00+00:00
[2024-10-16T16:39:03.868+0000] {processor.py:208} INFO - Processing /home/airflow/.local/lib/python3.12/site-packages/airflow/example_dags/example_xcom.py took 0.099 seconds
[2024-10-16T16:39:34.274+0000] {processor.py:186} INFO - Started process (PID=267) to work on /home/airflow/.local/lib/python3.12/site-packages/airflow/example_dags/example_xcom.py
[2024-10-16T16:39:34.275+0000] {processor.py:914} INFO - Processing file /home/airflow/.local/lib/python3.12/site-packages/airflow/example_dags/example_xcom.py for tasks to queue
[2024-10-16T16:39:34.278+0000] {logging_mixin.py:190} INFO - [2024-10-16T16:39:34.278+0000] {dagbag.py:588} INFO - Filling up the DagBag from /home/airflow/.local/lib/python3.12/site-packages/airflow/example_dags/example_xcom.py
[2024-10-16T16:39:34.289+0000] {processor.py:925} INFO - DAG(s) 'example_xcom' retrieved from /home/airflow/.local/lib/python3.12/site-packages/airflow/example_dags/example_xcom.py
[2024-10-16T16:39:34.315+0000] {logging_mixin.py:190} INFO - [2024-10-16T16:39:34.315+0000] {dag.py:3239} INFO - Sync 1 DAGs
[2024-10-16T16:39:34.342+0000] {logging_mixin.py:190} INFO - [2024-10-16T16:39:34.341+0000] {dag.py:4180} INFO - Setting next_dagrun for example_xcom to 2021-01-01 00:00:00+00:00, run_after=2021-01-01 00:00:00+00:00
[2024-10-16T16:39:34.363+0000] {processor.py:208} INFO - Processing /home/airflow/.local/lib/python3.12/site-packages/airflow/example_dags/example_xcom.py took 0.096 seconds
[2024-10-16T16:40:04.639+0000] {processor.py:186} INFO - Started process (PID=330) to work on /home/airflow/.local/lib/python3.12/site-packages/airflow/example_dags/example_xcom.py
[2024-10-16T16:40:04.640+0000] {processor.py:914} INFO - Processing file /home/airflow/.local/lib/python3.12/site-packages/airflow/example_dags/example_xcom.py for tasks to queue
[2024-10-16T16:40:04.643+0000] {logging_mixin.py:190} INFO - [2024-10-16T16:40:04.642+0000] {dagbag.py:588} INFO - Filling up the DagBag from /home/airflow/.local/lib/python3.12/site-packages/airflow/example_dags/example_xcom.py
[2024-10-16T16:40:04.655+0000] {processor.py:925} INFO - DAG(s) 'example_xcom' retrieved from /home/airflow/.local/lib/python3.12/site-packages/airflow/example_dags/example_xcom.py
[2024-10-16T16:40:04.680+0000] {logging_mixin.py:190} INFO - [2024-10-16T16:40:04.680+0000] {dag.py:3239} INFO - Sync 1 DAGs
[2024-10-16T16:40:04.710+0000] {logging_mixin.py:190} INFO - [2024-10-16T16:40:04.709+0000] {dag.py:4180} INFO - Setting next_dagrun for example_xcom to 2021-01-01 00:00:00+00:00, run_after=2021-01-01 00:00:00+00:00
[2024-10-16T16:40:04.734+0000] {processor.py:208} INFO - Processing /home/airflow/.local/lib/python3.12/site-packages/airflow/example_dags/example_xcom.py took 0.102 seconds
[2024-10-16T16:40:35.174+0000] {processor.py:186} INFO - Started process (PID=392) to work on /home/airflow/.local/lib/python3.12/site-packages/airflow/example_dags/example_xcom.py
[2024-10-16T16:40:35.175+0000] {processor.py:914} INFO - Processing file /home/airflow/.local/lib/python3.12/site-packages/airflow/example_dags/example_xcom.py for tasks to queue
[2024-10-16T16:40:35.178+0000] {logging_mixin.py:190} INFO - [2024-10-16T16:40:35.177+0000] {dagbag.py:588} INFO - Filling up the DagBag from /home/airflow/.local/lib/python3.12/site-packages/airflow/example_dags/example_xcom.py
[2024-10-16T16:40:35.189+0000] {processor.py:925} INFO - DAG(s) 'example_xcom' retrieved from /home/airflow/.local/lib/python3.12/site-packages/airflow/example_dags/example_xcom.py
[2024-10-16T16:40:35.213+0000] {logging_mixin.py:190} INFO - [2024-10-16T16:40:35.213+0000] {dag.py:3239} INFO - Sync 1 DAGs
[2024-10-16T16:40:35.243+0000] {logging_mixin.py:190} INFO - [2024-10-16T16:40:35.243+0000] {dag.py:4180} INFO - Setting next_dagrun for example_xcom to 2021-01-01 00:00:00+00:00, run_after=2021-01-01 00:00:00+00:00
[2024-10-16T16:40:35.268+0000] {processor.py:208} INFO - Processing /home/airflow/.local/lib/python3.12/site-packages/airflow/example_dags/example_xcom.py took 0.102 seconds
[2024-10-16T16:41:05.482+0000] {processor.py:186} INFO - Started process (PID=454) to work on /home/airflow/.local/lib/python3.12/site-packages/airflow/example_dags/example_xcom.py
[2024-10-16T16:41:05.483+0000] {processor.py:914} INFO - Processing file /home/airflow/.local/lib/python3.12/site-packages/airflow/example_dags/example_xcom.py for tasks to queue
[2024-10-16T16:41:05.485+0000] {logging_mixin.py:190} INFO - [2024-10-16T16:41:05.485+0000] {dagbag.py:588} INFO - Filling up the DagBag from /home/airflow/.local/lib/python3.12/site-packages/airflow/example_dags/example_xcom.py
[2024-10-16T16:41:05.495+0000] {processor.py:925} INFO - DAG(s) 'example_xcom' retrieved from /home/airflow/.local/lib/python3.12/site-packages/airflow/example_dags/example_xcom.py
[2024-10-16T16:41:05.519+0000] {logging_mixin.py:190} INFO - [2024-10-16T16:41:05.519+0000] {dag.py:3239} INFO - Sync 1 DAGs
[2024-10-16T16:41:05.547+0000] {logging_mixin.py:190} INFO - [2024-10-16T16:41:05.546+0000] {dag.py:4180} INFO - Setting next_dagrun for example_xcom to 2021-01-01 00:00:00+00:00, run_after=2021-01-01 00:00:00+00:00
[2024-10-16T16:41:05.568+0000] {processor.py:208} INFO - Processing /home/airflow/.local/lib/python3.12/site-packages/airflow/example_dags/example_xcom.py took 0.093 seconds
[2024-10-16T16:41:36.298+0000] {processor.py:186} INFO - Started process (PID=516) to work on /home/airflow/.local/lib/python3.12/site-packages/airflow/example_dags/example_xcom.py
[2024-10-16T16:41:36.299+0000] {processor.py:914} INFO - Processing file /home/airflow/.local/lib/python3.12/site-packages/airflow/example_dags/example_xcom.py for tasks to queue
[2024-10-16T16:41:36.302+0000] {logging_mixin.py:190} INFO - [2024-10-16T16:41:36.301+0000] {dagbag.py:588} INFO - Filling up the DagBag from /home/airflow/.local/lib/python3.12/site-packages/airflow/example_dags/example_xcom.py
[2024-10-16T16:41:36.311+0000] {processor.py:925} INFO - DAG(s) 'example_xcom' retrieved from /home/airflow/.local/lib/python3.12/site-packages/airflow/example_dags/example_xcom.py
[2024-10-16T16:41:36.334+0000] {logging_mixin.py:190} INFO - [2024-10-16T16:41:36.334+0000] {dag.py:3239} INFO - Sync 1 DAGs
[2024-10-16T16:41:36.362+0000] {logging_mixin.py:190} INFO - [2024-10-16T16:41:36.362+0000] {dag.py:4180} INFO - Setting next_dagrun for example_xcom to 2021-01-01 00:00:00+00:00, run_after=2021-01-01 00:00:00+00:00
[2024-10-16T16:41:36.384+0000] {processor.py:208} INFO - Processing /home/airflow/.local/lib/python3.12/site-packages/airflow/example_dags/example_xcom.py took 0.093 seconds
[2024-10-16T16:42:06.512+0000] {processor.py:186} INFO - Started process (PID=578) to work on /home/airflow/.local/lib/python3.12/site-packages/airflow/example_dags/example_xcom.py
[2024-10-16T16:42:06.513+0000] {processor.py:914} INFO - Processing file /home/airflow/.local/lib/python3.12/site-packages/airflow/example_dags/example_xcom.py for tasks to queue
[2024-10-16T16:42:06.516+0000] {logging_mixin.py:190} INFO - [2024-10-16T16:42:06.516+0000] {dagbag.py:588} INFO - Filling up the DagBag from /home/airflow/.local/lib/python3.12/site-packages/airflow/example_dags/example_xcom.py
[2024-10-16T16:42:06.527+0000] {processor.py:925} INFO - DAG(s) 'example_xcom' retrieved from /home/airflow/.local/lib/python3.12/site-packages/airflow/example_dags/example_xcom.py
[2024-10-16T16:42:06.550+0000] {logging_mixin.py:190} INFO - [2024-10-16T16:42:06.550+0000] {dag.py:3239} INFO - Sync 1 DAGs
[2024-10-16T16:42:06.577+0000] {logging_mixin.py:190} INFO - [2024-10-16T16:42:06.577+0000] {dag.py:4180} INFO - Setting next_dagrun for example_xcom to 2021-01-01 00:00:00+00:00, run_after=2021-01-01 00:00:00+00:00
[2024-10-16T16:42:06.602+0000] {processor.py:208} INFO - Processing /home/airflow/.local/lib/python3.12/site-packages/airflow/example_dags/example_xcom.py took 0.098 seconds
[2024-10-16T16:42:36.908+0000] {processor.py:186} INFO - Started process (PID=640) to work on /home/airflow/.local/lib/python3.12/site-packages/airflow/example_dags/example_xcom.py
[2024-10-16T16:42:36.909+0000] {processor.py:914} INFO - Processing file /home/airflow/.local/lib/python3.12/site-packages/airflow/example_dags/example_xcom.py for tasks to queue
[2024-10-16T16:42:36.912+0000] {logging_mixin.py:190} INFO - [2024-10-16T16:42:36.911+0000] {dagbag.py:588} INFO - Filling up the DagBag from /home/airflow/.local/lib/python3.12/site-packages/airflow/example_dags/example_xcom.py
[2024-10-16T16:42:36.921+0000] {processor.py:925} INFO - DAG(s) 'example_xcom' retrieved from /home/airflow/.local/lib/python3.12/site-packages/airflow/example_dags/example_xcom.py
[2024-10-16T16:42:36.946+0000] {logging_mixin.py:190} INFO - [2024-10-16T16:42:36.945+0000] {dag.py:3239} INFO - Sync 1 DAGs
[2024-10-16T16:42:36.974+0000] {logging_mixin.py:190} INFO - [2024-10-16T16:42:36.974+0000] {dag.py:4180} INFO - Setting next_dagrun for example_xcom to 2021-01-01 00:00:00+00:00, run_after=2021-01-01 00:00:00+00:00
[2024-10-16T16:42:36.997+0000] {processor.py:208} INFO - Processing /home/airflow/.local/lib/python3.12/site-packages/airflow/example_dags/example_xcom.py took 0.096 seconds
[2024-10-16T17:21:21.876+0000] {processor.py:186} INFO - Started process (PID=72) to work on /home/airflow/.local/lib/python3.12/site-packages/airflow/example_dags/example_xcom.py
[2024-10-16T17:21:21.878+0000] {processor.py:914} INFO - Processing file /home/airflow/.local/lib/python3.12/site-packages/airflow/example_dags/example_xcom.py for tasks to queue
[2024-10-16T17:21:21.882+0000] {logging_mixin.py:190} INFO - [2024-10-16T17:21:21.881+0000] {dagbag.py:588} INFO - Filling up the DagBag from /home/airflow/.local/lib/python3.12/site-packages/airflow/example_dags/example_xcom.py
[2024-10-16T17:21:21.899+0000] {processor.py:925} INFO - DAG(s) 'example_xcom' retrieved from /home/airflow/.local/lib/python3.12/site-packages/airflow/example_dags/example_xcom.py
[2024-10-16T17:21:21.945+0000] {logging_mixin.py:190} INFO - [2024-10-16T17:21:21.944+0000] {dag.py:3239} INFO - Sync 1 DAGs
[2024-10-16T17:21:21.978+0000] {logging_mixin.py:190} INFO - [2024-10-16T17:21:21.977+0000] {dag.py:4180} INFO - Setting next_dagrun for example_xcom to 2021-01-01 00:00:00+00:00, run_after=2021-01-01 00:00:00+00:00
[2024-10-16T17:21:22.009+0000] {processor.py:208} INFO - Processing /home/airflow/.local/lib/python3.12/site-packages/airflow/example_dags/example_xcom.py took 0.144 seconds
[2024-10-16T17:21:52.438+0000] {processor.py:186} INFO - Started process (PID=134) to work on /home/airflow/.local/lib/python3.12/site-packages/airflow/example_dags/example_xcom.py
[2024-10-16T17:21:52.439+0000] {processor.py:914} INFO - Processing file /home/airflow/.local/lib/python3.12/site-packages/airflow/example_dags/example_xcom.py for tasks to queue
[2024-10-16T17:21:52.441+0000] {logging_mixin.py:190} INFO - [2024-10-16T17:21:52.441+0000] {dagbag.py:588} INFO - Filling up the DagBag from /home/airflow/.local/lib/python3.12/site-packages/airflow/example_dags/example_xcom.py
[2024-10-16T17:21:52.452+0000] {processor.py:925} INFO - DAG(s) 'example_xcom' retrieved from /home/airflow/.local/lib/python3.12/site-packages/airflow/example_dags/example_xcom.py
[2024-10-16T17:21:52.477+0000] {logging_mixin.py:190} INFO - [2024-10-16T17:21:52.476+0000] {dag.py:3239} INFO - Sync 1 DAGs
[2024-10-16T17:21:52.506+0000] {logging_mixin.py:190} INFO - [2024-10-16T17:21:52.506+0000] {dag.py:4180} INFO - Setting next_dagrun for example_xcom to 2021-01-01 00:00:00+00:00, run_after=2021-01-01 00:00:00+00:00
[2024-10-16T17:21:52.530+0000] {processor.py:208} INFO - Processing /home/airflow/.local/lib/python3.12/site-packages/airflow/example_dags/example_xcom.py took 0.099 seconds
[2024-10-16T17:22:23.522+0000] {processor.py:186} INFO - Started process (PID=196) to work on /home/airflow/.local/lib/python3.12/site-packages/airflow/example_dags/example_xcom.py
[2024-10-16T17:22:23.524+0000] {processor.py:914} INFO - Processing file /home/airflow/.local/lib/python3.12/site-packages/airflow/example_dags/example_xcom.py for tasks to queue
[2024-10-16T17:22:23.527+0000] {logging_mixin.py:190} INFO - [2024-10-16T17:22:23.526+0000] {dagbag.py:588} INFO - Filling up the DagBag from /home/airflow/.local/lib/python3.12/site-packages/airflow/example_dags/example_xcom.py
[2024-10-16T17:22:23.537+0000] {processor.py:925} INFO - DAG(s) 'example_xcom' retrieved from /home/airflow/.local/lib/python3.12/site-packages/airflow/example_dags/example_xcom.py
[2024-10-16T17:22:23.566+0000] {logging_mixin.py:190} INFO - [2024-10-16T17:22:23.566+0000] {dag.py:3239} INFO - Sync 1 DAGs
[2024-10-16T17:22:23.602+0000] {logging_mixin.py:190} INFO - [2024-10-16T17:22:23.602+0000] {dag.py:4180} INFO - Setting next_dagrun for example_xcom to 2021-01-01 00:00:00+00:00, run_after=2021-01-01 00:00:00+00:00
[2024-10-16T17:22:23.630+0000] {processor.py:208} INFO - Processing /home/airflow/.local/lib/python3.12/site-packages/airflow/example_dags/example_xcom.py took 0.114 seconds
[2024-10-16T17:22:53.883+0000] {processor.py:186} INFO - Started process (PID=258) to work on /home/airflow/.local/lib/python3.12/site-packages/airflow/example_dags/example_xcom.py
[2024-10-16T17:22:53.884+0000] {processor.py:914} INFO - Processing file /home/airflow/.local/lib/python3.12/site-packages/airflow/example_dags/example_xcom.py for tasks to queue
[2024-10-16T17:22:53.886+0000] {logging_mixin.py:190} INFO - [2024-10-16T17:22:53.886+0000] {dagbag.py:588} INFO - Filling up the DagBag from /home/airflow/.local/lib/python3.12/site-packages/airflow/example_dags/example_xcom.py
[2024-10-16T17:22:53.897+0000] {processor.py:925} INFO - DAG(s) 'example_xcom' retrieved from /home/airflow/.local/lib/python3.12/site-packages/airflow/example_dags/example_xcom.py
[2024-10-16T17:22:53.929+0000] {logging_mixin.py:190} INFO - [2024-10-16T17:22:53.928+0000] {dag.py:3239} INFO - Sync 1 DAGs
[2024-10-16T17:22:53.972+0000] {logging_mixin.py:190} INFO - [2024-10-16T17:22:53.972+0000] {dag.py:4180} INFO - Setting next_dagrun for example_xcom to 2021-01-01 00:00:00+00:00, run_after=2021-01-01 00:00:00+00:00
[2024-10-16T17:22:53.996+0000] {processor.py:208} INFO - Processing /home/airflow/.local/lib/python3.12/site-packages/airflow/example_dags/example_xcom.py took 0.120 seconds
[2024-10-16T17:23:24.064+0000] {processor.py:186} INFO - Started process (PID=320) to work on /home/airflow/.local/lib/python3.12/site-packages/airflow/example_dags/example_xcom.py
[2024-10-16T17:23:24.065+0000] {processor.py:914} INFO - Processing file /home/airflow/.local/lib/python3.12/site-packages/airflow/example_dags/example_xcom.py for tasks to queue
[2024-10-16T17:23:24.068+0000] {logging_mixin.py:190} INFO - [2024-10-16T17:23:24.068+0000] {dagbag.py:588} INFO - Filling up the DagBag from /home/airflow/.local/lib/python3.12/site-packages/airflow/example_dags/example_xcom.py
[2024-10-16T17:23:24.078+0000] {processor.py:925} INFO - DAG(s) 'example_xcom' retrieved from /home/airflow/.local/lib/python3.12/site-packages/airflow/example_dags/example_xcom.py
[2024-10-16T17:23:24.103+0000] {logging_mixin.py:190} INFO - [2024-10-16T17:23:24.102+0000] {dag.py:3239} INFO - Sync 1 DAGs
[2024-10-16T17:23:24.129+0000] {logging_mixin.py:190} INFO - [2024-10-16T17:23:24.129+0000] {dag.py:4180} INFO - Setting next_dagrun for example_xcom to 2021-01-01 00:00:00+00:00, run_after=2021-01-01 00:00:00+00:00
[2024-10-16T17:23:24.151+0000] {processor.py:208} INFO - Processing /home/airflow/.local/lib/python3.12/site-packages/airflow/example_dags/example_xcom.py took 0.093 seconds
[2024-10-16T17:23:54.460+0000] {processor.py:186} INFO - Started process (PID=382) to work on /home/airflow/.local/lib/python3.12/site-packages/airflow/example_dags/example_xcom.py
[2024-10-16T17:23:54.461+0000] {processor.py:914} INFO - Processing file /home/airflow/.local/lib/python3.12/site-packages/airflow/example_dags/example_xcom.py for tasks to queue
[2024-10-16T17:23:54.463+0000] {logging_mixin.py:190} INFO - [2024-10-16T17:23:54.463+0000] {dagbag.py:588} INFO - Filling up the DagBag from /home/airflow/.local/lib/python3.12/site-packages/airflow/example_dags/example_xcom.py
[2024-10-16T17:23:54.473+0000] {processor.py:925} INFO - DAG(s) 'example_xcom' retrieved from /home/airflow/.local/lib/python3.12/site-packages/airflow/example_dags/example_xcom.py
[2024-10-16T17:23:54.496+0000] {logging_mixin.py:190} INFO - [2024-10-16T17:23:54.496+0000] {dag.py:3239} INFO - Sync 1 DAGs
[2024-10-16T17:23:54.524+0000] {logging_mixin.py:190} INFO - [2024-10-16T17:23:54.523+0000] {dag.py:4180} INFO - Setting next_dagrun for example_xcom to 2021-01-01 00:00:00+00:00, run_after=2021-01-01 00:00:00+00:00
[2024-10-16T17:23:54.545+0000] {processor.py:208} INFO - Processing /home/airflow/.local/lib/python3.12/site-packages/airflow/example_dags/example_xcom.py took 0.092 seconds
[2024-10-16T17:24:24.925+0000] {processor.py:186} INFO - Started process (PID=444) to work on /home/airflow/.local/lib/python3.12/site-packages/airflow/example_dags/example_xcom.py
[2024-10-16T17:24:24.926+0000] {processor.py:914} INFO - Processing file /home/airflow/.local/lib/python3.12/site-packages/airflow/example_dags/example_xcom.py for tasks to queue
[2024-10-16T17:24:24.929+0000] {logging_mixin.py:190} INFO - [2024-10-16T17:24:24.928+0000] {dagbag.py:588} INFO - Filling up the DagBag from /home/airflow/.local/lib/python3.12/site-packages/airflow/example_dags/example_xcom.py
[2024-10-16T17:24:24.941+0000] {processor.py:925} INFO - DAG(s) 'example_xcom' retrieved from /home/airflow/.local/lib/python3.12/site-packages/airflow/example_dags/example_xcom.py
[2024-10-16T17:24:24.966+0000] {logging_mixin.py:190} INFO - [2024-10-16T17:24:24.966+0000] {dag.py:3239} INFO - Sync 1 DAGs
[2024-10-16T17:24:25.008+0000] {logging_mixin.py:190} INFO - [2024-10-16T17:24:25.008+0000] {dag.py:4180} INFO - Setting next_dagrun for example_xcom to 2021-01-01 00:00:00+00:00, run_after=2021-01-01 00:00:00+00:00
[2024-10-16T17:24:25.032+0000] {processor.py:208} INFO - Processing /home/airflow/.local/lib/python3.12/site-packages/airflow/example_dags/example_xcom.py took 0.113 seconds
[2024-10-16T17:24:55.299+0000] {processor.py:186} INFO - Started process (PID=506) to work on /home/airflow/.local/lib/python3.12/site-packages/airflow/example_dags/example_xcom.py
[2024-10-16T17:24:55.300+0000] {processor.py:914} INFO - Processing file /home/airflow/.local/lib/python3.12/site-packages/airflow/example_dags/example_xcom.py for tasks to queue
[2024-10-16T17:24:55.303+0000] {logging_mixin.py:190} INFO - [2024-10-16T17:24:55.302+0000] {dagbag.py:588} INFO - Filling up the DagBag from /home/airflow/.local/lib/python3.12/site-packages/airflow/example_dags/example_xcom.py
[2024-10-16T17:24:55.313+0000] {processor.py:925} INFO - DAG(s) 'example_xcom' retrieved from /home/airflow/.local/lib/python3.12/site-packages/airflow/example_dags/example_xcom.py
[2024-10-16T17:24:55.336+0000] {logging_mixin.py:190} INFO - [2024-10-16T17:24:55.336+0000] {dag.py:3239} INFO - Sync 1 DAGs
[2024-10-16T17:24:55.365+0000] {logging_mixin.py:190} INFO - [2024-10-16T17:24:55.364+0000] {dag.py:4180} INFO - Setting next_dagrun for example_xcom to 2021-01-01 00:00:00+00:00, run_after=2021-01-01 00:00:00+00:00
[2024-10-16T17:24:55.388+0000] {processor.py:208} INFO - Processing /home/airflow/.local/lib/python3.12/site-packages/airflow/example_dags/example_xcom.py took 0.096 seconds
[2024-10-16T17:25:25.876+0000] {processor.py:186} INFO - Started process (PID=568) to work on /home/airflow/.local/lib/python3.12/site-packages/airflow/example_dags/example_xcom.py
[2024-10-16T17:25:25.877+0000] {processor.py:914} INFO - Processing file /home/airflow/.local/lib/python3.12/site-packages/airflow/example_dags/example_xcom.py for tasks to queue
[2024-10-16T17:25:25.880+0000] {logging_mixin.py:190} INFO - [2024-10-16T17:25:25.880+0000] {dagbag.py:588} INFO - Filling up the DagBag from /home/airflow/.local/lib/python3.12/site-packages/airflow/example_dags/example_xcom.py
[2024-10-16T17:25:25.892+0000] {processor.py:925} INFO - DAG(s) 'example_xcom' retrieved from /home/airflow/.local/lib/python3.12/site-packages/airflow/example_dags/example_xcom.py
[2024-10-16T17:25:25.922+0000] {logging_mixin.py:190} INFO - [2024-10-16T17:25:25.922+0000] {dag.py:3239} INFO - Sync 1 DAGs
[2024-10-16T17:25:25.971+0000] {logging_mixin.py:190} INFO - [2024-10-16T17:25:25.971+0000] {dag.py:4180} INFO - Setting next_dagrun for example_xcom to 2021-01-01 00:00:00+00:00, run_after=2021-01-01 00:00:00+00:00
[2024-10-16T17:25:26.012+0000] {processor.py:208} INFO - Processing /home/airflow/.local/lib/python3.12/site-packages/airflow/example_dags/example_xcom.py took 0.145 seconds
[2024-10-16T17:25:56.084+0000] {processor.py:186} INFO - Started process (PID=630) to work on /home/airflow/.local/lib/python3.12/site-packages/airflow/example_dags/example_xcom.py
[2024-10-16T17:25:56.085+0000] {processor.py:914} INFO - Processing file /home/airflow/.local/lib/python3.12/site-packages/airflow/example_dags/example_xcom.py for tasks to queue
[2024-10-16T17:25:56.087+0000] {logging_mixin.py:190} INFO - [2024-10-16T17:25:56.087+0000] {dagbag.py:588} INFO - Filling up the DagBag from /home/airflow/.local/lib/python3.12/site-packages/airflow/example_dags/example_xcom.py
[2024-10-16T17:25:56.097+0000] {processor.py:925} INFO - DAG(s) 'example_xcom' retrieved from /home/airflow/.local/lib/python3.12/site-packages/airflow/example_dags/example_xcom.py
[2024-10-16T17:25:56.120+0000] {logging_mixin.py:190} INFO - [2024-10-16T17:25:56.120+0000] {dag.py:3239} INFO - Sync 1 DAGs
[2024-10-16T17:25:56.147+0000] {logging_mixin.py:190} INFO - [2024-10-16T17:25:56.147+0000] {dag.py:4180} INFO - Setting next_dagrun for example_xcom to 2021-01-01 00:00:00+00:00, run_after=2021-01-01 00:00:00+00:00
[2024-10-16T17:25:56.170+0000] {processor.py:208} INFO - Processing /home/airflow/.local/lib/python3.12/site-packages/airflow/example_dags/example_xcom.py took 0.092 seconds
[2024-10-16T17:26:26.867+0000] {processor.py:186} INFO - Started process (PID=692) to work on /home/airflow/.local/lib/python3.12/site-packages/airflow/example_dags/example_xcom.py
[2024-10-16T17:26:26.868+0000] {processor.py:914} INFO - Processing file /home/airflow/.local/lib/python3.12/site-packages/airflow/example_dags/example_xcom.py for tasks to queue
[2024-10-16T17:26:26.871+0000] {logging_mixin.py:190} INFO - [2024-10-16T17:26:26.871+0000] {dagbag.py:588} INFO - Filling up the DagBag from /home/airflow/.local/lib/python3.12/site-packages/airflow/example_dags/example_xcom.py
[2024-10-16T17:26:26.881+0000] {processor.py:925} INFO - DAG(s) 'example_xcom' retrieved from /home/airflow/.local/lib/python3.12/site-packages/airflow/example_dags/example_xcom.py
[2024-10-16T17:26:26.906+0000] {logging_mixin.py:190} INFO - [2024-10-16T17:26:26.906+0000] {dag.py:3239} INFO - Sync 1 DAGs
[2024-10-16T17:26:26.934+0000] {logging_mixin.py:190} INFO - [2024-10-16T17:26:26.934+0000] {dag.py:4180} INFO - Setting next_dagrun for example_xcom to 2021-01-01 00:00:00+00:00, run_after=2021-01-01 00:00:00+00:00
[2024-10-16T17:26:26.957+0000] {processor.py:208} INFO - Processing /home/airflow/.local/lib/python3.12/site-packages/airflow/example_dags/example_xcom.py took 0.096 seconds
[2024-10-16T17:26:57.257+0000] {processor.py:186} INFO - Started process (PID=754) to work on /home/airflow/.local/lib/python3.12/site-packages/airflow/example_dags/example_xcom.py
[2024-10-16T17:26:57.261+0000] {processor.py:914} INFO - Processing file /home/airflow/.local/lib/python3.12/site-packages/airflow/example_dags/example_xcom.py for tasks to queue
[2024-10-16T17:26:57.266+0000] {logging_mixin.py:190} INFO - [2024-10-16T17:26:57.265+0000] {dagbag.py:588} INFO - Filling up the DagBag from /home/airflow/.local/lib/python3.12/site-packages/airflow/example_dags/example_xcom.py
[2024-10-16T17:26:57.281+0000] {processor.py:925} INFO - DAG(s) 'example_xcom' retrieved from /home/airflow/.local/lib/python3.12/site-packages/airflow/example_dags/example_xcom.py
[2024-10-16T17:26:57.316+0000] {logging_mixin.py:190} INFO - [2024-10-16T17:26:57.315+0000] {dag.py:3239} INFO - Sync 1 DAGs
[2024-10-16T17:26:57.350+0000] {logging_mixin.py:190} INFO - [2024-10-16T17:26:57.349+0000] {dag.py:4180} INFO - Setting next_dagrun for example_xcom to 2021-01-01 00:00:00+00:00, run_after=2021-01-01 00:00:00+00:00
[2024-10-16T17:26:57.375+0000] {processor.py:208} INFO - Processing /home/airflow/.local/lib/python3.12/site-packages/airflow/example_dags/example_xcom.py took 0.130 seconds
[2024-10-16T17:27:27.757+0000] {processor.py:186} INFO - Started process (PID=816) to work on /home/airflow/.local/lib/python3.12/site-packages/airflow/example_dags/example_xcom.py
[2024-10-16T17:27:27.758+0000] {processor.py:914} INFO - Processing file /home/airflow/.local/lib/python3.12/site-packages/airflow/example_dags/example_xcom.py for tasks to queue
[2024-10-16T17:27:27.761+0000] {logging_mixin.py:190} INFO - [2024-10-16T17:27:27.761+0000] {dagbag.py:588} INFO - Filling up the DagBag from /home/airflow/.local/lib/python3.12/site-packages/airflow/example_dags/example_xcom.py
[2024-10-16T17:27:27.774+0000] {processor.py:925} INFO - DAG(s) 'example_xcom' retrieved from /home/airflow/.local/lib/python3.12/site-packages/airflow/example_dags/example_xcom.py
[2024-10-16T17:27:27.800+0000] {logging_mixin.py:190} INFO - [2024-10-16T17:27:27.799+0000] {dag.py:3239} INFO - Sync 1 DAGs
[2024-10-16T17:27:27.833+0000] {logging_mixin.py:190} INFO - [2024-10-16T17:27:27.832+0000] {dag.py:4180} INFO - Setting next_dagrun for example_xcom to 2021-01-01 00:00:00+00:00, run_after=2021-01-01 00:00:00+00:00
[2024-10-16T17:27:27.853+0000] {processor.py:208} INFO - Processing /home/airflow/.local/lib/python3.12/site-packages/airflow/example_dags/example_xcom.py took 0.103 seconds
[2024-10-16T17:27:58.296+0000] {processor.py:186} INFO - Started process (PID=878) to work on /home/airflow/.local/lib/python3.12/site-packages/airflow/example_dags/example_xcom.py
[2024-10-16T17:27:58.298+0000] {processor.py:914} INFO - Processing file /home/airflow/.local/lib/python3.12/site-packages/airflow/example_dags/example_xcom.py for tasks to queue
[2024-10-16T17:27:58.300+0000] {logging_mixin.py:190} INFO - [2024-10-16T17:27:58.300+0000] {dagbag.py:588} INFO - Filling up the DagBag from /home/airflow/.local/lib/python3.12/site-packages/airflow/example_dags/example_xcom.py
[2024-10-16T17:27:58.311+0000] {processor.py:925} INFO - DAG(s) 'example_xcom' retrieved from /home/airflow/.local/lib/python3.12/site-packages/airflow/example_dags/example_xcom.py
[2024-10-16T17:27:58.336+0000] {logging_mixin.py:190} INFO - [2024-10-16T17:27:58.336+0000] {dag.py:3239} INFO - Sync 1 DAGs
[2024-10-16T17:27:58.365+0000] {logging_mixin.py:190} INFO - [2024-10-16T17:27:58.365+0000] {dag.py:4180} INFO - Setting next_dagrun for example_xcom to 2021-01-01 00:00:00+00:00, run_after=2021-01-01 00:00:00+00:00
[2024-10-16T17:27:58.387+0000] {processor.py:208} INFO - Processing /home/airflow/.local/lib/python3.12/site-packages/airflow/example_dags/example_xcom.py took 0.097 seconds
[2024-10-16T17:28:28.713+0000] {processor.py:186} INFO - Started process (PID=940) to work on /home/airflow/.local/lib/python3.12/site-packages/airflow/example_dags/example_xcom.py
[2024-10-16T17:28:28.714+0000] {processor.py:914} INFO - Processing file /home/airflow/.local/lib/python3.12/site-packages/airflow/example_dags/example_xcom.py for tasks to queue
[2024-10-16T17:28:28.717+0000] {logging_mixin.py:190} INFO - [2024-10-16T17:28:28.716+0000] {dagbag.py:588} INFO - Filling up the DagBag from /home/airflow/.local/lib/python3.12/site-packages/airflow/example_dags/example_xcom.py
[2024-10-16T17:28:28.736+0000] {processor.py:925} INFO - DAG(s) 'example_xcom' retrieved from /home/airflow/.local/lib/python3.12/site-packages/airflow/example_dags/example_xcom.py
[2024-10-16T17:28:28.771+0000] {logging_mixin.py:190} INFO - [2024-10-16T17:28:28.771+0000] {dag.py:3239} INFO - Sync 1 DAGs
[2024-10-16T17:28:28.818+0000] {logging_mixin.py:190} INFO - [2024-10-16T17:28:28.817+0000] {dag.py:4180} INFO - Setting next_dagrun for example_xcom to 2021-01-01 00:00:00+00:00, run_after=2021-01-01 00:00:00+00:00
[2024-10-16T17:28:28.842+0000] {processor.py:208} INFO - Processing /home/airflow/.local/lib/python3.12/site-packages/airflow/example_dags/example_xcom.py took 0.137 seconds
[2024-10-16T17:28:59.169+0000] {processor.py:186} INFO - Started process (PID=1002) to work on /home/airflow/.local/lib/python3.12/site-packages/airflow/example_dags/example_xcom.py
[2024-10-16T17:28:59.171+0000] {processor.py:914} INFO - Processing file /home/airflow/.local/lib/python3.12/site-packages/airflow/example_dags/example_xcom.py for tasks to queue
[2024-10-16T17:28:59.173+0000] {logging_mixin.py:190} INFO - [2024-10-16T17:28:59.173+0000] {dagbag.py:588} INFO - Filling up the DagBag from /home/airflow/.local/lib/python3.12/site-packages/airflow/example_dags/example_xcom.py
[2024-10-16T17:28:59.185+0000] {processor.py:925} INFO - DAG(s) 'example_xcom' retrieved from /home/airflow/.local/lib/python3.12/site-packages/airflow/example_dags/example_xcom.py
[2024-10-16T17:28:59.210+0000] {logging_mixin.py:190} INFO - [2024-10-16T17:28:59.210+0000] {dag.py:3239} INFO - Sync 1 DAGs
[2024-10-16T17:28:59.242+0000] {logging_mixin.py:190} INFO - [2024-10-16T17:28:59.242+0000] {dag.py:4180} INFO - Setting next_dagrun for example_xcom to 2021-01-01 00:00:00+00:00, run_after=2021-01-01 00:00:00+00:00
[2024-10-16T17:28:59.263+0000] {processor.py:208} INFO - Processing /home/airflow/.local/lib/python3.12/site-packages/airflow/example_dags/example_xcom.py took 0.102 seconds
[2024-10-16T17:29:29.859+0000] {processor.py:186} INFO - Started process (PID=1064) to work on /home/airflow/.local/lib/python3.12/site-packages/airflow/example_dags/example_xcom.py
[2024-10-16T17:29:29.860+0000] {processor.py:914} INFO - Processing file /home/airflow/.local/lib/python3.12/site-packages/airflow/example_dags/example_xcom.py for tasks to queue
[2024-10-16T17:29:29.863+0000] {logging_mixin.py:190} INFO - [2024-10-16T17:29:29.862+0000] {dagbag.py:588} INFO - Filling up the DagBag from /home/airflow/.local/lib/python3.12/site-packages/airflow/example_dags/example_xcom.py
[2024-10-16T17:29:29.873+0000] {processor.py:925} INFO - DAG(s) 'example_xcom' retrieved from /home/airflow/.local/lib/python3.12/site-packages/airflow/example_dags/example_xcom.py
[2024-10-16T17:29:29.898+0000] {logging_mixin.py:190} INFO - [2024-10-16T17:29:29.897+0000] {dag.py:3239} INFO - Sync 1 DAGs
[2024-10-16T17:29:29.932+0000] {logging_mixin.py:190} INFO - [2024-10-16T17:29:29.932+0000] {dag.py:4180} INFO - Setting next_dagrun for example_xcom to 2021-01-01 00:00:00+00:00, run_after=2021-01-01 00:00:00+00:00
[2024-10-16T17:29:29.956+0000] {processor.py:208} INFO - Processing /home/airflow/.local/lib/python3.12/site-packages/airflow/example_dags/example_xcom.py took 0.105 seconds
[2024-10-16T17:30:00.213+0000] {processor.py:186} INFO - Started process (PID=1126) to work on /home/airflow/.local/lib/python3.12/site-packages/airflow/example_dags/example_xcom.py
[2024-10-16T17:30:00.214+0000] {processor.py:914} INFO - Processing file /home/airflow/.local/lib/python3.12/site-packages/airflow/example_dags/example_xcom.py for tasks to queue
[2024-10-16T17:30:00.216+0000] {logging_mixin.py:190} INFO - [2024-10-16T17:30:00.216+0000] {dagbag.py:588} INFO - Filling up the DagBag from /home/airflow/.local/lib/python3.12/site-packages/airflow/example_dags/example_xcom.py
[2024-10-16T17:30:00.227+0000] {processor.py:925} INFO - DAG(s) 'example_xcom' retrieved from /home/airflow/.local/lib/python3.12/site-packages/airflow/example_dags/example_xcom.py
[2024-10-16T17:30:00.251+0000] {logging_mixin.py:190} INFO - [2024-10-16T17:30:00.251+0000] {dag.py:3239} INFO - Sync 1 DAGs
[2024-10-16T17:30:00.282+0000] {logging_mixin.py:190} INFO - [2024-10-16T17:30:00.281+0000] {dag.py:4180} INFO - Setting next_dagrun for example_xcom to 2021-01-01 00:00:00+00:00, run_after=2021-01-01 00:00:00+00:00
[2024-10-16T17:30:00.307+0000] {processor.py:208} INFO - Processing /home/airflow/.local/lib/python3.12/site-packages/airflow/example_dags/example_xcom.py took 0.101 seconds
