[2024-10-16T16:38:10.003+0000] {processor.py:186} INFO - Started process (PID=104) to work on /home/airflow/.local/lib/python3.12/site-packages/airflow/example_dags/example_latest_only_with_trigger.py
[2024-10-16T16:38:10.004+0000] {processor.py:914} INFO - Processing file /home/airflow/.local/lib/python3.12/site-packages/airflow/example_dags/example_latest_only_with_trigger.py for tasks to queue
[2024-10-16T16:38:10.007+0000] {logging_mixin.py:190} INFO - [2024-10-16T16:38:10.006+0000] {dagbag.py:588} INFO - Filling up the DagBag from /home/airflow/.local/lib/python3.12/site-packages/airflow/example_dags/example_latest_only_with_trigger.py
[2024-10-16T16:38:10.017+0000] {processor.py:925} INFO - DAG(s) 'latest_only_with_trigger' retrieved from /home/airflow/.local/lib/python3.12/site-packages/airflow/example_dags/example_latest_only_with_trigger.py
[2024-10-16T16:38:10.155+0000] {logging_mixin.py:190} INFO - [2024-10-16T16:38:10.154+0000] {override.py:1900} INFO - Created Permission View: can delete on DAG:latest_only_with_trigger
[2024-10-16T16:38:10.178+0000] {logging_mixin.py:190} INFO - [2024-10-16T16:38:10.178+0000] {override.py:1900} INFO - Created Permission View: can edit on DAG:latest_only_with_trigger
[2024-10-16T16:38:10.197+0000] {logging_mixin.py:190} INFO - [2024-10-16T16:38:10.197+0000] {override.py:1900} INFO - Created Permission View: can read on DAG:latest_only_with_trigger
[2024-10-16T16:38:10.218+0000] {logging_mixin.py:190} INFO - [2024-10-16T16:38:10.217+0000] {override.py:1900} INFO - Created Permission View: menu access on DAG Run:latest_only_with_trigger
[2024-10-16T16:38:10.236+0000] {logging_mixin.py:190} INFO - [2024-10-16T16:38:10.236+0000] {override.py:1900} INFO - Created Permission View: can create on DAG Run:latest_only_with_trigger
[2024-10-16T16:38:10.245+0000] {logging_mixin.py:190} INFO - [2024-10-16T16:38:10.244+0000] {override.py:1900} INFO - Created Permission View: can delete on DAG Run:latest_only_with_trigger
[2024-10-16T16:38:10.262+0000] {logging_mixin.py:190} INFO - [2024-10-16T16:38:10.261+0000] {override.py:1900} INFO - Created Permission View: can read on DAG Run:latest_only_with_trigger
[2024-10-16T16:38:10.262+0000] {logging_mixin.py:190} INFO - [2024-10-16T16:38:10.262+0000] {dag.py:3239} INFO - Sync 1 DAGs
[2024-10-16T16:38:10.278+0000] {logging_mixin.py:190} INFO - [2024-10-16T16:38:10.277+0000] {dag.py:3262} INFO - Creating ORM DAG for latest_only_with_trigger
[2024-10-16T16:38:10.291+0000] {logging_mixin.py:190} INFO - [2024-10-16T16:38:10.291+0000] {dag.py:4180} INFO - Setting next_dagrun for latest_only_with_trigger to 2024-10-16 12:00:00+00:00, run_after=2024-10-16 16:00:00+00:00
[2024-10-16T16:38:10.312+0000] {processor.py:208} INFO - Processing /home/airflow/.local/lib/python3.12/site-packages/airflow/example_dags/example_latest_only_with_trigger.py took 0.317 seconds
[2024-10-16T16:38:40.959+0000] {processor.py:186} INFO - Started process (PID=166) to work on /home/airflow/.local/lib/python3.12/site-packages/airflow/example_dags/example_latest_only_with_trigger.py
[2024-10-16T16:38:40.961+0000] {processor.py:914} INFO - Processing file /home/airflow/.local/lib/python3.12/site-packages/airflow/example_dags/example_latest_only_with_trigger.py for tasks to queue
[2024-10-16T16:38:40.964+0000] {logging_mixin.py:190} INFO - [2024-10-16T16:38:40.963+0000] {dagbag.py:588} INFO - Filling up the DagBag from /home/airflow/.local/lib/python3.12/site-packages/airflow/example_dags/example_latest_only_with_trigger.py
[2024-10-16T16:38:40.971+0000] {processor.py:925} INFO - DAG(s) 'latest_only_with_trigger' retrieved from /home/airflow/.local/lib/python3.12/site-packages/airflow/example_dags/example_latest_only_with_trigger.py
[2024-10-16T16:38:40.995+0000] {logging_mixin.py:190} INFO - [2024-10-16T16:38:40.995+0000] {dag.py:3239} INFO - Sync 1 DAGs
[2024-10-16T16:38:41.023+0000] {logging_mixin.py:190} INFO - [2024-10-16T16:38:41.023+0000] {dag.py:4180} INFO - Setting next_dagrun for latest_only_with_trigger to 2024-10-16 12:00:00+00:00, run_after=2024-10-16 16:00:00+00:00
[2024-10-16T16:38:41.048+0000] {processor.py:208} INFO - Processing /home/airflow/.local/lib/python3.12/site-packages/airflow/example_dags/example_latest_only_with_trigger.py took 0.096 seconds
[2024-10-16T16:39:11.641+0000] {processor.py:186} INFO - Started process (PID=228) to work on /home/airflow/.local/lib/python3.12/site-packages/airflow/example_dags/example_latest_only_with_trigger.py
[2024-10-16T16:39:11.642+0000] {processor.py:914} INFO - Processing file /home/airflow/.local/lib/python3.12/site-packages/airflow/example_dags/example_latest_only_with_trigger.py for tasks to queue
[2024-10-16T16:39:11.645+0000] {logging_mixin.py:190} INFO - [2024-10-16T16:39:11.645+0000] {dagbag.py:588} INFO - Filling up the DagBag from /home/airflow/.local/lib/python3.12/site-packages/airflow/example_dags/example_latest_only_with_trigger.py
[2024-10-16T16:39:11.655+0000] {processor.py:925} INFO - DAG(s) 'latest_only_with_trigger' retrieved from /home/airflow/.local/lib/python3.12/site-packages/airflow/example_dags/example_latest_only_with_trigger.py
[2024-10-16T16:39:11.682+0000] {logging_mixin.py:190} INFO - [2024-10-16T16:39:11.682+0000] {dag.py:3239} INFO - Sync 1 DAGs
[2024-10-16T16:39:11.712+0000] {logging_mixin.py:190} INFO - [2024-10-16T16:39:11.711+0000] {dag.py:4180} INFO - Setting next_dagrun for latest_only_with_trigger to 2024-10-16 12:00:00+00:00, run_after=2024-10-16 16:00:00+00:00
[2024-10-16T16:39:11.737+0000] {processor.py:208} INFO - Processing /home/airflow/.local/lib/python3.12/site-packages/airflow/example_dags/example_latest_only_with_trigger.py took 0.104 seconds
[2024-10-16T16:39:42.074+0000] {processor.py:186} INFO - Started process (PID=290) to work on /home/airflow/.local/lib/python3.12/site-packages/airflow/example_dags/example_latest_only_with_trigger.py
[2024-10-16T16:39:42.076+0000] {processor.py:914} INFO - Processing file /home/airflow/.local/lib/python3.12/site-packages/airflow/example_dags/example_latest_only_with_trigger.py for tasks to queue
[2024-10-16T16:39:42.080+0000] {logging_mixin.py:190} INFO - [2024-10-16T16:39:42.079+0000] {dagbag.py:588} INFO - Filling up the DagBag from /home/airflow/.local/lib/python3.12/site-packages/airflow/example_dags/example_latest_only_with_trigger.py
[2024-10-16T16:39:42.097+0000] {processor.py:925} INFO - DAG(s) 'latest_only_with_trigger' retrieved from /home/airflow/.local/lib/python3.12/site-packages/airflow/example_dags/example_latest_only_with_trigger.py
[2024-10-16T16:39:42.138+0000] {logging_mixin.py:190} INFO - [2024-10-16T16:39:42.138+0000] {dag.py:3239} INFO - Sync 1 DAGs
[2024-10-16T16:39:42.184+0000] {logging_mixin.py:190} INFO - [2024-10-16T16:39:42.184+0000] {dag.py:4180} INFO - Setting next_dagrun for latest_only_with_trigger to 2024-10-16 12:00:00+00:00, run_after=2024-10-16 16:00:00+00:00
[2024-10-16T16:39:42.227+0000] {processor.py:208} INFO - Processing /home/airflow/.local/lib/python3.12/site-packages/airflow/example_dags/example_latest_only_with_trigger.py took 0.169 seconds
[2024-10-16T16:40:12.637+0000] {processor.py:186} INFO - Started process (PID=353) to work on /home/airflow/.local/lib/python3.12/site-packages/airflow/example_dags/example_latest_only_with_trigger.py
[2024-10-16T16:40:12.638+0000] {processor.py:914} INFO - Processing file /home/airflow/.local/lib/python3.12/site-packages/airflow/example_dags/example_latest_only_with_trigger.py for tasks to queue
[2024-10-16T16:40:12.642+0000] {logging_mixin.py:190} INFO - [2024-10-16T16:40:12.641+0000] {dagbag.py:588} INFO - Filling up the DagBag from /home/airflow/.local/lib/python3.12/site-packages/airflow/example_dags/example_latest_only_with_trigger.py
[2024-10-16T16:40:12.649+0000] {processor.py:925} INFO - DAG(s) 'latest_only_with_trigger' retrieved from /home/airflow/.local/lib/python3.12/site-packages/airflow/example_dags/example_latest_only_with_trigger.py
[2024-10-16T16:40:12.671+0000] {logging_mixin.py:190} INFO - [2024-10-16T16:40:12.671+0000] {dag.py:3239} INFO - Sync 1 DAGs
[2024-10-16T16:40:12.698+0000] {logging_mixin.py:190} INFO - [2024-10-16T16:40:12.698+0000] {dag.py:4180} INFO - Setting next_dagrun for latest_only_with_trigger to 2024-10-16 12:00:00+00:00, run_after=2024-10-16 16:00:00+00:00
[2024-10-16T16:40:12.719+0000] {processor.py:208} INFO - Processing /home/airflow/.local/lib/python3.12/site-packages/airflow/example_dags/example_latest_only_with_trigger.py took 0.089 seconds
[2024-10-16T16:40:43.094+0000] {processor.py:186} INFO - Started process (PID=415) to work on /home/airflow/.local/lib/python3.12/site-packages/airflow/example_dags/example_latest_only_with_trigger.py
[2024-10-16T16:40:43.095+0000] {processor.py:914} INFO - Processing file /home/airflow/.local/lib/python3.12/site-packages/airflow/example_dags/example_latest_only_with_trigger.py for tasks to queue
[2024-10-16T16:40:43.099+0000] {logging_mixin.py:190} INFO - [2024-10-16T16:40:43.098+0000] {dagbag.py:588} INFO - Filling up the DagBag from /home/airflow/.local/lib/python3.12/site-packages/airflow/example_dags/example_latest_only_with_trigger.py
[2024-10-16T16:40:43.108+0000] {processor.py:925} INFO - DAG(s) 'latest_only_with_trigger' retrieved from /home/airflow/.local/lib/python3.12/site-packages/airflow/example_dags/example_latest_only_with_trigger.py
[2024-10-16T16:40:43.133+0000] {logging_mixin.py:190} INFO - [2024-10-16T16:40:43.133+0000] {dag.py:3239} INFO - Sync 1 DAGs
[2024-10-16T16:40:43.168+0000] {logging_mixin.py:190} INFO - [2024-10-16T16:40:43.167+0000] {dag.py:4180} INFO - Setting next_dagrun for latest_only_with_trigger to 2024-10-16 12:00:00+00:00, run_after=2024-10-16 16:00:00+00:00
[2024-10-16T16:40:43.192+0000] {processor.py:208} INFO - Processing /home/airflow/.local/lib/python3.12/site-packages/airflow/example_dags/example_latest_only_with_trigger.py took 0.105 seconds
[2024-10-16T16:41:13.766+0000] {processor.py:186} INFO - Started process (PID=477) to work on /home/airflow/.local/lib/python3.12/site-packages/airflow/example_dags/example_latest_only_with_trigger.py
[2024-10-16T16:41:13.767+0000] {processor.py:914} INFO - Processing file /home/airflow/.local/lib/python3.12/site-packages/airflow/example_dags/example_latest_only_with_trigger.py for tasks to queue
[2024-10-16T16:41:13.770+0000] {logging_mixin.py:190} INFO - [2024-10-16T16:41:13.770+0000] {dagbag.py:588} INFO - Filling up the DagBag from /home/airflow/.local/lib/python3.12/site-packages/airflow/example_dags/example_latest_only_with_trigger.py
[2024-10-16T16:41:13.779+0000] {processor.py:925} INFO - DAG(s) 'latest_only_with_trigger' retrieved from /home/airflow/.local/lib/python3.12/site-packages/airflow/example_dags/example_latest_only_with_trigger.py
[2024-10-16T16:41:13.804+0000] {logging_mixin.py:190} INFO - [2024-10-16T16:41:13.803+0000] {dag.py:3239} INFO - Sync 1 DAGs
[2024-10-16T16:41:13.839+0000] {logging_mixin.py:190} INFO - [2024-10-16T16:41:13.838+0000] {dag.py:4180} INFO - Setting next_dagrun for latest_only_with_trigger to 2024-10-16 12:00:00+00:00, run_after=2024-10-16 16:00:00+00:00
[2024-10-16T16:41:13.863+0000] {processor.py:208} INFO - Processing /home/airflow/.local/lib/python3.12/site-packages/airflow/example_dags/example_latest_only_with_trigger.py took 0.105 seconds
[2024-10-16T16:41:43.943+0000] {processor.py:186} INFO - Started process (PID=538) to work on /home/airflow/.local/lib/python3.12/site-packages/airflow/example_dags/example_latest_only_with_trigger.py
[2024-10-16T16:41:43.944+0000] {processor.py:914} INFO - Processing file /home/airflow/.local/lib/python3.12/site-packages/airflow/example_dags/example_latest_only_with_trigger.py for tasks to queue
[2024-10-16T16:41:43.948+0000] {logging_mixin.py:190} INFO - [2024-10-16T16:41:43.947+0000] {dagbag.py:588} INFO - Filling up the DagBag from /home/airflow/.local/lib/python3.12/site-packages/airflow/example_dags/example_latest_only_with_trigger.py
[2024-10-16T16:41:43.957+0000] {processor.py:925} INFO - DAG(s) 'latest_only_with_trigger' retrieved from /home/airflow/.local/lib/python3.12/site-packages/airflow/example_dags/example_latest_only_with_trigger.py
[2024-10-16T16:41:43.980+0000] {logging_mixin.py:190} INFO - [2024-10-16T16:41:43.979+0000] {dag.py:3239} INFO - Sync 1 DAGs
[2024-10-16T16:41:44.013+0000] {logging_mixin.py:190} INFO - [2024-10-16T16:41:44.013+0000] {dag.py:4180} INFO - Setting next_dagrun for latest_only_with_trigger to 2024-10-16 12:00:00+00:00, run_after=2024-10-16 16:00:00+00:00
[2024-10-16T16:41:44.040+0000] {processor.py:208} INFO - Processing /home/airflow/.local/lib/python3.12/site-packages/airflow/example_dags/example_latest_only_with_trigger.py took 0.104 seconds
[2024-10-16T16:42:14.409+0000] {processor.py:186} INFO - Started process (PID=600) to work on /home/airflow/.local/lib/python3.12/site-packages/airflow/example_dags/example_latest_only_with_trigger.py
[2024-10-16T16:42:14.410+0000] {processor.py:914} INFO - Processing file /home/airflow/.local/lib/python3.12/site-packages/airflow/example_dags/example_latest_only_with_trigger.py for tasks to queue
[2024-10-16T16:42:14.413+0000] {logging_mixin.py:190} INFO - [2024-10-16T16:42:14.413+0000] {dagbag.py:588} INFO - Filling up the DagBag from /home/airflow/.local/lib/python3.12/site-packages/airflow/example_dags/example_latest_only_with_trigger.py
[2024-10-16T16:42:14.421+0000] {processor.py:925} INFO - DAG(s) 'latest_only_with_trigger' retrieved from /home/airflow/.local/lib/python3.12/site-packages/airflow/example_dags/example_latest_only_with_trigger.py
[2024-10-16T16:42:14.444+0000] {logging_mixin.py:190} INFO - [2024-10-16T16:42:14.443+0000] {dag.py:3239} INFO - Sync 1 DAGs
[2024-10-16T16:42:14.471+0000] {logging_mixin.py:190} INFO - [2024-10-16T16:42:14.471+0000] {dag.py:4180} INFO - Setting next_dagrun for latest_only_with_trigger to 2024-10-16 12:00:00+00:00, run_after=2024-10-16 16:00:00+00:00
[2024-10-16T16:42:14.495+0000] {processor.py:208} INFO - Processing /home/airflow/.local/lib/python3.12/site-packages/airflow/example_dags/example_latest_only_with_trigger.py took 0.092 seconds
[2024-10-16T16:42:44.648+0000] {processor.py:186} INFO - Started process (PID=662) to work on /home/airflow/.local/lib/python3.12/site-packages/airflow/example_dags/example_latest_only_with_trigger.py
[2024-10-16T16:42:44.649+0000] {processor.py:914} INFO - Processing file /home/airflow/.local/lib/python3.12/site-packages/airflow/example_dags/example_latest_only_with_trigger.py for tasks to queue
[2024-10-16T16:42:44.652+0000] {logging_mixin.py:190} INFO - [2024-10-16T16:42:44.651+0000] {dagbag.py:588} INFO - Filling up the DagBag from /home/airflow/.local/lib/python3.12/site-packages/airflow/example_dags/example_latest_only_with_trigger.py
[2024-10-16T16:42:44.659+0000] {processor.py:925} INFO - DAG(s) 'latest_only_with_trigger' retrieved from /home/airflow/.local/lib/python3.12/site-packages/airflow/example_dags/example_latest_only_with_trigger.py
[2024-10-16T16:42:44.684+0000] {logging_mixin.py:190} INFO - [2024-10-16T16:42:44.683+0000] {dag.py:3239} INFO - Sync 1 DAGs
[2024-10-16T16:42:44.712+0000] {logging_mixin.py:190} INFO - [2024-10-16T16:42:44.712+0000] {dag.py:4180} INFO - Setting next_dagrun for latest_only_with_trigger to 2024-10-16 12:00:00+00:00, run_after=2024-10-16 16:00:00+00:00
[2024-10-16T16:42:44.737+0000] {processor.py:208} INFO - Processing /home/airflow/.local/lib/python3.12/site-packages/airflow/example_dags/example_latest_only_with_trigger.py took 0.098 seconds
[2024-10-16T17:21:24.808+0000] {processor.py:186} INFO - Started process (PID=95) to work on /home/airflow/.local/lib/python3.12/site-packages/airflow/example_dags/example_latest_only_with_trigger.py
[2024-10-16T17:21:24.809+0000] {processor.py:914} INFO - Processing file /home/airflow/.local/lib/python3.12/site-packages/airflow/example_dags/example_latest_only_with_trigger.py for tasks to queue
[2024-10-16T17:21:24.812+0000] {logging_mixin.py:190} INFO - [2024-10-16T17:21:24.812+0000] {dagbag.py:588} INFO - Filling up the DagBag from /home/airflow/.local/lib/python3.12/site-packages/airflow/example_dags/example_latest_only_with_trigger.py
[2024-10-16T17:21:24.823+0000] {processor.py:925} INFO - DAG(s) 'latest_only_with_trigger' retrieved from /home/airflow/.local/lib/python3.12/site-packages/airflow/example_dags/example_latest_only_with_trigger.py
[2024-10-16T17:21:24.850+0000] {logging_mixin.py:190} INFO - [2024-10-16T17:21:24.850+0000] {dag.py:3239} INFO - Sync 1 DAGs
[2024-10-16T17:21:24.886+0000] {logging_mixin.py:190} INFO - [2024-10-16T17:21:24.885+0000] {dag.py:4180} INFO - Setting next_dagrun for latest_only_with_trigger to 2024-10-16 12:00:00+00:00, run_after=2024-10-16 16:00:00+00:00
[2024-10-16T17:21:24.912+0000] {processor.py:208} INFO - Processing /home/airflow/.local/lib/python3.12/site-packages/airflow/example_dags/example_latest_only_with_trigger.py took 0.111 seconds
[2024-10-16T17:21:55.526+0000] {processor.py:186} INFO - Started process (PID=157) to work on /home/airflow/.local/lib/python3.12/site-packages/airflow/example_dags/example_latest_only_with_trigger.py
[2024-10-16T17:21:55.527+0000] {processor.py:914} INFO - Processing file /home/airflow/.local/lib/python3.12/site-packages/airflow/example_dags/example_latest_only_with_trigger.py for tasks to queue
[2024-10-16T17:21:55.530+0000] {logging_mixin.py:190} INFO - [2024-10-16T17:21:55.530+0000] {dagbag.py:588} INFO - Filling up the DagBag from /home/airflow/.local/lib/python3.12/site-packages/airflow/example_dags/example_latest_only_with_trigger.py
[2024-10-16T17:21:55.539+0000] {processor.py:925} INFO - DAG(s) 'latest_only_with_trigger' retrieved from /home/airflow/.local/lib/python3.12/site-packages/airflow/example_dags/example_latest_only_with_trigger.py
[2024-10-16T17:21:55.560+0000] {logging_mixin.py:190} INFO - [2024-10-16T17:21:55.560+0000] {dag.py:3239} INFO - Sync 1 DAGs
[2024-10-16T17:21:55.591+0000] {logging_mixin.py:190} INFO - [2024-10-16T17:21:55.591+0000] {dag.py:4180} INFO - Setting next_dagrun for latest_only_with_trigger to 2024-10-16 12:00:00+00:00, run_after=2024-10-16 16:00:00+00:00
[2024-10-16T17:21:55.616+0000] {processor.py:208} INFO - Processing /home/airflow/.local/lib/python3.12/site-packages/airflow/example_dags/example_latest_only_with_trigger.py took 0.098 seconds
[2024-10-16T17:22:26.544+0000] {processor.py:186} INFO - Started process (PID=219) to work on /home/airflow/.local/lib/python3.12/site-packages/airflow/example_dags/example_latest_only_with_trigger.py
[2024-10-16T17:22:26.546+0000] {processor.py:914} INFO - Processing file /home/airflow/.local/lib/python3.12/site-packages/airflow/example_dags/example_latest_only_with_trigger.py for tasks to queue
[2024-10-16T17:22:26.548+0000] {logging_mixin.py:190} INFO - [2024-10-16T17:22:26.548+0000] {dagbag.py:588} INFO - Filling up the DagBag from /home/airflow/.local/lib/python3.12/site-packages/airflow/example_dags/example_latest_only_with_trigger.py
[2024-10-16T17:22:26.557+0000] {processor.py:925} INFO - DAG(s) 'latest_only_with_trigger' retrieved from /home/airflow/.local/lib/python3.12/site-packages/airflow/example_dags/example_latest_only_with_trigger.py
[2024-10-16T17:22:26.579+0000] {logging_mixin.py:190} INFO - [2024-10-16T17:22:26.579+0000] {dag.py:3239} INFO - Sync 1 DAGs
[2024-10-16T17:22:26.605+0000] {logging_mixin.py:190} INFO - [2024-10-16T17:22:26.605+0000] {dag.py:4180} INFO - Setting next_dagrun for latest_only_with_trigger to 2024-10-16 12:00:00+00:00, run_after=2024-10-16 16:00:00+00:00
[2024-10-16T17:22:26.626+0000] {processor.py:208} INFO - Processing /home/airflow/.local/lib/python3.12/site-packages/airflow/example_dags/example_latest_only_with_trigger.py took 0.088 seconds
[2024-10-16T17:22:57.190+0000] {processor.py:186} INFO - Started process (PID=281) to work on /home/airflow/.local/lib/python3.12/site-packages/airflow/example_dags/example_latest_only_with_trigger.py
[2024-10-16T17:22:57.193+0000] {processor.py:914} INFO - Processing file /home/airflow/.local/lib/python3.12/site-packages/airflow/example_dags/example_latest_only_with_trigger.py for tasks to queue
[2024-10-16T17:22:57.198+0000] {logging_mixin.py:190} INFO - [2024-10-16T17:22:57.197+0000] {dagbag.py:588} INFO - Filling up the DagBag from /home/airflow/.local/lib/python3.12/site-packages/airflow/example_dags/example_latest_only_with_trigger.py
[2024-10-16T17:22:57.213+0000] {processor.py:925} INFO - DAG(s) 'latest_only_with_trigger' retrieved from /home/airflow/.local/lib/python3.12/site-packages/airflow/example_dags/example_latest_only_with_trigger.py
[2024-10-16T17:22:57.244+0000] {logging_mixin.py:190} INFO - [2024-10-16T17:22:57.244+0000] {dag.py:3239} INFO - Sync 1 DAGs
[2024-10-16T17:22:57.282+0000] {logging_mixin.py:190} INFO - [2024-10-16T17:22:57.281+0000] {dag.py:4180} INFO - Setting next_dagrun for latest_only_with_trigger to 2024-10-16 12:00:00+00:00, run_after=2024-10-16 16:00:00+00:00
[2024-10-16T17:22:57.302+0000] {processor.py:208} INFO - Processing /home/airflow/.local/lib/python3.12/site-packages/airflow/example_dags/example_latest_only_with_trigger.py took 0.121 seconds
[2024-10-16T17:23:27.863+0000] {processor.py:186} INFO - Started process (PID=343) to work on /home/airflow/.local/lib/python3.12/site-packages/airflow/example_dags/example_latest_only_with_trigger.py
[2024-10-16T17:23:27.864+0000] {processor.py:914} INFO - Processing file /home/airflow/.local/lib/python3.12/site-packages/airflow/example_dags/example_latest_only_with_trigger.py for tasks to queue
[2024-10-16T17:23:27.868+0000] {logging_mixin.py:190} INFO - [2024-10-16T17:23:27.867+0000] {dagbag.py:588} INFO - Filling up the DagBag from /home/airflow/.local/lib/python3.12/site-packages/airflow/example_dags/example_latest_only_with_trigger.py
[2024-10-16T17:23:27.876+0000] {processor.py:925} INFO - DAG(s) 'latest_only_with_trigger' retrieved from /home/airflow/.local/lib/python3.12/site-packages/airflow/example_dags/example_latest_only_with_trigger.py
[2024-10-16T17:23:27.901+0000] {logging_mixin.py:190} INFO - [2024-10-16T17:23:27.901+0000] {dag.py:3239} INFO - Sync 1 DAGs
[2024-10-16T17:23:27.930+0000] {logging_mixin.py:190} INFO - [2024-10-16T17:23:27.929+0000] {dag.py:4180} INFO - Setting next_dagrun for latest_only_with_trigger to 2024-10-16 12:00:00+00:00, run_after=2024-10-16 16:00:00+00:00
[2024-10-16T17:23:27.954+0000] {processor.py:208} INFO - Processing /home/airflow/.local/lib/python3.12/site-packages/airflow/example_dags/example_latest_only_with_trigger.py took 0.098 seconds
[2024-10-16T17:23:58.408+0000] {processor.py:186} INFO - Started process (PID=405) to work on /home/airflow/.local/lib/python3.12/site-packages/airflow/example_dags/example_latest_only_with_trigger.py
[2024-10-16T17:23:58.409+0000] {processor.py:914} INFO - Processing file /home/airflow/.local/lib/python3.12/site-packages/airflow/example_dags/example_latest_only_with_trigger.py for tasks to queue
[2024-10-16T17:23:58.412+0000] {logging_mixin.py:190} INFO - [2024-10-16T17:23:58.411+0000] {dagbag.py:588} INFO - Filling up the DagBag from /home/airflow/.local/lib/python3.12/site-packages/airflow/example_dags/example_latest_only_with_trigger.py
[2024-10-16T17:23:58.420+0000] {processor.py:925} INFO - DAG(s) 'latest_only_with_trigger' retrieved from /home/airflow/.local/lib/python3.12/site-packages/airflow/example_dags/example_latest_only_with_trigger.py
[2024-10-16T17:23:58.443+0000] {logging_mixin.py:190} INFO - [2024-10-16T17:23:58.443+0000] {dag.py:3239} INFO - Sync 1 DAGs
[2024-10-16T17:23:58.470+0000] {logging_mixin.py:190} INFO - [2024-10-16T17:23:58.470+0000] {dag.py:4180} INFO - Setting next_dagrun for latest_only_with_trigger to 2024-10-16 12:00:00+00:00, run_after=2024-10-16 16:00:00+00:00
[2024-10-16T17:23:58.492+0000] {processor.py:208} INFO - Processing /home/airflow/.local/lib/python3.12/site-packages/airflow/example_dags/example_latest_only_with_trigger.py took 0.091 seconds
[2024-10-16T17:24:28.778+0000] {processor.py:186} INFO - Started process (PID=467) to work on /home/airflow/.local/lib/python3.12/site-packages/airflow/example_dags/example_latest_only_with_trigger.py
[2024-10-16T17:24:28.780+0000] {processor.py:914} INFO - Processing file /home/airflow/.local/lib/python3.12/site-packages/airflow/example_dags/example_latest_only_with_trigger.py for tasks to queue
[2024-10-16T17:24:28.784+0000] {logging_mixin.py:190} INFO - [2024-10-16T17:24:28.783+0000] {dagbag.py:588} INFO - Filling up the DagBag from /home/airflow/.local/lib/python3.12/site-packages/airflow/example_dags/example_latest_only_with_trigger.py
[2024-10-16T17:24:28.793+0000] {processor.py:925} INFO - DAG(s) 'latest_only_with_trigger' retrieved from /home/airflow/.local/lib/python3.12/site-packages/airflow/example_dags/example_latest_only_with_trigger.py
[2024-10-16T17:24:28.816+0000] {logging_mixin.py:190} INFO - [2024-10-16T17:24:28.816+0000] {dag.py:3239} INFO - Sync 1 DAGs
[2024-10-16T17:24:28.845+0000] {logging_mixin.py:190} INFO - [2024-10-16T17:24:28.845+0000] {dag.py:4180} INFO - Setting next_dagrun for latest_only_with_trigger to 2024-10-16 12:00:00+00:00, run_after=2024-10-16 16:00:00+00:00
[2024-10-16T17:24:28.869+0000] {processor.py:208} INFO - Processing /home/airflow/.local/lib/python3.12/site-packages/airflow/example_dags/example_latest_only_with_trigger.py took 0.100 seconds
[2024-10-16T17:24:59.167+0000] {processor.py:186} INFO - Started process (PID=529) to work on /home/airflow/.local/lib/python3.12/site-packages/airflow/example_dags/example_latest_only_with_trigger.py
[2024-10-16T17:24:59.169+0000] {processor.py:914} INFO - Processing file /home/airflow/.local/lib/python3.12/site-packages/airflow/example_dags/example_latest_only_with_trigger.py for tasks to queue
[2024-10-16T17:24:59.172+0000] {logging_mixin.py:190} INFO - [2024-10-16T17:24:59.171+0000] {dagbag.py:588} INFO - Filling up the DagBag from /home/airflow/.local/lib/python3.12/site-packages/airflow/example_dags/example_latest_only_with_trigger.py
[2024-10-16T17:24:59.180+0000] {processor.py:925} INFO - DAG(s) 'latest_only_with_trigger' retrieved from /home/airflow/.local/lib/python3.12/site-packages/airflow/example_dags/example_latest_only_with_trigger.py
[2024-10-16T17:24:59.203+0000] {logging_mixin.py:190} INFO - [2024-10-16T17:24:59.203+0000] {dag.py:3239} INFO - Sync 1 DAGs
[2024-10-16T17:24:59.230+0000] {logging_mixin.py:190} INFO - [2024-10-16T17:24:59.229+0000] {dag.py:4180} INFO - Setting next_dagrun for latest_only_with_trigger to 2024-10-16 12:00:00+00:00, run_after=2024-10-16 16:00:00+00:00
[2024-10-16T17:24:59.251+0000] {processor.py:208} INFO - Processing /home/airflow/.local/lib/python3.12/site-packages/airflow/example_dags/example_latest_only_with_trigger.py took 0.090 seconds
[2024-10-16T17:25:30.988+0000] {processor.py:186} INFO - Started process (PID=591) to work on /home/airflow/.local/lib/python3.12/site-packages/airflow/example_dags/example_latest_only_with_trigger.py
[2024-10-16T17:25:30.990+0000] {processor.py:914} INFO - Processing file /home/airflow/.local/lib/python3.12/site-packages/airflow/example_dags/example_latest_only_with_trigger.py for tasks to queue
[2024-10-16T17:25:30.995+0000] {logging_mixin.py:190} INFO - [2024-10-16T17:25:30.994+0000] {dagbag.py:588} INFO - Filling up the DagBag from /home/airflow/.local/lib/python3.12/site-packages/airflow/example_dags/example_latest_only_with_trigger.py
[2024-10-16T17:25:31.010+0000] {processor.py:925} INFO - DAG(s) 'latest_only_with_trigger' retrieved from /home/airflow/.local/lib/python3.12/site-packages/airflow/example_dags/example_latest_only_with_trigger.py
[2024-10-16T17:25:31.063+0000] {logging_mixin.py:190} INFO - [2024-10-16T17:25:31.062+0000] {dag.py:3239} INFO - Sync 1 DAGs
[2024-10-16T17:25:31.109+0000] {logging_mixin.py:190} INFO - [2024-10-16T17:25:31.108+0000] {dag.py:4180} INFO - Setting next_dagrun for latest_only_with_trigger to 2024-10-16 12:00:00+00:00, run_after=2024-10-16 16:00:00+00:00
[2024-10-16T17:25:31.154+0000] {processor.py:208} INFO - Processing /home/airflow/.local/lib/python3.12/site-packages/airflow/example_dags/example_latest_only_with_trigger.py took 0.177 seconds
[2024-10-16T17:26:01.215+0000] {processor.py:186} INFO - Started process (PID=652) to work on /home/airflow/.local/lib/python3.12/site-packages/airflow/example_dags/example_latest_only_with_trigger.py
[2024-10-16T17:26:01.216+0000] {processor.py:914} INFO - Processing file /home/airflow/.local/lib/python3.12/site-packages/airflow/example_dags/example_latest_only_with_trigger.py for tasks to queue
[2024-10-16T17:26:01.219+0000] {logging_mixin.py:190} INFO - [2024-10-16T17:26:01.219+0000] {dagbag.py:588} INFO - Filling up the DagBag from /home/airflow/.local/lib/python3.12/site-packages/airflow/example_dags/example_latest_only_with_trigger.py
[2024-10-16T17:26:01.230+0000] {processor.py:925} INFO - DAG(s) 'latest_only_with_trigger' retrieved from /home/airflow/.local/lib/python3.12/site-packages/airflow/example_dags/example_latest_only_with_trigger.py
[2024-10-16T17:26:01.253+0000] {logging_mixin.py:190} INFO - [2024-10-16T17:26:01.253+0000] {dag.py:3239} INFO - Sync 1 DAGs
[2024-10-16T17:26:01.280+0000] {logging_mixin.py:190} INFO - [2024-10-16T17:26:01.279+0000] {dag.py:4180} INFO - Setting next_dagrun for latest_only_with_trigger to 2024-10-16 12:00:00+00:00, run_after=2024-10-16 16:00:00+00:00
[2024-10-16T17:26:01.303+0000] {processor.py:208} INFO - Processing /home/airflow/.local/lib/python3.12/site-packages/airflow/example_dags/example_latest_only_with_trigger.py took 0.095 seconds
[2024-10-16T17:26:31.585+0000] {processor.py:186} INFO - Started process (PID=714) to work on /home/airflow/.local/lib/python3.12/site-packages/airflow/example_dags/example_latest_only_with_trigger.py
[2024-10-16T17:26:31.586+0000] {processor.py:914} INFO - Processing file /home/airflow/.local/lib/python3.12/site-packages/airflow/example_dags/example_latest_only_with_trigger.py for tasks to queue
[2024-10-16T17:26:31.589+0000] {logging_mixin.py:190} INFO - [2024-10-16T17:26:31.589+0000] {dagbag.py:588} INFO - Filling up the DagBag from /home/airflow/.local/lib/python3.12/site-packages/airflow/example_dags/example_latest_only_with_trigger.py
[2024-10-16T17:26:31.597+0000] {processor.py:925} INFO - DAG(s) 'latest_only_with_trigger' retrieved from /home/airflow/.local/lib/python3.12/site-packages/airflow/example_dags/example_latest_only_with_trigger.py
[2024-10-16T17:26:31.621+0000] {logging_mixin.py:190} INFO - [2024-10-16T17:26:31.621+0000] {dag.py:3239} INFO - Sync 1 DAGs
[2024-10-16T17:26:31.647+0000] {logging_mixin.py:190} INFO - [2024-10-16T17:26:31.647+0000] {dag.py:4180} INFO - Setting next_dagrun for latest_only_with_trigger to 2024-10-16 12:00:00+00:00, run_after=2024-10-16 16:00:00+00:00
[2024-10-16T17:26:31.668+0000] {processor.py:208} INFO - Processing /home/airflow/.local/lib/python3.12/site-packages/airflow/example_dags/example_latest_only_with_trigger.py took 0.090 seconds
[2024-10-16T17:27:02.172+0000] {processor.py:186} INFO - Started process (PID=776) to work on /home/airflow/.local/lib/python3.12/site-packages/airflow/example_dags/example_latest_only_with_trigger.py
[2024-10-16T17:27:02.173+0000] {processor.py:914} INFO - Processing file /home/airflow/.local/lib/python3.12/site-packages/airflow/example_dags/example_latest_only_with_trigger.py for tasks to queue
[2024-10-16T17:27:02.176+0000] {logging_mixin.py:190} INFO - [2024-10-16T17:27:02.175+0000] {dagbag.py:588} INFO - Filling up the DagBag from /home/airflow/.local/lib/python3.12/site-packages/airflow/example_dags/example_latest_only_with_trigger.py
[2024-10-16T17:27:02.184+0000] {processor.py:925} INFO - DAG(s) 'latest_only_with_trigger' retrieved from /home/airflow/.local/lib/python3.12/site-packages/airflow/example_dags/example_latest_only_with_trigger.py
[2024-10-16T17:27:02.211+0000] {logging_mixin.py:190} INFO - [2024-10-16T17:27:02.211+0000] {dag.py:3239} INFO - Sync 1 DAGs
[2024-10-16T17:27:02.250+0000] {logging_mixin.py:190} INFO - [2024-10-16T17:27:02.250+0000] {dag.py:4180} INFO - Setting next_dagrun for latest_only_with_trigger to 2024-10-16 12:00:00+00:00, run_after=2024-10-16 16:00:00+00:00
[2024-10-16T17:27:02.280+0000] {processor.py:208} INFO - Processing /home/airflow/.local/lib/python3.12/site-packages/airflow/example_dags/example_latest_only_with_trigger.py took 0.117 seconds
[2024-10-16T17:27:32.562+0000] {processor.py:186} INFO - Started process (PID=838) to work on /home/airflow/.local/lib/python3.12/site-packages/airflow/example_dags/example_latest_only_with_trigger.py
[2024-10-16T17:27:32.563+0000] {processor.py:914} INFO - Processing file /home/airflow/.local/lib/python3.12/site-packages/airflow/example_dags/example_latest_only_with_trigger.py for tasks to queue
[2024-10-16T17:27:32.566+0000] {logging_mixin.py:190} INFO - [2024-10-16T17:27:32.566+0000] {dagbag.py:588} INFO - Filling up the DagBag from /home/airflow/.local/lib/python3.12/site-packages/airflow/example_dags/example_latest_only_with_trigger.py
[2024-10-16T17:27:32.575+0000] {processor.py:925} INFO - DAG(s) 'latest_only_with_trigger' retrieved from /home/airflow/.local/lib/python3.12/site-packages/airflow/example_dags/example_latest_only_with_trigger.py
[2024-10-16T17:27:32.600+0000] {logging_mixin.py:190} INFO - [2024-10-16T17:27:32.600+0000] {dag.py:3239} INFO - Sync 1 DAGs
[2024-10-16T17:27:32.629+0000] {logging_mixin.py:190} INFO - [2024-10-16T17:27:32.629+0000] {dag.py:4180} INFO - Setting next_dagrun for latest_only_with_trigger to 2024-10-16 12:00:00+00:00, run_after=2024-10-16 16:00:00+00:00
[2024-10-16T17:27:32.666+0000] {processor.py:208} INFO - Processing /home/airflow/.local/lib/python3.12/site-packages/airflow/example_dags/example_latest_only_with_trigger.py took 0.111 seconds
[2024-10-16T17:28:03.117+0000] {processor.py:186} INFO - Started process (PID=900) to work on /home/airflow/.local/lib/python3.12/site-packages/airflow/example_dags/example_latest_only_with_trigger.py
[2024-10-16T17:28:03.118+0000] {processor.py:914} INFO - Processing file /home/airflow/.local/lib/python3.12/site-packages/airflow/example_dags/example_latest_only_with_trigger.py for tasks to queue
[2024-10-16T17:28:03.121+0000] {logging_mixin.py:190} INFO - [2024-10-16T17:28:03.120+0000] {dagbag.py:588} INFO - Filling up the DagBag from /home/airflow/.local/lib/python3.12/site-packages/airflow/example_dags/example_latest_only_with_trigger.py
[2024-10-16T17:28:03.130+0000] {processor.py:925} INFO - DAG(s) 'latest_only_with_trigger' retrieved from /home/airflow/.local/lib/python3.12/site-packages/airflow/example_dags/example_latest_only_with_trigger.py
[2024-10-16T17:28:03.157+0000] {logging_mixin.py:190} INFO - [2024-10-16T17:28:03.156+0000] {dag.py:3239} INFO - Sync 1 DAGs
[2024-10-16T17:28:03.190+0000] {logging_mixin.py:190} INFO - [2024-10-16T17:28:03.189+0000] {dag.py:4180} INFO - Setting next_dagrun for latest_only_with_trigger to 2024-10-16 12:00:00+00:00, run_after=2024-10-16 16:00:00+00:00
[2024-10-16T17:28:03.212+0000] {processor.py:208} INFO - Processing /home/airflow/.local/lib/python3.12/site-packages/airflow/example_dags/example_latest_only_with_trigger.py took 0.102 seconds
[2024-10-16T17:28:33.741+0000] {processor.py:186} INFO - Started process (PID=962) to work on /home/airflow/.local/lib/python3.12/site-packages/airflow/example_dags/example_latest_only_with_trigger.py
[2024-10-16T17:28:33.742+0000] {processor.py:914} INFO - Processing file /home/airflow/.local/lib/python3.12/site-packages/airflow/example_dags/example_latest_only_with_trigger.py for tasks to queue
[2024-10-16T17:28:33.745+0000] {logging_mixin.py:190} INFO - [2024-10-16T17:28:33.745+0000] {dagbag.py:588} INFO - Filling up the DagBag from /home/airflow/.local/lib/python3.12/site-packages/airflow/example_dags/example_latest_only_with_trigger.py
[2024-10-16T17:28:33.755+0000] {processor.py:925} INFO - DAG(s) 'latest_only_with_trigger' retrieved from /home/airflow/.local/lib/python3.12/site-packages/airflow/example_dags/example_latest_only_with_trigger.py
[2024-10-16T17:28:33.778+0000] {logging_mixin.py:190} INFO - [2024-10-16T17:28:33.777+0000] {dag.py:3239} INFO - Sync 1 DAGs
[2024-10-16T17:28:33.804+0000] {logging_mixin.py:190} INFO - [2024-10-16T17:28:33.804+0000] {dag.py:4180} INFO - Setting next_dagrun for latest_only_with_trigger to 2024-10-16 12:00:00+00:00, run_after=2024-10-16 16:00:00+00:00
[2024-10-16T17:28:33.826+0000] {processor.py:208} INFO - Processing /home/airflow/.local/lib/python3.12/site-packages/airflow/example_dags/example_latest_only_with_trigger.py took 0.093 seconds
[2024-10-16T17:29:04.176+0000] {processor.py:186} INFO - Started process (PID=1024) to work on /home/airflow/.local/lib/python3.12/site-packages/airflow/example_dags/example_latest_only_with_trigger.py
[2024-10-16T17:29:04.177+0000] {processor.py:914} INFO - Processing file /home/airflow/.local/lib/python3.12/site-packages/airflow/example_dags/example_latest_only_with_trigger.py for tasks to queue
[2024-10-16T17:29:04.179+0000] {logging_mixin.py:190} INFO - [2024-10-16T17:29:04.179+0000] {dagbag.py:588} INFO - Filling up the DagBag from /home/airflow/.local/lib/python3.12/site-packages/airflow/example_dags/example_latest_only_with_trigger.py
[2024-10-16T17:29:04.187+0000] {processor.py:925} INFO - DAG(s) 'latest_only_with_trigger' retrieved from /home/airflow/.local/lib/python3.12/site-packages/airflow/example_dags/example_latest_only_with_trigger.py
[2024-10-16T17:29:04.210+0000] {logging_mixin.py:190} INFO - [2024-10-16T17:29:04.210+0000] {dag.py:3239} INFO - Sync 1 DAGs
[2024-10-16T17:29:04.239+0000] {logging_mixin.py:190} INFO - [2024-10-16T17:29:04.239+0000] {dag.py:4180} INFO - Setting next_dagrun for latest_only_with_trigger to 2024-10-16 12:00:00+00:00, run_after=2024-10-16 16:00:00+00:00
[2024-10-16T17:29:04.260+0000] {processor.py:208} INFO - Processing /home/airflow/.local/lib/python3.12/site-packages/airflow/example_dags/example_latest_only_with_trigger.py took 0.090 seconds
[2024-10-16T17:29:34.819+0000] {processor.py:186} INFO - Started process (PID=1086) to work on /home/airflow/.local/lib/python3.12/site-packages/airflow/example_dags/example_latest_only_with_trigger.py
[2024-10-16T17:29:34.821+0000] {processor.py:914} INFO - Processing file /home/airflow/.local/lib/python3.12/site-packages/airflow/example_dags/example_latest_only_with_trigger.py for tasks to queue
[2024-10-16T17:29:34.823+0000] {logging_mixin.py:190} INFO - [2024-10-16T17:29:34.823+0000] {dagbag.py:588} INFO - Filling up the DagBag from /home/airflow/.local/lib/python3.12/site-packages/airflow/example_dags/example_latest_only_with_trigger.py
[2024-10-16T17:29:34.831+0000] {processor.py:925} INFO - DAG(s) 'latest_only_with_trigger' retrieved from /home/airflow/.local/lib/python3.12/site-packages/airflow/example_dags/example_latest_only_with_trigger.py
[2024-10-16T17:29:34.858+0000] {logging_mixin.py:190} INFO - [2024-10-16T17:29:34.858+0000] {dag.py:3239} INFO - Sync 1 DAGs
[2024-10-16T17:29:34.888+0000] {logging_mixin.py:190} INFO - [2024-10-16T17:29:34.888+0000] {dag.py:4180} INFO - Setting next_dagrun for latest_only_with_trigger to 2024-10-16 12:00:00+00:00, run_after=2024-10-16 16:00:00+00:00
[2024-10-16T17:29:34.912+0000] {processor.py:208} INFO - Processing /home/airflow/.local/lib/python3.12/site-packages/airflow/example_dags/example_latest_only_with_trigger.py took 0.099 seconds
[2024-10-16T17:30:04.964+0000] {processor.py:186} INFO - Started process (PID=1148) to work on /home/airflow/.local/lib/python3.12/site-packages/airflow/example_dags/example_latest_only_with_trigger.py
[2024-10-16T17:30:04.965+0000] {processor.py:914} INFO - Processing file /home/airflow/.local/lib/python3.12/site-packages/airflow/example_dags/example_latest_only_with_trigger.py for tasks to queue
[2024-10-16T17:30:04.968+0000] {logging_mixin.py:190} INFO - [2024-10-16T17:30:04.968+0000] {dagbag.py:588} INFO - Filling up the DagBag from /home/airflow/.local/lib/python3.12/site-packages/airflow/example_dags/example_latest_only_with_trigger.py
[2024-10-16T17:30:04.977+0000] {processor.py:925} INFO - DAG(s) 'latest_only_with_trigger' retrieved from /home/airflow/.local/lib/python3.12/site-packages/airflow/example_dags/example_latest_only_with_trigger.py
[2024-10-16T17:30:05.001+0000] {logging_mixin.py:190} INFO - [2024-10-16T17:30:05.001+0000] {dag.py:3239} INFO - Sync 1 DAGs
[2024-10-16T17:30:05.030+0000] {logging_mixin.py:190} INFO - [2024-10-16T17:30:05.030+0000] {dag.py:4180} INFO - Setting next_dagrun for latest_only_with_trigger to 2024-10-16 12:00:00+00:00, run_after=2024-10-16 16:00:00+00:00
[2024-10-16T17:30:05.053+0000] {processor.py:208} INFO - Processing /home/airflow/.local/lib/python3.12/site-packages/airflow/example_dags/example_latest_only_with_trigger.py took 0.096 seconds
