[2024-10-16T16:38:06.596+0000] {processor.py:186} INFO - Started process (PID=99) to work on /home/airflow/.local/lib/python3.12/site-packages/airflow/example_dags/example_xcomargs.py
[2024-10-16T16:38:06.598+0000] {processor.py:914} INFO - Processing file /home/airflow/.local/lib/python3.12/site-packages/airflow/example_dags/example_xcomargs.py for tasks to queue
[2024-10-16T16:38:06.600+0000] {logging_mixin.py:190} INFO - [2024-10-16T16:38:06.600+0000] {dagbag.py:588} INFO - Filling up the DagBag from /home/airflow/.local/lib/python3.12/site-packages/airflow/example_dags/example_xcomargs.py
[2024-10-16T16:38:06.617+0000] {processor.py:925} INFO - DAG(s) 'example_xcom_args', 'example_xcom_args_with_operators' retrieved from /home/airflow/.local/lib/python3.12/site-packages/airflow/example_dags/example_xcomargs.py
[2024-10-16T16:38:06.755+0000] {logging_mixin.py:190} INFO - [2024-10-16T16:38:06.754+0000] {override.py:1900} INFO - Created Permission View: can delete on DAG:example_xcom_args
[2024-10-16T16:38:06.768+0000] {logging_mixin.py:190} INFO - [2024-10-16T16:38:06.767+0000] {override.py:1900} INFO - Created Permission View: can edit on DAG:example_xcom_args
[2024-10-16T16:38:06.777+0000] {logging_mixin.py:190} INFO - [2024-10-16T16:38:06.776+0000] {override.py:1900} INFO - Created Permission View: can read on DAG:example_xcom_args
[2024-10-16T16:38:06.787+0000] {logging_mixin.py:190} INFO - [2024-10-16T16:38:06.787+0000] {override.py:1900} INFO - Created Permission View: menu access on DAG Run:example_xcom_args
[2024-10-16T16:38:06.798+0000] {logging_mixin.py:190} INFO - [2024-10-16T16:38:06.797+0000] {override.py:1900} INFO - Created Permission View: can create on DAG Run:example_xcom_args
[2024-10-16T16:38:06.807+0000] {logging_mixin.py:190} INFO - [2024-10-16T16:38:06.807+0000] {override.py:1900} INFO - Created Permission View: can delete on DAG Run:example_xcom_args
[2024-10-16T16:38:06.817+0000] {logging_mixin.py:190} INFO - [2024-10-16T16:38:06.817+0000] {override.py:1900} INFO - Created Permission View: can read on DAG Run:example_xcom_args
[2024-10-16T16:38:06.836+0000] {logging_mixin.py:190} INFO - [2024-10-16T16:38:06.836+0000] {override.py:1900} INFO - Created Permission View: can delete on DAG:example_xcom_args_with_operators
[2024-10-16T16:38:06.845+0000] {logging_mixin.py:190} INFO - [2024-10-16T16:38:06.845+0000] {override.py:1900} INFO - Created Permission View: can edit on DAG:example_xcom_args_with_operators
[2024-10-16T16:38:06.854+0000] {logging_mixin.py:190} INFO - [2024-10-16T16:38:06.853+0000] {override.py:1900} INFO - Created Permission View: can read on DAG:example_xcom_args_with_operators
[2024-10-16T16:38:06.863+0000] {logging_mixin.py:190} INFO - [2024-10-16T16:38:06.863+0000] {override.py:1900} INFO - Created Permission View: menu access on DAG Run:example_xcom_args_with_operators
[2024-10-16T16:38:06.912+0000] {logging_mixin.py:190} INFO - [2024-10-16T16:38:06.912+0000] {override.py:1900} INFO - Created Permission View: can create on DAG Run:example_xcom_args_with_operators
[2024-10-16T16:38:07.246+0000] {logging_mixin.py:190} INFO - [2024-10-16T16:38:07.246+0000] {override.py:1900} INFO - Created Permission View: can delete on DAG Run:example_xcom_args_with_operators
[2024-10-16T16:38:07.492+0000] {logging_mixin.py:190} INFO - [2024-10-16T16:38:07.491+0000] {override.py:1900} INFO - Created Permission View: can read on DAG Run:example_xcom_args_with_operators
[2024-10-16T16:38:07.492+0000] {logging_mixin.py:190} INFO - [2024-10-16T16:38:07.492+0000] {dag.py:3239} INFO - Sync 2 DAGs
[2024-10-16T16:38:07.517+0000] {logging_mixin.py:190} INFO - [2024-10-16T16:38:07.516+0000] {dag.py:3262} INFO - Creating ORM DAG for example_xcom_args
[2024-10-16T16:38:07.518+0000] {logging_mixin.py:190} INFO - [2024-10-16T16:38:07.518+0000] {dag.py:3262} INFO - Creating ORM DAG for example_xcom_args_with_operators
[2024-10-16T16:38:07.519+0000] {logging_mixin.py:190} INFO - [2024-10-16T16:38:07.519+0000] {dag.py:4180} INFO - Setting next_dagrun for example_xcom_args to None, run_after=None
[2024-10-16T16:38:07.520+0000] {logging_mixin.py:190} INFO - [2024-10-16T16:38:07.520+0000] {dag.py:4180} INFO - Setting next_dagrun for example_xcom_args_with_operators to None, run_after=None
[2024-10-16T16:38:07.685+0000] {processor.py:208} INFO - Processing /home/airflow/.local/lib/python3.12/site-packages/airflow/example_dags/example_xcomargs.py took 1.095 seconds
[2024-10-16T16:38:38.591+0000] {processor.py:186} INFO - Started process (PID=161) to work on /home/airflow/.local/lib/python3.12/site-packages/airflow/example_dags/example_xcomargs.py
[2024-10-16T16:38:38.592+0000] {processor.py:914} INFO - Processing file /home/airflow/.local/lib/python3.12/site-packages/airflow/example_dags/example_xcomargs.py for tasks to queue
[2024-10-16T16:38:38.595+0000] {logging_mixin.py:190} INFO - [2024-10-16T16:38:38.594+0000] {dagbag.py:588} INFO - Filling up the DagBag from /home/airflow/.local/lib/python3.12/site-packages/airflow/example_dags/example_xcomargs.py
[2024-10-16T16:38:38.606+0000] {processor.py:925} INFO - DAG(s) 'example_xcom_args_with_operators', 'example_xcom_args' retrieved from /home/airflow/.local/lib/python3.12/site-packages/airflow/example_dags/example_xcomargs.py
[2024-10-16T16:38:38.635+0000] {logging_mixin.py:190} INFO - [2024-10-16T16:38:38.634+0000] {dag.py:3239} INFO - Sync 2 DAGs
[2024-10-16T16:38:38.653+0000] {logging_mixin.py:190} INFO - [2024-10-16T16:38:38.652+0000] {dag.py:4180} INFO - Setting next_dagrun for example_xcom_args to None, run_after=None
[2024-10-16T16:38:38.657+0000] {logging_mixin.py:190} INFO - [2024-10-16T16:38:38.657+0000] {dag.py:4180} INFO - Setting next_dagrun for example_xcom_args_with_operators to None, run_after=None
[2024-10-16T16:38:38.681+0000] {processor.py:208} INFO - Processing /home/airflow/.local/lib/python3.12/site-packages/airflow/example_dags/example_xcomargs.py took 0.097 seconds
[2024-10-16T16:39:09.143+0000] {processor.py:186} INFO - Started process (PID=223) to work on /home/airflow/.local/lib/python3.12/site-packages/airflow/example_dags/example_xcomargs.py
[2024-10-16T16:39:09.145+0000] {processor.py:914} INFO - Processing file /home/airflow/.local/lib/python3.12/site-packages/airflow/example_dags/example_xcomargs.py for tasks to queue
[2024-10-16T16:39:09.148+0000] {logging_mixin.py:190} INFO - [2024-10-16T16:39:09.148+0000] {dagbag.py:588} INFO - Filling up the DagBag from /home/airflow/.local/lib/python3.12/site-packages/airflow/example_dags/example_xcomargs.py
[2024-10-16T16:39:09.159+0000] {processor.py:925} INFO - DAG(s) 'example_xcom_args', 'example_xcom_args_with_operators' retrieved from /home/airflow/.local/lib/python3.12/site-packages/airflow/example_dags/example_xcomargs.py
[2024-10-16T16:39:09.187+0000] {logging_mixin.py:190} INFO - [2024-10-16T16:39:09.187+0000] {dag.py:3239} INFO - Sync 2 DAGs
[2024-10-16T16:39:09.205+0000] {logging_mixin.py:190} INFO - [2024-10-16T16:39:09.204+0000] {dag.py:4180} INFO - Setting next_dagrun for example_xcom_args to None, run_after=None
[2024-10-16T16:39:09.210+0000] {logging_mixin.py:190} INFO - [2024-10-16T16:39:09.209+0000] {dag.py:4180} INFO - Setting next_dagrun for example_xcom_args_with_operators to None, run_after=None
[2024-10-16T16:39:09.230+0000] {processor.py:208} INFO - Processing /home/airflow/.local/lib/python3.12/site-packages/airflow/example_dags/example_xcomargs.py took 0.093 seconds
[2024-10-16T16:39:39.698+0000] {processor.py:186} INFO - Started process (PID=285) to work on /home/airflow/.local/lib/python3.12/site-packages/airflow/example_dags/example_xcomargs.py
[2024-10-16T16:39:39.699+0000] {processor.py:914} INFO - Processing file /home/airflow/.local/lib/python3.12/site-packages/airflow/example_dags/example_xcomargs.py for tasks to queue
[2024-10-16T16:39:39.702+0000] {logging_mixin.py:190} INFO - [2024-10-16T16:39:39.702+0000] {dagbag.py:588} INFO - Filling up the DagBag from /home/airflow/.local/lib/python3.12/site-packages/airflow/example_dags/example_xcomargs.py
[2024-10-16T16:39:39.713+0000] {processor.py:925} INFO - DAG(s) 'example_xcom_args', 'example_xcom_args_with_operators' retrieved from /home/airflow/.local/lib/python3.12/site-packages/airflow/example_dags/example_xcomargs.py
[2024-10-16T16:39:39.739+0000] {logging_mixin.py:190} INFO - [2024-10-16T16:39:39.739+0000] {dag.py:3239} INFO - Sync 2 DAGs
[2024-10-16T16:39:39.756+0000] {logging_mixin.py:190} INFO - [2024-10-16T16:39:39.756+0000] {dag.py:4180} INFO - Setting next_dagrun for example_xcom_args to None, run_after=None
[2024-10-16T16:39:39.761+0000] {logging_mixin.py:190} INFO - [2024-10-16T16:39:39.761+0000] {dag.py:4180} INFO - Setting next_dagrun for example_xcom_args_with_operators to None, run_after=None
[2024-10-16T16:39:39.779+0000] {processor.py:208} INFO - Processing /home/airflow/.local/lib/python3.12/site-packages/airflow/example_dags/example_xcomargs.py took 0.088 seconds
[2024-10-16T16:40:10.317+0000] {processor.py:186} INFO - Started process (PID=348) to work on /home/airflow/.local/lib/python3.12/site-packages/airflow/example_dags/example_xcomargs.py
[2024-10-16T16:40:10.318+0000] {processor.py:914} INFO - Processing file /home/airflow/.local/lib/python3.12/site-packages/airflow/example_dags/example_xcomargs.py for tasks to queue
[2024-10-16T16:40:10.321+0000] {logging_mixin.py:190} INFO - [2024-10-16T16:40:10.320+0000] {dagbag.py:588} INFO - Filling up the DagBag from /home/airflow/.local/lib/python3.12/site-packages/airflow/example_dags/example_xcomargs.py
[2024-10-16T16:40:10.331+0000] {processor.py:925} INFO - DAG(s) 'example_xcom_args_with_operators', 'example_xcom_args' retrieved from /home/airflow/.local/lib/python3.12/site-packages/airflow/example_dags/example_xcomargs.py
[2024-10-16T16:40:10.359+0000] {logging_mixin.py:190} INFO - [2024-10-16T16:40:10.359+0000] {dag.py:3239} INFO - Sync 2 DAGs
[2024-10-16T16:40:10.378+0000] {logging_mixin.py:190} INFO - [2024-10-16T16:40:10.378+0000] {dag.py:4180} INFO - Setting next_dagrun for example_xcom_args to None, run_after=None
[2024-10-16T16:40:10.383+0000] {logging_mixin.py:190} INFO - [2024-10-16T16:40:10.383+0000] {dag.py:4180} INFO - Setting next_dagrun for example_xcom_args_with_operators to None, run_after=None
[2024-10-16T16:40:10.406+0000] {processor.py:208} INFO - Processing /home/airflow/.local/lib/python3.12/site-packages/airflow/example_dags/example_xcomargs.py took 0.096 seconds
[2024-10-16T16:40:40.772+0000] {processor.py:186} INFO - Started process (PID=410) to work on /home/airflow/.local/lib/python3.12/site-packages/airflow/example_dags/example_xcomargs.py
[2024-10-16T16:40:40.773+0000] {processor.py:914} INFO - Processing file /home/airflow/.local/lib/python3.12/site-packages/airflow/example_dags/example_xcomargs.py for tasks to queue
[2024-10-16T16:40:40.776+0000] {logging_mixin.py:190} INFO - [2024-10-16T16:40:40.776+0000] {dagbag.py:588} INFO - Filling up the DagBag from /home/airflow/.local/lib/python3.12/site-packages/airflow/example_dags/example_xcomargs.py
[2024-10-16T16:40:40.788+0000] {processor.py:925} INFO - DAG(s) 'example_xcom_args', 'example_xcom_args_with_operators' retrieved from /home/airflow/.local/lib/python3.12/site-packages/airflow/example_dags/example_xcomargs.py
[2024-10-16T16:40:40.820+0000] {logging_mixin.py:190} INFO - [2024-10-16T16:40:40.820+0000] {dag.py:3239} INFO - Sync 2 DAGs
[2024-10-16T16:40:40.838+0000] {logging_mixin.py:190} INFO - [2024-10-16T16:40:40.837+0000] {dag.py:4180} INFO - Setting next_dagrun for example_xcom_args to None, run_after=None
[2024-10-16T16:40:40.842+0000] {logging_mixin.py:190} INFO - [2024-10-16T16:40:40.842+0000] {dag.py:4180} INFO - Setting next_dagrun for example_xcom_args_with_operators to None, run_after=None
[2024-10-16T16:40:40.862+0000] {processor.py:208} INFO - Processing /home/airflow/.local/lib/python3.12/site-packages/airflow/example_dags/example_xcomargs.py took 0.097 seconds
[2024-10-16T16:41:11.352+0000] {processor.py:186} INFO - Started process (PID=472) to work on /home/airflow/.local/lib/python3.12/site-packages/airflow/example_dags/example_xcomargs.py
[2024-10-16T16:41:11.354+0000] {processor.py:914} INFO - Processing file /home/airflow/.local/lib/python3.12/site-packages/airflow/example_dags/example_xcomargs.py for tasks to queue
[2024-10-16T16:41:11.356+0000] {logging_mixin.py:190} INFO - [2024-10-16T16:41:11.356+0000] {dagbag.py:588} INFO - Filling up the DagBag from /home/airflow/.local/lib/python3.12/site-packages/airflow/example_dags/example_xcomargs.py
[2024-10-16T16:41:11.372+0000] {processor.py:925} INFO - DAG(s) 'example_xcom_args_with_operators', 'example_xcom_args' retrieved from /home/airflow/.local/lib/python3.12/site-packages/airflow/example_dags/example_xcomargs.py
[2024-10-16T16:41:11.398+0000] {logging_mixin.py:190} INFO - [2024-10-16T16:41:11.398+0000] {dag.py:3239} INFO - Sync 2 DAGs
[2024-10-16T16:41:11.416+0000] {logging_mixin.py:190} INFO - [2024-10-16T16:41:11.416+0000] {dag.py:4180} INFO - Setting next_dagrun for example_xcom_args to None, run_after=None
[2024-10-16T16:41:11.421+0000] {logging_mixin.py:190} INFO - [2024-10-16T16:41:11.420+0000] {dag.py:4180} INFO - Setting next_dagrun for example_xcom_args_with_operators to None, run_after=None
[2024-10-16T16:41:11.444+0000] {processor.py:208} INFO - Processing /home/airflow/.local/lib/python3.12/site-packages/airflow/example_dags/example_xcomargs.py took 0.102 seconds
[2024-10-16T16:41:41.776+0000] {processor.py:186} INFO - Started process (PID=534) to work on /home/airflow/.local/lib/python3.12/site-packages/airflow/example_dags/example_xcomargs.py
[2024-10-16T16:41:41.778+0000] {processor.py:914} INFO - Processing file /home/airflow/.local/lib/python3.12/site-packages/airflow/example_dags/example_xcomargs.py for tasks to queue
[2024-10-16T16:41:41.780+0000] {logging_mixin.py:190} INFO - [2024-10-16T16:41:41.780+0000] {dagbag.py:588} INFO - Filling up the DagBag from /home/airflow/.local/lib/python3.12/site-packages/airflow/example_dags/example_xcomargs.py
[2024-10-16T16:41:41.792+0000] {processor.py:925} INFO - DAG(s) 'example_xcom_args', 'example_xcom_args_with_operators' retrieved from /home/airflow/.local/lib/python3.12/site-packages/airflow/example_dags/example_xcomargs.py
[2024-10-16T16:41:41.820+0000] {logging_mixin.py:190} INFO - [2024-10-16T16:41:41.820+0000] {dag.py:3239} INFO - Sync 2 DAGs
[2024-10-16T16:41:41.838+0000] {logging_mixin.py:190} INFO - [2024-10-16T16:41:41.838+0000] {dag.py:4180} INFO - Setting next_dagrun for example_xcom_args to None, run_after=None
[2024-10-16T16:41:41.843+0000] {logging_mixin.py:190} INFO - [2024-10-16T16:41:41.843+0000] {dag.py:4180} INFO - Setting next_dagrun for example_xcom_args_with_operators to None, run_after=None
[2024-10-16T16:41:41.862+0000] {processor.py:208} INFO - Processing /home/airflow/.local/lib/python3.12/site-packages/airflow/example_dags/example_xcomargs.py took 0.092 seconds
[2024-10-16T16:42:12.086+0000] {processor.py:186} INFO - Started process (PID=596) to work on /home/airflow/.local/lib/python3.12/site-packages/airflow/example_dags/example_xcomargs.py
[2024-10-16T16:42:12.089+0000] {processor.py:914} INFO - Processing file /home/airflow/.local/lib/python3.12/site-packages/airflow/example_dags/example_xcomargs.py for tasks to queue
[2024-10-16T16:42:12.093+0000] {logging_mixin.py:190} INFO - [2024-10-16T16:42:12.092+0000] {dagbag.py:588} INFO - Filling up the DagBag from /home/airflow/.local/lib/python3.12/site-packages/airflow/example_dags/example_xcomargs.py
[2024-10-16T16:42:12.114+0000] {processor.py:925} INFO - DAG(s) 'example_xcom_args', 'example_xcom_args_with_operators' retrieved from /home/airflow/.local/lib/python3.12/site-packages/airflow/example_dags/example_xcomargs.py
[2024-10-16T16:42:12.160+0000] {logging_mixin.py:190} INFO - [2024-10-16T16:42:12.159+0000] {dag.py:3239} INFO - Sync 2 DAGs
[2024-10-16T16:42:12.194+0000] {logging_mixin.py:190} INFO - [2024-10-16T16:42:12.194+0000] {dag.py:4180} INFO - Setting next_dagrun for example_xcom_args to None, run_after=None
[2024-10-16T16:42:12.201+0000] {logging_mixin.py:190} INFO - [2024-10-16T16:42:12.201+0000] {dag.py:4180} INFO - Setting next_dagrun for example_xcom_args_with_operators to None, run_after=None
[2024-10-16T16:42:12.228+0000] {processor.py:208} INFO - Processing /home/airflow/.local/lib/python3.12/site-packages/airflow/example_dags/example_xcomargs.py took 0.157 seconds
[2024-10-16T16:42:42.353+0000] {processor.py:186} INFO - Started process (PID=658) to work on /home/airflow/.local/lib/python3.12/site-packages/airflow/example_dags/example_xcomargs.py
[2024-10-16T16:42:42.354+0000] {processor.py:914} INFO - Processing file /home/airflow/.local/lib/python3.12/site-packages/airflow/example_dags/example_xcomargs.py for tasks to queue
[2024-10-16T16:42:42.357+0000] {logging_mixin.py:190} INFO - [2024-10-16T16:42:42.357+0000] {dagbag.py:588} INFO - Filling up the DagBag from /home/airflow/.local/lib/python3.12/site-packages/airflow/example_dags/example_xcomargs.py
[2024-10-16T16:42:42.369+0000] {processor.py:925} INFO - DAG(s) 'example_xcom_args_with_operators', 'example_xcom_args' retrieved from /home/airflow/.local/lib/python3.12/site-packages/airflow/example_dags/example_xcomargs.py
[2024-10-16T16:42:42.398+0000] {logging_mixin.py:190} INFO - [2024-10-16T16:42:42.397+0000] {dag.py:3239} INFO - Sync 2 DAGs
[2024-10-16T16:42:42.419+0000] {logging_mixin.py:190} INFO - [2024-10-16T16:42:42.419+0000] {dag.py:4180} INFO - Setting next_dagrun for example_xcom_args to None, run_after=None
[2024-10-16T16:42:42.424+0000] {logging_mixin.py:190} INFO - [2024-10-16T16:42:42.424+0000] {dag.py:4180} INFO - Setting next_dagrun for example_xcom_args_with_operators to None, run_after=None
[2024-10-16T16:42:42.449+0000] {processor.py:208} INFO - Processing /home/airflow/.local/lib/python3.12/site-packages/airflow/example_dags/example_xcomargs.py took 0.105 seconds
[2024-10-16T17:21:24.363+0000] {processor.py:186} INFO - Started process (PID=90) to work on /home/airflow/.local/lib/python3.12/site-packages/airflow/example_dags/example_xcomargs.py
[2024-10-16T17:21:24.365+0000] {processor.py:914} INFO - Processing file /home/airflow/.local/lib/python3.12/site-packages/airflow/example_dags/example_xcomargs.py for tasks to queue
[2024-10-16T17:21:24.368+0000] {logging_mixin.py:190} INFO - [2024-10-16T17:21:24.367+0000] {dagbag.py:588} INFO - Filling up the DagBag from /home/airflow/.local/lib/python3.12/site-packages/airflow/example_dags/example_xcomargs.py
[2024-10-16T17:21:24.383+0000] {processor.py:925} INFO - DAG(s) 'example_xcom_args', 'example_xcom_args_with_operators' retrieved from /home/airflow/.local/lib/python3.12/site-packages/airflow/example_dags/example_xcomargs.py
[2024-10-16T17:21:24.420+0000] {logging_mixin.py:190} INFO - [2024-10-16T17:21:24.420+0000] {dag.py:3239} INFO - Sync 2 DAGs
[2024-10-16T17:21:24.439+0000] {logging_mixin.py:190} INFO - [2024-10-16T17:21:24.439+0000] {dag.py:4180} INFO - Setting next_dagrun for example_xcom_args to None, run_after=None
[2024-10-16T17:21:24.445+0000] {logging_mixin.py:190} INFO - [2024-10-16T17:21:24.445+0000] {dag.py:4180} INFO - Setting next_dagrun for example_xcom_args_with_operators to None, run_after=None
[2024-10-16T17:21:24.471+0000] {processor.py:208} INFO - Processing /home/airflow/.local/lib/python3.12/site-packages/airflow/example_dags/example_xcomargs.py took 0.114 seconds
[2024-10-16T17:21:55.116+0000] {processor.py:186} INFO - Started process (PID=152) to work on /home/airflow/.local/lib/python3.12/site-packages/airflow/example_dags/example_xcomargs.py
[2024-10-16T17:21:55.117+0000] {processor.py:914} INFO - Processing file /home/airflow/.local/lib/python3.12/site-packages/airflow/example_dags/example_xcomargs.py for tasks to queue
[2024-10-16T17:21:55.119+0000] {logging_mixin.py:190} INFO - [2024-10-16T17:21:55.119+0000] {dagbag.py:588} INFO - Filling up the DagBag from /home/airflow/.local/lib/python3.12/site-packages/airflow/example_dags/example_xcomargs.py
[2024-10-16T17:21:55.131+0000] {processor.py:925} INFO - DAG(s) 'example_xcom_args', 'example_xcom_args_with_operators' retrieved from /home/airflow/.local/lib/python3.12/site-packages/airflow/example_dags/example_xcomargs.py
[2024-10-16T17:21:55.159+0000] {logging_mixin.py:190} INFO - [2024-10-16T17:21:55.158+0000] {dag.py:3239} INFO - Sync 2 DAGs
[2024-10-16T17:21:55.176+0000] {logging_mixin.py:190} INFO - [2024-10-16T17:21:55.176+0000] {dag.py:4180} INFO - Setting next_dagrun for example_xcom_args to None, run_after=None
[2024-10-16T17:21:55.181+0000] {logging_mixin.py:190} INFO - [2024-10-16T17:21:55.181+0000] {dag.py:4180} INFO - Setting next_dagrun for example_xcom_args_with_operators to None, run_after=None
[2024-10-16T17:21:55.199+0000] {processor.py:208} INFO - Processing /home/airflow/.local/lib/python3.12/site-packages/airflow/example_dags/example_xcomargs.py took 0.089 seconds
[2024-10-16T17:22:26.158+0000] {processor.py:186} INFO - Started process (PID=214) to work on /home/airflow/.local/lib/python3.12/site-packages/airflow/example_dags/example_xcomargs.py
[2024-10-16T17:22:26.159+0000] {processor.py:914} INFO - Processing file /home/airflow/.local/lib/python3.12/site-packages/airflow/example_dags/example_xcomargs.py for tasks to queue
[2024-10-16T17:22:26.162+0000] {logging_mixin.py:190} INFO - [2024-10-16T17:22:26.161+0000] {dagbag.py:588} INFO - Filling up the DagBag from /home/airflow/.local/lib/python3.12/site-packages/airflow/example_dags/example_xcomargs.py
[2024-10-16T17:22:26.174+0000] {processor.py:925} INFO - DAG(s) 'example_xcom_args_with_operators', 'example_xcom_args' retrieved from /home/airflow/.local/lib/python3.12/site-packages/airflow/example_dags/example_xcomargs.py
[2024-10-16T17:22:26.206+0000] {logging_mixin.py:190} INFO - [2024-10-16T17:22:26.205+0000] {dag.py:3239} INFO - Sync 2 DAGs
[2024-10-16T17:22:26.227+0000] {logging_mixin.py:190} INFO - [2024-10-16T17:22:26.226+0000] {dag.py:4180} INFO - Setting next_dagrun for example_xcom_args to None, run_after=None
[2024-10-16T17:22:26.232+0000] {logging_mixin.py:190} INFO - [2024-10-16T17:22:26.232+0000] {dag.py:4180} INFO - Setting next_dagrun for example_xcom_args_with_operators to None, run_after=None
[2024-10-16T17:22:26.252+0000] {processor.py:208} INFO - Processing /home/airflow/.local/lib/python3.12/site-packages/airflow/example_dags/example_xcomargs.py took 0.101 seconds
[2024-10-16T17:22:56.766+0000] {processor.py:186} INFO - Started process (PID=276) to work on /home/airflow/.local/lib/python3.12/site-packages/airflow/example_dags/example_xcomargs.py
[2024-10-16T17:22:56.767+0000] {processor.py:914} INFO - Processing file /home/airflow/.local/lib/python3.12/site-packages/airflow/example_dags/example_xcomargs.py for tasks to queue
[2024-10-16T17:22:56.770+0000] {logging_mixin.py:190} INFO - [2024-10-16T17:22:56.769+0000] {dagbag.py:588} INFO - Filling up the DagBag from /home/airflow/.local/lib/python3.12/site-packages/airflow/example_dags/example_xcomargs.py
[2024-10-16T17:22:56.781+0000] {processor.py:925} INFO - DAG(s) 'example_xcom_args', 'example_xcom_args_with_operators' retrieved from /home/airflow/.local/lib/python3.12/site-packages/airflow/example_dags/example_xcomargs.py
[2024-10-16T17:22:56.814+0000] {logging_mixin.py:190} INFO - [2024-10-16T17:22:56.813+0000] {dag.py:3239} INFO - Sync 2 DAGs
[2024-10-16T17:22:56.851+0000] {logging_mixin.py:190} INFO - [2024-10-16T17:22:56.851+0000] {dag.py:4180} INFO - Setting next_dagrun for example_xcom_args to None, run_after=None
[2024-10-16T17:22:56.859+0000] {logging_mixin.py:190} INFO - [2024-10-16T17:22:56.858+0000] {dag.py:4180} INFO - Setting next_dagrun for example_xcom_args_with_operators to None, run_after=None
[2024-10-16T17:22:56.881+0000] {processor.py:208} INFO - Processing /home/airflow/.local/lib/python3.12/site-packages/airflow/example_dags/example_xcomargs.py took 0.122 seconds
[2024-10-16T17:23:27.464+0000] {processor.py:186} INFO - Started process (PID=338) to work on /home/airflow/.local/lib/python3.12/site-packages/airflow/example_dags/example_xcomargs.py
[2024-10-16T17:23:27.465+0000] {processor.py:914} INFO - Processing file /home/airflow/.local/lib/python3.12/site-packages/airflow/example_dags/example_xcomargs.py for tasks to queue
[2024-10-16T17:23:27.468+0000] {logging_mixin.py:190} INFO - [2024-10-16T17:23:27.468+0000] {dagbag.py:588} INFO - Filling up the DagBag from /home/airflow/.local/lib/python3.12/site-packages/airflow/example_dags/example_xcomargs.py
[2024-10-16T17:23:27.479+0000] {processor.py:925} INFO - DAG(s) 'example_xcom_args_with_operators', 'example_xcom_args' retrieved from /home/airflow/.local/lib/python3.12/site-packages/airflow/example_dags/example_xcomargs.py
[2024-10-16T17:23:27.510+0000] {logging_mixin.py:190} INFO - [2024-10-16T17:23:27.509+0000] {dag.py:3239} INFO - Sync 2 DAGs
[2024-10-16T17:23:27.529+0000] {logging_mixin.py:190} INFO - [2024-10-16T17:23:27.529+0000] {dag.py:4180} INFO - Setting next_dagrun for example_xcom_args to None, run_after=None
[2024-10-16T17:23:27.534+0000] {logging_mixin.py:190} INFO - [2024-10-16T17:23:27.534+0000] {dag.py:4180} INFO - Setting next_dagrun for example_xcom_args_with_operators to None, run_after=None
[2024-10-16T17:23:27.553+0000] {processor.py:208} INFO - Processing /home/airflow/.local/lib/python3.12/site-packages/airflow/example_dags/example_xcomargs.py took 0.095 seconds
[2024-10-16T17:23:58.009+0000] {processor.py:186} INFO - Started process (PID=400) to work on /home/airflow/.local/lib/python3.12/site-packages/airflow/example_dags/example_xcomargs.py
[2024-10-16T17:23:58.010+0000] {processor.py:914} INFO - Processing file /home/airflow/.local/lib/python3.12/site-packages/airflow/example_dags/example_xcomargs.py for tasks to queue
[2024-10-16T17:23:58.013+0000] {logging_mixin.py:190} INFO - [2024-10-16T17:23:58.012+0000] {dagbag.py:588} INFO - Filling up the DagBag from /home/airflow/.local/lib/python3.12/site-packages/airflow/example_dags/example_xcomargs.py
[2024-10-16T17:23:58.024+0000] {processor.py:925} INFO - DAG(s) 'example_xcom_args', 'example_xcom_args_with_operators' retrieved from /home/airflow/.local/lib/python3.12/site-packages/airflow/example_dags/example_xcomargs.py
[2024-10-16T17:23:58.052+0000] {logging_mixin.py:190} INFO - [2024-10-16T17:23:58.051+0000] {dag.py:3239} INFO - Sync 2 DAGs
[2024-10-16T17:23:58.070+0000] {logging_mixin.py:190} INFO - [2024-10-16T17:23:58.069+0000] {dag.py:4180} INFO - Setting next_dagrun for example_xcom_args to None, run_after=None
[2024-10-16T17:23:58.075+0000] {logging_mixin.py:190} INFO - [2024-10-16T17:23:58.075+0000] {dag.py:4180} INFO - Setting next_dagrun for example_xcom_args_with_operators to None, run_after=None
[2024-10-16T17:23:58.096+0000] {processor.py:208} INFO - Processing /home/airflow/.local/lib/python3.12/site-packages/airflow/example_dags/example_xcomargs.py took 0.094 seconds
[2024-10-16T17:24:28.459+0000] {processor.py:186} INFO - Started process (PID=462) to work on /home/airflow/.local/lib/python3.12/site-packages/airflow/example_dags/example_xcomargs.py
[2024-10-16T17:24:28.460+0000] {processor.py:914} INFO - Processing file /home/airflow/.local/lib/python3.12/site-packages/airflow/example_dags/example_xcomargs.py for tasks to queue
[2024-10-16T17:24:28.462+0000] {logging_mixin.py:190} INFO - [2024-10-16T17:24:28.462+0000] {dagbag.py:588} INFO - Filling up the DagBag from /home/airflow/.local/lib/python3.12/site-packages/airflow/example_dags/example_xcomargs.py
[2024-10-16T17:24:28.473+0000] {processor.py:925} INFO - DAG(s) 'example_xcom_args', 'example_xcom_args_with_operators' retrieved from /home/airflow/.local/lib/python3.12/site-packages/airflow/example_dags/example_xcomargs.py
[2024-10-16T17:24:28.497+0000] {logging_mixin.py:190} INFO - [2024-10-16T17:24:28.497+0000] {dag.py:3239} INFO - Sync 2 DAGs
[2024-10-16T17:24:28.514+0000] {logging_mixin.py:190} INFO - [2024-10-16T17:24:28.514+0000] {dag.py:4180} INFO - Setting next_dagrun for example_xcom_args to None, run_after=None
[2024-10-16T17:24:28.519+0000] {logging_mixin.py:190} INFO - [2024-10-16T17:24:28.518+0000] {dag.py:4180} INFO - Setting next_dagrun for example_xcom_args_with_operators to None, run_after=None
[2024-10-16T17:24:28.536+0000] {processor.py:208} INFO - Processing /home/airflow/.local/lib/python3.12/site-packages/airflow/example_dags/example_xcomargs.py took 0.083 seconds
[2024-10-16T17:24:58.855+0000] {processor.py:186} INFO - Started process (PID=524) to work on /home/airflow/.local/lib/python3.12/site-packages/airflow/example_dags/example_xcomargs.py
[2024-10-16T17:24:58.856+0000] {processor.py:914} INFO - Processing file /home/airflow/.local/lib/python3.12/site-packages/airflow/example_dags/example_xcomargs.py for tasks to queue
[2024-10-16T17:24:58.859+0000] {logging_mixin.py:190} INFO - [2024-10-16T17:24:58.859+0000] {dagbag.py:588} INFO - Filling up the DagBag from /home/airflow/.local/lib/python3.12/site-packages/airflow/example_dags/example_xcomargs.py
[2024-10-16T17:24:58.874+0000] {processor.py:925} INFO - DAG(s) 'example_xcom_args', 'example_xcom_args_with_operators' retrieved from /home/airflow/.local/lib/python3.12/site-packages/airflow/example_dags/example_xcomargs.py
[2024-10-16T17:24:58.902+0000] {logging_mixin.py:190} INFO - [2024-10-16T17:24:58.902+0000] {dag.py:3239} INFO - Sync 2 DAGs
[2024-10-16T17:24:58.920+0000] {logging_mixin.py:190} INFO - [2024-10-16T17:24:58.920+0000] {dag.py:4180} INFO - Setting next_dagrun for example_xcom_args to None, run_after=None
[2024-10-16T17:24:58.925+0000] {logging_mixin.py:190} INFO - [2024-10-16T17:24:58.925+0000] {dag.py:4180} INFO - Setting next_dagrun for example_xcom_args_with_operators to None, run_after=None
[2024-10-16T17:24:58.944+0000] {processor.py:208} INFO - Processing /home/airflow/.local/lib/python3.12/site-packages/airflow/example_dags/example_xcomargs.py took 0.095 seconds
[2024-10-16T17:25:30.361+0000] {processor.py:186} INFO - Started process (PID=586) to work on /home/airflow/.local/lib/python3.12/site-packages/airflow/example_dags/example_xcomargs.py
[2024-10-16T17:25:30.363+0000] {processor.py:914} INFO - Processing file /home/airflow/.local/lib/python3.12/site-packages/airflow/example_dags/example_xcomargs.py for tasks to queue
[2024-10-16T17:25:30.368+0000] {logging_mixin.py:190} INFO - [2024-10-16T17:25:30.367+0000] {dagbag.py:588} INFO - Filling up the DagBag from /home/airflow/.local/lib/python3.12/site-packages/airflow/example_dags/example_xcomargs.py
[2024-10-16T17:25:30.386+0000] {processor.py:925} INFO - DAG(s) 'example_xcom_args_with_operators', 'example_xcom_args' retrieved from /home/airflow/.local/lib/python3.12/site-packages/airflow/example_dags/example_xcomargs.py
[2024-10-16T17:25:30.446+0000] {logging_mixin.py:190} INFO - [2024-10-16T17:25:30.445+0000] {dag.py:3239} INFO - Sync 2 DAGs
[2024-10-16T17:25:30.487+0000] {logging_mixin.py:190} INFO - [2024-10-16T17:25:30.487+0000] {dag.py:4180} INFO - Setting next_dagrun for example_xcom_args to None, run_after=None
[2024-10-16T17:25:30.495+0000] {logging_mixin.py:190} INFO - [2024-10-16T17:25:30.495+0000] {dag.py:4180} INFO - Setting next_dagrun for example_xcom_args_with_operators to None, run_after=None
[2024-10-16T17:25:30.533+0000] {processor.py:208} INFO - Processing /home/airflow/.local/lib/python3.12/site-packages/airflow/example_dags/example_xcomargs.py took 0.184 seconds
[2024-10-16T17:26:00.643+0000] {processor.py:186} INFO - Started process (PID=648) to work on /home/airflow/.local/lib/python3.12/site-packages/airflow/example_dags/example_xcomargs.py
[2024-10-16T17:26:00.644+0000] {processor.py:914} INFO - Processing file /home/airflow/.local/lib/python3.12/site-packages/airflow/example_dags/example_xcomargs.py for tasks to queue
[2024-10-16T17:26:00.647+0000] {logging_mixin.py:190} INFO - [2024-10-16T17:26:00.647+0000] {dagbag.py:588} INFO - Filling up the DagBag from /home/airflow/.local/lib/python3.12/site-packages/airflow/example_dags/example_xcomargs.py
[2024-10-16T17:26:00.658+0000] {processor.py:925} INFO - DAG(s) 'example_xcom_args_with_operators', 'example_xcom_args' retrieved from /home/airflow/.local/lib/python3.12/site-packages/airflow/example_dags/example_xcomargs.py
[2024-10-16T17:26:00.686+0000] {logging_mixin.py:190} INFO - [2024-10-16T17:26:00.686+0000] {dag.py:3239} INFO - Sync 2 DAGs
[2024-10-16T17:26:00.704+0000] {logging_mixin.py:190} INFO - [2024-10-16T17:26:00.704+0000] {dag.py:4180} INFO - Setting next_dagrun for example_xcom_args to None, run_after=None
[2024-10-16T17:26:00.709+0000] {logging_mixin.py:190} INFO - [2024-10-16T17:26:00.709+0000] {dag.py:4180} INFO - Setting next_dagrun for example_xcom_args_with_operators to None, run_after=None
[2024-10-16T17:26:00.731+0000] {processor.py:208} INFO - Processing /home/airflow/.local/lib/python3.12/site-packages/airflow/example_dags/example_xcomargs.py took 0.094 seconds
[2024-10-16T17:26:31.336+0000] {processor.py:186} INFO - Started process (PID=710) to work on /home/airflow/.local/lib/python3.12/site-packages/airflow/example_dags/example_xcomargs.py
[2024-10-16T17:26:31.338+0000] {processor.py:914} INFO - Processing file /home/airflow/.local/lib/python3.12/site-packages/airflow/example_dags/example_xcomargs.py for tasks to queue
[2024-10-16T17:26:31.341+0000] {logging_mixin.py:190} INFO - [2024-10-16T17:26:31.341+0000] {dagbag.py:588} INFO - Filling up the DagBag from /home/airflow/.local/lib/python3.12/site-packages/airflow/example_dags/example_xcomargs.py
[2024-10-16T17:26:31.354+0000] {processor.py:925} INFO - DAG(s) 'example_xcom_args', 'example_xcom_args_with_operators' retrieved from /home/airflow/.local/lib/python3.12/site-packages/airflow/example_dags/example_xcomargs.py
[2024-10-16T17:26:31.383+0000] {logging_mixin.py:190} INFO - [2024-10-16T17:26:31.383+0000] {dag.py:3239} INFO - Sync 2 DAGs
[2024-10-16T17:26:31.403+0000] {logging_mixin.py:190} INFO - [2024-10-16T17:26:31.403+0000] {dag.py:4180} INFO - Setting next_dagrun for example_xcom_args to None, run_after=None
[2024-10-16T17:26:31.408+0000] {logging_mixin.py:190} INFO - [2024-10-16T17:26:31.408+0000] {dag.py:4180} INFO - Setting next_dagrun for example_xcom_args_with_operators to None, run_after=None
[2024-10-16T17:26:31.426+0000] {processor.py:208} INFO - Processing /home/airflow/.local/lib/python3.12/site-packages/airflow/example_dags/example_xcomargs.py took 0.099 seconds
[2024-10-16T17:27:01.901+0000] {processor.py:186} INFO - Started process (PID=772) to work on /home/airflow/.local/lib/python3.12/site-packages/airflow/example_dags/example_xcomargs.py
[2024-10-16T17:27:01.902+0000] {processor.py:914} INFO - Processing file /home/airflow/.local/lib/python3.12/site-packages/airflow/example_dags/example_xcomargs.py for tasks to queue
[2024-10-16T17:27:01.905+0000] {logging_mixin.py:190} INFO - [2024-10-16T17:27:01.905+0000] {dagbag.py:588} INFO - Filling up the DagBag from /home/airflow/.local/lib/python3.12/site-packages/airflow/example_dags/example_xcomargs.py
[2024-10-16T17:27:01.917+0000] {processor.py:925} INFO - DAG(s) 'example_xcom_args', 'example_xcom_args_with_operators' retrieved from /home/airflow/.local/lib/python3.12/site-packages/airflow/example_dags/example_xcomargs.py
[2024-10-16T17:27:01.950+0000] {logging_mixin.py:190} INFO - [2024-10-16T17:27:01.950+0000] {dag.py:3239} INFO - Sync 2 DAGs
[2024-10-16T17:27:01.970+0000] {logging_mixin.py:190} INFO - [2024-10-16T17:27:01.970+0000] {dag.py:4180} INFO - Setting next_dagrun for example_xcom_args to None, run_after=None
[2024-10-16T17:27:01.976+0000] {logging_mixin.py:190} INFO - [2024-10-16T17:27:01.976+0000] {dag.py:4180} INFO - Setting next_dagrun for example_xcom_args_with_operators to None, run_after=None
[2024-10-16T17:27:01.997+0000] {processor.py:208} INFO - Processing /home/airflow/.local/lib/python3.12/site-packages/airflow/example_dags/example_xcomargs.py took 0.103 seconds
[2024-10-16T17:27:32.285+0000] {processor.py:186} INFO - Started process (PID=834) to work on /home/airflow/.local/lib/python3.12/site-packages/airflow/example_dags/example_xcomargs.py
[2024-10-16T17:27:32.286+0000] {processor.py:914} INFO - Processing file /home/airflow/.local/lib/python3.12/site-packages/airflow/example_dags/example_xcomargs.py for tasks to queue
[2024-10-16T17:27:32.289+0000] {logging_mixin.py:190} INFO - [2024-10-16T17:27:32.289+0000] {dagbag.py:588} INFO - Filling up the DagBag from /home/airflow/.local/lib/python3.12/site-packages/airflow/example_dags/example_xcomargs.py
[2024-10-16T17:27:32.300+0000] {processor.py:925} INFO - DAG(s) 'example_xcom_args', 'example_xcom_args_with_operators' retrieved from /home/airflow/.local/lib/python3.12/site-packages/airflow/example_dags/example_xcomargs.py
[2024-10-16T17:27:32.327+0000] {logging_mixin.py:190} INFO - [2024-10-16T17:27:32.327+0000] {dag.py:3239} INFO - Sync 2 DAGs
[2024-10-16T17:27:32.344+0000] {logging_mixin.py:190} INFO - [2024-10-16T17:27:32.344+0000] {dag.py:4180} INFO - Setting next_dagrun for example_xcom_args to None, run_after=None
[2024-10-16T17:27:32.349+0000] {logging_mixin.py:190} INFO - [2024-10-16T17:27:32.349+0000] {dag.py:4180} INFO - Setting next_dagrun for example_xcom_args_with_operators to None, run_after=None
[2024-10-16T17:27:32.369+0000] {processor.py:208} INFO - Processing /home/airflow/.local/lib/python3.12/site-packages/airflow/example_dags/example_xcomargs.py took 0.090 seconds
[2024-10-16T17:28:02.845+0000] {processor.py:186} INFO - Started process (PID=896) to work on /home/airflow/.local/lib/python3.12/site-packages/airflow/example_dags/example_xcomargs.py
[2024-10-16T17:28:02.846+0000] {processor.py:914} INFO - Processing file /home/airflow/.local/lib/python3.12/site-packages/airflow/example_dags/example_xcomargs.py for tasks to queue
[2024-10-16T17:28:02.850+0000] {logging_mixin.py:190} INFO - [2024-10-16T17:28:02.849+0000] {dagbag.py:588} INFO - Filling up the DagBag from /home/airflow/.local/lib/python3.12/site-packages/airflow/example_dags/example_xcomargs.py
[2024-10-16T17:28:02.863+0000] {processor.py:925} INFO - DAG(s) 'example_xcom_args_with_operators', 'example_xcom_args' retrieved from /home/airflow/.local/lib/python3.12/site-packages/airflow/example_dags/example_xcomargs.py
[2024-10-16T17:28:02.890+0000] {logging_mixin.py:190} INFO - [2024-10-16T17:28:02.890+0000] {dag.py:3239} INFO - Sync 2 DAGs
[2024-10-16T17:28:02.909+0000] {logging_mixin.py:190} INFO - [2024-10-16T17:28:02.909+0000] {dag.py:4180} INFO - Setting next_dagrun for example_xcom_args to None, run_after=None
[2024-10-16T17:28:02.914+0000] {logging_mixin.py:190} INFO - [2024-10-16T17:28:02.914+0000] {dag.py:4180} INFO - Setting next_dagrun for example_xcom_args_with_operators to None, run_after=None
[2024-10-16T17:28:02.934+0000] {processor.py:208} INFO - Processing /home/airflow/.local/lib/python3.12/site-packages/airflow/example_dags/example_xcomargs.py took 0.096 seconds
[2024-10-16T17:28:33.326+0000] {processor.py:186} INFO - Started process (PID=958) to work on /home/airflow/.local/lib/python3.12/site-packages/airflow/example_dags/example_xcomargs.py
[2024-10-16T17:28:33.327+0000] {processor.py:914} INFO - Processing file /home/airflow/.local/lib/python3.12/site-packages/airflow/example_dags/example_xcomargs.py for tasks to queue
[2024-10-16T17:28:33.330+0000] {logging_mixin.py:190} INFO - [2024-10-16T17:28:33.329+0000] {dagbag.py:588} INFO - Filling up the DagBag from /home/airflow/.local/lib/python3.12/site-packages/airflow/example_dags/example_xcomargs.py
[2024-10-16T17:28:33.341+0000] {processor.py:925} INFO - DAG(s) 'example_xcom_args_with_operators', 'example_xcom_args' retrieved from /home/airflow/.local/lib/python3.12/site-packages/airflow/example_dags/example_xcomargs.py
[2024-10-16T17:28:33.368+0000] {logging_mixin.py:190} INFO - [2024-10-16T17:28:33.367+0000] {dag.py:3239} INFO - Sync 2 DAGs
[2024-10-16T17:28:33.386+0000] {logging_mixin.py:190} INFO - [2024-10-16T17:28:33.386+0000] {dag.py:4180} INFO - Setting next_dagrun for example_xcom_args to None, run_after=None
[2024-10-16T17:28:33.391+0000] {logging_mixin.py:190} INFO - [2024-10-16T17:28:33.391+0000] {dag.py:4180} INFO - Setting next_dagrun for example_xcom_args_with_operators to None, run_after=None
[2024-10-16T17:28:33.411+0000] {processor.py:208} INFO - Processing /home/airflow/.local/lib/python3.12/site-packages/airflow/example_dags/example_xcomargs.py took 0.091 seconds
[2024-10-16T17:29:03.748+0000] {processor.py:186} INFO - Started process (PID=1020) to work on /home/airflow/.local/lib/python3.12/site-packages/airflow/example_dags/example_xcomargs.py
[2024-10-16T17:29:03.749+0000] {processor.py:914} INFO - Processing file /home/airflow/.local/lib/python3.12/site-packages/airflow/example_dags/example_xcomargs.py for tasks to queue
[2024-10-16T17:29:03.751+0000] {logging_mixin.py:190} INFO - [2024-10-16T17:29:03.751+0000] {dagbag.py:588} INFO - Filling up the DagBag from /home/airflow/.local/lib/python3.12/site-packages/airflow/example_dags/example_xcomargs.py
[2024-10-16T17:29:03.763+0000] {processor.py:925} INFO - DAG(s) 'example_xcom_args_with_operators', 'example_xcom_args' retrieved from /home/airflow/.local/lib/python3.12/site-packages/airflow/example_dags/example_xcomargs.py
[2024-10-16T17:29:03.791+0000] {logging_mixin.py:190} INFO - [2024-10-16T17:29:03.790+0000] {dag.py:3239} INFO - Sync 2 DAGs
[2024-10-16T17:29:03.808+0000] {logging_mixin.py:190} INFO - [2024-10-16T17:29:03.808+0000] {dag.py:4180} INFO - Setting next_dagrun for example_xcom_args to None, run_after=None
[2024-10-16T17:29:03.813+0000] {logging_mixin.py:190} INFO - [2024-10-16T17:29:03.812+0000] {dag.py:4180} INFO - Setting next_dagrun for example_xcom_args_with_operators to None, run_after=None
[2024-10-16T17:29:03.832+0000] {processor.py:208} INFO - Processing /home/airflow/.local/lib/python3.12/site-packages/airflow/example_dags/example_xcomargs.py took 0.090 seconds
[2024-10-16T17:29:34.401+0000] {processor.py:186} INFO - Started process (PID=1082) to work on /home/airflow/.local/lib/python3.12/site-packages/airflow/example_dags/example_xcomargs.py
[2024-10-16T17:29:34.402+0000] {processor.py:914} INFO - Processing file /home/airflow/.local/lib/python3.12/site-packages/airflow/example_dags/example_xcomargs.py for tasks to queue
[2024-10-16T17:29:34.404+0000] {logging_mixin.py:190} INFO - [2024-10-16T17:29:34.404+0000] {dagbag.py:588} INFO - Filling up the DagBag from /home/airflow/.local/lib/python3.12/site-packages/airflow/example_dags/example_xcomargs.py
[2024-10-16T17:29:34.415+0000] {processor.py:925} INFO - DAG(s) 'example_xcom_args', 'example_xcom_args_with_operators' retrieved from /home/airflow/.local/lib/python3.12/site-packages/airflow/example_dags/example_xcomargs.py
[2024-10-16T17:29:34.443+0000] {logging_mixin.py:190} INFO - [2024-10-16T17:29:34.443+0000] {dag.py:3239} INFO - Sync 2 DAGs
[2024-10-16T17:29:34.461+0000] {logging_mixin.py:190} INFO - [2024-10-16T17:29:34.461+0000] {dag.py:4180} INFO - Setting next_dagrun for example_xcom_args to None, run_after=None
[2024-10-16T17:29:34.466+0000] {logging_mixin.py:190} INFO - [2024-10-16T17:29:34.466+0000] {dag.py:4180} INFO - Setting next_dagrun for example_xcom_args_with_operators to None, run_after=None
[2024-10-16T17:29:34.486+0000] {processor.py:208} INFO - Processing /home/airflow/.local/lib/python3.12/site-packages/airflow/example_dags/example_xcomargs.py took 0.092 seconds
[2024-10-16T17:30:04.699+0000] {processor.py:186} INFO - Started process (PID=1144) to work on /home/airflow/.local/lib/python3.12/site-packages/airflow/example_dags/example_xcomargs.py
[2024-10-16T17:30:04.700+0000] {processor.py:914} INFO - Processing file /home/airflow/.local/lib/python3.12/site-packages/airflow/example_dags/example_xcomargs.py for tasks to queue
[2024-10-16T17:30:04.703+0000] {logging_mixin.py:190} INFO - [2024-10-16T17:30:04.702+0000] {dagbag.py:588} INFO - Filling up the DagBag from /home/airflow/.local/lib/python3.12/site-packages/airflow/example_dags/example_xcomargs.py
[2024-10-16T17:30:04.714+0000] {processor.py:925} INFO - DAG(s) 'example_xcom_args_with_operators', 'example_xcom_args' retrieved from /home/airflow/.local/lib/python3.12/site-packages/airflow/example_dags/example_xcomargs.py
[2024-10-16T17:30:04.742+0000] {logging_mixin.py:190} INFO - [2024-10-16T17:30:04.742+0000] {dag.py:3239} INFO - Sync 2 DAGs
[2024-10-16T17:30:04.761+0000] {logging_mixin.py:190} INFO - [2024-10-16T17:30:04.761+0000] {dag.py:4180} INFO - Setting next_dagrun for example_xcom_args to None, run_after=None
[2024-10-16T17:30:04.766+0000] {logging_mixin.py:190} INFO - [2024-10-16T17:30:04.766+0000] {dag.py:4180} INFO - Setting next_dagrun for example_xcom_args_with_operators to None, run_after=None
[2024-10-16T17:30:04.788+0000] {processor.py:208} INFO - Processing /home/airflow/.local/lib/python3.12/site-packages/airflow/example_dags/example_xcomargs.py took 0.096 seconds
