[2024-10-16T16:38:00.646+0000] {processor.py:186} INFO - Started process (PID=74) to work on /home/airflow/.local/lib/python3.12/site-packages/airflow/example_dags/example_python_operator.py
[2024-10-16T16:38:00.647+0000] {processor.py:914} INFO - Processing file /home/airflow/.local/lib/python3.12/site-packages/airflow/example_dags/example_python_operator.py for tasks to queue
[2024-10-16T16:38:00.651+0000] {logging_mixin.py:190} INFO - [2024-10-16T16:38:00.650+0000] {dagbag.py:588} INFO - Filling up the DagBag from /home/airflow/.local/lib/python3.12/site-packages/airflow/example_dags/example_python_operator.py
[2024-10-16T16:38:00.678+0000] {processor.py:925} INFO - DAG(s) 'example_python_operator' retrieved from /home/airflow/.local/lib/python3.12/site-packages/airflow/example_dags/example_python_operator.py
[2024-10-16T16:38:00.842+0000] {logging_mixin.py:190} INFO - [2024-10-16T16:38:00.841+0000] {override.py:1900} INFO - Created Permission View: can delete on DAG:example_python_operator
[2024-10-16T16:38:00.860+0000] {logging_mixin.py:190} INFO - [2024-10-16T16:38:00.859+0000] {override.py:1900} INFO - Created Permission View: can edit on DAG:example_python_operator
[2024-10-16T16:38:00.880+0000] {logging_mixin.py:190} INFO - [2024-10-16T16:38:00.879+0000] {override.py:1900} INFO - Created Permission View: can read on DAG:example_python_operator
[2024-10-16T16:38:00.902+0000] {logging_mixin.py:190} INFO - [2024-10-16T16:38:00.901+0000] {override.py:1900} INFO - Created Permission View: menu access on DAG Run:example_python_operator
[2024-10-16T16:38:00.916+0000] {logging_mixin.py:190} INFO - [2024-10-16T16:38:00.916+0000] {override.py:1900} INFO - Created Permission View: can create on DAG Run:example_python_operator
[2024-10-16T16:38:00.937+0000] {logging_mixin.py:190} INFO - [2024-10-16T16:38:00.936+0000] {override.py:1900} INFO - Created Permission View: can delete on DAG Run:example_python_operator
[2024-10-16T16:38:00.955+0000] {logging_mixin.py:190} INFO - [2024-10-16T16:38:00.954+0000] {override.py:1900} INFO - Created Permission View: can read on DAG Run:example_python_operator
[2024-10-16T16:38:00.956+0000] {logging_mixin.py:190} INFO - [2024-10-16T16:38:00.955+0000] {dag.py:3239} INFO - Sync 1 DAGs
[2024-10-16T16:38:00.973+0000] {logging_mixin.py:190} INFO - [2024-10-16T16:38:00.973+0000] {dag.py:3262} INFO - Creating ORM DAG for example_python_operator
[2024-10-16T16:38:00.975+0000] {logging_mixin.py:190} INFO - [2024-10-16T16:38:00.974+0000] {dag.py:4180} INFO - Setting next_dagrun for example_python_operator to None, run_after=None
[2024-10-16T16:38:01.006+0000] {processor.py:208} INFO - Processing /home/airflow/.local/lib/python3.12/site-packages/airflow/example_dags/example_python_operator.py took 0.367 seconds
[2024-10-16T16:38:31.301+0000] {processor.py:186} INFO - Started process (PID=136) to work on /home/airflow/.local/lib/python3.12/site-packages/airflow/example_dags/example_python_operator.py
[2024-10-16T16:38:31.302+0000] {processor.py:914} INFO - Processing file /home/airflow/.local/lib/python3.12/site-packages/airflow/example_dags/example_python_operator.py for tasks to queue
[2024-10-16T16:38:31.305+0000] {logging_mixin.py:190} INFO - [2024-10-16T16:38:31.304+0000] {dagbag.py:588} INFO - Filling up the DagBag from /home/airflow/.local/lib/python3.12/site-packages/airflow/example_dags/example_python_operator.py
[2024-10-16T16:38:31.321+0000] {processor.py:925} INFO - DAG(s) 'example_python_operator' retrieved from /home/airflow/.local/lib/python3.12/site-packages/airflow/example_dags/example_python_operator.py
[2024-10-16T16:38:31.347+0000] {logging_mixin.py:190} INFO - [2024-10-16T16:38:31.347+0000] {dag.py:3239} INFO - Sync 1 DAGs
[2024-10-16T16:38:31.364+0000] {logging_mixin.py:190} INFO - [2024-10-16T16:38:31.364+0000] {dag.py:4180} INFO - Setting next_dagrun for example_python_operator to None, run_after=None
[2024-10-16T16:38:31.387+0000] {processor.py:208} INFO - Processing /home/airflow/.local/lib/python3.12/site-packages/airflow/example_dags/example_python_operator.py took 0.093 seconds
[2024-10-16T16:39:02.147+0000] {processor.py:186} INFO - Started process (PID=198) to work on /home/airflow/.local/lib/python3.12/site-packages/airflow/example_dags/example_python_operator.py
[2024-10-16T16:39:02.149+0000] {processor.py:914} INFO - Processing file /home/airflow/.local/lib/python3.12/site-packages/airflow/example_dags/example_python_operator.py for tasks to queue
[2024-10-16T16:39:02.153+0000] {logging_mixin.py:190} INFO - [2024-10-16T16:39:02.152+0000] {dagbag.py:588} INFO - Filling up the DagBag from /home/airflow/.local/lib/python3.12/site-packages/airflow/example_dags/example_python_operator.py
[2024-10-16T16:39:02.175+0000] {processor.py:925} INFO - DAG(s) 'example_python_operator' retrieved from /home/airflow/.local/lib/python3.12/site-packages/airflow/example_dags/example_python_operator.py
[2024-10-16T16:39:02.228+0000] {logging_mixin.py:190} INFO - [2024-10-16T16:39:02.228+0000] {dag.py:3239} INFO - Sync 1 DAGs
[2024-10-16T16:39:02.264+0000] {logging_mixin.py:190} INFO - [2024-10-16T16:39:02.264+0000] {dag.py:4180} INFO - Setting next_dagrun for example_python_operator to None, run_after=None
[2024-10-16T16:39:02.289+0000] {processor.py:208} INFO - Processing /home/airflow/.local/lib/python3.12/site-packages/airflow/example_dags/example_python_operator.py took 0.153 seconds
[2024-10-16T16:39:32.686+0000] {processor.py:186} INFO - Started process (PID=260) to work on /home/airflow/.local/lib/python3.12/site-packages/airflow/example_dags/example_python_operator.py
[2024-10-16T16:39:32.687+0000] {processor.py:914} INFO - Processing file /home/airflow/.local/lib/python3.12/site-packages/airflow/example_dags/example_python_operator.py for tasks to queue
[2024-10-16T16:39:32.690+0000] {logging_mixin.py:190} INFO - [2024-10-16T16:39:32.689+0000] {dagbag.py:588} INFO - Filling up the DagBag from /home/airflow/.local/lib/python3.12/site-packages/airflow/example_dags/example_python_operator.py
[2024-10-16T16:39:32.704+0000] {processor.py:925} INFO - DAG(s) 'example_python_operator' retrieved from /home/airflow/.local/lib/python3.12/site-packages/airflow/example_dags/example_python_operator.py
[2024-10-16T16:39:32.736+0000] {logging_mixin.py:190} INFO - [2024-10-16T16:39:32.736+0000] {dag.py:3239} INFO - Sync 1 DAGs
[2024-10-16T16:39:32.757+0000] {logging_mixin.py:190} INFO - [2024-10-16T16:39:32.756+0000] {dag.py:4180} INFO - Setting next_dagrun for example_python_operator to None, run_after=None
[2024-10-16T16:39:32.781+0000] {processor.py:208} INFO - Processing /home/airflow/.local/lib/python3.12/site-packages/airflow/example_dags/example_python_operator.py took 0.102 seconds
[2024-10-16T16:40:03.090+0000] {processor.py:186} INFO - Started process (PID=323) to work on /home/airflow/.local/lib/python3.12/site-packages/airflow/example_dags/example_python_operator.py
[2024-10-16T16:40:03.091+0000] {processor.py:914} INFO - Processing file /home/airflow/.local/lib/python3.12/site-packages/airflow/example_dags/example_python_operator.py for tasks to queue
[2024-10-16T16:40:03.094+0000] {logging_mixin.py:190} INFO - [2024-10-16T16:40:03.093+0000] {dagbag.py:588} INFO - Filling up the DagBag from /home/airflow/.local/lib/python3.12/site-packages/airflow/example_dags/example_python_operator.py
[2024-10-16T16:40:03.107+0000] {processor.py:925} INFO - DAG(s) 'example_python_operator' retrieved from /home/airflow/.local/lib/python3.12/site-packages/airflow/example_dags/example_python_operator.py
[2024-10-16T16:40:03.134+0000] {logging_mixin.py:190} INFO - [2024-10-16T16:40:03.133+0000] {dag.py:3239} INFO - Sync 1 DAGs
[2024-10-16T16:40:03.150+0000] {logging_mixin.py:190} INFO - [2024-10-16T16:40:03.150+0000] {dag.py:4180} INFO - Setting next_dagrun for example_python_operator to None, run_after=None
[2024-10-16T16:40:03.171+0000] {processor.py:208} INFO - Processing /home/airflow/.local/lib/python3.12/site-packages/airflow/example_dags/example_python_operator.py took 0.088 seconds
[2024-10-16T16:40:33.544+0000] {processor.py:186} INFO - Started process (PID=385) to work on /home/airflow/.local/lib/python3.12/site-packages/airflow/example_dags/example_python_operator.py
[2024-10-16T16:40:33.545+0000] {processor.py:914} INFO - Processing file /home/airflow/.local/lib/python3.12/site-packages/airflow/example_dags/example_python_operator.py for tasks to queue
[2024-10-16T16:40:33.548+0000] {logging_mixin.py:190} INFO - [2024-10-16T16:40:33.548+0000] {dagbag.py:588} INFO - Filling up the DagBag from /home/airflow/.local/lib/python3.12/site-packages/airflow/example_dags/example_python_operator.py
[2024-10-16T16:40:33.563+0000] {processor.py:925} INFO - DAG(s) 'example_python_operator' retrieved from /home/airflow/.local/lib/python3.12/site-packages/airflow/example_dags/example_python_operator.py
[2024-10-16T16:40:33.592+0000] {logging_mixin.py:190} INFO - [2024-10-16T16:40:33.592+0000] {dag.py:3239} INFO - Sync 1 DAGs
[2024-10-16T16:40:33.611+0000] {logging_mixin.py:190} INFO - [2024-10-16T16:40:33.611+0000] {dag.py:4180} INFO - Setting next_dagrun for example_python_operator to None, run_after=None
[2024-10-16T16:40:33.637+0000] {processor.py:208} INFO - Processing /home/airflow/.local/lib/python3.12/site-packages/airflow/example_dags/example_python_operator.py took 0.100 seconds
[2024-10-16T16:41:04.048+0000] {processor.py:186} INFO - Started process (PID=447) to work on /home/airflow/.local/lib/python3.12/site-packages/airflow/example_dags/example_python_operator.py
[2024-10-16T16:41:04.049+0000] {processor.py:914} INFO - Processing file /home/airflow/.local/lib/python3.12/site-packages/airflow/example_dags/example_python_operator.py for tasks to queue
[2024-10-16T16:41:04.051+0000] {logging_mixin.py:190} INFO - [2024-10-16T16:41:04.051+0000] {dagbag.py:588} INFO - Filling up the DagBag from /home/airflow/.local/lib/python3.12/site-packages/airflow/example_dags/example_python_operator.py
[2024-10-16T16:41:04.065+0000] {processor.py:925} INFO - DAG(s) 'example_python_operator' retrieved from /home/airflow/.local/lib/python3.12/site-packages/airflow/example_dags/example_python_operator.py
[2024-10-16T16:41:04.098+0000] {logging_mixin.py:190} INFO - [2024-10-16T16:41:04.098+0000] {dag.py:3239} INFO - Sync 1 DAGs
[2024-10-16T16:41:04.118+0000] {logging_mixin.py:190} INFO - [2024-10-16T16:41:04.117+0000] {dag.py:4180} INFO - Setting next_dagrun for example_python_operator to None, run_after=None
[2024-10-16T16:41:04.145+0000] {processor.py:208} INFO - Processing /home/airflow/.local/lib/python3.12/site-packages/airflow/example_dags/example_python_operator.py took 0.104 seconds
[2024-10-16T16:41:34.745+0000] {processor.py:186} INFO - Started process (PID=509) to work on /home/airflow/.local/lib/python3.12/site-packages/airflow/example_dags/example_python_operator.py
[2024-10-16T16:41:34.746+0000] {processor.py:914} INFO - Processing file /home/airflow/.local/lib/python3.12/site-packages/airflow/example_dags/example_python_operator.py for tasks to queue
[2024-10-16T16:41:34.749+0000] {logging_mixin.py:190} INFO - [2024-10-16T16:41:34.749+0000] {dagbag.py:588} INFO - Filling up the DagBag from /home/airflow/.local/lib/python3.12/site-packages/airflow/example_dags/example_python_operator.py
[2024-10-16T16:41:34.764+0000] {processor.py:925} INFO - DAG(s) 'example_python_operator' retrieved from /home/airflow/.local/lib/python3.12/site-packages/airflow/example_dags/example_python_operator.py
[2024-10-16T16:41:34.797+0000] {logging_mixin.py:190} INFO - [2024-10-16T16:41:34.797+0000] {dag.py:3239} INFO - Sync 1 DAGs
[2024-10-16T16:41:34.818+0000] {logging_mixin.py:190} INFO - [2024-10-16T16:41:34.818+0000] {dag.py:4180} INFO - Setting next_dagrun for example_python_operator to None, run_after=None
[2024-10-16T16:41:34.851+0000] {processor.py:208} INFO - Processing /home/airflow/.local/lib/python3.12/site-packages/airflow/example_dags/example_python_operator.py took 0.113 seconds
[2024-10-16T16:42:04.981+0000] {processor.py:186} INFO - Started process (PID=571) to work on /home/airflow/.local/lib/python3.12/site-packages/airflow/example_dags/example_python_operator.py
[2024-10-16T16:42:04.982+0000] {processor.py:914} INFO - Processing file /home/airflow/.local/lib/python3.12/site-packages/airflow/example_dags/example_python_operator.py for tasks to queue
[2024-10-16T16:42:04.984+0000] {logging_mixin.py:190} INFO - [2024-10-16T16:42:04.984+0000] {dagbag.py:588} INFO - Filling up the DagBag from /home/airflow/.local/lib/python3.12/site-packages/airflow/example_dags/example_python_operator.py
[2024-10-16T16:42:04.998+0000] {processor.py:925} INFO - DAG(s) 'example_python_operator' retrieved from /home/airflow/.local/lib/python3.12/site-packages/airflow/example_dags/example_python_operator.py
[2024-10-16T16:42:05.024+0000] {logging_mixin.py:190} INFO - [2024-10-16T16:42:05.023+0000] {dag.py:3239} INFO - Sync 1 DAGs
[2024-10-16T16:42:05.041+0000] {logging_mixin.py:190} INFO - [2024-10-16T16:42:05.040+0000] {dag.py:4180} INFO - Setting next_dagrun for example_python_operator to None, run_after=None
[2024-10-16T16:42:05.061+0000] {processor.py:208} INFO - Processing /home/airflow/.local/lib/python3.12/site-packages/airflow/example_dags/example_python_operator.py took 0.087 seconds
[2024-10-16T16:42:35.504+0000] {processor.py:186} INFO - Started process (PID=633) to work on /home/airflow/.local/lib/python3.12/site-packages/airflow/example_dags/example_python_operator.py
[2024-10-16T16:42:35.505+0000] {processor.py:914} INFO - Processing file /home/airflow/.local/lib/python3.12/site-packages/airflow/example_dags/example_python_operator.py for tasks to queue
[2024-10-16T16:42:35.508+0000] {logging_mixin.py:190} INFO - [2024-10-16T16:42:35.507+0000] {dagbag.py:588} INFO - Filling up the DagBag from /home/airflow/.local/lib/python3.12/site-packages/airflow/example_dags/example_python_operator.py
[2024-10-16T16:42:35.522+0000] {processor.py:925} INFO - DAG(s) 'example_python_operator' retrieved from /home/airflow/.local/lib/python3.12/site-packages/airflow/example_dags/example_python_operator.py
[2024-10-16T16:42:35.550+0000] {logging_mixin.py:190} INFO - [2024-10-16T16:42:35.549+0000] {dag.py:3239} INFO - Sync 1 DAGs
[2024-10-16T16:42:35.567+0000] {logging_mixin.py:190} INFO - [2024-10-16T16:42:35.567+0000] {dag.py:4180} INFO - Setting next_dagrun for example_python_operator to None, run_after=None
[2024-10-16T16:42:35.589+0000] {processor.py:208} INFO - Processing /home/airflow/.local/lib/python3.12/site-packages/airflow/example_dags/example_python_operator.py took 0.091 seconds
[2024-10-16T17:21:21.015+0000] {processor.py:186} INFO - Started process (PID=59) to work on /home/airflow/.local/lib/python3.12/site-packages/airflow/example_dags/example_python_operator.py
[2024-10-16T17:21:21.016+0000] {processor.py:914} INFO - Processing file /home/airflow/.local/lib/python3.12/site-packages/airflow/example_dags/example_python_operator.py for tasks to queue
[2024-10-16T17:21:21.019+0000] {logging_mixin.py:190} INFO - [2024-10-16T17:21:21.019+0000] {dagbag.py:588} INFO - Filling up the DagBag from /home/airflow/.local/lib/python3.12/site-packages/airflow/example_dags/example_python_operator.py
[2024-10-16T17:21:21.037+0000] {processor.py:925} INFO - DAG(s) 'example_python_operator' retrieved from /home/airflow/.local/lib/python3.12/site-packages/airflow/example_dags/example_python_operator.py
[2024-10-16T17:21:21.230+0000] {logging_mixin.py:190} INFO - [2024-10-16T17:21:21.230+0000] {dag.py:3239} INFO - Sync 1 DAGs
[2024-10-16T17:21:21.253+0000] {logging_mixin.py:190} INFO - [2024-10-16T17:21:21.252+0000] {dag.py:4180} INFO - Setting next_dagrun for example_python_operator to None, run_after=None
[2024-10-16T17:21:21.283+0000] {processor.py:208} INFO - Processing /home/airflow/.local/lib/python3.12/site-packages/airflow/example_dags/example_python_operator.py took 0.274 seconds
[2024-10-16T17:21:52.016+0000] {processor.py:186} INFO - Started process (PID=127) to work on /home/airflow/.local/lib/python3.12/site-packages/airflow/example_dags/example_python_operator.py
[2024-10-16T17:21:52.017+0000] {processor.py:914} INFO - Processing file /home/airflow/.local/lib/python3.12/site-packages/airflow/example_dags/example_python_operator.py for tasks to queue
[2024-10-16T17:21:52.019+0000] {logging_mixin.py:190} INFO - [2024-10-16T17:21:52.019+0000] {dagbag.py:588} INFO - Filling up the DagBag from /home/airflow/.local/lib/python3.12/site-packages/airflow/example_dags/example_python_operator.py
[2024-10-16T17:21:52.033+0000] {processor.py:925} INFO - DAG(s) 'example_python_operator' retrieved from /home/airflow/.local/lib/python3.12/site-packages/airflow/example_dags/example_python_operator.py
[2024-10-16T17:21:52.059+0000] {logging_mixin.py:190} INFO - [2024-10-16T17:21:52.058+0000] {dag.py:3239} INFO - Sync 1 DAGs
[2024-10-16T17:21:52.076+0000] {logging_mixin.py:190} INFO - [2024-10-16T17:21:52.075+0000] {dag.py:4180} INFO - Setting next_dagrun for example_python_operator to None, run_after=None
[2024-10-16T17:21:52.096+0000] {processor.py:208} INFO - Processing /home/airflow/.local/lib/python3.12/site-packages/airflow/example_dags/example_python_operator.py took 0.087 seconds
[2024-10-16T17:22:22.853+0000] {processor.py:186} INFO - Started process (PID=189) to work on /home/airflow/.local/lib/python3.12/site-packages/airflow/example_dags/example_python_operator.py
[2024-10-16T17:22:22.855+0000] {processor.py:914} INFO - Processing file /home/airflow/.local/lib/python3.12/site-packages/airflow/example_dags/example_python_operator.py for tasks to queue
[2024-10-16T17:22:22.861+0000] {logging_mixin.py:190} INFO - [2024-10-16T17:22:22.860+0000] {dagbag.py:588} INFO - Filling up the DagBag from /home/airflow/.local/lib/python3.12/site-packages/airflow/example_dags/example_python_operator.py
[2024-10-16T17:22:22.886+0000] {processor.py:925} INFO - DAG(s) 'example_python_operator' retrieved from /home/airflow/.local/lib/python3.12/site-packages/airflow/example_dags/example_python_operator.py
[2024-10-16T17:22:22.937+0000] {logging_mixin.py:190} INFO - [2024-10-16T17:22:22.936+0000] {dag.py:3239} INFO - Sync 1 DAGs
[2024-10-16T17:22:22.972+0000] {logging_mixin.py:190} INFO - [2024-10-16T17:22:22.972+0000] {dag.py:4180} INFO - Setting next_dagrun for example_python_operator to None, run_after=None
[2024-10-16T17:22:23.020+0000] {processor.py:208} INFO - Processing /home/airflow/.local/lib/python3.12/site-packages/airflow/example_dags/example_python_operator.py took 0.180 seconds
[2024-10-16T17:22:53.245+0000] {processor.py:186} INFO - Started process (PID=251) to work on /home/airflow/.local/lib/python3.12/site-packages/airflow/example_dags/example_python_operator.py
[2024-10-16T17:22:53.246+0000] {processor.py:914} INFO - Processing file /home/airflow/.local/lib/python3.12/site-packages/airflow/example_dags/example_python_operator.py for tasks to queue
[2024-10-16T17:22:53.248+0000] {logging_mixin.py:190} INFO - [2024-10-16T17:22:53.248+0000] {dagbag.py:588} INFO - Filling up the DagBag from /home/airflow/.local/lib/python3.12/site-packages/airflow/example_dags/example_python_operator.py
[2024-10-16T17:22:53.261+0000] {processor.py:925} INFO - DAG(s) 'example_python_operator' retrieved from /home/airflow/.local/lib/python3.12/site-packages/airflow/example_dags/example_python_operator.py
[2024-10-16T17:22:53.288+0000] {logging_mixin.py:190} INFO - [2024-10-16T17:22:53.288+0000] {dag.py:3239} INFO - Sync 1 DAGs
[2024-10-16T17:22:53.308+0000] {logging_mixin.py:190} INFO - [2024-10-16T17:22:53.308+0000] {dag.py:4180} INFO - Setting next_dagrun for example_python_operator to None, run_after=None
[2024-10-16T17:22:53.333+0000] {processor.py:208} INFO - Processing /home/airflow/.local/lib/python3.12/site-packages/airflow/example_dags/example_python_operator.py took 0.095 seconds
[2024-10-16T17:23:23.410+0000] {processor.py:186} INFO - Started process (PID=313) to work on /home/airflow/.local/lib/python3.12/site-packages/airflow/example_dags/example_python_operator.py
[2024-10-16T17:23:23.411+0000] {processor.py:914} INFO - Processing file /home/airflow/.local/lib/python3.12/site-packages/airflow/example_dags/example_python_operator.py for tasks to queue
[2024-10-16T17:23:23.414+0000] {logging_mixin.py:190} INFO - [2024-10-16T17:23:23.413+0000] {dagbag.py:588} INFO - Filling up the DagBag from /home/airflow/.local/lib/python3.12/site-packages/airflow/example_dags/example_python_operator.py
[2024-10-16T17:23:23.428+0000] {processor.py:925} INFO - DAG(s) 'example_python_operator' retrieved from /home/airflow/.local/lib/python3.12/site-packages/airflow/example_dags/example_python_operator.py
[2024-10-16T17:23:23.455+0000] {logging_mixin.py:190} INFO - [2024-10-16T17:23:23.455+0000] {dag.py:3239} INFO - Sync 1 DAGs
[2024-10-16T17:23:23.472+0000] {logging_mixin.py:190} INFO - [2024-10-16T17:23:23.472+0000] {dag.py:4180} INFO - Setting next_dagrun for example_python_operator to None, run_after=None
[2024-10-16T17:23:23.495+0000] {processor.py:208} INFO - Processing /home/airflow/.local/lib/python3.12/site-packages/airflow/example_dags/example_python_operator.py took 0.092 seconds
[2024-10-16T17:23:54.028+0000] {processor.py:186} INFO - Started process (PID=375) to work on /home/airflow/.local/lib/python3.12/site-packages/airflow/example_dags/example_python_operator.py
[2024-10-16T17:23:54.029+0000] {processor.py:914} INFO - Processing file /home/airflow/.local/lib/python3.12/site-packages/airflow/example_dags/example_python_operator.py for tasks to queue
[2024-10-16T17:23:54.031+0000] {logging_mixin.py:190} INFO - [2024-10-16T17:23:54.031+0000] {dagbag.py:588} INFO - Filling up the DagBag from /home/airflow/.local/lib/python3.12/site-packages/airflow/example_dags/example_python_operator.py
[2024-10-16T17:23:54.045+0000] {processor.py:925} INFO - DAG(s) 'example_python_operator' retrieved from /home/airflow/.local/lib/python3.12/site-packages/airflow/example_dags/example_python_operator.py
[2024-10-16T17:23:54.076+0000] {logging_mixin.py:190} INFO - [2024-10-16T17:23:54.075+0000] {dag.py:3239} INFO - Sync 1 DAGs
[2024-10-16T17:23:54.101+0000] {logging_mixin.py:190} INFO - [2024-10-16T17:23:54.101+0000] {dag.py:4180} INFO - Setting next_dagrun for example_python_operator to None, run_after=None
[2024-10-16T17:23:54.124+0000] {processor.py:208} INFO - Processing /home/airflow/.local/lib/python3.12/site-packages/airflow/example_dags/example_python_operator.py took 0.103 seconds
[2024-10-16T17:24:24.498+0000] {processor.py:186} INFO - Started process (PID=437) to work on /home/airflow/.local/lib/python3.12/site-packages/airflow/example_dags/example_python_operator.py
[2024-10-16T17:24:24.500+0000] {processor.py:914} INFO - Processing file /home/airflow/.local/lib/python3.12/site-packages/airflow/example_dags/example_python_operator.py for tasks to queue
[2024-10-16T17:24:24.502+0000] {logging_mixin.py:190} INFO - [2024-10-16T17:24:24.502+0000] {dagbag.py:588} INFO - Filling up the DagBag from /home/airflow/.local/lib/python3.12/site-packages/airflow/example_dags/example_python_operator.py
[2024-10-16T17:24:24.516+0000] {processor.py:925} INFO - DAG(s) 'example_python_operator' retrieved from /home/airflow/.local/lib/python3.12/site-packages/airflow/example_dags/example_python_operator.py
[2024-10-16T17:24:24.544+0000] {logging_mixin.py:190} INFO - [2024-10-16T17:24:24.544+0000] {dag.py:3239} INFO - Sync 1 DAGs
[2024-10-16T17:24:24.562+0000] {logging_mixin.py:190} INFO - [2024-10-16T17:24:24.561+0000] {dag.py:4180} INFO - Setting next_dagrun for example_python_operator to None, run_after=None
[2024-10-16T17:24:24.584+0000] {processor.py:208} INFO - Processing /home/airflow/.local/lib/python3.12/site-packages/airflow/example_dags/example_python_operator.py took 0.092 seconds
[2024-10-16T17:24:54.864+0000] {processor.py:186} INFO - Started process (PID=499) to work on /home/airflow/.local/lib/python3.12/site-packages/airflow/example_dags/example_python_operator.py
[2024-10-16T17:24:54.865+0000] {processor.py:914} INFO - Processing file /home/airflow/.local/lib/python3.12/site-packages/airflow/example_dags/example_python_operator.py for tasks to queue
[2024-10-16T17:24:54.868+0000] {logging_mixin.py:190} INFO - [2024-10-16T17:24:54.867+0000] {dagbag.py:588} INFO - Filling up the DagBag from /home/airflow/.local/lib/python3.12/site-packages/airflow/example_dags/example_python_operator.py
[2024-10-16T17:24:54.882+0000] {processor.py:925} INFO - DAG(s) 'example_python_operator' retrieved from /home/airflow/.local/lib/python3.12/site-packages/airflow/example_dags/example_python_operator.py
[2024-10-16T17:24:54.909+0000] {logging_mixin.py:190} INFO - [2024-10-16T17:24:54.909+0000] {dag.py:3239} INFO - Sync 1 DAGs
[2024-10-16T17:24:54.928+0000] {logging_mixin.py:190} INFO - [2024-10-16T17:24:54.927+0000] {dag.py:4180} INFO - Setting next_dagrun for example_python_operator to None, run_after=None
[2024-10-16T17:24:54.949+0000] {processor.py:208} INFO - Processing /home/airflow/.local/lib/python3.12/site-packages/airflow/example_dags/example_python_operator.py took 0.092 seconds
[2024-10-16T17:25:25.400+0000] {processor.py:186} INFO - Started process (PID=561) to work on /home/airflow/.local/lib/python3.12/site-packages/airflow/example_dags/example_python_operator.py
[2024-10-16T17:25:25.401+0000] {processor.py:914} INFO - Processing file /home/airflow/.local/lib/python3.12/site-packages/airflow/example_dags/example_python_operator.py for tasks to queue
[2024-10-16T17:25:25.404+0000] {logging_mixin.py:190} INFO - [2024-10-16T17:25:25.404+0000] {dagbag.py:588} INFO - Filling up the DagBag from /home/airflow/.local/lib/python3.12/site-packages/airflow/example_dags/example_python_operator.py
[2024-10-16T17:25:25.418+0000] {processor.py:925} INFO - DAG(s) 'example_python_operator' retrieved from /home/airflow/.local/lib/python3.12/site-packages/airflow/example_dags/example_python_operator.py
[2024-10-16T17:25:25.449+0000] {logging_mixin.py:190} INFO - [2024-10-16T17:25:25.448+0000] {dag.py:3239} INFO - Sync 1 DAGs
[2024-10-16T17:25:25.468+0000] {logging_mixin.py:190} INFO - [2024-10-16T17:25:25.467+0000] {dag.py:4180} INFO - Setting next_dagrun for example_python_operator to None, run_after=None
[2024-10-16T17:25:25.492+0000] {processor.py:208} INFO - Processing /home/airflow/.local/lib/python3.12/site-packages/airflow/example_dags/example_python_operator.py took 0.099 seconds
[2024-10-16T17:25:55.665+0000] {processor.py:186} INFO - Started process (PID=623) to work on /home/airflow/.local/lib/python3.12/site-packages/airflow/example_dags/example_python_operator.py
[2024-10-16T17:25:55.666+0000] {processor.py:914} INFO - Processing file /home/airflow/.local/lib/python3.12/site-packages/airflow/example_dags/example_python_operator.py for tasks to queue
[2024-10-16T17:25:55.669+0000] {logging_mixin.py:190} INFO - [2024-10-16T17:25:55.668+0000] {dagbag.py:588} INFO - Filling up the DagBag from /home/airflow/.local/lib/python3.12/site-packages/airflow/example_dags/example_python_operator.py
[2024-10-16T17:25:55.682+0000] {processor.py:925} INFO - DAG(s) 'example_python_operator' retrieved from /home/airflow/.local/lib/python3.12/site-packages/airflow/example_dags/example_python_operator.py
[2024-10-16T17:25:55.713+0000] {logging_mixin.py:190} INFO - [2024-10-16T17:25:55.712+0000] {dag.py:3239} INFO - Sync 1 DAGs
[2024-10-16T17:25:55.729+0000] {logging_mixin.py:190} INFO - [2024-10-16T17:25:55.729+0000] {dag.py:4180} INFO - Setting next_dagrun for example_python_operator to None, run_after=None
[2024-10-16T17:25:55.750+0000] {processor.py:208} INFO - Processing /home/airflow/.local/lib/python3.12/site-packages/airflow/example_dags/example_python_operator.py took 0.092 seconds
[2024-10-16T17:26:26.408+0000] {processor.py:186} INFO - Started process (PID=685) to work on /home/airflow/.local/lib/python3.12/site-packages/airflow/example_dags/example_python_operator.py
[2024-10-16T17:26:26.409+0000] {processor.py:914} INFO - Processing file /home/airflow/.local/lib/python3.12/site-packages/airflow/example_dags/example_python_operator.py for tasks to queue
[2024-10-16T17:26:26.411+0000] {logging_mixin.py:190} INFO - [2024-10-16T17:26:26.411+0000] {dagbag.py:588} INFO - Filling up the DagBag from /home/airflow/.local/lib/python3.12/site-packages/airflow/example_dags/example_python_operator.py
[2024-10-16T17:26:26.425+0000] {processor.py:925} INFO - DAG(s) 'example_python_operator' retrieved from /home/airflow/.local/lib/python3.12/site-packages/airflow/example_dags/example_python_operator.py
[2024-10-16T17:26:26.452+0000] {logging_mixin.py:190} INFO - [2024-10-16T17:26:26.452+0000] {dag.py:3239} INFO - Sync 1 DAGs
[2024-10-16T17:26:26.471+0000] {logging_mixin.py:190} INFO - [2024-10-16T17:26:26.471+0000] {dag.py:4180} INFO - Setting next_dagrun for example_python_operator to None, run_after=None
[2024-10-16T17:26:26.492+0000] {processor.py:208} INFO - Processing /home/airflow/.local/lib/python3.12/site-packages/airflow/example_dags/example_python_operator.py took 0.092 seconds
[2024-10-16T17:26:56.765+0000] {processor.py:186} INFO - Started process (PID=747) to work on /home/airflow/.local/lib/python3.12/site-packages/airflow/example_dags/example_python_operator.py
[2024-10-16T17:26:56.768+0000] {processor.py:914} INFO - Processing file /home/airflow/.local/lib/python3.12/site-packages/airflow/example_dags/example_python_operator.py for tasks to queue
[2024-10-16T17:26:56.771+0000] {logging_mixin.py:190} INFO - [2024-10-16T17:26:56.771+0000] {dagbag.py:588} INFO - Filling up the DagBag from /home/airflow/.local/lib/python3.12/site-packages/airflow/example_dags/example_python_operator.py
[2024-10-16T17:26:56.796+0000] {processor.py:925} INFO - DAG(s) 'example_python_operator' retrieved from /home/airflow/.local/lib/python3.12/site-packages/airflow/example_dags/example_python_operator.py
[2024-10-16T17:26:56.838+0000] {logging_mixin.py:190} INFO - [2024-10-16T17:26:56.838+0000] {dag.py:3239} INFO - Sync 1 DAGs
[2024-10-16T17:26:56.867+0000] {logging_mixin.py:190} INFO - [2024-10-16T17:26:56.867+0000] {dag.py:4180} INFO - Setting next_dagrun for example_python_operator to None, run_after=None
[2024-10-16T17:26:56.899+0000] {processor.py:208} INFO - Processing /home/airflow/.local/lib/python3.12/site-packages/airflow/example_dags/example_python_operator.py took 0.147 seconds
[2024-10-16T17:27:27.274+0000] {processor.py:186} INFO - Started process (PID=809) to work on /home/airflow/.local/lib/python3.12/site-packages/airflow/example_dags/example_python_operator.py
[2024-10-16T17:27:27.275+0000] {processor.py:914} INFO - Processing file /home/airflow/.local/lib/python3.12/site-packages/airflow/example_dags/example_python_operator.py for tasks to queue
[2024-10-16T17:27:27.278+0000] {logging_mixin.py:190} INFO - [2024-10-16T17:27:27.278+0000] {dagbag.py:588} INFO - Filling up the DagBag from /home/airflow/.local/lib/python3.12/site-packages/airflow/example_dags/example_python_operator.py
[2024-10-16T17:27:27.293+0000] {processor.py:925} INFO - DAG(s) 'example_python_operator' retrieved from /home/airflow/.local/lib/python3.12/site-packages/airflow/example_dags/example_python_operator.py
[2024-10-16T17:27:27.340+0000] {logging_mixin.py:190} INFO - [2024-10-16T17:27:27.340+0000] {dag.py:3239} INFO - Sync 1 DAGs
[2024-10-16T17:27:27.366+0000] {logging_mixin.py:190} INFO - [2024-10-16T17:27:27.365+0000] {dag.py:4180} INFO - Setting next_dagrun for example_python_operator to None, run_after=None
[2024-10-16T17:27:27.396+0000] {processor.py:208} INFO - Processing /home/airflow/.local/lib/python3.12/site-packages/airflow/example_dags/example_python_operator.py took 0.129 seconds
[2024-10-16T17:27:57.848+0000] {processor.py:186} INFO - Started process (PID=871) to work on /home/airflow/.local/lib/python3.12/site-packages/airflow/example_dags/example_python_operator.py
[2024-10-16T17:27:57.850+0000] {processor.py:914} INFO - Processing file /home/airflow/.local/lib/python3.12/site-packages/airflow/example_dags/example_python_operator.py for tasks to queue
[2024-10-16T17:27:57.852+0000] {logging_mixin.py:190} INFO - [2024-10-16T17:27:57.852+0000] {dagbag.py:588} INFO - Filling up the DagBag from /home/airflow/.local/lib/python3.12/site-packages/airflow/example_dags/example_python_operator.py
[2024-10-16T17:27:57.868+0000] {processor.py:925} INFO - DAG(s) 'example_python_operator' retrieved from /home/airflow/.local/lib/python3.12/site-packages/airflow/example_dags/example_python_operator.py
[2024-10-16T17:27:57.898+0000] {logging_mixin.py:190} INFO - [2024-10-16T17:27:57.898+0000] {dag.py:3239} INFO - Sync 1 DAGs
[2024-10-16T17:27:57.916+0000] {logging_mixin.py:190} INFO - [2024-10-16T17:27:57.916+0000] {dag.py:4180} INFO - Setting next_dagrun for example_python_operator to None, run_after=None
[2024-10-16T17:27:57.945+0000] {processor.py:208} INFO - Processing /home/airflow/.local/lib/python3.12/site-packages/airflow/example_dags/example_python_operator.py took 0.104 seconds
[2024-10-16T17:28:28.295+0000] {processor.py:186} INFO - Started process (PID=933) to work on /home/airflow/.local/lib/python3.12/site-packages/airflow/example_dags/example_python_operator.py
[2024-10-16T17:28:28.296+0000] {processor.py:914} INFO - Processing file /home/airflow/.local/lib/python3.12/site-packages/airflow/example_dags/example_python_operator.py for tasks to queue
[2024-10-16T17:28:28.299+0000] {logging_mixin.py:190} INFO - [2024-10-16T17:28:28.298+0000] {dagbag.py:588} INFO - Filling up the DagBag from /home/airflow/.local/lib/python3.12/site-packages/airflow/example_dags/example_python_operator.py
[2024-10-16T17:28:28.312+0000] {processor.py:925} INFO - DAG(s) 'example_python_operator' retrieved from /home/airflow/.local/lib/python3.12/site-packages/airflow/example_dags/example_python_operator.py
[2024-10-16T17:28:28.341+0000] {logging_mixin.py:190} INFO - [2024-10-16T17:28:28.341+0000] {dag.py:3239} INFO - Sync 1 DAGs
[2024-10-16T17:28:28.358+0000] {logging_mixin.py:190} INFO - [2024-10-16T17:28:28.358+0000] {dag.py:4180} INFO - Setting next_dagrun for example_python_operator to None, run_after=None
[2024-10-16T17:28:28.381+0000] {processor.py:208} INFO - Processing /home/airflow/.local/lib/python3.12/site-packages/airflow/example_dags/example_python_operator.py took 0.093 seconds
[2024-10-16T17:28:58.733+0000] {processor.py:186} INFO - Started process (PID=995) to work on /home/airflow/.local/lib/python3.12/site-packages/airflow/example_dags/example_python_operator.py
[2024-10-16T17:28:58.734+0000] {processor.py:914} INFO - Processing file /home/airflow/.local/lib/python3.12/site-packages/airflow/example_dags/example_python_operator.py for tasks to queue
[2024-10-16T17:28:58.736+0000] {logging_mixin.py:190} INFO - [2024-10-16T17:28:58.736+0000] {dagbag.py:588} INFO - Filling up the DagBag from /home/airflow/.local/lib/python3.12/site-packages/airflow/example_dags/example_python_operator.py
[2024-10-16T17:28:58.750+0000] {processor.py:925} INFO - DAG(s) 'example_python_operator' retrieved from /home/airflow/.local/lib/python3.12/site-packages/airflow/example_dags/example_python_operator.py
[2024-10-16T17:28:58.779+0000] {logging_mixin.py:190} INFO - [2024-10-16T17:28:58.778+0000] {dag.py:3239} INFO - Sync 1 DAGs
[2024-10-16T17:28:58.797+0000] {logging_mixin.py:190} INFO - [2024-10-16T17:28:58.797+0000] {dag.py:4180} INFO - Setting next_dagrun for example_python_operator to None, run_after=None
[2024-10-16T17:28:58.819+0000] {processor.py:208} INFO - Processing /home/airflow/.local/lib/python3.12/site-packages/airflow/example_dags/example_python_operator.py took 0.093 seconds
[2024-10-16T17:29:29.379+0000] {processor.py:186} INFO - Started process (PID=1057) to work on /home/airflow/.local/lib/python3.12/site-packages/airflow/example_dags/example_python_operator.py
[2024-10-16T17:29:29.380+0000] {processor.py:914} INFO - Processing file /home/airflow/.local/lib/python3.12/site-packages/airflow/example_dags/example_python_operator.py for tasks to queue
[2024-10-16T17:29:29.383+0000] {logging_mixin.py:190} INFO - [2024-10-16T17:29:29.382+0000] {dagbag.py:588} INFO - Filling up the DagBag from /home/airflow/.local/lib/python3.12/site-packages/airflow/example_dags/example_python_operator.py
[2024-10-16T17:29:29.397+0000] {processor.py:925} INFO - DAG(s) 'example_python_operator' retrieved from /home/airflow/.local/lib/python3.12/site-packages/airflow/example_dags/example_python_operator.py
[2024-10-16T17:29:29.426+0000] {logging_mixin.py:190} INFO - [2024-10-16T17:29:29.425+0000] {dag.py:3239} INFO - Sync 1 DAGs
[2024-10-16T17:29:29.447+0000] {logging_mixin.py:190} INFO - [2024-10-16T17:29:29.446+0000] {dag.py:4180} INFO - Setting next_dagrun for example_python_operator to None, run_after=None
[2024-10-16T17:29:29.472+0000] {processor.py:208} INFO - Processing /home/airflow/.local/lib/python3.12/site-packages/airflow/example_dags/example_python_operator.py took 0.100 seconds
[2024-10-16T17:29:59.774+0000] {processor.py:186} INFO - Started process (PID=1119) to work on /home/airflow/.local/lib/python3.12/site-packages/airflow/example_dags/example_python_operator.py
[2024-10-16T17:29:59.775+0000] {processor.py:914} INFO - Processing file /home/airflow/.local/lib/python3.12/site-packages/airflow/example_dags/example_python_operator.py for tasks to queue
[2024-10-16T17:29:59.778+0000] {logging_mixin.py:190} INFO - [2024-10-16T17:29:59.777+0000] {dagbag.py:588} INFO - Filling up the DagBag from /home/airflow/.local/lib/python3.12/site-packages/airflow/example_dags/example_python_operator.py
[2024-10-16T17:29:59.792+0000] {processor.py:925} INFO - DAG(s) 'example_python_operator' retrieved from /home/airflow/.local/lib/python3.12/site-packages/airflow/example_dags/example_python_operator.py
[2024-10-16T17:29:59.819+0000] {logging_mixin.py:190} INFO - [2024-10-16T17:29:59.819+0000] {dag.py:3239} INFO - Sync 1 DAGs
[2024-10-16T17:29:59.836+0000] {logging_mixin.py:190} INFO - [2024-10-16T17:29:59.836+0000] {dag.py:4180} INFO - Setting next_dagrun for example_python_operator to None, run_after=None
[2024-10-16T17:29:59.857+0000] {processor.py:208} INFO - Processing /home/airflow/.local/lib/python3.12/site-packages/airflow/example_dags/example_python_operator.py took 0.091 seconds
