[2024-10-16T16:38:00.268+0000] {processor.py:186} INFO - Started process (PID=73) to work on /home/airflow/.local/lib/python3.12/site-packages/airflow/example_dags/example_short_circuit_decorator.py
[2024-10-16T16:38:00.269+0000] {processor.py:914} INFO - Processing file /home/airflow/.local/lib/python3.12/site-packages/airflow/example_dags/example_short_circuit_decorator.py for tasks to queue
[2024-10-16T16:38:00.272+0000] {logging_mixin.py:190} INFO - [2024-10-16T16:38:00.272+0000] {dagbag.py:588} INFO - Filling up the DagBag from /home/airflow/.local/lib/python3.12/site-packages/airflow/example_dags/example_short_circuit_decorator.py
[2024-10-16T16:38:00.288+0000] {processor.py:925} INFO - DAG(s) 'example_short_circuit_decorator' retrieved from /home/airflow/.local/lib/python3.12/site-packages/airflow/example_dags/example_short_circuit_decorator.py
[2024-10-16T16:38:00.494+0000] {logging_mixin.py:190} INFO - [2024-10-16T16:38:00.494+0000] {override.py:1900} INFO - Created Permission View: can delete on DAG:example_short_circuit_decorator
[2024-10-16T16:38:00.508+0000] {logging_mixin.py:190} INFO - [2024-10-16T16:38:00.507+0000] {override.py:1900} INFO - Created Permission View: can edit on DAG:example_short_circuit_decorator
[2024-10-16T16:38:00.529+0000] {logging_mixin.py:190} INFO - [2024-10-16T16:38:00.528+0000] {override.py:1900} INFO - Created Permission View: can read on DAG:example_short_circuit_decorator
[2024-10-16T16:38:00.554+0000] {logging_mixin.py:190} INFO - [2024-10-16T16:38:00.553+0000] {override.py:1900} INFO - Created Permission View: menu access on DAG Run:example_short_circuit_decorator
[2024-10-16T16:38:00.568+0000] {logging_mixin.py:190} INFO - [2024-10-16T16:38:00.568+0000] {override.py:1900} INFO - Created Permission View: can create on DAG Run:example_short_circuit_decorator
[2024-10-16T16:38:00.583+0000] {logging_mixin.py:190} INFO - [2024-10-16T16:38:00.583+0000] {override.py:1900} INFO - Created Permission View: can delete on DAG Run:example_short_circuit_decorator
[2024-10-16T16:38:00.599+0000] {logging_mixin.py:190} INFO - [2024-10-16T16:38:00.598+0000] {override.py:1900} INFO - Created Permission View: can read on DAG Run:example_short_circuit_decorator
[2024-10-16T16:38:00.600+0000] {logging_mixin.py:190} INFO - [2024-10-16T16:38:00.600+0000] {dag.py:3239} INFO - Sync 1 DAGs
[2024-10-16T16:38:00.622+0000] {logging_mixin.py:190} INFO - [2024-10-16T16:38:00.622+0000] {dag.py:3262} INFO - Creating ORM DAG for example_short_circuit_decorator
[2024-10-16T16:38:00.623+0000] {logging_mixin.py:190} INFO - [2024-10-16T16:38:00.623+0000] {dag.py:4180} INFO - Setting next_dagrun for example_short_circuit_decorator to None, run_after=None
[2024-10-16T16:38:00.653+0000] {processor.py:208} INFO - Processing /home/airflow/.local/lib/python3.12/site-packages/airflow/example_dags/example_short_circuit_decorator.py took 0.392 seconds
[2024-10-16T16:38:31.223+0000] {processor.py:186} INFO - Started process (PID=135) to work on /home/airflow/.local/lib/python3.12/site-packages/airflow/example_dags/example_short_circuit_decorator.py
[2024-10-16T16:38:31.224+0000] {processor.py:914} INFO - Processing file /home/airflow/.local/lib/python3.12/site-packages/airflow/example_dags/example_short_circuit_decorator.py for tasks to queue
[2024-10-16T16:38:31.227+0000] {logging_mixin.py:190} INFO - [2024-10-16T16:38:31.227+0000] {dagbag.py:588} INFO - Filling up the DagBag from /home/airflow/.local/lib/python3.12/site-packages/airflow/example_dags/example_short_circuit_decorator.py
[2024-10-16T16:38:31.238+0000] {processor.py:925} INFO - DAG(s) 'example_short_circuit_decorator' retrieved from /home/airflow/.local/lib/python3.12/site-packages/airflow/example_dags/example_short_circuit_decorator.py
[2024-10-16T16:38:31.266+0000] {logging_mixin.py:190} INFO - [2024-10-16T16:38:31.266+0000] {dag.py:3239} INFO - Sync 1 DAGs
[2024-10-16T16:38:31.284+0000] {logging_mixin.py:190} INFO - [2024-10-16T16:38:31.283+0000] {dag.py:4180} INFO - Setting next_dagrun for example_short_circuit_decorator to None, run_after=None
[2024-10-16T16:38:31.305+0000] {processor.py:208} INFO - Processing /home/airflow/.local/lib/python3.12/site-packages/airflow/example_dags/example_short_circuit_decorator.py took 0.088 seconds
[2024-10-16T16:39:02.045+0000] {processor.py:186} INFO - Started process (PID=197) to work on /home/airflow/.local/lib/python3.12/site-packages/airflow/example_dags/example_short_circuit_decorator.py
[2024-10-16T16:39:02.047+0000] {processor.py:914} INFO - Processing file /home/airflow/.local/lib/python3.12/site-packages/airflow/example_dags/example_short_circuit_decorator.py for tasks to queue
[2024-10-16T16:39:02.052+0000] {logging_mixin.py:190} INFO - [2024-10-16T16:39:02.051+0000] {dagbag.py:588} INFO - Filling up the DagBag from /home/airflow/.local/lib/python3.12/site-packages/airflow/example_dags/example_short_circuit_decorator.py
[2024-10-16T16:39:02.074+0000] {processor.py:925} INFO - DAG(s) 'example_short_circuit_decorator' retrieved from /home/airflow/.local/lib/python3.12/site-packages/airflow/example_dags/example_short_circuit_decorator.py
[2024-10-16T16:39:02.115+0000] {logging_mixin.py:190} INFO - [2024-10-16T16:39:02.114+0000] {dag.py:3239} INFO - Sync 1 DAGs
[2024-10-16T16:39:02.148+0000] {logging_mixin.py:190} INFO - [2024-10-16T16:39:02.147+0000] {dag.py:4180} INFO - Setting next_dagrun for example_short_circuit_decorator to None, run_after=None
[2024-10-16T16:39:02.184+0000] {processor.py:208} INFO - Processing /home/airflow/.local/lib/python3.12/site-packages/airflow/example_dags/example_short_circuit_decorator.py took 0.151 seconds
[2024-10-16T16:39:32.591+0000] {processor.py:186} INFO - Started process (PID=259) to work on /home/airflow/.local/lib/python3.12/site-packages/airflow/example_dags/example_short_circuit_decorator.py
[2024-10-16T16:39:32.592+0000] {processor.py:914} INFO - Processing file /home/airflow/.local/lib/python3.12/site-packages/airflow/example_dags/example_short_circuit_decorator.py for tasks to queue
[2024-10-16T16:39:32.595+0000] {logging_mixin.py:190} INFO - [2024-10-16T16:39:32.595+0000] {dagbag.py:588} INFO - Filling up the DagBag from /home/airflow/.local/lib/python3.12/site-packages/airflow/example_dags/example_short_circuit_decorator.py
[2024-10-16T16:39:32.607+0000] {processor.py:925} INFO - DAG(s) 'example_short_circuit_decorator' retrieved from /home/airflow/.local/lib/python3.12/site-packages/airflow/example_dags/example_short_circuit_decorator.py
[2024-10-16T16:39:32.639+0000] {logging_mixin.py:190} INFO - [2024-10-16T16:39:32.639+0000] {dag.py:3239} INFO - Sync 1 DAGs
[2024-10-16T16:39:32.664+0000] {logging_mixin.py:190} INFO - [2024-10-16T16:39:32.663+0000] {dag.py:4180} INFO - Setting next_dagrun for example_short_circuit_decorator to None, run_after=None
[2024-10-16T16:39:32.713+0000] {processor.py:208} INFO - Processing /home/airflow/.local/lib/python3.12/site-packages/airflow/example_dags/example_short_circuit_decorator.py took 0.129 seconds
[2024-10-16T16:40:03.015+0000] {processor.py:186} INFO - Started process (PID=322) to work on /home/airflow/.local/lib/python3.12/site-packages/airflow/example_dags/example_short_circuit_decorator.py
[2024-10-16T16:40:03.016+0000] {processor.py:914} INFO - Processing file /home/airflow/.local/lib/python3.12/site-packages/airflow/example_dags/example_short_circuit_decorator.py for tasks to queue
[2024-10-16T16:40:03.019+0000] {logging_mixin.py:190} INFO - [2024-10-16T16:40:03.019+0000] {dagbag.py:588} INFO - Filling up the DagBag from /home/airflow/.local/lib/python3.12/site-packages/airflow/example_dags/example_short_circuit_decorator.py
[2024-10-16T16:40:03.032+0000] {processor.py:925} INFO - DAG(s) 'example_short_circuit_decorator' retrieved from /home/airflow/.local/lib/python3.12/site-packages/airflow/example_dags/example_short_circuit_decorator.py
[2024-10-16T16:40:03.059+0000] {logging_mixin.py:190} INFO - [2024-10-16T16:40:03.059+0000] {dag.py:3239} INFO - Sync 1 DAGs
[2024-10-16T16:40:03.078+0000] {logging_mixin.py:190} INFO - [2024-10-16T16:40:03.078+0000] {dag.py:4180} INFO - Setting next_dagrun for example_short_circuit_decorator to None, run_after=None
[2024-10-16T16:40:03.102+0000] {processor.py:208} INFO - Processing /home/airflow/.local/lib/python3.12/site-packages/airflow/example_dags/example_short_circuit_decorator.py took 0.099 seconds
[2024-10-16T16:40:33.464+0000] {processor.py:186} INFO - Started process (PID=384) to work on /home/airflow/.local/lib/python3.12/site-packages/airflow/example_dags/example_short_circuit_decorator.py
[2024-10-16T16:40:33.466+0000] {processor.py:914} INFO - Processing file /home/airflow/.local/lib/python3.12/site-packages/airflow/example_dags/example_short_circuit_decorator.py for tasks to queue
[2024-10-16T16:40:33.469+0000] {logging_mixin.py:190} INFO - [2024-10-16T16:40:33.469+0000] {dagbag.py:588} INFO - Filling up the DagBag from /home/airflow/.local/lib/python3.12/site-packages/airflow/example_dags/example_short_circuit_decorator.py
[2024-10-16T16:40:33.481+0000] {processor.py:925} INFO - DAG(s) 'example_short_circuit_decorator' retrieved from /home/airflow/.local/lib/python3.12/site-packages/airflow/example_dags/example_short_circuit_decorator.py
[2024-10-16T16:40:33.510+0000] {logging_mixin.py:190} INFO - [2024-10-16T16:40:33.510+0000] {dag.py:3239} INFO - Sync 1 DAGs
[2024-10-16T16:40:33.534+0000] {logging_mixin.py:190} INFO - [2024-10-16T16:40:33.534+0000] {dag.py:4180} INFO - Setting next_dagrun for example_short_circuit_decorator to None, run_after=None
[2024-10-16T16:40:33.558+0000] {processor.py:208} INFO - Processing /home/airflow/.local/lib/python3.12/site-packages/airflow/example_dags/example_short_circuit_decorator.py took 0.102 seconds
[2024-10-16T16:41:03.982+0000] {processor.py:186} INFO - Started process (PID=446) to work on /home/airflow/.local/lib/python3.12/site-packages/airflow/example_dags/example_short_circuit_decorator.py
[2024-10-16T16:41:03.983+0000] {processor.py:914} INFO - Processing file /home/airflow/.local/lib/python3.12/site-packages/airflow/example_dags/example_short_circuit_decorator.py for tasks to queue
[2024-10-16T16:41:03.986+0000] {logging_mixin.py:190} INFO - [2024-10-16T16:41:03.986+0000] {dagbag.py:588} INFO - Filling up the DagBag from /home/airflow/.local/lib/python3.12/site-packages/airflow/example_dags/example_short_circuit_decorator.py
[2024-10-16T16:41:03.997+0000] {processor.py:925} INFO - DAG(s) 'example_short_circuit_decorator' retrieved from /home/airflow/.local/lib/python3.12/site-packages/airflow/example_dags/example_short_circuit_decorator.py
[2024-10-16T16:41:04.027+0000] {logging_mixin.py:190} INFO - [2024-10-16T16:41:04.027+0000] {dag.py:3239} INFO - Sync 1 DAGs
[2024-10-16T16:41:04.047+0000] {logging_mixin.py:190} INFO - [2024-10-16T16:41:04.046+0000] {dag.py:4180} INFO - Setting next_dagrun for example_short_circuit_decorator to None, run_after=None
[2024-10-16T16:41:04.071+0000] {processor.py:208} INFO - Processing /home/airflow/.local/lib/python3.12/site-packages/airflow/example_dags/example_short_circuit_decorator.py took 0.095 seconds
[2024-10-16T16:41:34.684+0000] {processor.py:186} INFO - Started process (PID=508) to work on /home/airflow/.local/lib/python3.12/site-packages/airflow/example_dags/example_short_circuit_decorator.py
[2024-10-16T16:41:34.685+0000] {processor.py:914} INFO - Processing file /home/airflow/.local/lib/python3.12/site-packages/airflow/example_dags/example_short_circuit_decorator.py for tasks to queue
[2024-10-16T16:41:34.688+0000] {logging_mixin.py:190} INFO - [2024-10-16T16:41:34.688+0000] {dagbag.py:588} INFO - Filling up the DagBag from /home/airflow/.local/lib/python3.12/site-packages/airflow/example_dags/example_short_circuit_decorator.py
[2024-10-16T16:41:34.700+0000] {processor.py:925} INFO - DAG(s) 'example_short_circuit_decorator' retrieved from /home/airflow/.local/lib/python3.12/site-packages/airflow/example_dags/example_short_circuit_decorator.py
[2024-10-16T16:41:34.729+0000] {logging_mixin.py:190} INFO - [2024-10-16T16:41:34.729+0000] {dag.py:3239} INFO - Sync 1 DAGs
[2024-10-16T16:41:34.748+0000] {logging_mixin.py:190} INFO - [2024-10-16T16:41:34.748+0000] {dag.py:4180} INFO - Setting next_dagrun for example_short_circuit_decorator to None, run_after=None
[2024-10-16T16:41:34.772+0000] {processor.py:208} INFO - Processing /home/airflow/.local/lib/python3.12/site-packages/airflow/example_dags/example_short_circuit_decorator.py took 0.095 seconds
[2024-10-16T16:42:04.894+0000] {processor.py:186} INFO - Started process (PID=570) to work on /home/airflow/.local/lib/python3.12/site-packages/airflow/example_dags/example_short_circuit_decorator.py
[2024-10-16T16:42:04.895+0000] {processor.py:914} INFO - Processing file /home/airflow/.local/lib/python3.12/site-packages/airflow/example_dags/example_short_circuit_decorator.py for tasks to queue
[2024-10-16T16:42:04.898+0000] {logging_mixin.py:190} INFO - [2024-10-16T16:42:04.897+0000] {dagbag.py:588} INFO - Filling up the DagBag from /home/airflow/.local/lib/python3.12/site-packages/airflow/example_dags/example_short_circuit_decorator.py
[2024-10-16T16:42:04.911+0000] {processor.py:925} INFO - DAG(s) 'example_short_circuit_decorator' retrieved from /home/airflow/.local/lib/python3.12/site-packages/airflow/example_dags/example_short_circuit_decorator.py
[2024-10-16T16:42:04.953+0000] {logging_mixin.py:190} INFO - [2024-10-16T16:42:04.953+0000] {dag.py:3239} INFO - Sync 1 DAGs
[2024-10-16T16:42:04.975+0000] {logging_mixin.py:190} INFO - [2024-10-16T16:42:04.975+0000] {dag.py:4180} INFO - Setting next_dagrun for example_short_circuit_decorator to None, run_after=None
[2024-10-16T16:42:04.998+0000] {processor.py:208} INFO - Processing /home/airflow/.local/lib/python3.12/site-packages/airflow/example_dags/example_short_circuit_decorator.py took 0.111 seconds
[2024-10-16T16:42:35.442+0000] {processor.py:186} INFO - Started process (PID=632) to work on /home/airflow/.local/lib/python3.12/site-packages/airflow/example_dags/example_short_circuit_decorator.py
[2024-10-16T16:42:35.443+0000] {processor.py:914} INFO - Processing file /home/airflow/.local/lib/python3.12/site-packages/airflow/example_dags/example_short_circuit_decorator.py for tasks to queue
[2024-10-16T16:42:35.446+0000] {logging_mixin.py:190} INFO - [2024-10-16T16:42:35.446+0000] {dagbag.py:588} INFO - Filling up the DagBag from /home/airflow/.local/lib/python3.12/site-packages/airflow/example_dags/example_short_circuit_decorator.py
[2024-10-16T16:42:35.457+0000] {processor.py:925} INFO - DAG(s) 'example_short_circuit_decorator' retrieved from /home/airflow/.local/lib/python3.12/site-packages/airflow/example_dags/example_short_circuit_decorator.py
[2024-10-16T16:42:35.486+0000] {logging_mixin.py:190} INFO - [2024-10-16T16:42:35.486+0000] {dag.py:3239} INFO - Sync 1 DAGs
[2024-10-16T16:42:35.505+0000] {logging_mixin.py:190} INFO - [2024-10-16T16:42:35.504+0000] {dag.py:4180} INFO - Setting next_dagrun for example_short_circuit_decorator to None, run_after=None
[2024-10-16T16:42:35.528+0000] {processor.py:208} INFO - Processing /home/airflow/.local/lib/python3.12/site-packages/airflow/example_dags/example_short_circuit_decorator.py took 0.092 seconds
[2024-10-16T17:21:20.955+0000] {processor.py:186} INFO - Started process (PID=58) to work on /home/airflow/.local/lib/python3.12/site-packages/airflow/example_dags/example_short_circuit_decorator.py
[2024-10-16T17:21:20.956+0000] {processor.py:914} INFO - Processing file /home/airflow/.local/lib/python3.12/site-packages/airflow/example_dags/example_short_circuit_decorator.py for tasks to queue
[2024-10-16T17:21:20.962+0000] {logging_mixin.py:190} INFO - [2024-10-16T17:21:20.961+0000] {dagbag.py:588} INFO - Filling up the DagBag from /home/airflow/.local/lib/python3.12/site-packages/airflow/example_dags/example_short_circuit_decorator.py
[2024-10-16T17:21:20.978+0000] {processor.py:925} INFO - DAG(s) 'example_short_circuit_decorator' retrieved from /home/airflow/.local/lib/python3.12/site-packages/airflow/example_dags/example_short_circuit_decorator.py
[2024-10-16T17:21:21.023+0000] {logging_mixin.py:190} INFO - [2024-10-16T17:21:21.022+0000] {dag.py:3239} INFO - Sync 1 DAGs
[2024-10-16T17:21:21.043+0000] {logging_mixin.py:190} INFO - [2024-10-16T17:21:21.043+0000] {dag.py:4180} INFO - Setting next_dagrun for example_short_circuit_decorator to None, run_after=None
[2024-10-16T17:21:21.071+0000] {processor.py:208} INFO - Processing /home/airflow/.local/lib/python3.12/site-packages/airflow/example_dags/example_short_circuit_decorator.py took 0.127 seconds
[2024-10-16T17:21:51.951+0000] {processor.py:186} INFO - Started process (PID=126) to work on /home/airflow/.local/lib/python3.12/site-packages/airflow/example_dags/example_short_circuit_decorator.py
[2024-10-16T17:21:51.952+0000] {processor.py:914} INFO - Processing file /home/airflow/.local/lib/python3.12/site-packages/airflow/example_dags/example_short_circuit_decorator.py for tasks to queue
[2024-10-16T17:21:51.955+0000] {logging_mixin.py:190} INFO - [2024-10-16T17:21:51.954+0000] {dagbag.py:588} INFO - Filling up the DagBag from /home/airflow/.local/lib/python3.12/site-packages/airflow/example_dags/example_short_circuit_decorator.py
[2024-10-16T17:21:51.967+0000] {processor.py:925} INFO - DAG(s) 'example_short_circuit_decorator' retrieved from /home/airflow/.local/lib/python3.12/site-packages/airflow/example_dags/example_short_circuit_decorator.py
[2024-10-16T17:21:51.994+0000] {logging_mixin.py:190} INFO - [2024-10-16T17:21:51.993+0000] {dag.py:3239} INFO - Sync 1 DAGs
[2024-10-16T17:21:52.013+0000] {logging_mixin.py:190} INFO - [2024-10-16T17:21:52.012+0000] {dag.py:4180} INFO - Setting next_dagrun for example_short_circuit_decorator to None, run_after=None
[2024-10-16T17:21:52.035+0000] {processor.py:208} INFO - Processing /home/airflow/.local/lib/python3.12/site-packages/airflow/example_dags/example_short_circuit_decorator.py took 0.091 seconds
[2024-10-16T17:22:22.685+0000] {processor.py:186} INFO - Started process (PID=188) to work on /home/airflow/.local/lib/python3.12/site-packages/airflow/example_dags/example_short_circuit_decorator.py
[2024-10-16T17:22:22.687+0000] {processor.py:914} INFO - Processing file /home/airflow/.local/lib/python3.12/site-packages/airflow/example_dags/example_short_circuit_decorator.py for tasks to queue
[2024-10-16T17:22:22.697+0000] {logging_mixin.py:190} INFO - [2024-10-16T17:22:22.696+0000] {dagbag.py:588} INFO - Filling up the DagBag from /home/airflow/.local/lib/python3.12/site-packages/airflow/example_dags/example_short_circuit_decorator.py
[2024-10-16T17:22:22.730+0000] {processor.py:925} INFO - DAG(s) 'example_short_circuit_decorator' retrieved from /home/airflow/.local/lib/python3.12/site-packages/airflow/example_dags/example_short_circuit_decorator.py
[2024-10-16T17:22:22.795+0000] {logging_mixin.py:190} INFO - [2024-10-16T17:22:22.794+0000] {dag.py:3239} INFO - Sync 1 DAGs
[2024-10-16T17:22:22.837+0000] {logging_mixin.py:190} INFO - [2024-10-16T17:22:22.837+0000] {dag.py:4180} INFO - Setting next_dagrun for example_short_circuit_decorator to None, run_after=None
[2024-10-16T17:22:22.882+0000] {processor.py:208} INFO - Processing /home/airflow/.local/lib/python3.12/site-packages/airflow/example_dags/example_short_circuit_decorator.py took 0.207 seconds
[2024-10-16T17:22:53.112+0000] {processor.py:186} INFO - Started process (PID=250) to work on /home/airflow/.local/lib/python3.12/site-packages/airflow/example_dags/example_short_circuit_decorator.py
[2024-10-16T17:22:53.114+0000] {processor.py:914} INFO - Processing file /home/airflow/.local/lib/python3.12/site-packages/airflow/example_dags/example_short_circuit_decorator.py for tasks to queue
[2024-10-16T17:22:53.116+0000] {logging_mixin.py:190} INFO - [2024-10-16T17:22:53.116+0000] {dagbag.py:588} INFO - Filling up the DagBag from /home/airflow/.local/lib/python3.12/site-packages/airflow/example_dags/example_short_circuit_decorator.py
[2024-10-16T17:22:53.127+0000] {processor.py:925} INFO - DAG(s) 'example_short_circuit_decorator' retrieved from /home/airflow/.local/lib/python3.12/site-packages/airflow/example_dags/example_short_circuit_decorator.py
[2024-10-16T17:22:53.154+0000] {logging_mixin.py:190} INFO - [2024-10-16T17:22:53.154+0000] {dag.py:3239} INFO - Sync 1 DAGs
[2024-10-16T17:22:53.173+0000] {logging_mixin.py:190} INFO - [2024-10-16T17:22:53.173+0000] {dag.py:4180} INFO - Setting next_dagrun for example_short_circuit_decorator to None, run_after=None
[2024-10-16T17:22:53.196+0000] {processor.py:208} INFO - Processing /home/airflow/.local/lib/python3.12/site-packages/airflow/example_dags/example_short_circuit_decorator.py took 0.090 seconds
[2024-10-16T17:23:23.283+0000] {processor.py:186} INFO - Started process (PID=312) to work on /home/airflow/.local/lib/python3.12/site-packages/airflow/example_dags/example_short_circuit_decorator.py
[2024-10-16T17:23:23.284+0000] {processor.py:914} INFO - Processing file /home/airflow/.local/lib/python3.12/site-packages/airflow/example_dags/example_short_circuit_decorator.py for tasks to queue
[2024-10-16T17:23:23.286+0000] {logging_mixin.py:190} INFO - [2024-10-16T17:23:23.286+0000] {dagbag.py:588} INFO - Filling up the DagBag from /home/airflow/.local/lib/python3.12/site-packages/airflow/example_dags/example_short_circuit_decorator.py
[2024-10-16T17:23:23.297+0000] {processor.py:925} INFO - DAG(s) 'example_short_circuit_decorator' retrieved from /home/airflow/.local/lib/python3.12/site-packages/airflow/example_dags/example_short_circuit_decorator.py
[2024-10-16T17:23:23.325+0000] {logging_mixin.py:190} INFO - [2024-10-16T17:23:23.325+0000] {dag.py:3239} INFO - Sync 1 DAGs
[2024-10-16T17:23:23.342+0000] {logging_mixin.py:190} INFO - [2024-10-16T17:23:23.342+0000] {dag.py:4180} INFO - Setting next_dagrun for example_short_circuit_decorator to None, run_after=None
[2024-10-16T17:23:23.364+0000] {processor.py:208} INFO - Processing /home/airflow/.local/lib/python3.12/site-packages/airflow/example_dags/example_short_circuit_decorator.py took 0.087 seconds
[2024-10-16T17:23:53.970+0000] {processor.py:186} INFO - Started process (PID=374) to work on /home/airflow/.local/lib/python3.12/site-packages/airflow/example_dags/example_short_circuit_decorator.py
[2024-10-16T17:23:53.972+0000] {processor.py:914} INFO - Processing file /home/airflow/.local/lib/python3.12/site-packages/airflow/example_dags/example_short_circuit_decorator.py for tasks to queue
[2024-10-16T17:23:53.974+0000] {logging_mixin.py:190} INFO - [2024-10-16T17:23:53.974+0000] {dagbag.py:588} INFO - Filling up the DagBag from /home/airflow/.local/lib/python3.12/site-packages/airflow/example_dags/example_short_circuit_decorator.py
[2024-10-16T17:23:53.986+0000] {processor.py:925} INFO - DAG(s) 'example_short_circuit_decorator' retrieved from /home/airflow/.local/lib/python3.12/site-packages/airflow/example_dags/example_short_circuit_decorator.py
[2024-10-16T17:23:54.014+0000] {logging_mixin.py:190} INFO - [2024-10-16T17:23:54.014+0000] {dag.py:3239} INFO - Sync 1 DAGs
[2024-10-16T17:23:54.031+0000] {logging_mixin.py:190} INFO - [2024-10-16T17:23:54.031+0000] {dag.py:4180} INFO - Setting next_dagrun for example_short_circuit_decorator to None, run_after=None
[2024-10-16T17:23:54.051+0000] {processor.py:208} INFO - Processing /home/airflow/.local/lib/python3.12/site-packages/airflow/example_dags/example_short_circuit_decorator.py took 0.089 seconds
[2024-10-16T17:24:24.437+0000] {processor.py:186} INFO - Started process (PID=436) to work on /home/airflow/.local/lib/python3.12/site-packages/airflow/example_dags/example_short_circuit_decorator.py
[2024-10-16T17:24:24.438+0000] {processor.py:914} INFO - Processing file /home/airflow/.local/lib/python3.12/site-packages/airflow/example_dags/example_short_circuit_decorator.py for tasks to queue
[2024-10-16T17:24:24.441+0000] {logging_mixin.py:190} INFO - [2024-10-16T17:24:24.440+0000] {dagbag.py:588} INFO - Filling up the DagBag from /home/airflow/.local/lib/python3.12/site-packages/airflow/example_dags/example_short_circuit_decorator.py
[2024-10-16T17:24:24.452+0000] {processor.py:925} INFO - DAG(s) 'example_short_circuit_decorator' retrieved from /home/airflow/.local/lib/python3.12/site-packages/airflow/example_dags/example_short_circuit_decorator.py
[2024-10-16T17:24:24.481+0000] {logging_mixin.py:190} INFO - [2024-10-16T17:24:24.481+0000] {dag.py:3239} INFO - Sync 1 DAGs
[2024-10-16T17:24:24.499+0000] {logging_mixin.py:190} INFO - [2024-10-16T17:24:24.498+0000] {dag.py:4180} INFO - Setting next_dagrun for example_short_circuit_decorator to None, run_after=None
[2024-10-16T17:24:24.521+0000] {processor.py:208} INFO - Processing /home/airflow/.local/lib/python3.12/site-packages/airflow/example_dags/example_short_circuit_decorator.py took 0.090 seconds
[2024-10-16T17:24:54.793+0000] {processor.py:186} INFO - Started process (PID=498) to work on /home/airflow/.local/lib/python3.12/site-packages/airflow/example_dags/example_short_circuit_decorator.py
[2024-10-16T17:24:54.795+0000] {processor.py:914} INFO - Processing file /home/airflow/.local/lib/python3.12/site-packages/airflow/example_dags/example_short_circuit_decorator.py for tasks to queue
[2024-10-16T17:24:54.797+0000] {logging_mixin.py:190} INFO - [2024-10-16T17:24:54.797+0000] {dagbag.py:588} INFO - Filling up the DagBag from /home/airflow/.local/lib/python3.12/site-packages/airflow/example_dags/example_short_circuit_decorator.py
[2024-10-16T17:24:54.809+0000] {processor.py:925} INFO - DAG(s) 'example_short_circuit_decorator' retrieved from /home/airflow/.local/lib/python3.12/site-packages/airflow/example_dags/example_short_circuit_decorator.py
[2024-10-16T17:24:54.836+0000] {logging_mixin.py:190} INFO - [2024-10-16T17:24:54.836+0000] {dag.py:3239} INFO - Sync 1 DAGs
[2024-10-16T17:24:54.855+0000] {logging_mixin.py:190} INFO - [2024-10-16T17:24:54.855+0000] {dag.py:4180} INFO - Setting next_dagrun for example_short_circuit_decorator to None, run_after=None
[2024-10-16T17:24:54.877+0000] {processor.py:208} INFO - Processing /home/airflow/.local/lib/python3.12/site-packages/airflow/example_dags/example_short_circuit_decorator.py took 0.091 seconds
[2024-10-16T17:25:25.331+0000] {processor.py:186} INFO - Started process (PID=560) to work on /home/airflow/.local/lib/python3.12/site-packages/airflow/example_dags/example_short_circuit_decorator.py
[2024-10-16T17:25:25.332+0000] {processor.py:914} INFO - Processing file /home/airflow/.local/lib/python3.12/site-packages/airflow/example_dags/example_short_circuit_decorator.py for tasks to queue
[2024-10-16T17:25:25.335+0000] {logging_mixin.py:190} INFO - [2024-10-16T17:25:25.334+0000] {dagbag.py:588} INFO - Filling up the DagBag from /home/airflow/.local/lib/python3.12/site-packages/airflow/example_dags/example_short_circuit_decorator.py
[2024-10-16T17:25:25.346+0000] {processor.py:925} INFO - DAG(s) 'example_short_circuit_decorator' retrieved from /home/airflow/.local/lib/python3.12/site-packages/airflow/example_dags/example_short_circuit_decorator.py
[2024-10-16T17:25:25.381+0000] {logging_mixin.py:190} INFO - [2024-10-16T17:25:25.381+0000] {dag.py:3239} INFO - Sync 1 DAGs
[2024-10-16T17:25:25.401+0000] {logging_mixin.py:190} INFO - [2024-10-16T17:25:25.401+0000] {dag.py:4180} INFO - Setting next_dagrun for example_short_circuit_decorator to None, run_after=None
[2024-10-16T17:25:25.426+0000] {processor.py:208} INFO - Processing /home/airflow/.local/lib/python3.12/site-packages/airflow/example_dags/example_short_circuit_decorator.py took 0.103 seconds
[2024-10-16T17:25:55.598+0000] {processor.py:186} INFO - Started process (PID=622) to work on /home/airflow/.local/lib/python3.12/site-packages/airflow/example_dags/example_short_circuit_decorator.py
[2024-10-16T17:25:55.600+0000] {processor.py:914} INFO - Processing file /home/airflow/.local/lib/python3.12/site-packages/airflow/example_dags/example_short_circuit_decorator.py for tasks to queue
[2024-10-16T17:25:55.603+0000] {logging_mixin.py:190} INFO - [2024-10-16T17:25:55.603+0000] {dagbag.py:588} INFO - Filling up the DagBag from /home/airflow/.local/lib/python3.12/site-packages/airflow/example_dags/example_short_circuit_decorator.py
[2024-10-16T17:25:55.616+0000] {processor.py:925} INFO - DAG(s) 'example_short_circuit_decorator' retrieved from /home/airflow/.local/lib/python3.12/site-packages/airflow/example_dags/example_short_circuit_decorator.py
[2024-10-16T17:25:55.644+0000] {logging_mixin.py:190} INFO - [2024-10-16T17:25:55.644+0000] {dag.py:3239} INFO - Sync 1 DAGs
[2024-10-16T17:25:55.661+0000] {logging_mixin.py:190} INFO - [2024-10-16T17:25:55.661+0000] {dag.py:4180} INFO - Setting next_dagrun for example_short_circuit_decorator to None, run_after=None
[2024-10-16T17:25:55.683+0000] {processor.py:208} INFO - Processing /home/airflow/.local/lib/python3.12/site-packages/airflow/example_dags/example_short_circuit_decorator.py took 0.093 seconds
[2024-10-16T17:26:26.356+0000] {processor.py:186} INFO - Started process (PID=684) to work on /home/airflow/.local/lib/python3.12/site-packages/airflow/example_dags/example_short_circuit_decorator.py
[2024-10-16T17:26:26.357+0000] {processor.py:914} INFO - Processing file /home/airflow/.local/lib/python3.12/site-packages/airflow/example_dags/example_short_circuit_decorator.py for tasks to queue
[2024-10-16T17:26:26.360+0000] {logging_mixin.py:190} INFO - [2024-10-16T17:26:26.360+0000] {dagbag.py:588} INFO - Filling up the DagBag from /home/airflow/.local/lib/python3.12/site-packages/airflow/example_dags/example_short_circuit_decorator.py
[2024-10-16T17:26:26.373+0000] {processor.py:925} INFO - DAG(s) 'example_short_circuit_decorator' retrieved from /home/airflow/.local/lib/python3.12/site-packages/airflow/example_dags/example_short_circuit_decorator.py
[2024-10-16T17:26:26.406+0000] {logging_mixin.py:190} INFO - [2024-10-16T17:26:26.406+0000] {dag.py:3239} INFO - Sync 1 DAGs
[2024-10-16T17:26:26.423+0000] {logging_mixin.py:190} INFO - [2024-10-16T17:26:26.423+0000] {dag.py:4180} INFO - Setting next_dagrun for example_short_circuit_decorator to None, run_after=None
[2024-10-16T17:26:26.447+0000] {processor.py:208} INFO - Processing /home/airflow/.local/lib/python3.12/site-packages/airflow/example_dags/example_short_circuit_decorator.py took 0.099 seconds
[2024-10-16T17:26:56.627+0000] {processor.py:186} INFO - Started process (PID=746) to work on /home/airflow/.local/lib/python3.12/site-packages/airflow/example_dags/example_short_circuit_decorator.py
[2024-10-16T17:26:56.629+0000] {processor.py:914} INFO - Processing file /home/airflow/.local/lib/python3.12/site-packages/airflow/example_dags/example_short_circuit_decorator.py for tasks to queue
[2024-10-16T17:26:56.633+0000] {logging_mixin.py:190} INFO - [2024-10-16T17:26:56.632+0000] {dagbag.py:588} INFO - Filling up the DagBag from /home/airflow/.local/lib/python3.12/site-packages/airflow/example_dags/example_short_circuit_decorator.py
[2024-10-16T17:26:56.653+0000] {processor.py:925} INFO - DAG(s) 'example_short_circuit_decorator' retrieved from /home/airflow/.local/lib/python3.12/site-packages/airflow/example_dags/example_short_circuit_decorator.py
[2024-10-16T17:26:56.720+0000] {logging_mixin.py:190} INFO - [2024-10-16T17:26:56.719+0000] {dag.py:3239} INFO - Sync 1 DAGs
[2024-10-16T17:26:56.762+0000] {logging_mixin.py:190} INFO - [2024-10-16T17:26:56.761+0000] {dag.py:4180} INFO - Setting next_dagrun for example_short_circuit_decorator to None, run_after=None
[2024-10-16T17:26:56.797+0000] {processor.py:208} INFO - Processing /home/airflow/.local/lib/python3.12/site-packages/airflow/example_dags/example_short_circuit_decorator.py took 0.184 seconds
[2024-10-16T17:27:27.201+0000] {processor.py:186} INFO - Started process (PID=808) to work on /home/airflow/.local/lib/python3.12/site-packages/airflow/example_dags/example_short_circuit_decorator.py
[2024-10-16T17:27:27.202+0000] {processor.py:914} INFO - Processing file /home/airflow/.local/lib/python3.12/site-packages/airflow/example_dags/example_short_circuit_decorator.py for tasks to queue
[2024-10-16T17:27:27.205+0000] {logging_mixin.py:190} INFO - [2024-10-16T17:27:27.205+0000] {dagbag.py:588} INFO - Filling up the DagBag from /home/airflow/.local/lib/python3.12/site-packages/airflow/example_dags/example_short_circuit_decorator.py
[2024-10-16T17:27:27.217+0000] {processor.py:925} INFO - DAG(s) 'example_short_circuit_decorator' retrieved from /home/airflow/.local/lib/python3.12/site-packages/airflow/example_dags/example_short_circuit_decorator.py
[2024-10-16T17:27:27.245+0000] {logging_mixin.py:190} INFO - [2024-10-16T17:27:27.244+0000] {dag.py:3239} INFO - Sync 1 DAGs
[2024-10-16T17:27:27.264+0000] {logging_mixin.py:190} INFO - [2024-10-16T17:27:27.264+0000] {dag.py:4180} INFO - Setting next_dagrun for example_short_circuit_decorator to None, run_after=None
[2024-10-16T17:27:27.290+0000] {processor.py:208} INFO - Processing /home/airflow/.local/lib/python3.12/site-packages/airflow/example_dags/example_short_circuit_decorator.py took 0.096 seconds
[2024-10-16T17:27:57.779+0000] {processor.py:186} INFO - Started process (PID=870) to work on /home/airflow/.local/lib/python3.12/site-packages/airflow/example_dags/example_short_circuit_decorator.py
[2024-10-16T17:27:57.780+0000] {processor.py:914} INFO - Processing file /home/airflow/.local/lib/python3.12/site-packages/airflow/example_dags/example_short_circuit_decorator.py for tasks to queue
[2024-10-16T17:27:57.783+0000] {logging_mixin.py:190} INFO - [2024-10-16T17:27:57.782+0000] {dagbag.py:588} INFO - Filling up the DagBag from /home/airflow/.local/lib/python3.12/site-packages/airflow/example_dags/example_short_circuit_decorator.py
[2024-10-16T17:27:57.794+0000] {processor.py:925} INFO - DAG(s) 'example_short_circuit_decorator' retrieved from /home/airflow/.local/lib/python3.12/site-packages/airflow/example_dags/example_short_circuit_decorator.py
[2024-10-16T17:27:57.823+0000] {logging_mixin.py:190} INFO - [2024-10-16T17:27:57.822+0000] {dag.py:3239} INFO - Sync 1 DAGs
[2024-10-16T17:27:57.842+0000] {logging_mixin.py:190} INFO - [2024-10-16T17:27:57.841+0000] {dag.py:4180} INFO - Setting next_dagrun for example_short_circuit_decorator to None, run_after=None
[2024-10-16T17:27:57.871+0000] {processor.py:208} INFO - Processing /home/airflow/.local/lib/python3.12/site-packages/airflow/example_dags/example_short_circuit_decorator.py took 0.099 seconds
[2024-10-16T17:28:28.230+0000] {processor.py:186} INFO - Started process (PID=932) to work on /home/airflow/.local/lib/python3.12/site-packages/airflow/example_dags/example_short_circuit_decorator.py
[2024-10-16T17:28:28.231+0000] {processor.py:914} INFO - Processing file /home/airflow/.local/lib/python3.12/site-packages/airflow/example_dags/example_short_circuit_decorator.py for tasks to queue
[2024-10-16T17:28:28.234+0000] {logging_mixin.py:190} INFO - [2024-10-16T17:28:28.234+0000] {dagbag.py:588} INFO - Filling up the DagBag from /home/airflow/.local/lib/python3.12/site-packages/airflow/example_dags/example_short_circuit_decorator.py
[2024-10-16T17:28:28.245+0000] {processor.py:925} INFO - DAG(s) 'example_short_circuit_decorator' retrieved from /home/airflow/.local/lib/python3.12/site-packages/airflow/example_dags/example_short_circuit_decorator.py
[2024-10-16T17:28:28.273+0000] {logging_mixin.py:190} INFO - [2024-10-16T17:28:28.272+0000] {dag.py:3239} INFO - Sync 1 DAGs
[2024-10-16T17:28:28.289+0000] {logging_mixin.py:190} INFO - [2024-10-16T17:28:28.289+0000] {dag.py:4180} INFO - Setting next_dagrun for example_short_circuit_decorator to None, run_after=None
[2024-10-16T17:28:28.310+0000] {processor.py:208} INFO - Processing /home/airflow/.local/lib/python3.12/site-packages/airflow/example_dags/example_short_circuit_decorator.py took 0.087 seconds
[2024-10-16T17:28:58.663+0000] {processor.py:186} INFO - Started process (PID=994) to work on /home/airflow/.local/lib/python3.12/site-packages/airflow/example_dags/example_short_circuit_decorator.py
[2024-10-16T17:28:58.665+0000] {processor.py:914} INFO - Processing file /home/airflow/.local/lib/python3.12/site-packages/airflow/example_dags/example_short_circuit_decorator.py for tasks to queue
[2024-10-16T17:28:58.667+0000] {logging_mixin.py:190} INFO - [2024-10-16T17:28:58.667+0000] {dagbag.py:588} INFO - Filling up the DagBag from /home/airflow/.local/lib/python3.12/site-packages/airflow/example_dags/example_short_circuit_decorator.py
[2024-10-16T17:28:58.678+0000] {processor.py:925} INFO - DAG(s) 'example_short_circuit_decorator' retrieved from /home/airflow/.local/lib/python3.12/site-packages/airflow/example_dags/example_short_circuit_decorator.py
[2024-10-16T17:28:58.706+0000] {logging_mixin.py:190} INFO - [2024-10-16T17:28:58.706+0000] {dag.py:3239} INFO - Sync 1 DAGs
[2024-10-16T17:28:58.725+0000] {logging_mixin.py:190} INFO - [2024-10-16T17:28:58.725+0000] {dag.py:4180} INFO - Setting next_dagrun for example_short_circuit_decorator to None, run_after=None
[2024-10-16T17:28:58.748+0000] {processor.py:208} INFO - Processing /home/airflow/.local/lib/python3.12/site-packages/airflow/example_dags/example_short_circuit_decorator.py took 0.091 seconds
[2024-10-16T17:29:29.318+0000] {processor.py:186} INFO - Started process (PID=1056) to work on /home/airflow/.local/lib/python3.12/site-packages/airflow/example_dags/example_short_circuit_decorator.py
[2024-10-16T17:29:29.319+0000] {processor.py:914} INFO - Processing file /home/airflow/.local/lib/python3.12/site-packages/airflow/example_dags/example_short_circuit_decorator.py for tasks to queue
[2024-10-16T17:29:29.322+0000] {logging_mixin.py:190} INFO - [2024-10-16T17:29:29.321+0000] {dagbag.py:588} INFO - Filling up the DagBag from /home/airflow/.local/lib/python3.12/site-packages/airflow/example_dags/example_short_circuit_decorator.py
[2024-10-16T17:29:29.333+0000] {processor.py:925} INFO - DAG(s) 'example_short_circuit_decorator' retrieved from /home/airflow/.local/lib/python3.12/site-packages/airflow/example_dags/example_short_circuit_decorator.py
[2024-10-16T17:29:29.364+0000] {logging_mixin.py:190} INFO - [2024-10-16T17:29:29.364+0000] {dag.py:3239} INFO - Sync 1 DAGs
[2024-10-16T17:29:29.382+0000] {logging_mixin.py:190} INFO - [2024-10-16T17:29:29.382+0000] {dag.py:4180} INFO - Setting next_dagrun for example_short_circuit_decorator to None, run_after=None
[2024-10-16T17:29:29.407+0000] {processor.py:208} INFO - Processing /home/airflow/.local/lib/python3.12/site-packages/airflow/example_dags/example_short_circuit_decorator.py took 0.096 seconds
[2024-10-16T17:29:59.696+0000] {processor.py:186} INFO - Started process (PID=1118) to work on /home/airflow/.local/lib/python3.12/site-packages/airflow/example_dags/example_short_circuit_decorator.py
[2024-10-16T17:29:59.697+0000] {processor.py:914} INFO - Processing file /home/airflow/.local/lib/python3.12/site-packages/airflow/example_dags/example_short_circuit_decorator.py for tasks to queue
[2024-10-16T17:29:59.700+0000] {logging_mixin.py:190} INFO - [2024-10-16T17:29:59.700+0000] {dagbag.py:588} INFO - Filling up the DagBag from /home/airflow/.local/lib/python3.12/site-packages/airflow/example_dags/example_short_circuit_decorator.py
[2024-10-16T17:29:59.712+0000] {processor.py:925} INFO - DAG(s) 'example_short_circuit_decorator' retrieved from /home/airflow/.local/lib/python3.12/site-packages/airflow/example_dags/example_short_circuit_decorator.py
[2024-10-16T17:29:59.741+0000] {logging_mixin.py:190} INFO - [2024-10-16T17:29:59.741+0000] {dag.py:3239} INFO - Sync 1 DAGs
[2024-10-16T17:29:59.761+0000] {logging_mixin.py:190} INFO - [2024-10-16T17:29:59.761+0000] {dag.py:4180} INFO - Setting next_dagrun for example_short_circuit_decorator to None, run_after=None
[2024-10-16T17:29:59.782+0000] {processor.py:208} INFO - Processing /home/airflow/.local/lib/python3.12/site-packages/airflow/example_dags/example_short_circuit_decorator.py took 0.093 seconds
