[2024-10-16T16:38:11.935+0000] {processor.py:186} INFO - Started process (PID=114) to work on /home/airflow/.local/lib/python3.12/site-packages/airflow/example_dags/example_latest_only.py
[2024-10-16T16:38:11.936+0000] {processor.py:914} INFO - Processing file /home/airflow/.local/lib/python3.12/site-packages/airflow/example_dags/example_latest_only.py for tasks to queue
[2024-10-16T16:38:11.940+0000] {logging_mixin.py:190} INFO - [2024-10-16T16:38:11.940+0000] {dagbag.py:588} INFO - Filling up the DagBag from /home/airflow/.local/lib/python3.12/site-packages/airflow/example_dags/example_latest_only.py
[2024-10-16T16:38:11.959+0000] {processor.py:925} INFO - DAG(s) 'latest_only' retrieved from /home/airflow/.local/lib/python3.12/site-packages/airflow/example_dags/example_latest_only.py
[2024-10-16T16:38:12.194+0000] {logging_mixin.py:190} INFO - [2024-10-16T16:38:12.193+0000] {override.py:1900} INFO - Created Permission View: can delete on DAG:latest_only
[2024-10-16T16:38:12.216+0000] {logging_mixin.py:190} INFO - [2024-10-16T16:38:12.215+0000] {override.py:1900} INFO - Created Permission View: can edit on DAG:latest_only
[2024-10-16T16:38:12.227+0000] {logging_mixin.py:190} INFO - [2024-10-16T16:38:12.226+0000] {override.py:1900} INFO - Created Permission View: can read on DAG:latest_only
[2024-10-16T16:38:12.240+0000] {logging_mixin.py:190} INFO - [2024-10-16T16:38:12.240+0000] {override.py:1900} INFO - Created Permission View: menu access on DAG Run:latest_only
[2024-10-16T16:38:12.249+0000] {logging_mixin.py:190} INFO - [2024-10-16T16:38:12.249+0000] {override.py:1900} INFO - Created Permission View: can create on DAG Run:latest_only
[2024-10-16T16:38:12.258+0000] {logging_mixin.py:190} INFO - [2024-10-16T16:38:12.257+0000] {override.py:1900} INFO - Created Permission View: can delete on DAG Run:latest_only
[2024-10-16T16:38:12.269+0000] {logging_mixin.py:190} INFO - [2024-10-16T16:38:12.269+0000] {override.py:1900} INFO - Created Permission View: can read on DAG Run:latest_only
[2024-10-16T16:38:12.270+0000] {logging_mixin.py:190} INFO - [2024-10-16T16:38:12.270+0000] {dag.py:3239} INFO - Sync 1 DAGs
[2024-10-16T16:38:12.289+0000] {logging_mixin.py:190} INFO - [2024-10-16T16:38:12.288+0000] {dag.py:3262} INFO - Creating ORM DAG for latest_only
[2024-10-16T16:38:12.306+0000] {logging_mixin.py:190} INFO - [2024-10-16T16:38:12.306+0000] {dag.py:4180} INFO - Setting next_dagrun for latest_only to 2024-10-16 12:00:00+00:00, run_after=2024-10-16 16:00:00+00:00
[2024-10-16T16:38:12.359+0000] {processor.py:208} INFO - Processing /home/airflow/.local/lib/python3.12/site-packages/airflow/example_dags/example_latest_only.py took 0.434 seconds
[2024-10-16T16:38:42.794+0000] {processor.py:186} INFO - Started process (PID=176) to work on /home/airflow/.local/lib/python3.12/site-packages/airflow/example_dags/example_latest_only.py
[2024-10-16T16:38:42.796+0000] {processor.py:914} INFO - Processing file /home/airflow/.local/lib/python3.12/site-packages/airflow/example_dags/example_latest_only.py for tasks to queue
[2024-10-16T16:38:42.799+0000] {logging_mixin.py:190} INFO - [2024-10-16T16:38:42.798+0000] {dagbag.py:588} INFO - Filling up the DagBag from /home/airflow/.local/lib/python3.12/site-packages/airflow/example_dags/example_latest_only.py
[2024-10-16T16:38:42.811+0000] {processor.py:925} INFO - DAG(s) 'latest_only' retrieved from /home/airflow/.local/lib/python3.12/site-packages/airflow/example_dags/example_latest_only.py
[2024-10-16T16:38:42.838+0000] {logging_mixin.py:190} INFO - [2024-10-16T16:38:42.838+0000] {dag.py:3239} INFO - Sync 1 DAGs
[2024-10-16T16:38:42.872+0000] {logging_mixin.py:190} INFO - [2024-10-16T16:38:42.872+0000] {dag.py:4180} INFO - Setting next_dagrun for latest_only to 2024-10-16 12:00:00+00:00, run_after=2024-10-16 16:00:00+00:00
[2024-10-16T16:38:42.900+0000] {processor.py:208} INFO - Processing /home/airflow/.local/lib/python3.12/site-packages/airflow/example_dags/example_latest_only.py took 0.116 seconds
[2024-10-16T16:39:13.586+0000] {processor.py:186} INFO - Started process (PID=238) to work on /home/airflow/.local/lib/python3.12/site-packages/airflow/example_dags/example_latest_only.py
[2024-10-16T16:39:13.587+0000] {processor.py:914} INFO - Processing file /home/airflow/.local/lib/python3.12/site-packages/airflow/example_dags/example_latest_only.py for tasks to queue
[2024-10-16T16:39:13.590+0000] {logging_mixin.py:190} INFO - [2024-10-16T16:39:13.589+0000] {dagbag.py:588} INFO - Filling up the DagBag from /home/airflow/.local/lib/python3.12/site-packages/airflow/example_dags/example_latest_only.py
[2024-10-16T16:39:13.598+0000] {processor.py:925} INFO - DAG(s) 'latest_only' retrieved from /home/airflow/.local/lib/python3.12/site-packages/airflow/example_dags/example_latest_only.py
[2024-10-16T16:39:13.620+0000] {logging_mixin.py:190} INFO - [2024-10-16T16:39:13.619+0000] {dag.py:3239} INFO - Sync 1 DAGs
[2024-10-16T16:39:13.650+0000] {logging_mixin.py:190} INFO - [2024-10-16T16:39:13.650+0000] {dag.py:4180} INFO - Setting next_dagrun for latest_only to 2024-10-16 12:00:00+00:00, run_after=2024-10-16 16:00:00+00:00
[2024-10-16T16:39:13.676+0000] {processor.py:208} INFO - Processing /home/airflow/.local/lib/python3.12/site-packages/airflow/example_dags/example_latest_only.py took 0.098 seconds
[2024-10-16T16:39:43.985+0000] {processor.py:186} INFO - Started process (PID=300) to work on /home/airflow/.local/lib/python3.12/site-packages/airflow/example_dags/example_latest_only.py
[2024-10-16T16:39:43.986+0000] {processor.py:914} INFO - Processing file /home/airflow/.local/lib/python3.12/site-packages/airflow/example_dags/example_latest_only.py for tasks to queue
[2024-10-16T16:39:43.989+0000] {logging_mixin.py:190} INFO - [2024-10-16T16:39:43.989+0000] {dagbag.py:588} INFO - Filling up the DagBag from /home/airflow/.local/lib/python3.12/site-packages/airflow/example_dags/example_latest_only.py
[2024-10-16T16:39:43.997+0000] {processor.py:925} INFO - DAG(s) 'latest_only' retrieved from /home/airflow/.local/lib/python3.12/site-packages/airflow/example_dags/example_latest_only.py
[2024-10-16T16:39:44.019+0000] {logging_mixin.py:190} INFO - [2024-10-16T16:39:44.019+0000] {dag.py:3239} INFO - Sync 1 DAGs
[2024-10-16T16:39:44.046+0000] {logging_mixin.py:190} INFO - [2024-10-16T16:39:44.046+0000] {dag.py:4180} INFO - Setting next_dagrun for latest_only to 2024-10-16 12:00:00+00:00, run_after=2024-10-16 16:00:00+00:00
[2024-10-16T16:39:44.067+0000] {processor.py:208} INFO - Processing /home/airflow/.local/lib/python3.12/site-packages/airflow/example_dags/example_latest_only.py took 0.088 seconds
[2024-10-16T16:40:14.424+0000] {processor.py:186} INFO - Started process (PID=363) to work on /home/airflow/.local/lib/python3.12/site-packages/airflow/example_dags/example_latest_only.py
[2024-10-16T16:40:14.425+0000] {processor.py:914} INFO - Processing file /home/airflow/.local/lib/python3.12/site-packages/airflow/example_dags/example_latest_only.py for tasks to queue
[2024-10-16T16:40:14.427+0000] {logging_mixin.py:190} INFO - [2024-10-16T16:40:14.427+0000] {dagbag.py:588} INFO - Filling up the DagBag from /home/airflow/.local/lib/python3.12/site-packages/airflow/example_dags/example_latest_only.py
[2024-10-16T16:40:14.435+0000] {processor.py:925} INFO - DAG(s) 'latest_only' retrieved from /home/airflow/.local/lib/python3.12/site-packages/airflow/example_dags/example_latest_only.py
[2024-10-16T16:40:14.458+0000] {logging_mixin.py:190} INFO - [2024-10-16T16:40:14.457+0000] {dag.py:3239} INFO - Sync 1 DAGs
[2024-10-16T16:40:14.486+0000] {logging_mixin.py:190} INFO - [2024-10-16T16:40:14.486+0000] {dag.py:4180} INFO - Setting next_dagrun for latest_only to 2024-10-16 12:00:00+00:00, run_after=2024-10-16 16:00:00+00:00
[2024-10-16T16:40:14.511+0000] {processor.py:208} INFO - Processing /home/airflow/.local/lib/python3.12/site-packages/airflow/example_dags/example_latest_only.py took 0.095 seconds
[2024-10-16T16:40:44.960+0000] {processor.py:186} INFO - Started process (PID=425) to work on /home/airflow/.local/lib/python3.12/site-packages/airflow/example_dags/example_latest_only.py
[2024-10-16T16:40:44.961+0000] {processor.py:914} INFO - Processing file /home/airflow/.local/lib/python3.12/site-packages/airflow/example_dags/example_latest_only.py for tasks to queue
[2024-10-16T16:40:44.964+0000] {logging_mixin.py:190} INFO - [2024-10-16T16:40:44.963+0000] {dagbag.py:588} INFO - Filling up the DagBag from /home/airflow/.local/lib/python3.12/site-packages/airflow/example_dags/example_latest_only.py
[2024-10-16T16:40:44.971+0000] {processor.py:925} INFO - DAG(s) 'latest_only' retrieved from /home/airflow/.local/lib/python3.12/site-packages/airflow/example_dags/example_latest_only.py
[2024-10-16T16:40:44.992+0000] {logging_mixin.py:190} INFO - [2024-10-16T16:40:44.992+0000] {dag.py:3239} INFO - Sync 1 DAGs
[2024-10-16T16:40:45.020+0000] {logging_mixin.py:190} INFO - [2024-10-16T16:40:45.020+0000] {dag.py:4180} INFO - Setting next_dagrun for latest_only to 2024-10-16 12:00:00+00:00, run_after=2024-10-16 16:00:00+00:00
[2024-10-16T16:40:45.041+0000] {processor.py:208} INFO - Processing /home/airflow/.local/lib/python3.12/site-packages/airflow/example_dags/example_latest_only.py took 0.087 seconds
[2024-10-16T16:41:15.652+0000] {processor.py:186} INFO - Started process (PID=487) to work on /home/airflow/.local/lib/python3.12/site-packages/airflow/example_dags/example_latest_only.py
[2024-10-16T16:41:15.654+0000] {processor.py:914} INFO - Processing file /home/airflow/.local/lib/python3.12/site-packages/airflow/example_dags/example_latest_only.py for tasks to queue
[2024-10-16T16:41:15.656+0000] {logging_mixin.py:190} INFO - [2024-10-16T16:41:15.656+0000] {dagbag.py:588} INFO - Filling up the DagBag from /home/airflow/.local/lib/python3.12/site-packages/airflow/example_dags/example_latest_only.py
[2024-10-16T16:41:15.664+0000] {processor.py:925} INFO - DAG(s) 'latest_only' retrieved from /home/airflow/.local/lib/python3.12/site-packages/airflow/example_dags/example_latest_only.py
[2024-10-16T16:41:15.687+0000] {logging_mixin.py:190} INFO - [2024-10-16T16:41:15.686+0000] {dag.py:3239} INFO - Sync 1 DAGs
[2024-10-16T16:41:15.719+0000] {logging_mixin.py:190} INFO - [2024-10-16T16:41:15.719+0000] {dag.py:4180} INFO - Setting next_dagrun for latest_only to 2024-10-16 12:00:00+00:00, run_after=2024-10-16 16:00:00+00:00
[2024-10-16T16:41:15.742+0000] {processor.py:208} INFO - Processing /home/airflow/.local/lib/python3.12/site-packages/airflow/example_dags/example_latest_only.py took 0.098 seconds
[2024-10-16T16:41:45.835+0000] {processor.py:186} INFO - Started process (PID=549) to work on /home/airflow/.local/lib/python3.12/site-packages/airflow/example_dags/example_latest_only.py
[2024-10-16T16:41:45.836+0000] {processor.py:914} INFO - Processing file /home/airflow/.local/lib/python3.12/site-packages/airflow/example_dags/example_latest_only.py for tasks to queue
[2024-10-16T16:41:45.839+0000] {logging_mixin.py:190} INFO - [2024-10-16T16:41:45.839+0000] {dagbag.py:588} INFO - Filling up the DagBag from /home/airflow/.local/lib/python3.12/site-packages/airflow/example_dags/example_latest_only.py
[2024-10-16T16:41:45.848+0000] {processor.py:925} INFO - DAG(s) 'latest_only' retrieved from /home/airflow/.local/lib/python3.12/site-packages/airflow/example_dags/example_latest_only.py
[2024-10-16T16:41:45.873+0000] {logging_mixin.py:190} INFO - [2024-10-16T16:41:45.872+0000] {dag.py:3239} INFO - Sync 1 DAGs
[2024-10-16T16:41:45.904+0000] {logging_mixin.py:190} INFO - [2024-10-16T16:41:45.904+0000] {dag.py:4180} INFO - Setting next_dagrun for latest_only to 2024-10-16 12:00:00+00:00, run_after=2024-10-16 16:00:00+00:00
[2024-10-16T16:41:45.927+0000] {processor.py:208} INFO - Processing /home/airflow/.local/lib/python3.12/site-packages/airflow/example_dags/example_latest_only.py took 0.099 seconds
[2024-10-16T16:42:16.484+0000] {processor.py:186} INFO - Started process (PID=611) to work on /home/airflow/.local/lib/python3.12/site-packages/airflow/example_dags/example_latest_only.py
[2024-10-16T16:42:16.485+0000] {processor.py:914} INFO - Processing file /home/airflow/.local/lib/python3.12/site-packages/airflow/example_dags/example_latest_only.py for tasks to queue
[2024-10-16T16:42:16.488+0000] {logging_mixin.py:190} INFO - [2024-10-16T16:42:16.487+0000] {dagbag.py:588} INFO - Filling up the DagBag from /home/airflow/.local/lib/python3.12/site-packages/airflow/example_dags/example_latest_only.py
[2024-10-16T16:42:16.495+0000] {processor.py:925} INFO - DAG(s) 'latest_only' retrieved from /home/airflow/.local/lib/python3.12/site-packages/airflow/example_dags/example_latest_only.py
[2024-10-16T16:42:16.517+0000] {logging_mixin.py:190} INFO - [2024-10-16T16:42:16.517+0000] {dag.py:3239} INFO - Sync 1 DAGs
[2024-10-16T16:42:16.546+0000] {logging_mixin.py:190} INFO - [2024-10-16T16:42:16.545+0000] {dag.py:4180} INFO - Setting next_dagrun for latest_only to 2024-10-16 12:00:00+00:00, run_after=2024-10-16 16:00:00+00:00
[2024-10-16T16:42:16.567+0000] {processor.py:208} INFO - Processing /home/airflow/.local/lib/python3.12/site-packages/airflow/example_dags/example_latest_only.py took 0.090 seconds
[2024-10-16T16:42:46.774+0000] {processor.py:186} INFO - Started process (PID=673) to work on /home/airflow/.local/lib/python3.12/site-packages/airflow/example_dags/example_latest_only.py
[2024-10-16T16:42:46.775+0000] {processor.py:914} INFO - Processing file /home/airflow/.local/lib/python3.12/site-packages/airflow/example_dags/example_latest_only.py for tasks to queue
[2024-10-16T16:42:46.778+0000] {logging_mixin.py:190} INFO - [2024-10-16T16:42:46.777+0000] {dagbag.py:588} INFO - Filling up the DagBag from /home/airflow/.local/lib/python3.12/site-packages/airflow/example_dags/example_latest_only.py
[2024-10-16T16:42:46.785+0000] {processor.py:925} INFO - DAG(s) 'latest_only' retrieved from /home/airflow/.local/lib/python3.12/site-packages/airflow/example_dags/example_latest_only.py
[2024-10-16T16:42:46.807+0000] {logging_mixin.py:190} INFO - [2024-10-16T16:42:46.806+0000] {dag.py:3239} INFO - Sync 1 DAGs
[2024-10-16T16:42:46.834+0000] {logging_mixin.py:190} INFO - [2024-10-16T16:42:46.834+0000] {dag.py:4180} INFO - Setting next_dagrun for latest_only to 2024-10-16 12:00:00+00:00, run_after=2024-10-16 16:00:00+00:00
[2024-10-16T16:42:46.857+0000] {processor.py:208} INFO - Processing /home/airflow/.local/lib/python3.12/site-packages/airflow/example_dags/example_latest_only.py took 0.089 seconds
[2024-10-16T17:21:25.793+0000] {processor.py:186} INFO - Started process (PID=105) to work on /home/airflow/.local/lib/python3.12/site-packages/airflow/example_dags/example_latest_only.py
[2024-10-16T17:21:25.794+0000] {processor.py:914} INFO - Processing file /home/airflow/.local/lib/python3.12/site-packages/airflow/example_dags/example_latest_only.py for tasks to queue
[2024-10-16T17:21:25.797+0000] {logging_mixin.py:190} INFO - [2024-10-16T17:21:25.796+0000] {dagbag.py:588} INFO - Filling up the DagBag from /home/airflow/.local/lib/python3.12/site-packages/airflow/example_dags/example_latest_only.py
[2024-10-16T17:21:25.804+0000] {processor.py:925} INFO - DAG(s) 'latest_only' retrieved from /home/airflow/.local/lib/python3.12/site-packages/airflow/example_dags/example_latest_only.py
[2024-10-16T17:21:25.825+0000] {logging_mixin.py:190} INFO - [2024-10-16T17:21:25.825+0000] {dag.py:3239} INFO - Sync 1 DAGs
[2024-10-16T17:21:25.863+0000] {logging_mixin.py:190} INFO - [2024-10-16T17:21:25.863+0000] {dag.py:4180} INFO - Setting next_dagrun for latest_only to 2024-10-16 12:00:00+00:00, run_after=2024-10-16 16:00:00+00:00
[2024-10-16T17:21:25.887+0000] {processor.py:208} INFO - Processing /home/airflow/.local/lib/python3.12/site-packages/airflow/example_dags/example_latest_only.py took 0.103 seconds
[2024-10-16T17:21:56.297+0000] {processor.py:186} INFO - Started process (PID=167) to work on /home/airflow/.local/lib/python3.12/site-packages/airflow/example_dags/example_latest_only.py
[2024-10-16T17:21:56.298+0000] {processor.py:914} INFO - Processing file /home/airflow/.local/lib/python3.12/site-packages/airflow/example_dags/example_latest_only.py for tasks to queue
[2024-10-16T17:21:56.300+0000] {logging_mixin.py:190} INFO - [2024-10-16T17:21:56.300+0000] {dagbag.py:588} INFO - Filling up the DagBag from /home/airflow/.local/lib/python3.12/site-packages/airflow/example_dags/example_latest_only.py
[2024-10-16T17:21:56.307+0000] {processor.py:925} INFO - DAG(s) 'latest_only' retrieved from /home/airflow/.local/lib/python3.12/site-packages/airflow/example_dags/example_latest_only.py
[2024-10-16T17:21:56.328+0000] {logging_mixin.py:190} INFO - [2024-10-16T17:21:56.328+0000] {dag.py:3239} INFO - Sync 1 DAGs
[2024-10-16T17:21:56.357+0000] {logging_mixin.py:190} INFO - [2024-10-16T17:21:56.357+0000] {dag.py:4180} INFO - Setting next_dagrun for latest_only to 2024-10-16 12:00:00+00:00, run_after=2024-10-16 16:00:00+00:00
[2024-10-16T17:21:56.378+0000] {processor.py:208} INFO - Processing /home/airflow/.local/lib/python3.12/site-packages/airflow/example_dags/example_latest_only.py took 0.088 seconds
[2024-10-16T17:22:27.485+0000] {processor.py:186} INFO - Started process (PID=229) to work on /home/airflow/.local/lib/python3.12/site-packages/airflow/example_dags/example_latest_only.py
[2024-10-16T17:22:27.486+0000] {processor.py:914} INFO - Processing file /home/airflow/.local/lib/python3.12/site-packages/airflow/example_dags/example_latest_only.py for tasks to queue
[2024-10-16T17:22:27.490+0000] {logging_mixin.py:190} INFO - [2024-10-16T17:22:27.489+0000] {dagbag.py:588} INFO - Filling up the DagBag from /home/airflow/.local/lib/python3.12/site-packages/airflow/example_dags/example_latest_only.py
[2024-10-16T17:22:27.498+0000] {processor.py:925} INFO - DAG(s) 'latest_only' retrieved from /home/airflow/.local/lib/python3.12/site-packages/airflow/example_dags/example_latest_only.py
[2024-10-16T17:22:27.519+0000] {logging_mixin.py:190} INFO - [2024-10-16T17:22:27.519+0000] {dag.py:3239} INFO - Sync 1 DAGs
[2024-10-16T17:22:27.546+0000] {logging_mixin.py:190} INFO - [2024-10-16T17:22:27.546+0000] {dag.py:4180} INFO - Setting next_dagrun for latest_only to 2024-10-16 12:00:00+00:00, run_after=2024-10-16 16:00:00+00:00
[2024-10-16T17:22:27.570+0000] {processor.py:208} INFO - Processing /home/airflow/.local/lib/python3.12/site-packages/airflow/example_dags/example_latest_only.py took 0.092 seconds
[2024-10-16T17:22:58.094+0000] {processor.py:186} INFO - Started process (PID=291) to work on /home/airflow/.local/lib/python3.12/site-packages/airflow/example_dags/example_latest_only.py
[2024-10-16T17:22:58.096+0000] {processor.py:914} INFO - Processing file /home/airflow/.local/lib/python3.12/site-packages/airflow/example_dags/example_latest_only.py for tasks to queue
[2024-10-16T17:22:58.100+0000] {logging_mixin.py:190} INFO - [2024-10-16T17:22:58.099+0000] {dagbag.py:588} INFO - Filling up the DagBag from /home/airflow/.local/lib/python3.12/site-packages/airflow/example_dags/example_latest_only.py
[2024-10-16T17:22:58.108+0000] {processor.py:925} INFO - DAG(s) 'latest_only' retrieved from /home/airflow/.local/lib/python3.12/site-packages/airflow/example_dags/example_latest_only.py
[2024-10-16T17:22:58.134+0000] {logging_mixin.py:190} INFO - [2024-10-16T17:22:58.133+0000] {dag.py:3239} INFO - Sync 1 DAGs
[2024-10-16T17:22:58.176+0000] {logging_mixin.py:190} INFO - [2024-10-16T17:22:58.176+0000] {dag.py:4180} INFO - Setting next_dagrun for latest_only to 2024-10-16 12:00:00+00:00, run_after=2024-10-16 16:00:00+00:00
[2024-10-16T17:22:58.199+0000] {processor.py:208} INFO - Processing /home/airflow/.local/lib/python3.12/site-packages/airflow/example_dags/example_latest_only.py took 0.116 seconds
[2024-10-16T17:23:28.830+0000] {processor.py:186} INFO - Started process (PID=353) to work on /home/airflow/.local/lib/python3.12/site-packages/airflow/example_dags/example_latest_only.py
[2024-10-16T17:23:28.831+0000] {processor.py:914} INFO - Processing file /home/airflow/.local/lib/python3.12/site-packages/airflow/example_dags/example_latest_only.py for tasks to queue
[2024-10-16T17:23:28.834+0000] {logging_mixin.py:190} INFO - [2024-10-16T17:23:28.833+0000] {dagbag.py:588} INFO - Filling up the DagBag from /home/airflow/.local/lib/python3.12/site-packages/airflow/example_dags/example_latest_only.py
[2024-10-16T17:23:28.842+0000] {processor.py:925} INFO - DAG(s) 'latest_only' retrieved from /home/airflow/.local/lib/python3.12/site-packages/airflow/example_dags/example_latest_only.py
[2024-10-16T17:23:28.864+0000] {logging_mixin.py:190} INFO - [2024-10-16T17:23:28.863+0000] {dag.py:3239} INFO - Sync 1 DAGs
[2024-10-16T17:23:28.893+0000] {logging_mixin.py:190} INFO - [2024-10-16T17:23:28.893+0000] {dag.py:4180} INFO - Setting next_dagrun for latest_only to 2024-10-16 12:00:00+00:00, run_after=2024-10-16 16:00:00+00:00
[2024-10-16T17:23:28.918+0000] {processor.py:208} INFO - Processing /home/airflow/.local/lib/python3.12/site-packages/airflow/example_dags/example_latest_only.py took 0.094 seconds
[2024-10-16T17:23:59.154+0000] {processor.py:186} INFO - Started process (PID=415) to work on /home/airflow/.local/lib/python3.12/site-packages/airflow/example_dags/example_latest_only.py
[2024-10-16T17:23:59.156+0000] {processor.py:914} INFO - Processing file /home/airflow/.local/lib/python3.12/site-packages/airflow/example_dags/example_latest_only.py for tasks to queue
[2024-10-16T17:23:59.162+0000] {logging_mixin.py:190} INFO - [2024-10-16T17:23:59.161+0000] {dagbag.py:588} INFO - Filling up the DagBag from /home/airflow/.local/lib/python3.12/site-packages/airflow/example_dags/example_latest_only.py
[2024-10-16T17:23:59.179+0000] {processor.py:925} INFO - DAG(s) 'latest_only' retrieved from /home/airflow/.local/lib/python3.12/site-packages/airflow/example_dags/example_latest_only.py
[2024-10-16T17:23:59.202+0000] {logging_mixin.py:190} INFO - [2024-10-16T17:23:59.201+0000] {dag.py:3239} INFO - Sync 1 DAGs
[2024-10-16T17:23:59.230+0000] {logging_mixin.py:190} INFO - [2024-10-16T17:23:59.230+0000] {dag.py:4180} INFO - Setting next_dagrun for latest_only to 2024-10-16 12:00:00+00:00, run_after=2024-10-16 16:00:00+00:00
[2024-10-16T17:23:59.254+0000] {processor.py:208} INFO - Processing /home/airflow/.local/lib/python3.12/site-packages/airflow/example_dags/example_latest_only.py took 0.107 seconds
[2024-10-16T17:24:29.693+0000] {processor.py:186} INFO - Started process (PID=477) to work on /home/airflow/.local/lib/python3.12/site-packages/airflow/example_dags/example_latest_only.py
[2024-10-16T17:24:29.694+0000] {processor.py:914} INFO - Processing file /home/airflow/.local/lib/python3.12/site-packages/airflow/example_dags/example_latest_only.py for tasks to queue
[2024-10-16T17:24:29.697+0000] {logging_mixin.py:190} INFO - [2024-10-16T17:24:29.697+0000] {dagbag.py:588} INFO - Filling up the DagBag from /home/airflow/.local/lib/python3.12/site-packages/airflow/example_dags/example_latest_only.py
[2024-10-16T17:24:29.704+0000] {processor.py:925} INFO - DAG(s) 'latest_only' retrieved from /home/airflow/.local/lib/python3.12/site-packages/airflow/example_dags/example_latest_only.py
[2024-10-16T17:24:29.725+0000] {logging_mixin.py:190} INFO - [2024-10-16T17:24:29.725+0000] {dag.py:3239} INFO - Sync 1 DAGs
[2024-10-16T17:24:29.752+0000] {logging_mixin.py:190} INFO - [2024-10-16T17:24:29.752+0000] {dag.py:4180} INFO - Setting next_dagrun for latest_only to 2024-10-16 12:00:00+00:00, run_after=2024-10-16 16:00:00+00:00
[2024-10-16T17:24:29.773+0000] {processor.py:208} INFO - Processing /home/airflow/.local/lib/python3.12/site-packages/airflow/example_dags/example_latest_only.py took 0.087 seconds
[2024-10-16T17:24:59.810+0000] {processor.py:186} INFO - Started process (PID=538) to work on /home/airflow/.local/lib/python3.12/site-packages/airflow/example_dags/example_latest_only.py
[2024-10-16T17:24:59.811+0000] {processor.py:914} INFO - Processing file /home/airflow/.local/lib/python3.12/site-packages/airflow/example_dags/example_latest_only.py for tasks to queue
[2024-10-16T17:24:59.814+0000] {logging_mixin.py:190} INFO - [2024-10-16T17:24:59.813+0000] {dagbag.py:588} INFO - Filling up the DagBag from /home/airflow/.local/lib/python3.12/site-packages/airflow/example_dags/example_latest_only.py
[2024-10-16T17:24:59.821+0000] {processor.py:925} INFO - DAG(s) 'latest_only' retrieved from /home/airflow/.local/lib/python3.12/site-packages/airflow/example_dags/example_latest_only.py
[2024-10-16T17:24:59.842+0000] {logging_mixin.py:190} INFO - [2024-10-16T17:24:59.842+0000] {dag.py:3239} INFO - Sync 1 DAGs
[2024-10-16T17:24:59.869+0000] {logging_mixin.py:190} INFO - [2024-10-16T17:24:59.868+0000] {dag.py:4180} INFO - Setting next_dagrun for latest_only to 2024-10-16 12:00:00+00:00, run_after=2024-10-16 16:00:00+00:00
[2024-10-16T17:24:59.890+0000] {processor.py:208} INFO - Processing /home/airflow/.local/lib/python3.12/site-packages/airflow/example_dags/example_latest_only.py took 0.088 seconds
[2024-10-16T17:25:32.271+0000] {processor.py:186} INFO - Started process (PID=601) to work on /home/airflow/.local/lib/python3.12/site-packages/airflow/example_dags/example_latest_only.py
[2024-10-16T17:25:32.272+0000] {processor.py:914} INFO - Processing file /home/airflow/.local/lib/python3.12/site-packages/airflow/example_dags/example_latest_only.py for tasks to queue
[2024-10-16T17:25:32.275+0000] {logging_mixin.py:190} INFO - [2024-10-16T17:25:32.275+0000] {dagbag.py:588} INFO - Filling up the DagBag from /home/airflow/.local/lib/python3.12/site-packages/airflow/example_dags/example_latest_only.py
[2024-10-16T17:25:32.285+0000] {processor.py:925} INFO - DAG(s) 'latest_only' retrieved from /home/airflow/.local/lib/python3.12/site-packages/airflow/example_dags/example_latest_only.py
[2024-10-16T17:25:32.321+0000] {logging_mixin.py:190} INFO - [2024-10-16T17:25:32.321+0000] {dag.py:3239} INFO - Sync 1 DAGs
[2024-10-16T17:25:32.358+0000] {logging_mixin.py:190} INFO - [2024-10-16T17:25:32.358+0000] {dag.py:4180} INFO - Setting next_dagrun for latest_only to 2024-10-16 12:00:00+00:00, run_after=2024-10-16 16:00:00+00:00
[2024-10-16T17:25:32.399+0000] {processor.py:208} INFO - Processing /home/airflow/.local/lib/python3.12/site-packages/airflow/example_dags/example_latest_only.py took 0.135 seconds
[2024-10-16T17:26:03.053+0000] {processor.py:186} INFO - Started process (PID=663) to work on /home/airflow/.local/lib/python3.12/site-packages/airflow/example_dags/example_latest_only.py
[2024-10-16T17:26:03.054+0000] {processor.py:914} INFO - Processing file /home/airflow/.local/lib/python3.12/site-packages/airflow/example_dags/example_latest_only.py for tasks to queue
[2024-10-16T17:26:03.057+0000] {logging_mixin.py:190} INFO - [2024-10-16T17:26:03.056+0000] {dagbag.py:588} INFO - Filling up the DagBag from /home/airflow/.local/lib/python3.12/site-packages/airflow/example_dags/example_latest_only.py
[2024-10-16T17:26:03.066+0000] {processor.py:925} INFO - DAG(s) 'latest_only' retrieved from /home/airflow/.local/lib/python3.12/site-packages/airflow/example_dags/example_latest_only.py
[2024-10-16T17:26:03.088+0000] {logging_mixin.py:190} INFO - [2024-10-16T17:26:03.088+0000] {dag.py:3239} INFO - Sync 1 DAGs
[2024-10-16T17:26:03.119+0000] {logging_mixin.py:190} INFO - [2024-10-16T17:26:03.119+0000] {dag.py:4180} INFO - Setting next_dagrun for latest_only to 2024-10-16 12:00:00+00:00, run_after=2024-10-16 16:00:00+00:00
[2024-10-16T17:26:03.142+0000] {processor.py:208} INFO - Processing /home/airflow/.local/lib/python3.12/site-packages/airflow/example_dags/example_latest_only.py took 0.095 seconds
[2024-10-16T17:26:33.400+0000] {processor.py:186} INFO - Started process (PID=725) to work on /home/airflow/.local/lib/python3.12/site-packages/airflow/example_dags/example_latest_only.py
[2024-10-16T17:26:33.402+0000] {processor.py:914} INFO - Processing file /home/airflow/.local/lib/python3.12/site-packages/airflow/example_dags/example_latest_only.py for tasks to queue
[2024-10-16T17:26:33.404+0000] {logging_mixin.py:190} INFO - [2024-10-16T17:26:33.404+0000] {dagbag.py:588} INFO - Filling up the DagBag from /home/airflow/.local/lib/python3.12/site-packages/airflow/example_dags/example_latest_only.py
[2024-10-16T17:26:33.412+0000] {processor.py:925} INFO - DAG(s) 'latest_only' retrieved from /home/airflow/.local/lib/python3.12/site-packages/airflow/example_dags/example_latest_only.py
[2024-10-16T17:26:33.434+0000] {logging_mixin.py:190} INFO - [2024-10-16T17:26:33.433+0000] {dag.py:3239} INFO - Sync 1 DAGs
[2024-10-16T17:26:33.460+0000] {logging_mixin.py:190} INFO - [2024-10-16T17:26:33.460+0000] {dag.py:4180} INFO - Setting next_dagrun for latest_only to 2024-10-16 12:00:00+00:00, run_after=2024-10-16 16:00:00+00:00
[2024-10-16T17:26:33.485+0000] {processor.py:208} INFO - Processing /home/airflow/.local/lib/python3.12/site-packages/airflow/example_dags/example_latest_only.py took 0.091 seconds
[2024-10-16T17:27:04.051+0000] {processor.py:186} INFO - Started process (PID=787) to work on /home/airflow/.local/lib/python3.12/site-packages/airflow/example_dags/example_latest_only.py
[2024-10-16T17:27:04.053+0000] {processor.py:914} INFO - Processing file /home/airflow/.local/lib/python3.12/site-packages/airflow/example_dags/example_latest_only.py for tasks to queue
[2024-10-16T17:27:04.055+0000] {logging_mixin.py:190} INFO - [2024-10-16T17:27:04.055+0000] {dagbag.py:588} INFO - Filling up the DagBag from /home/airflow/.local/lib/python3.12/site-packages/airflow/example_dags/example_latest_only.py
[2024-10-16T17:27:04.063+0000] {processor.py:925} INFO - DAG(s) 'latest_only' retrieved from /home/airflow/.local/lib/python3.12/site-packages/airflow/example_dags/example_latest_only.py
[2024-10-16T17:27:04.084+0000] {logging_mixin.py:190} INFO - [2024-10-16T17:27:04.084+0000] {dag.py:3239} INFO - Sync 1 DAGs
[2024-10-16T17:27:04.111+0000] {logging_mixin.py:190} INFO - [2024-10-16T17:27:04.111+0000] {dag.py:4180} INFO - Setting next_dagrun for latest_only to 2024-10-16 12:00:00+00:00, run_after=2024-10-16 16:00:00+00:00
[2024-10-16T17:27:04.133+0000] {processor.py:208} INFO - Processing /home/airflow/.local/lib/python3.12/site-packages/airflow/example_dags/example_latest_only.py took 0.088 seconds
[2024-10-16T17:27:34.524+0000] {processor.py:186} INFO - Started process (PID=849) to work on /home/airflow/.local/lib/python3.12/site-packages/airflow/example_dags/example_latest_only.py
[2024-10-16T17:27:34.525+0000] {processor.py:914} INFO - Processing file /home/airflow/.local/lib/python3.12/site-packages/airflow/example_dags/example_latest_only.py for tasks to queue
[2024-10-16T17:27:34.528+0000] {logging_mixin.py:190} INFO - [2024-10-16T17:27:34.527+0000] {dagbag.py:588} INFO - Filling up the DagBag from /home/airflow/.local/lib/python3.12/site-packages/airflow/example_dags/example_latest_only.py
[2024-10-16T17:27:34.535+0000] {processor.py:925} INFO - DAG(s) 'latest_only' retrieved from /home/airflow/.local/lib/python3.12/site-packages/airflow/example_dags/example_latest_only.py
[2024-10-16T17:27:34.556+0000] {logging_mixin.py:190} INFO - [2024-10-16T17:27:34.556+0000] {dag.py:3239} INFO - Sync 1 DAGs
[2024-10-16T17:27:34.589+0000] {logging_mixin.py:190} INFO - [2024-10-16T17:27:34.589+0000] {dag.py:4180} INFO - Setting next_dagrun for latest_only to 2024-10-16 12:00:00+00:00, run_after=2024-10-16 16:00:00+00:00
[2024-10-16T17:27:34.610+0000] {processor.py:208} INFO - Processing /home/airflow/.local/lib/python3.12/site-packages/airflow/example_dags/example_latest_only.py took 0.095 seconds
[2024-10-16T17:28:04.948+0000] {processor.py:186} INFO - Started process (PID=911) to work on /home/airflow/.local/lib/python3.12/site-packages/airflow/example_dags/example_latest_only.py
[2024-10-16T17:28:04.949+0000] {processor.py:914} INFO - Processing file /home/airflow/.local/lib/python3.12/site-packages/airflow/example_dags/example_latest_only.py for tasks to queue
[2024-10-16T17:28:04.952+0000] {logging_mixin.py:190} INFO - [2024-10-16T17:28:04.952+0000] {dagbag.py:588} INFO - Filling up the DagBag from /home/airflow/.local/lib/python3.12/site-packages/airflow/example_dags/example_latest_only.py
[2024-10-16T17:28:04.960+0000] {processor.py:925} INFO - DAG(s) 'latest_only' retrieved from /home/airflow/.local/lib/python3.12/site-packages/airflow/example_dags/example_latest_only.py
[2024-10-16T17:28:04.981+0000] {logging_mixin.py:190} INFO - [2024-10-16T17:28:04.981+0000] {dag.py:3239} INFO - Sync 1 DAGs
[2024-10-16T17:28:05.011+0000] {logging_mixin.py:190} INFO - [2024-10-16T17:28:05.011+0000] {dag.py:4180} INFO - Setting next_dagrun for latest_only to 2024-10-16 12:00:00+00:00, run_after=2024-10-16 16:00:00+00:00
[2024-10-16T17:28:05.042+0000] {processor.py:208} INFO - Processing /home/airflow/.local/lib/python3.12/site-packages/airflow/example_dags/example_latest_only.py took 0.100 seconds
[2024-10-16T17:28:35.402+0000] {processor.py:186} INFO - Started process (PID=972) to work on /home/airflow/.local/lib/python3.12/site-packages/airflow/example_dags/example_latest_only.py
[2024-10-16T17:28:35.403+0000] {processor.py:914} INFO - Processing file /home/airflow/.local/lib/python3.12/site-packages/airflow/example_dags/example_latest_only.py for tasks to queue
[2024-10-16T17:28:35.406+0000] {logging_mixin.py:190} INFO - [2024-10-16T17:28:35.405+0000] {dagbag.py:588} INFO - Filling up the DagBag from /home/airflow/.local/lib/python3.12/site-packages/airflow/example_dags/example_latest_only.py
[2024-10-16T17:28:35.414+0000] {processor.py:925} INFO - DAG(s) 'latest_only' retrieved from /home/airflow/.local/lib/python3.12/site-packages/airflow/example_dags/example_latest_only.py
[2024-10-16T17:28:35.437+0000] {logging_mixin.py:190} INFO - [2024-10-16T17:28:35.437+0000] {dag.py:3239} INFO - Sync 1 DAGs
[2024-10-16T17:28:35.472+0000] {logging_mixin.py:190} INFO - [2024-10-16T17:28:35.472+0000] {dag.py:4180} INFO - Setting next_dagrun for latest_only to 2024-10-16 12:00:00+00:00, run_after=2024-10-16 16:00:00+00:00
[2024-10-16T17:28:35.496+0000] {processor.py:208} INFO - Processing /home/airflow/.local/lib/python3.12/site-packages/airflow/example_dags/example_latest_only.py took 0.102 seconds
[2024-10-16T17:29:05.988+0000] {processor.py:186} INFO - Started process (PID=1034) to work on /home/airflow/.local/lib/python3.12/site-packages/airflow/example_dags/example_latest_only.py
[2024-10-16T17:29:05.989+0000] {processor.py:914} INFO - Processing file /home/airflow/.local/lib/python3.12/site-packages/airflow/example_dags/example_latest_only.py for tasks to queue
[2024-10-16T17:29:05.992+0000] {logging_mixin.py:190} INFO - [2024-10-16T17:29:05.991+0000] {dagbag.py:588} INFO - Filling up the DagBag from /home/airflow/.local/lib/python3.12/site-packages/airflow/example_dags/example_latest_only.py
[2024-10-16T17:29:06.001+0000] {processor.py:925} INFO - DAG(s) 'latest_only' retrieved from /home/airflow/.local/lib/python3.12/site-packages/airflow/example_dags/example_latest_only.py
[2024-10-16T17:29:06.023+0000] {logging_mixin.py:190} INFO - [2024-10-16T17:29:06.023+0000] {dag.py:3239} INFO - Sync 1 DAGs
[2024-10-16T17:29:06.055+0000] {logging_mixin.py:190} INFO - [2024-10-16T17:29:06.054+0000] {dag.py:4180} INFO - Setting next_dagrun for latest_only to 2024-10-16 12:00:00+00:00, run_after=2024-10-16 16:00:00+00:00
[2024-10-16T17:29:06.078+0000] {processor.py:208} INFO - Processing /home/airflow/.local/lib/python3.12/site-packages/airflow/example_dags/example_latest_only.py took 0.097 seconds
[2024-10-16T17:29:36.466+0000] {processor.py:186} INFO - Started process (PID=1096) to work on /home/airflow/.local/lib/python3.12/site-packages/airflow/example_dags/example_latest_only.py
[2024-10-16T17:29:36.468+0000] {processor.py:914} INFO - Processing file /home/airflow/.local/lib/python3.12/site-packages/airflow/example_dags/example_latest_only.py for tasks to queue
[2024-10-16T17:29:36.470+0000] {logging_mixin.py:190} INFO - [2024-10-16T17:29:36.470+0000] {dagbag.py:588} INFO - Filling up the DagBag from /home/airflow/.local/lib/python3.12/site-packages/airflow/example_dags/example_latest_only.py
[2024-10-16T17:29:36.479+0000] {processor.py:925} INFO - DAG(s) 'latest_only' retrieved from /home/airflow/.local/lib/python3.12/site-packages/airflow/example_dags/example_latest_only.py
[2024-10-16T17:29:36.502+0000] {logging_mixin.py:190} INFO - [2024-10-16T17:29:36.501+0000] {dag.py:3239} INFO - Sync 1 DAGs
[2024-10-16T17:29:36.531+0000] {logging_mixin.py:190} INFO - [2024-10-16T17:29:36.531+0000] {dag.py:4180} INFO - Setting next_dagrun for latest_only to 2024-10-16 12:00:00+00:00, run_after=2024-10-16 16:00:00+00:00
[2024-10-16T17:29:36.554+0000] {processor.py:208} INFO - Processing /home/airflow/.local/lib/python3.12/site-packages/airflow/example_dags/example_latest_only.py took 0.094 seconds
[2024-10-16T17:30:06.740+0000] {processor.py:186} INFO - Started process (PID=1158) to work on /home/airflow/.local/lib/python3.12/site-packages/airflow/example_dags/example_latest_only.py
[2024-10-16T17:30:06.741+0000] {processor.py:914} INFO - Processing file /home/airflow/.local/lib/python3.12/site-packages/airflow/example_dags/example_latest_only.py for tasks to queue
[2024-10-16T17:30:06.744+0000] {logging_mixin.py:190} INFO - [2024-10-16T17:30:06.744+0000] {dagbag.py:588} INFO - Filling up the DagBag from /home/airflow/.local/lib/python3.12/site-packages/airflow/example_dags/example_latest_only.py
[2024-10-16T17:30:06.754+0000] {processor.py:925} INFO - DAG(s) 'latest_only' retrieved from /home/airflow/.local/lib/python3.12/site-packages/airflow/example_dags/example_latest_only.py
[2024-10-16T17:30:06.779+0000] {logging_mixin.py:190} INFO - [2024-10-16T17:30:06.779+0000] {dag.py:3239} INFO - Sync 1 DAGs
[2024-10-16T17:30:06.809+0000] {logging_mixin.py:190} INFO - [2024-10-16T17:30:06.809+0000] {dag.py:4180} INFO - Setting next_dagrun for latest_only to 2024-10-16 12:00:00+00:00, run_after=2024-10-16 16:00:00+00:00
[2024-10-16T17:30:06.833+0000] {processor.py:208} INFO - Processing /home/airflow/.local/lib/python3.12/site-packages/airflow/example_dags/example_latest_only.py took 0.104 seconds
