[2024-10-16T16:38:04.007+0000] {processor.py:186} INFO - Started process (PID=86) to work on /home/airflow/.local/lib/python3.12/site-packages/airflow/example_dags/example_dataset_alias.py
[2024-10-16T16:38:04.008+0000] {processor.py:914} INFO - Processing file /home/airflow/.local/lib/python3.12/site-packages/airflow/example_dags/example_dataset_alias.py for tasks to queue
[2024-10-16T16:38:04.011+0000] {logging_mixin.py:190} INFO - [2024-10-16T16:38:04.010+0000] {dagbag.py:588} INFO - Filling up the DagBag from /home/airflow/.local/lib/python3.12/site-packages/airflow/example_dags/example_dataset_alias.py
[2024-10-16T16:38:04.235+0000] {processor.py:925} INFO - DAG(s) 'dataset_s3_bucket_consumer', 'dataset_alias_example_alias_producer', 'dataset_alias_example_alias_consumer', 'dataset_s3_bucket_producer' retrieved from /home/airflow/.local/lib/python3.12/site-packages/airflow/example_dags/example_dataset_alias.py
[2024-10-16T16:38:04.369+0000] {logging_mixin.py:190} INFO - [2024-10-16T16:38:04.369+0000] {override.py:1900} INFO - Created Permission View: can delete on DAG:dataset_s3_bucket_consumer
[2024-10-16T16:38:04.386+0000] {logging_mixin.py:190} INFO - [2024-10-16T16:38:04.385+0000] {override.py:1900} INFO - Created Permission View: can edit on DAG:dataset_s3_bucket_consumer
[2024-10-16T16:38:04.393+0000] {logging_mixin.py:190} INFO - [2024-10-16T16:38:04.393+0000] {override.py:1900} INFO - Created Permission View: can read on DAG:dataset_s3_bucket_consumer
[2024-10-16T16:38:04.415+0000] {logging_mixin.py:190} INFO - [2024-10-16T16:38:04.414+0000] {override.py:1900} INFO - Created Permission View: menu access on DAG Run:dataset_s3_bucket_consumer
[2024-10-16T16:38:04.423+0000] {logging_mixin.py:190} INFO - [2024-10-16T16:38:04.423+0000] {override.py:1900} INFO - Created Permission View: can create on DAG Run:dataset_s3_bucket_consumer
[2024-10-16T16:38:04.434+0000] {logging_mixin.py:190} INFO - [2024-10-16T16:38:04.434+0000] {override.py:1900} INFO - Created Permission View: can delete on DAG Run:dataset_s3_bucket_consumer
[2024-10-16T16:38:04.450+0000] {logging_mixin.py:190} INFO - [2024-10-16T16:38:04.450+0000] {override.py:1900} INFO - Created Permission View: can read on DAG Run:dataset_s3_bucket_consumer
[2024-10-16T16:38:04.471+0000] {logging_mixin.py:190} INFO - [2024-10-16T16:38:04.471+0000] {override.py:1900} INFO - Created Permission View: can delete on DAG:dataset_alias_example_alias_producer
[2024-10-16T16:38:04.487+0000] {logging_mixin.py:190} INFO - [2024-10-16T16:38:04.487+0000] {override.py:1900} INFO - Created Permission View: can edit on DAG:dataset_alias_example_alias_producer
[2024-10-16T16:38:04.506+0000] {logging_mixin.py:190} INFO - [2024-10-16T16:38:04.505+0000] {override.py:1900} INFO - Created Permission View: can read on DAG:dataset_alias_example_alias_producer
[2024-10-16T16:38:04.525+0000] {logging_mixin.py:190} INFO - [2024-10-16T16:38:04.524+0000] {override.py:1900} INFO - Created Permission View: menu access on DAG Run:dataset_alias_example_alias_producer
[2024-10-16T16:38:04.543+0000] {logging_mixin.py:190} INFO - [2024-10-16T16:38:04.543+0000] {override.py:1900} INFO - Created Permission View: can create on DAG Run:dataset_alias_example_alias_producer
[2024-10-16T16:38:04.560+0000] {logging_mixin.py:190} INFO - [2024-10-16T16:38:04.559+0000] {override.py:1900} INFO - Created Permission View: can delete on DAG Run:dataset_alias_example_alias_producer
[2024-10-16T16:38:04.601+0000] {logging_mixin.py:190} INFO - [2024-10-16T16:38:04.600+0000] {override.py:1900} INFO - Created Permission View: can read on DAG Run:dataset_alias_example_alias_producer
[2024-10-16T16:38:04.641+0000] {logging_mixin.py:190} INFO - [2024-10-16T16:38:04.640+0000] {override.py:1900} INFO - Created Permission View: can delete on DAG:dataset_alias_example_alias_consumer
[2024-10-16T16:38:04.657+0000] {logging_mixin.py:190} INFO - [2024-10-16T16:38:04.657+0000] {override.py:1900} INFO - Created Permission View: can edit on DAG:dataset_alias_example_alias_consumer
[2024-10-16T16:38:04.675+0000] {logging_mixin.py:190} INFO - [2024-10-16T16:38:04.674+0000] {override.py:1900} INFO - Created Permission View: can read on DAG:dataset_alias_example_alias_consumer
[2024-10-16T16:38:04.685+0000] {logging_mixin.py:190} INFO - [2024-10-16T16:38:04.684+0000] {override.py:1900} INFO - Created Permission View: menu access on DAG Run:dataset_alias_example_alias_consumer
[2024-10-16T16:38:04.694+0000] {logging_mixin.py:190} INFO - [2024-10-16T16:38:04.693+0000] {override.py:1900} INFO - Created Permission View: can create on DAG Run:dataset_alias_example_alias_consumer
[2024-10-16T16:38:04.710+0000] {logging_mixin.py:190} INFO - [2024-10-16T16:38:04.710+0000] {override.py:1900} INFO - Created Permission View: can delete on DAG Run:dataset_alias_example_alias_consumer
[2024-10-16T16:38:04.726+0000] {logging_mixin.py:190} INFO - [2024-10-16T16:38:04.726+0000] {override.py:1900} INFO - Created Permission View: can read on DAG Run:dataset_alias_example_alias_consumer
[2024-10-16T16:38:04.751+0000] {logging_mixin.py:190} INFO - [2024-10-16T16:38:04.750+0000] {override.py:1900} INFO - Created Permission View: can delete on DAG:dataset_s3_bucket_producer
[2024-10-16T16:38:04.770+0000] {logging_mixin.py:190} INFO - [2024-10-16T16:38:04.769+0000] {override.py:1900} INFO - Created Permission View: can edit on DAG:dataset_s3_bucket_producer
[2024-10-16T16:38:04.785+0000] {logging_mixin.py:190} INFO - [2024-10-16T16:38:04.785+0000] {override.py:1900} INFO - Created Permission View: can read on DAG:dataset_s3_bucket_producer
[2024-10-16T16:38:04.805+0000] {logging_mixin.py:190} INFO - [2024-10-16T16:38:04.804+0000] {override.py:1900} INFO - Created Permission View: menu access on DAG Run:dataset_s3_bucket_producer
[2024-10-16T16:38:04.814+0000] {logging_mixin.py:190} INFO - [2024-10-16T16:38:04.813+0000] {override.py:1900} INFO - Created Permission View: can create on DAG Run:dataset_s3_bucket_producer
[2024-10-16T16:38:04.830+0000] {logging_mixin.py:190} INFO - [2024-10-16T16:38:04.829+0000] {override.py:1900} INFO - Created Permission View: can delete on DAG Run:dataset_s3_bucket_producer
[2024-10-16T16:38:04.848+0000] {logging_mixin.py:190} INFO - [2024-10-16T16:38:04.848+0000] {override.py:1900} INFO - Created Permission View: can read on DAG Run:dataset_s3_bucket_producer
[2024-10-16T16:38:04.849+0000] {logging_mixin.py:190} INFO - [2024-10-16T16:38:04.849+0000] {dag.py:3239} INFO - Sync 4 DAGs
[2024-10-16T16:38:04.879+0000] {logging_mixin.py:190} INFO - [2024-10-16T16:38:04.878+0000] {dag.py:3262} INFO - Creating ORM DAG for dataset_alias_example_alias_producer
[2024-10-16T16:38:04.880+0000] {logging_mixin.py:190} INFO - [2024-10-16T16:38:04.880+0000] {dag.py:3262} INFO - Creating ORM DAG for dataset_s3_bucket_producer
[2024-10-16T16:38:04.881+0000] {logging_mixin.py:190} INFO - [2024-10-16T16:38:04.881+0000] {dag.py:3262} INFO - Creating ORM DAG for dataset_alias_example_alias_consumer
[2024-10-16T16:38:04.882+0000] {logging_mixin.py:190} INFO - [2024-10-16T16:38:04.882+0000] {dag.py:3262} INFO - Creating ORM DAG for dataset_s3_bucket_consumer
[2024-10-16T16:38:04.892+0000] {logging_mixin.py:190} INFO - [2024-10-16T16:38:04.892+0000] {dag.py:4180} INFO - Setting next_dagrun for dataset_alias_example_alias_consumer to None, run_after=None
[2024-10-16T16:38:04.893+0000] {logging_mixin.py:190} INFO - [2024-10-16T16:38:04.893+0000] {dag.py:4180} INFO - Setting next_dagrun for dataset_alias_example_alias_producer to None, run_after=None
[2024-10-16T16:38:04.894+0000] {logging_mixin.py:190} INFO - [2024-10-16T16:38:04.894+0000] {dag.py:4180} INFO - Setting next_dagrun for dataset_s3_bucket_consumer to None, run_after=None
[2024-10-16T16:38:04.895+0000] {logging_mixin.py:190} INFO - [2024-10-16T16:38:04.895+0000] {dag.py:4180} INFO - Setting next_dagrun for dataset_s3_bucket_producer to None, run_after=None
[2024-10-16T16:38:04.929+0000] {processor.py:208} INFO - Processing /home/airflow/.local/lib/python3.12/site-packages/airflow/example_dags/example_dataset_alias.py took 0.929 seconds
[2024-10-16T16:38:35.247+0000] {processor.py:186} INFO - Started process (PID=148) to work on /home/airflow/.local/lib/python3.12/site-packages/airflow/example_dags/example_dataset_alias.py
[2024-10-16T16:38:35.249+0000] {processor.py:914} INFO - Processing file /home/airflow/.local/lib/python3.12/site-packages/airflow/example_dags/example_dataset_alias.py for tasks to queue
[2024-10-16T16:38:35.253+0000] {logging_mixin.py:190} INFO - [2024-10-16T16:38:35.253+0000] {dagbag.py:588} INFO - Filling up the DagBag from /home/airflow/.local/lib/python3.12/site-packages/airflow/example_dags/example_dataset_alias.py
[2024-10-16T16:38:35.475+0000] {processor.py:925} INFO - DAG(s) 'dataset_alias_example_alias_producer', 'dataset_s3_bucket_producer', 'dataset_s3_bucket_consumer', 'dataset_alias_example_alias_consumer' retrieved from /home/airflow/.local/lib/python3.12/site-packages/airflow/example_dags/example_dataset_alias.py
[2024-10-16T16:38:35.500+0000] {logging_mixin.py:190} INFO - [2024-10-16T16:38:35.499+0000] {dag.py:3239} INFO - Sync 4 DAGs
[2024-10-16T16:38:35.528+0000] {logging_mixin.py:190} INFO - [2024-10-16T16:38:35.528+0000] {dag.py:4180} INFO - Setting next_dagrun for dataset_alias_example_alias_consumer to None, run_after=None
[2024-10-16T16:38:35.532+0000] {logging_mixin.py:190} INFO - [2024-10-16T16:38:35.532+0000] {dag.py:4180} INFO - Setting next_dagrun for dataset_alias_example_alias_producer to None, run_after=None
[2024-10-16T16:38:35.534+0000] {logging_mixin.py:190} INFO - [2024-10-16T16:38:35.533+0000] {dag.py:4180} INFO - Setting next_dagrun for dataset_s3_bucket_consumer to None, run_after=None
[2024-10-16T16:38:35.535+0000] {logging_mixin.py:190} INFO - [2024-10-16T16:38:35.535+0000] {dag.py:4180} INFO - Setting next_dagrun for dataset_s3_bucket_producer to None, run_after=None
[2024-10-16T16:38:35.561+0000] {processor.py:208} INFO - Processing /home/airflow/.local/lib/python3.12/site-packages/airflow/example_dags/example_dataset_alias.py took 0.326 seconds
[2024-10-16T16:39:06.045+0000] {processor.py:186} INFO - Started process (PID=210) to work on /home/airflow/.local/lib/python3.12/site-packages/airflow/example_dags/example_dataset_alias.py
[2024-10-16T16:39:06.046+0000] {processor.py:914} INFO - Processing file /home/airflow/.local/lib/python3.12/site-packages/airflow/example_dags/example_dataset_alias.py for tasks to queue
[2024-10-16T16:39:06.048+0000] {logging_mixin.py:190} INFO - [2024-10-16T16:39:06.048+0000] {dagbag.py:588} INFO - Filling up the DagBag from /home/airflow/.local/lib/python3.12/site-packages/airflow/example_dags/example_dataset_alias.py
[2024-10-16T16:39:06.220+0000] {processor.py:925} INFO - DAG(s) 'dataset_s3_bucket_consumer', 'dataset_alias_example_alias_producer', 'dataset_s3_bucket_producer', 'dataset_alias_example_alias_consumer' retrieved from /home/airflow/.local/lib/python3.12/site-packages/airflow/example_dags/example_dataset_alias.py
[2024-10-16T16:39:06.245+0000] {logging_mixin.py:190} INFO - [2024-10-16T16:39:06.245+0000] {dag.py:3239} INFO - Sync 4 DAGs
[2024-10-16T16:39:06.274+0000] {logging_mixin.py:190} INFO - [2024-10-16T16:39:06.274+0000] {dag.py:4180} INFO - Setting next_dagrun for dataset_alias_example_alias_consumer to None, run_after=None
[2024-10-16T16:39:06.279+0000] {logging_mixin.py:190} INFO - [2024-10-16T16:39:06.278+0000] {dag.py:4180} INFO - Setting next_dagrun for dataset_alias_example_alias_producer to None, run_after=None
[2024-10-16T16:39:06.281+0000] {logging_mixin.py:190} INFO - [2024-10-16T16:39:06.280+0000] {dag.py:4180} INFO - Setting next_dagrun for dataset_s3_bucket_consumer to None, run_after=None
[2024-10-16T16:39:06.283+0000] {logging_mixin.py:190} INFO - [2024-10-16T16:39:06.283+0000] {dag.py:4180} INFO - Setting next_dagrun for dataset_s3_bucket_producer to None, run_after=None
[2024-10-16T16:39:06.309+0000] {processor.py:208} INFO - Processing /home/airflow/.local/lib/python3.12/site-packages/airflow/example_dags/example_dataset_alias.py took 0.271 seconds
[2024-10-16T16:39:36.554+0000] {processor.py:186} INFO - Started process (PID=272) to work on /home/airflow/.local/lib/python3.12/site-packages/airflow/example_dags/example_dataset_alias.py
[2024-10-16T16:39:36.556+0000] {processor.py:914} INFO - Processing file /home/airflow/.local/lib/python3.12/site-packages/airflow/example_dags/example_dataset_alias.py for tasks to queue
[2024-10-16T16:39:36.559+0000] {logging_mixin.py:190} INFO - [2024-10-16T16:39:36.559+0000] {dagbag.py:588} INFO - Filling up the DagBag from /home/airflow/.local/lib/python3.12/site-packages/airflow/example_dags/example_dataset_alias.py
[2024-10-16T16:39:36.757+0000] {processor.py:925} INFO - DAG(s) 'dataset_s3_bucket_consumer', 'dataset_s3_bucket_producer', 'dataset_alias_example_alias_consumer', 'dataset_alias_example_alias_producer' retrieved from /home/airflow/.local/lib/python3.12/site-packages/airflow/example_dags/example_dataset_alias.py
[2024-10-16T16:39:36.784+0000] {logging_mixin.py:190} INFO - [2024-10-16T16:39:36.784+0000] {dag.py:3239} INFO - Sync 4 DAGs
[2024-10-16T16:39:36.816+0000] {logging_mixin.py:190} INFO - [2024-10-16T16:39:36.816+0000] {dag.py:4180} INFO - Setting next_dagrun for dataset_alias_example_alias_consumer to None, run_after=None
[2024-10-16T16:39:36.820+0000] {logging_mixin.py:190} INFO - [2024-10-16T16:39:36.819+0000] {dag.py:4180} INFO - Setting next_dagrun for dataset_alias_example_alias_producer to None, run_after=None
[2024-10-16T16:39:36.822+0000] {logging_mixin.py:190} INFO - [2024-10-16T16:39:36.822+0000] {dag.py:4180} INFO - Setting next_dagrun for dataset_s3_bucket_consumer to None, run_after=None
[2024-10-16T16:39:36.825+0000] {logging_mixin.py:190} INFO - [2024-10-16T16:39:36.825+0000] {dag.py:4180} INFO - Setting next_dagrun for dataset_s3_bucket_producer to None, run_after=None
[2024-10-16T16:39:36.853+0000] {processor.py:208} INFO - Processing /home/airflow/.local/lib/python3.12/site-packages/airflow/example_dags/example_dataset_alias.py took 0.306 seconds
[2024-10-16T16:40:06.909+0000] {processor.py:186} INFO - Started process (PID=334) to work on /home/airflow/.local/lib/python3.12/site-packages/airflow/example_dags/example_dataset_alias.py
[2024-10-16T16:40:06.911+0000] {processor.py:914} INFO - Processing file /home/airflow/.local/lib/python3.12/site-packages/airflow/example_dags/example_dataset_alias.py for tasks to queue
[2024-10-16T16:40:06.914+0000] {logging_mixin.py:190} INFO - [2024-10-16T16:40:06.913+0000] {dagbag.py:588} INFO - Filling up the DagBag from /home/airflow/.local/lib/python3.12/site-packages/airflow/example_dags/example_dataset_alias.py
[2024-10-16T16:40:07.098+0000] {processor.py:925} INFO - DAG(s) 'dataset_alias_example_alias_consumer', 'dataset_s3_bucket_producer', 'dataset_s3_bucket_consumer', 'dataset_alias_example_alias_producer' retrieved from /home/airflow/.local/lib/python3.12/site-packages/airflow/example_dags/example_dataset_alias.py
[2024-10-16T16:40:07.127+0000] {logging_mixin.py:190} INFO - [2024-10-16T16:40:07.126+0000] {dag.py:3239} INFO - Sync 4 DAGs
[2024-10-16T16:40:07.159+0000] {logging_mixin.py:190} INFO - [2024-10-16T16:40:07.159+0000] {dag.py:4180} INFO - Setting next_dagrun for dataset_alias_example_alias_consumer to None, run_after=None
[2024-10-16T16:40:07.163+0000] {logging_mixin.py:190} INFO - [2024-10-16T16:40:07.163+0000] {dag.py:4180} INFO - Setting next_dagrun for dataset_alias_example_alias_producer to None, run_after=None
[2024-10-16T16:40:07.166+0000] {logging_mixin.py:190} INFO - [2024-10-16T16:40:07.165+0000] {dag.py:4180} INFO - Setting next_dagrun for dataset_s3_bucket_consumer to None, run_after=None
[2024-10-16T16:40:07.168+0000] {logging_mixin.py:190} INFO - [2024-10-16T16:40:07.168+0000] {dag.py:4180} INFO - Setting next_dagrun for dataset_s3_bucket_producer to None, run_after=None
[2024-10-16T16:40:07.201+0000] {processor.py:208} INFO - Processing /home/airflow/.local/lib/python3.12/site-packages/airflow/example_dags/example_dataset_alias.py took 0.298 seconds
[2024-10-16T16:40:37.462+0000] {processor.py:186} INFO - Started process (PID=396) to work on /home/airflow/.local/lib/python3.12/site-packages/airflow/example_dags/example_dataset_alias.py
[2024-10-16T16:40:37.464+0000] {processor.py:914} INFO - Processing file /home/airflow/.local/lib/python3.12/site-packages/airflow/example_dags/example_dataset_alias.py for tasks to queue
[2024-10-16T16:40:37.467+0000] {logging_mixin.py:190} INFO - [2024-10-16T16:40:37.467+0000] {dagbag.py:588} INFO - Filling up the DagBag from /home/airflow/.local/lib/python3.12/site-packages/airflow/example_dags/example_dataset_alias.py
[2024-10-16T16:40:37.695+0000] {processor.py:925} INFO - DAG(s) 'dataset_alias_example_alias_producer', 'dataset_s3_bucket_consumer', 'dataset_s3_bucket_producer', 'dataset_alias_example_alias_consumer' retrieved from /home/airflow/.local/lib/python3.12/site-packages/airflow/example_dags/example_dataset_alias.py
[2024-10-16T16:40:37.726+0000] {logging_mixin.py:190} INFO - [2024-10-16T16:40:37.725+0000] {dag.py:3239} INFO - Sync 4 DAGs
[2024-10-16T16:40:37.780+0000] {logging_mixin.py:190} INFO - [2024-10-16T16:40:37.779+0000] {dag.py:4180} INFO - Setting next_dagrun for dataset_alias_example_alias_consumer to None, run_after=None
[2024-10-16T16:40:37.785+0000] {logging_mixin.py:190} INFO - [2024-10-16T16:40:37.785+0000] {dag.py:4180} INFO - Setting next_dagrun for dataset_alias_example_alias_producer to None, run_after=None
[2024-10-16T16:40:37.787+0000] {logging_mixin.py:190} INFO - [2024-10-16T16:40:37.787+0000] {dag.py:4180} INFO - Setting next_dagrun for dataset_s3_bucket_consumer to None, run_after=None
[2024-10-16T16:40:37.790+0000] {logging_mixin.py:190} INFO - [2024-10-16T16:40:37.789+0000] {dag.py:4180} INFO - Setting next_dagrun for dataset_s3_bucket_producer to None, run_after=None
[2024-10-16T16:40:37.820+0000] {processor.py:208} INFO - Processing /home/airflow/.local/lib/python3.12/site-packages/airflow/example_dags/example_dataset_alias.py took 0.368 seconds
[2024-10-16T16:41:07.951+0000] {processor.py:186} INFO - Started process (PID=459) to work on /home/airflow/.local/lib/python3.12/site-packages/airflow/example_dags/example_dataset_alias.py
[2024-10-16T16:41:07.952+0000] {processor.py:914} INFO - Processing file /home/airflow/.local/lib/python3.12/site-packages/airflow/example_dags/example_dataset_alias.py for tasks to queue
[2024-10-16T16:41:07.955+0000] {logging_mixin.py:190} INFO - [2024-10-16T16:41:07.955+0000] {dagbag.py:588} INFO - Filling up the DagBag from /home/airflow/.local/lib/python3.12/site-packages/airflow/example_dags/example_dataset_alias.py
[2024-10-16T16:41:08.163+0000] {processor.py:925} INFO - DAG(s) 'dataset_s3_bucket_producer', 'dataset_s3_bucket_consumer', 'dataset_alias_example_alias_producer', 'dataset_alias_example_alias_consumer' retrieved from /home/airflow/.local/lib/python3.12/site-packages/airflow/example_dags/example_dataset_alias.py
[2024-10-16T16:41:08.188+0000] {logging_mixin.py:190} INFO - [2024-10-16T16:41:08.187+0000] {dag.py:3239} INFO - Sync 4 DAGs
[2024-10-16T16:41:08.213+0000] {logging_mixin.py:190} INFO - [2024-10-16T16:41:08.213+0000] {dag.py:4180} INFO - Setting next_dagrun for dataset_alias_example_alias_consumer to None, run_after=None
[2024-10-16T16:41:08.217+0000] {logging_mixin.py:190} INFO - [2024-10-16T16:41:08.217+0000] {dag.py:4180} INFO - Setting next_dagrun for dataset_alias_example_alias_producer to None, run_after=None
[2024-10-16T16:41:08.219+0000] {logging_mixin.py:190} INFO - [2024-10-16T16:41:08.219+0000] {dag.py:4180} INFO - Setting next_dagrun for dataset_s3_bucket_consumer to None, run_after=None
[2024-10-16T16:41:08.221+0000] {logging_mixin.py:190} INFO - [2024-10-16T16:41:08.221+0000] {dag.py:4180} INFO - Setting next_dagrun for dataset_s3_bucket_producer to None, run_after=None
[2024-10-16T16:41:08.245+0000] {processor.py:208} INFO - Processing /home/airflow/.local/lib/python3.12/site-packages/airflow/example_dags/example_dataset_alias.py took 0.301 seconds
[2024-10-16T16:41:38.588+0000] {processor.py:186} INFO - Started process (PID=520) to work on /home/airflow/.local/lib/python3.12/site-packages/airflow/example_dags/example_dataset_alias.py
[2024-10-16T16:41:38.589+0000] {processor.py:914} INFO - Processing file /home/airflow/.local/lib/python3.12/site-packages/airflow/example_dags/example_dataset_alias.py for tasks to queue
[2024-10-16T16:41:38.592+0000] {logging_mixin.py:190} INFO - [2024-10-16T16:41:38.592+0000] {dagbag.py:588} INFO - Filling up the DagBag from /home/airflow/.local/lib/python3.12/site-packages/airflow/example_dags/example_dataset_alias.py
[2024-10-16T16:41:38.780+0000] {processor.py:925} INFO - DAG(s) 'dataset_alias_example_alias_producer', 'dataset_s3_bucket_consumer', 'dataset_alias_example_alias_consumer', 'dataset_s3_bucket_producer' retrieved from /home/airflow/.local/lib/python3.12/site-packages/airflow/example_dags/example_dataset_alias.py
[2024-10-16T16:41:38.812+0000] {logging_mixin.py:190} INFO - [2024-10-16T16:41:38.812+0000] {dag.py:3239} INFO - Sync 4 DAGs
[2024-10-16T16:41:38.839+0000] {logging_mixin.py:190} INFO - [2024-10-16T16:41:38.839+0000] {dag.py:4180} INFO - Setting next_dagrun for dataset_alias_example_alias_consumer to None, run_after=None
[2024-10-16T16:41:38.843+0000] {logging_mixin.py:190} INFO - [2024-10-16T16:41:38.842+0000] {dag.py:4180} INFO - Setting next_dagrun for dataset_alias_example_alias_producer to None, run_after=None
[2024-10-16T16:41:38.844+0000] {logging_mixin.py:190} INFO - [2024-10-16T16:41:38.844+0000] {dag.py:4180} INFO - Setting next_dagrun for dataset_s3_bucket_consumer to None, run_after=None
[2024-10-16T16:41:38.846+0000] {logging_mixin.py:190} INFO - [2024-10-16T16:41:38.846+0000] {dag.py:4180} INFO - Setting next_dagrun for dataset_s3_bucket_producer to None, run_after=None
[2024-10-16T16:41:38.870+0000] {processor.py:208} INFO - Processing /home/airflow/.local/lib/python3.12/site-packages/airflow/example_dags/example_dataset_alias.py took 0.289 seconds
[2024-10-16T16:42:08.972+0000] {processor.py:186} INFO - Started process (PID=583) to work on /home/airflow/.local/lib/python3.12/site-packages/airflow/example_dags/example_dataset_alias.py
[2024-10-16T16:42:08.974+0000] {processor.py:914} INFO - Processing file /home/airflow/.local/lib/python3.12/site-packages/airflow/example_dags/example_dataset_alias.py for tasks to queue
[2024-10-16T16:42:08.977+0000] {logging_mixin.py:190} INFO - [2024-10-16T16:42:08.977+0000] {dagbag.py:588} INFO - Filling up the DagBag from /home/airflow/.local/lib/python3.12/site-packages/airflow/example_dags/example_dataset_alias.py
[2024-10-16T16:42:09.169+0000] {processor.py:925} INFO - DAG(s) 'dataset_alias_example_alias_consumer', 'dataset_s3_bucket_consumer', 'dataset_alias_example_alias_producer', 'dataset_s3_bucket_producer' retrieved from /home/airflow/.local/lib/python3.12/site-packages/airflow/example_dags/example_dataset_alias.py
[2024-10-16T16:42:09.199+0000] {logging_mixin.py:190} INFO - [2024-10-16T16:42:09.199+0000] {dag.py:3239} INFO - Sync 4 DAGs
[2024-10-16T16:42:09.230+0000] {logging_mixin.py:190} INFO - [2024-10-16T16:42:09.230+0000] {dag.py:4180} INFO - Setting next_dagrun for dataset_alias_example_alias_consumer to None, run_after=None
[2024-10-16T16:42:09.234+0000] {logging_mixin.py:190} INFO - [2024-10-16T16:42:09.234+0000] {dag.py:4180} INFO - Setting next_dagrun for dataset_alias_example_alias_producer to None, run_after=None
[2024-10-16T16:42:09.236+0000] {logging_mixin.py:190} INFO - [2024-10-16T16:42:09.236+0000] {dag.py:4180} INFO - Setting next_dagrun for dataset_s3_bucket_consumer to None, run_after=None
[2024-10-16T16:42:09.238+0000] {logging_mixin.py:190} INFO - [2024-10-16T16:42:09.237+0000] {dag.py:4180} INFO - Setting next_dagrun for dataset_s3_bucket_producer to None, run_after=None
[2024-10-16T16:42:09.269+0000] {processor.py:208} INFO - Processing /home/airflow/.local/lib/python3.12/site-packages/airflow/example_dags/example_dataset_alias.py took 0.304 seconds
[2024-10-16T16:42:39.444+0000] {processor.py:186} INFO - Started process (PID=647) to work on /home/airflow/.local/lib/python3.12/site-packages/airflow/example_dags/example_dataset_alias.py
[2024-10-16T16:42:39.445+0000] {processor.py:914} INFO - Processing file /home/airflow/.local/lib/python3.12/site-packages/airflow/example_dags/example_dataset_alias.py for tasks to queue
[2024-10-16T16:42:39.448+0000] {logging_mixin.py:190} INFO - [2024-10-16T16:42:39.448+0000] {dagbag.py:588} INFO - Filling up the DagBag from /home/airflow/.local/lib/python3.12/site-packages/airflow/example_dags/example_dataset_alias.py
[2024-10-16T16:42:39.657+0000] {processor.py:925} INFO - DAG(s) 'dataset_s3_bucket_producer', 'dataset_alias_example_alias_consumer', 'dataset_s3_bucket_consumer', 'dataset_alias_example_alias_producer' retrieved from /home/airflow/.local/lib/python3.12/site-packages/airflow/example_dags/example_dataset_alias.py
[2024-10-16T16:42:39.687+0000] {logging_mixin.py:190} INFO - [2024-10-16T16:42:39.686+0000] {dag.py:3239} INFO - Sync 4 DAGs
[2024-10-16T16:42:39.714+0000] {logging_mixin.py:190} INFO - [2024-10-16T16:42:39.713+0000] {dag.py:4180} INFO - Setting next_dagrun for dataset_alias_example_alias_consumer to None, run_after=None
[2024-10-16T16:42:39.717+0000] {logging_mixin.py:190} INFO - [2024-10-16T16:42:39.717+0000] {dag.py:4180} INFO - Setting next_dagrun for dataset_alias_example_alias_producer to None, run_after=None
[2024-10-16T16:42:39.719+0000] {logging_mixin.py:190} INFO - [2024-10-16T16:42:39.719+0000] {dag.py:4180} INFO - Setting next_dagrun for dataset_s3_bucket_consumer to None, run_after=None
[2024-10-16T16:42:39.720+0000] {logging_mixin.py:190} INFO - [2024-10-16T16:42:39.720+0000] {dag.py:4180} INFO - Setting next_dagrun for dataset_s3_bucket_producer to None, run_after=None
[2024-10-16T16:42:39.745+0000] {processor.py:208} INFO - Processing /home/airflow/.local/lib/python3.12/site-packages/airflow/example_dags/example_dataset_alias.py took 0.308 seconds
[2024-10-16T17:21:22.964+0000] {processor.py:186} INFO - Started process (PID=77) to work on /home/airflow/.local/lib/python3.12/site-packages/airflow/example_dags/example_dataset_alias.py
[2024-10-16T17:21:22.965+0000] {processor.py:914} INFO - Processing file /home/airflow/.local/lib/python3.12/site-packages/airflow/example_dags/example_dataset_alias.py for tasks to queue
[2024-10-16T17:21:22.969+0000] {logging_mixin.py:190} INFO - [2024-10-16T17:21:22.968+0000] {dagbag.py:588} INFO - Filling up the DagBag from /home/airflow/.local/lib/python3.12/site-packages/airflow/example_dags/example_dataset_alias.py
[2024-10-16T17:21:23.204+0000] {processor.py:925} INFO - DAG(s) 'dataset_alias_example_alias_consumer', 'dataset_alias_example_alias_producer', 'dataset_s3_bucket_producer', 'dataset_s3_bucket_consumer' retrieved from /home/airflow/.local/lib/python3.12/site-packages/airflow/example_dags/example_dataset_alias.py
[2024-10-16T17:21:23.241+0000] {logging_mixin.py:190} INFO - [2024-10-16T17:21:23.240+0000] {dag.py:3239} INFO - Sync 4 DAGs
[2024-10-16T17:21:23.273+0000] {logging_mixin.py:190} INFO - [2024-10-16T17:21:23.273+0000] {dag.py:4180} INFO - Setting next_dagrun for dataset_alias_example_alias_consumer to None, run_after=None
[2024-10-16T17:21:23.277+0000] {logging_mixin.py:190} INFO - [2024-10-16T17:21:23.277+0000] {dag.py:4180} INFO - Setting next_dagrun for dataset_alias_example_alias_producer to None, run_after=None
[2024-10-16T17:21:23.279+0000] {logging_mixin.py:190} INFO - [2024-10-16T17:21:23.278+0000] {dag.py:4180} INFO - Setting next_dagrun for dataset_s3_bucket_consumer to None, run_after=None
[2024-10-16T17:21:23.281+0000] {logging_mixin.py:190} INFO - [2024-10-16T17:21:23.280+0000] {dag.py:4180} INFO - Setting next_dagrun for dataset_s3_bucket_producer to None, run_after=None
[2024-10-16T17:21:23.312+0000] {processor.py:208} INFO - Processing /home/airflow/.local/lib/python3.12/site-packages/airflow/example_dags/example_dataset_alias.py took 0.356 seconds
[2024-10-16T17:21:54.002+0000] {processor.py:186} INFO - Started process (PID=139) to work on /home/airflow/.local/lib/python3.12/site-packages/airflow/example_dags/example_dataset_alias.py
[2024-10-16T17:21:54.003+0000] {processor.py:914} INFO - Processing file /home/airflow/.local/lib/python3.12/site-packages/airflow/example_dags/example_dataset_alias.py for tasks to queue
[2024-10-16T17:21:54.006+0000] {logging_mixin.py:190} INFO - [2024-10-16T17:21:54.005+0000] {dagbag.py:588} INFO - Filling up the DagBag from /home/airflow/.local/lib/python3.12/site-packages/airflow/example_dags/example_dataset_alias.py
[2024-10-16T17:21:54.190+0000] {processor.py:925} INFO - DAG(s) 'dataset_s3_bucket_producer', 'dataset_alias_example_alias_consumer', 'dataset_alias_example_alias_producer', 'dataset_s3_bucket_consumer' retrieved from /home/airflow/.local/lib/python3.12/site-packages/airflow/example_dags/example_dataset_alias.py
[2024-10-16T17:21:54.219+0000] {logging_mixin.py:190} INFO - [2024-10-16T17:21:54.218+0000] {dag.py:3239} INFO - Sync 4 DAGs
[2024-10-16T17:21:54.250+0000] {logging_mixin.py:190} INFO - [2024-10-16T17:21:54.250+0000] {dag.py:4180} INFO - Setting next_dagrun for dataset_alias_example_alias_consumer to None, run_after=None
[2024-10-16T17:21:54.254+0000] {logging_mixin.py:190} INFO - [2024-10-16T17:21:54.254+0000] {dag.py:4180} INFO - Setting next_dagrun for dataset_alias_example_alias_producer to None, run_after=None
[2024-10-16T17:21:54.256+0000] {logging_mixin.py:190} INFO - [2024-10-16T17:21:54.256+0000] {dag.py:4180} INFO - Setting next_dagrun for dataset_s3_bucket_consumer to None, run_after=None
[2024-10-16T17:21:54.258+0000] {logging_mixin.py:190} INFO - [2024-10-16T17:21:54.258+0000] {dag.py:4180} INFO - Setting next_dagrun for dataset_s3_bucket_producer to None, run_after=None
[2024-10-16T17:21:54.284+0000] {processor.py:208} INFO - Processing /home/airflow/.local/lib/python3.12/site-packages/airflow/example_dags/example_dataset_alias.py took 0.289 seconds
[2024-10-16T17:22:25.116+0000] {processor.py:186} INFO - Started process (PID=201) to work on /home/airflow/.local/lib/python3.12/site-packages/airflow/example_dags/example_dataset_alias.py
[2024-10-16T17:22:25.117+0000] {processor.py:914} INFO - Processing file /home/airflow/.local/lib/python3.12/site-packages/airflow/example_dags/example_dataset_alias.py for tasks to queue
[2024-10-16T17:22:25.121+0000] {logging_mixin.py:190} INFO - [2024-10-16T17:22:25.121+0000] {dagbag.py:588} INFO - Filling up the DagBag from /home/airflow/.local/lib/python3.12/site-packages/airflow/example_dags/example_dataset_alias.py
[2024-10-16T17:22:25.368+0000] {processor.py:925} INFO - DAG(s) 'dataset_alias_example_alias_consumer', 'dataset_alias_example_alias_producer', 'dataset_s3_bucket_consumer', 'dataset_s3_bucket_producer' retrieved from /home/airflow/.local/lib/python3.12/site-packages/airflow/example_dags/example_dataset_alias.py
[2024-10-16T17:22:25.406+0000] {logging_mixin.py:190} INFO - [2024-10-16T17:22:25.405+0000] {dag.py:3239} INFO - Sync 4 DAGs
[2024-10-16T17:22:25.443+0000] {logging_mixin.py:190} INFO - [2024-10-16T17:22:25.442+0000] {dag.py:4180} INFO - Setting next_dagrun for dataset_alias_example_alias_consumer to None, run_after=None
[2024-10-16T17:22:25.448+0000] {logging_mixin.py:190} INFO - [2024-10-16T17:22:25.448+0000] {dag.py:4180} INFO - Setting next_dagrun for dataset_alias_example_alias_producer to None, run_after=None
[2024-10-16T17:22:25.451+0000] {logging_mixin.py:190} INFO - [2024-10-16T17:22:25.451+0000] {dag.py:4180} INFO - Setting next_dagrun for dataset_s3_bucket_consumer to None, run_after=None
[2024-10-16T17:22:25.454+0000] {logging_mixin.py:190} INFO - [2024-10-16T17:22:25.454+0000] {dag.py:4180} INFO - Setting next_dagrun for dataset_s3_bucket_producer to None, run_after=None
[2024-10-16T17:22:25.485+0000] {processor.py:208} INFO - Processing /home/airflow/.local/lib/python3.12/site-packages/airflow/example_dags/example_dataset_alias.py took 0.377 seconds
[2024-10-16T17:22:55.636+0000] {processor.py:186} INFO - Started process (PID=263) to work on /home/airflow/.local/lib/python3.12/site-packages/airflow/example_dags/example_dataset_alias.py
[2024-10-16T17:22:55.637+0000] {processor.py:914} INFO - Processing file /home/airflow/.local/lib/python3.12/site-packages/airflow/example_dags/example_dataset_alias.py for tasks to queue
[2024-10-16T17:22:55.640+0000] {logging_mixin.py:190} INFO - [2024-10-16T17:22:55.639+0000] {dagbag.py:588} INFO - Filling up the DagBag from /home/airflow/.local/lib/python3.12/site-packages/airflow/example_dags/example_dataset_alias.py
[2024-10-16T17:22:55.867+0000] {processor.py:925} INFO - DAG(s) 'dataset_s3_bucket_consumer', 'dataset_s3_bucket_producer', 'dataset_alias_example_alias_producer', 'dataset_alias_example_alias_consumer' retrieved from /home/airflow/.local/lib/python3.12/site-packages/airflow/example_dags/example_dataset_alias.py
[2024-10-16T17:22:55.897+0000] {logging_mixin.py:190} INFO - [2024-10-16T17:22:55.896+0000] {dag.py:3239} INFO - Sync 4 DAGs
[2024-10-16T17:22:55.930+0000] {logging_mixin.py:190} INFO - [2024-10-16T17:22:55.930+0000] {dag.py:4180} INFO - Setting next_dagrun for dataset_alias_example_alias_consumer to None, run_after=None
[2024-10-16T17:22:55.934+0000] {logging_mixin.py:190} INFO - [2024-10-16T17:22:55.934+0000] {dag.py:4180} INFO - Setting next_dagrun for dataset_alias_example_alias_producer to None, run_after=None
[2024-10-16T17:22:55.936+0000] {logging_mixin.py:190} INFO - [2024-10-16T17:22:55.935+0000] {dag.py:4180} INFO - Setting next_dagrun for dataset_s3_bucket_consumer to None, run_after=None
[2024-10-16T17:22:55.937+0000] {logging_mixin.py:190} INFO - [2024-10-16T17:22:55.937+0000] {dag.py:4180} INFO - Setting next_dagrun for dataset_s3_bucket_producer to None, run_after=None
[2024-10-16T17:22:55.968+0000] {processor.py:208} INFO - Processing /home/airflow/.local/lib/python3.12/site-packages/airflow/example_dags/example_dataset_alias.py took 0.341 seconds
[2024-10-16T17:23:26.546+0000] {processor.py:186} INFO - Started process (PID=325) to work on /home/airflow/.local/lib/python3.12/site-packages/airflow/example_dags/example_dataset_alias.py
[2024-10-16T17:23:26.548+0000] {processor.py:914} INFO - Processing file /home/airflow/.local/lib/python3.12/site-packages/airflow/example_dags/example_dataset_alias.py for tasks to queue
[2024-10-16T17:23:26.550+0000] {logging_mixin.py:190} INFO - [2024-10-16T17:23:26.550+0000] {dagbag.py:588} INFO - Filling up the DagBag from /home/airflow/.local/lib/python3.12/site-packages/airflow/example_dags/example_dataset_alias.py
[2024-10-16T17:23:26.738+0000] {processor.py:925} INFO - DAG(s) 'dataset_s3_bucket_producer', 'dataset_alias_example_alias_consumer', 'dataset_alias_example_alias_producer', 'dataset_s3_bucket_consumer' retrieved from /home/airflow/.local/lib/python3.12/site-packages/airflow/example_dags/example_dataset_alias.py
[2024-10-16T17:23:26.764+0000] {logging_mixin.py:190} INFO - [2024-10-16T17:23:26.763+0000] {dag.py:3239} INFO - Sync 4 DAGs
[2024-10-16T17:23:26.791+0000] {logging_mixin.py:190} INFO - [2024-10-16T17:23:26.790+0000] {dag.py:4180} INFO - Setting next_dagrun for dataset_alias_example_alias_consumer to None, run_after=None
[2024-10-16T17:23:26.794+0000] {logging_mixin.py:190} INFO - [2024-10-16T17:23:26.794+0000] {dag.py:4180} INFO - Setting next_dagrun for dataset_alias_example_alias_producer to None, run_after=None
[2024-10-16T17:23:26.796+0000] {logging_mixin.py:190} INFO - [2024-10-16T17:23:26.796+0000] {dag.py:4180} INFO - Setting next_dagrun for dataset_s3_bucket_consumer to None, run_after=None
[2024-10-16T17:23:26.798+0000] {logging_mixin.py:190} INFO - [2024-10-16T17:23:26.798+0000] {dag.py:4180} INFO - Setting next_dagrun for dataset_s3_bucket_producer to None, run_after=None
[2024-10-16T17:23:26.830+0000] {processor.py:208} INFO - Processing /home/airflow/.local/lib/python3.12/site-packages/airflow/example_dags/example_dataset_alias.py took 0.292 seconds
[2024-10-16T17:23:57.089+0000] {processor.py:186} INFO - Started process (PID=388) to work on /home/airflow/.local/lib/python3.12/site-packages/airflow/example_dags/example_dataset_alias.py
[2024-10-16T17:23:57.091+0000] {processor.py:914} INFO - Processing file /home/airflow/.local/lib/python3.12/site-packages/airflow/example_dags/example_dataset_alias.py for tasks to queue
[2024-10-16T17:23:57.093+0000] {logging_mixin.py:190} INFO - [2024-10-16T17:23:57.093+0000] {dagbag.py:588} INFO - Filling up the DagBag from /home/airflow/.local/lib/python3.12/site-packages/airflow/example_dags/example_dataset_alias.py
[2024-10-16T17:23:57.279+0000] {processor.py:925} INFO - DAG(s) 'dataset_alias_example_alias_consumer', 'dataset_s3_bucket_producer', 'dataset_s3_bucket_consumer', 'dataset_alias_example_alias_producer' retrieved from /home/airflow/.local/lib/python3.12/site-packages/airflow/example_dags/example_dataset_alias.py
[2024-10-16T17:23:57.303+0000] {logging_mixin.py:190} INFO - [2024-10-16T17:23:57.303+0000] {dag.py:3239} INFO - Sync 4 DAGs
[2024-10-16T17:23:57.330+0000] {logging_mixin.py:190} INFO - [2024-10-16T17:23:57.330+0000] {dag.py:4180} INFO - Setting next_dagrun for dataset_alias_example_alias_consumer to None, run_after=None
[2024-10-16T17:23:57.334+0000] {logging_mixin.py:190} INFO - [2024-10-16T17:23:57.334+0000] {dag.py:4180} INFO - Setting next_dagrun for dataset_alias_example_alias_producer to None, run_after=None
[2024-10-16T17:23:57.336+0000] {logging_mixin.py:190} INFO - [2024-10-16T17:23:57.336+0000] {dag.py:4180} INFO - Setting next_dagrun for dataset_s3_bucket_consumer to None, run_after=None
[2024-10-16T17:23:57.338+0000] {logging_mixin.py:190} INFO - [2024-10-16T17:23:57.338+0000] {dag.py:4180} INFO - Setting next_dagrun for dataset_s3_bucket_producer to None, run_after=None
[2024-10-16T17:23:57.366+0000] {processor.py:208} INFO - Processing /home/airflow/.local/lib/python3.12/site-packages/airflow/example_dags/example_dataset_alias.py took 0.283 seconds
[2024-10-16T17:24:27.500+0000] {processor.py:186} INFO - Started process (PID=450) to work on /home/airflow/.local/lib/python3.12/site-packages/airflow/example_dags/example_dataset_alias.py
[2024-10-16T17:24:27.501+0000] {processor.py:914} INFO - Processing file /home/airflow/.local/lib/python3.12/site-packages/airflow/example_dags/example_dataset_alias.py for tasks to queue
[2024-10-16T17:24:27.504+0000] {logging_mixin.py:190} INFO - [2024-10-16T17:24:27.504+0000] {dagbag.py:588} INFO - Filling up the DagBag from /home/airflow/.local/lib/python3.12/site-packages/airflow/example_dags/example_dataset_alias.py
[2024-10-16T17:24:27.684+0000] {processor.py:925} INFO - DAG(s) 'dataset_alias_example_alias_consumer', 'dataset_s3_bucket_producer', 'dataset_s3_bucket_consumer', 'dataset_alias_example_alias_producer' retrieved from /home/airflow/.local/lib/python3.12/site-packages/airflow/example_dags/example_dataset_alias.py
[2024-10-16T17:24:27.711+0000] {logging_mixin.py:190} INFO - [2024-10-16T17:24:27.711+0000] {dag.py:3239} INFO - Sync 4 DAGs
[2024-10-16T17:24:27.737+0000] {logging_mixin.py:190} INFO - [2024-10-16T17:24:27.737+0000] {dag.py:4180} INFO - Setting next_dagrun for dataset_alias_example_alias_consumer to None, run_after=None
[2024-10-16T17:24:27.741+0000] {logging_mixin.py:190} INFO - [2024-10-16T17:24:27.741+0000] {dag.py:4180} INFO - Setting next_dagrun for dataset_alias_example_alias_producer to None, run_after=None
[2024-10-16T17:24:27.742+0000] {logging_mixin.py:190} INFO - [2024-10-16T17:24:27.742+0000] {dag.py:4180} INFO - Setting next_dagrun for dataset_s3_bucket_consumer to None, run_after=None
[2024-10-16T17:24:27.744+0000] {logging_mixin.py:190} INFO - [2024-10-16T17:24:27.744+0000] {dag.py:4180} INFO - Setting next_dagrun for dataset_s3_bucket_producer to None, run_after=None
[2024-10-16T17:24:27.773+0000] {processor.py:208} INFO - Processing /home/airflow/.local/lib/python3.12/site-packages/airflow/example_dags/example_dataset_alias.py took 0.280 seconds
[2024-10-16T17:24:57.915+0000] {processor.py:186} INFO - Started process (PID=512) to work on /home/airflow/.local/lib/python3.12/site-packages/airflow/example_dags/example_dataset_alias.py
[2024-10-16T17:24:57.916+0000] {processor.py:914} INFO - Processing file /home/airflow/.local/lib/python3.12/site-packages/airflow/example_dags/example_dataset_alias.py for tasks to queue
[2024-10-16T17:24:57.918+0000] {logging_mixin.py:190} INFO - [2024-10-16T17:24:57.918+0000] {dagbag.py:588} INFO - Filling up the DagBag from /home/airflow/.local/lib/python3.12/site-packages/airflow/example_dags/example_dataset_alias.py
[2024-10-16T17:24:58.107+0000] {processor.py:925} INFO - DAG(s) 'dataset_alias_example_alias_consumer', 'dataset_s3_bucket_producer', 'dataset_alias_example_alias_producer', 'dataset_s3_bucket_consumer' retrieved from /home/airflow/.local/lib/python3.12/site-packages/airflow/example_dags/example_dataset_alias.py
[2024-10-16T17:24:58.133+0000] {logging_mixin.py:190} INFO - [2024-10-16T17:24:58.133+0000] {dag.py:3239} INFO - Sync 4 DAGs
[2024-10-16T17:24:58.164+0000] {logging_mixin.py:190} INFO - [2024-10-16T17:24:58.164+0000] {dag.py:4180} INFO - Setting next_dagrun for dataset_alias_example_alias_consumer to None, run_after=None
[2024-10-16T17:24:58.167+0000] {logging_mixin.py:190} INFO - [2024-10-16T17:24:58.167+0000] {dag.py:4180} INFO - Setting next_dagrun for dataset_alias_example_alias_producer to None, run_after=None
[2024-10-16T17:24:58.169+0000] {logging_mixin.py:190} INFO - [2024-10-16T17:24:58.169+0000] {dag.py:4180} INFO - Setting next_dagrun for dataset_s3_bucket_consumer to None, run_after=None
[2024-10-16T17:24:58.171+0000] {logging_mixin.py:190} INFO - [2024-10-16T17:24:58.171+0000] {dag.py:4180} INFO - Setting next_dagrun for dataset_s3_bucket_producer to None, run_after=None
[2024-10-16T17:24:58.197+0000] {processor.py:208} INFO - Processing /home/airflow/.local/lib/python3.12/site-packages/airflow/example_dags/example_dataset_alias.py took 0.291 seconds
[2024-10-16T17:25:29.260+0000] {processor.py:186} INFO - Started process (PID=576) to work on /home/airflow/.local/lib/python3.12/site-packages/airflow/example_dags/example_dataset_alias.py
[2024-10-16T17:25:29.261+0000] {processor.py:914} INFO - Processing file /home/airflow/.local/lib/python3.12/site-packages/airflow/example_dags/example_dataset_alias.py for tasks to queue
[2024-10-16T17:25:29.264+0000] {logging_mixin.py:190} INFO - [2024-10-16T17:25:29.264+0000] {dagbag.py:588} INFO - Filling up the DagBag from /home/airflow/.local/lib/python3.12/site-packages/airflow/example_dags/example_dataset_alias.py
[2024-10-16T17:25:29.486+0000] {processor.py:925} INFO - DAG(s) 'dataset_s3_bucket_consumer', 'dataset_alias_example_alias_consumer', 'dataset_alias_example_alias_producer', 'dataset_s3_bucket_producer' retrieved from /home/airflow/.local/lib/python3.12/site-packages/airflow/example_dags/example_dataset_alias.py
[2024-10-16T17:25:29.521+0000] {logging_mixin.py:190} INFO - [2024-10-16T17:25:29.521+0000] {dag.py:3239} INFO - Sync 4 DAGs
[2024-10-16T17:25:29.553+0000] {logging_mixin.py:190} INFO - [2024-10-16T17:25:29.553+0000] {dag.py:4180} INFO - Setting next_dagrun for dataset_alias_example_alias_consumer to None, run_after=None
[2024-10-16T17:25:29.558+0000] {logging_mixin.py:190} INFO - [2024-10-16T17:25:29.557+0000] {dag.py:4180} INFO - Setting next_dagrun for dataset_alias_example_alias_producer to None, run_after=None
[2024-10-16T17:25:29.560+0000] {logging_mixin.py:190} INFO - [2024-10-16T17:25:29.560+0000] {dag.py:4180} INFO - Setting next_dagrun for dataset_s3_bucket_consumer to None, run_after=None
[2024-10-16T17:25:29.562+0000] {logging_mixin.py:190} INFO - [2024-10-16T17:25:29.562+0000] {dag.py:4180} INFO - Setting next_dagrun for dataset_s3_bucket_producer to None, run_after=None
[2024-10-16T17:25:29.596+0000] {processor.py:208} INFO - Processing /home/airflow/.local/lib/python3.12/site-packages/airflow/example_dags/example_dataset_alias.py took 0.345 seconds
[2024-10-16T17:25:59.778+0000] {processor.py:186} INFO - Started process (PID=637) to work on /home/airflow/.local/lib/python3.12/site-packages/airflow/example_dags/example_dataset_alias.py
[2024-10-16T17:25:59.779+0000] {processor.py:914} INFO - Processing file /home/airflow/.local/lib/python3.12/site-packages/airflow/example_dags/example_dataset_alias.py for tasks to queue
[2024-10-16T17:25:59.782+0000] {logging_mixin.py:190} INFO - [2024-10-16T17:25:59.781+0000] {dagbag.py:588} INFO - Filling up the DagBag from /home/airflow/.local/lib/python3.12/site-packages/airflow/example_dags/example_dataset_alias.py
[2024-10-16T17:25:59.967+0000] {processor.py:925} INFO - DAG(s) 'dataset_s3_bucket_consumer', 'dataset_alias_example_alias_producer', 'dataset_s3_bucket_producer', 'dataset_alias_example_alias_consumer' retrieved from /home/airflow/.local/lib/python3.12/site-packages/airflow/example_dags/example_dataset_alias.py
[2024-10-16T17:25:59.992+0000] {logging_mixin.py:190} INFO - [2024-10-16T17:25:59.992+0000] {dag.py:3239} INFO - Sync 4 DAGs
[2024-10-16T17:26:00.024+0000] {logging_mixin.py:190} INFO - [2024-10-16T17:26:00.024+0000] {dag.py:4180} INFO - Setting next_dagrun for dataset_alias_example_alias_consumer to None, run_after=None
[2024-10-16T17:26:00.029+0000] {logging_mixin.py:190} INFO - [2024-10-16T17:26:00.028+0000] {dag.py:4180} INFO - Setting next_dagrun for dataset_alias_example_alias_producer to None, run_after=None
[2024-10-16T17:26:00.031+0000] {logging_mixin.py:190} INFO - [2024-10-16T17:26:00.031+0000] {dag.py:4180} INFO - Setting next_dagrun for dataset_s3_bucket_consumer to None, run_after=None
[2024-10-16T17:26:00.033+0000] {logging_mixin.py:190} INFO - [2024-10-16T17:26:00.033+0000] {dag.py:4180} INFO - Setting next_dagrun for dataset_s3_bucket_producer to None, run_after=None
[2024-10-16T17:26:00.061+0000] {processor.py:208} INFO - Processing /home/airflow/.local/lib/python3.12/site-packages/airflow/example_dags/example_dataset_alias.py took 0.290 seconds
[2024-10-16T17:26:30.622+0000] {processor.py:186} INFO - Started process (PID=701) to work on /home/airflow/.local/lib/python3.12/site-packages/airflow/example_dags/example_dataset_alias.py
[2024-10-16T17:26:30.623+0000] {processor.py:914} INFO - Processing file /home/airflow/.local/lib/python3.12/site-packages/airflow/example_dags/example_dataset_alias.py for tasks to queue
[2024-10-16T17:26:30.626+0000] {logging_mixin.py:190} INFO - [2024-10-16T17:26:30.625+0000] {dagbag.py:588} INFO - Filling up the DagBag from /home/airflow/.local/lib/python3.12/site-packages/airflow/example_dags/example_dataset_alias.py
[2024-10-16T17:26:30.816+0000] {processor.py:925} INFO - DAG(s) 'dataset_alias_example_alias_producer', 'dataset_alias_example_alias_consumer', 'dataset_s3_bucket_consumer', 'dataset_s3_bucket_producer' retrieved from /home/airflow/.local/lib/python3.12/site-packages/airflow/example_dags/example_dataset_alias.py
[2024-10-16T17:26:30.844+0000] {logging_mixin.py:190} INFO - [2024-10-16T17:26:30.843+0000] {dag.py:3239} INFO - Sync 4 DAGs
[2024-10-16T17:26:30.874+0000] {logging_mixin.py:190} INFO - [2024-10-16T17:26:30.873+0000] {dag.py:4180} INFO - Setting next_dagrun for dataset_alias_example_alias_consumer to None, run_after=None
[2024-10-16T17:26:30.878+0000] {logging_mixin.py:190} INFO - [2024-10-16T17:26:30.878+0000] {dag.py:4180} INFO - Setting next_dagrun for dataset_alias_example_alias_producer to None, run_after=None
[2024-10-16T17:26:30.880+0000] {logging_mixin.py:190} INFO - [2024-10-16T17:26:30.880+0000] {dag.py:4180} INFO - Setting next_dagrun for dataset_s3_bucket_consumer to None, run_after=None
[2024-10-16T17:26:30.883+0000] {logging_mixin.py:190} INFO - [2024-10-16T17:26:30.882+0000] {dag.py:4180} INFO - Setting next_dagrun for dataset_s3_bucket_producer to None, run_after=None
[2024-10-16T17:26:30.914+0000] {processor.py:208} INFO - Processing /home/airflow/.local/lib/python3.12/site-packages/airflow/example_dags/example_dataset_alias.py took 0.299 seconds
[2024-10-16T17:27:00.964+0000] {processor.py:186} INFO - Started process (PID=760) to work on /home/airflow/.local/lib/python3.12/site-packages/airflow/example_dags/example_dataset_alias.py
[2024-10-16T17:27:00.966+0000] {processor.py:914} INFO - Processing file /home/airflow/.local/lib/python3.12/site-packages/airflow/example_dags/example_dataset_alias.py for tasks to queue
[2024-10-16T17:27:00.968+0000] {logging_mixin.py:190} INFO - [2024-10-16T17:27:00.968+0000] {dagbag.py:588} INFO - Filling up the DagBag from /home/airflow/.local/lib/python3.12/site-packages/airflow/example_dags/example_dataset_alias.py
[2024-10-16T17:27:01.167+0000] {processor.py:925} INFO - DAG(s) 'dataset_alias_example_alias_consumer', 'dataset_alias_example_alias_producer', 'dataset_s3_bucket_consumer', 'dataset_s3_bucket_producer' retrieved from /home/airflow/.local/lib/python3.12/site-packages/airflow/example_dags/example_dataset_alias.py
[2024-10-16T17:27:01.202+0000] {logging_mixin.py:190} INFO - [2024-10-16T17:27:01.202+0000] {dag.py:3239} INFO - Sync 4 DAGs
[2024-10-16T17:27:01.236+0000] {logging_mixin.py:190} INFO - [2024-10-16T17:27:01.236+0000] {dag.py:4180} INFO - Setting next_dagrun for dataset_alias_example_alias_consumer to None, run_after=None
[2024-10-16T17:27:01.240+0000] {logging_mixin.py:190} INFO - [2024-10-16T17:27:01.239+0000] {dag.py:4180} INFO - Setting next_dagrun for dataset_alias_example_alias_producer to None, run_after=None
[2024-10-16T17:27:01.241+0000] {logging_mixin.py:190} INFO - [2024-10-16T17:27:01.241+0000] {dag.py:4180} INFO - Setting next_dagrun for dataset_s3_bucket_consumer to None, run_after=None
[2024-10-16T17:27:01.243+0000] {logging_mixin.py:190} INFO - [2024-10-16T17:27:01.243+0000] {dag.py:4180} INFO - Setting next_dagrun for dataset_s3_bucket_producer to None, run_after=None
[2024-10-16T17:27:01.269+0000] {processor.py:208} INFO - Processing /home/airflow/.local/lib/python3.12/site-packages/airflow/example_dags/example_dataset_alias.py took 0.313 seconds
[2024-10-16T17:27:31.353+0000] {processor.py:186} INFO - Started process (PID=822) to work on /home/airflow/.local/lib/python3.12/site-packages/airflow/example_dags/example_dataset_alias.py
[2024-10-16T17:27:31.354+0000] {processor.py:914} INFO - Processing file /home/airflow/.local/lib/python3.12/site-packages/airflow/example_dags/example_dataset_alias.py for tasks to queue
[2024-10-16T17:27:31.357+0000] {logging_mixin.py:190} INFO - [2024-10-16T17:27:31.357+0000] {dagbag.py:588} INFO - Filling up the DagBag from /home/airflow/.local/lib/python3.12/site-packages/airflow/example_dags/example_dataset_alias.py
[2024-10-16T17:27:31.546+0000] {processor.py:925} INFO - DAG(s) 'dataset_s3_bucket_producer', 'dataset_alias_example_alias_producer', 'dataset_alias_example_alias_consumer', 'dataset_s3_bucket_consumer' retrieved from /home/airflow/.local/lib/python3.12/site-packages/airflow/example_dags/example_dataset_alias.py
[2024-10-16T17:27:31.571+0000] {logging_mixin.py:190} INFO - [2024-10-16T17:27:31.570+0000] {dag.py:3239} INFO - Sync 4 DAGs
[2024-10-16T17:27:31.597+0000] {logging_mixin.py:190} INFO - [2024-10-16T17:27:31.597+0000] {dag.py:4180} INFO - Setting next_dagrun for dataset_alias_example_alias_consumer to None, run_after=None
[2024-10-16T17:27:31.601+0000] {logging_mixin.py:190} INFO - [2024-10-16T17:27:31.601+0000] {dag.py:4180} INFO - Setting next_dagrun for dataset_alias_example_alias_producer to None, run_after=None
[2024-10-16T17:27:31.603+0000] {logging_mixin.py:190} INFO - [2024-10-16T17:27:31.603+0000] {dag.py:4180} INFO - Setting next_dagrun for dataset_s3_bucket_consumer to None, run_after=None
[2024-10-16T17:27:31.605+0000] {logging_mixin.py:190} INFO - [2024-10-16T17:27:31.605+0000] {dag.py:4180} INFO - Setting next_dagrun for dataset_s3_bucket_producer to None, run_after=None
[2024-10-16T17:27:31.632+0000] {processor.py:208} INFO - Processing /home/airflow/.local/lib/python3.12/site-packages/airflow/example_dags/example_dataset_alias.py took 0.285 seconds
[2024-10-16T17:28:01.916+0000] {processor.py:186} INFO - Started process (PID=884) to work on /home/airflow/.local/lib/python3.12/site-packages/airflow/example_dags/example_dataset_alias.py
[2024-10-16T17:28:01.918+0000] {processor.py:914} INFO - Processing file /home/airflow/.local/lib/python3.12/site-packages/airflow/example_dags/example_dataset_alias.py for tasks to queue
[2024-10-16T17:28:01.920+0000] {logging_mixin.py:190} INFO - [2024-10-16T17:28:01.920+0000] {dagbag.py:588} INFO - Filling up the DagBag from /home/airflow/.local/lib/python3.12/site-packages/airflow/example_dags/example_dataset_alias.py
[2024-10-16T17:28:02.114+0000] {processor.py:925} INFO - DAG(s) 'dataset_alias_example_alias_producer', 'dataset_alias_example_alias_consumer', 'dataset_s3_bucket_consumer', 'dataset_s3_bucket_producer' retrieved from /home/airflow/.local/lib/python3.12/site-packages/airflow/example_dags/example_dataset_alias.py
[2024-10-16T17:28:02.142+0000] {logging_mixin.py:190} INFO - [2024-10-16T17:28:02.142+0000] {dag.py:3239} INFO - Sync 4 DAGs
[2024-10-16T17:28:02.175+0000] {logging_mixin.py:190} INFO - [2024-10-16T17:28:02.175+0000] {dag.py:4180} INFO - Setting next_dagrun for dataset_alias_example_alias_consumer to None, run_after=None
[2024-10-16T17:28:02.179+0000] {logging_mixin.py:190} INFO - [2024-10-16T17:28:02.178+0000] {dag.py:4180} INFO - Setting next_dagrun for dataset_alias_example_alias_producer to None, run_after=None
[2024-10-16T17:28:02.180+0000] {logging_mixin.py:190} INFO - [2024-10-16T17:28:02.180+0000] {dag.py:4180} INFO - Setting next_dagrun for dataset_s3_bucket_consumer to None, run_after=None
[2024-10-16T17:28:02.182+0000] {logging_mixin.py:190} INFO - [2024-10-16T17:28:02.182+0000] {dag.py:4180} INFO - Setting next_dagrun for dataset_s3_bucket_producer to None, run_after=None
[2024-10-16T17:28:02.207+0000] {processor.py:208} INFO - Processing /home/airflow/.local/lib/python3.12/site-packages/airflow/example_dags/example_dataset_alias.py took 0.298 seconds
[2024-10-16T17:28:32.373+0000] {processor.py:186} INFO - Started process (PID=946) to work on /home/airflow/.local/lib/python3.12/site-packages/airflow/example_dags/example_dataset_alias.py
[2024-10-16T17:28:32.374+0000] {processor.py:914} INFO - Processing file /home/airflow/.local/lib/python3.12/site-packages/airflow/example_dags/example_dataset_alias.py for tasks to queue
[2024-10-16T17:28:32.376+0000] {logging_mixin.py:190} INFO - [2024-10-16T17:28:32.376+0000] {dagbag.py:588} INFO - Filling up the DagBag from /home/airflow/.local/lib/python3.12/site-packages/airflow/example_dags/example_dataset_alias.py
[2024-10-16T17:28:32.558+0000] {processor.py:925} INFO - DAG(s) 'dataset_alias_example_alias_producer', 'dataset_s3_bucket_producer', 'dataset_s3_bucket_consumer', 'dataset_alias_example_alias_consumer' retrieved from /home/airflow/.local/lib/python3.12/site-packages/airflow/example_dags/example_dataset_alias.py
[2024-10-16T17:28:32.587+0000] {logging_mixin.py:190} INFO - [2024-10-16T17:28:32.587+0000] {dag.py:3239} INFO - Sync 4 DAGs
[2024-10-16T17:28:32.616+0000] {logging_mixin.py:190} INFO - [2024-10-16T17:28:32.616+0000] {dag.py:4180} INFO - Setting next_dagrun for dataset_alias_example_alias_consumer to None, run_after=None
[2024-10-16T17:28:32.620+0000] {logging_mixin.py:190} INFO - [2024-10-16T17:28:32.619+0000] {dag.py:4180} INFO - Setting next_dagrun for dataset_alias_example_alias_producer to None, run_after=None
[2024-10-16T17:28:32.622+0000] {logging_mixin.py:190} INFO - [2024-10-16T17:28:32.622+0000] {dag.py:4180} INFO - Setting next_dagrun for dataset_s3_bucket_consumer to None, run_after=None
[2024-10-16T17:28:32.624+0000] {logging_mixin.py:190} INFO - [2024-10-16T17:28:32.624+0000] {dag.py:4180} INFO - Setting next_dagrun for dataset_s3_bucket_producer to None, run_after=None
[2024-10-16T17:28:32.653+0000] {processor.py:208} INFO - Processing /home/airflow/.local/lib/python3.12/site-packages/airflow/example_dags/example_dataset_alias.py took 0.287 seconds
[2024-10-16T17:29:02.773+0000] {processor.py:186} INFO - Started process (PID=1008) to work on /home/airflow/.local/lib/python3.12/site-packages/airflow/example_dags/example_dataset_alias.py
[2024-10-16T17:29:02.774+0000] {processor.py:914} INFO - Processing file /home/airflow/.local/lib/python3.12/site-packages/airflow/example_dags/example_dataset_alias.py for tasks to queue
[2024-10-16T17:29:02.777+0000] {logging_mixin.py:190} INFO - [2024-10-16T17:29:02.776+0000] {dagbag.py:588} INFO - Filling up the DagBag from /home/airflow/.local/lib/python3.12/site-packages/airflow/example_dags/example_dataset_alias.py
[2024-10-16T17:29:02.960+0000] {processor.py:925} INFO - DAG(s) 'dataset_alias_example_alias_consumer', 'dataset_s3_bucket_producer', 'dataset_alias_example_alias_producer', 'dataset_s3_bucket_consumer' retrieved from /home/airflow/.local/lib/python3.12/site-packages/airflow/example_dags/example_dataset_alias.py
[2024-10-16T17:29:02.988+0000] {logging_mixin.py:190} INFO - [2024-10-16T17:29:02.988+0000] {dag.py:3239} INFO - Sync 4 DAGs
[2024-10-16T17:29:03.018+0000] {logging_mixin.py:190} INFO - [2024-10-16T17:29:03.018+0000] {dag.py:4180} INFO - Setting next_dagrun for dataset_alias_example_alias_consumer to None, run_after=None
[2024-10-16T17:29:03.022+0000] {logging_mixin.py:190} INFO - [2024-10-16T17:29:03.022+0000] {dag.py:4180} INFO - Setting next_dagrun for dataset_alias_example_alias_producer to None, run_after=None
[2024-10-16T17:29:03.024+0000] {logging_mixin.py:190} INFO - [2024-10-16T17:29:03.024+0000] {dag.py:4180} INFO - Setting next_dagrun for dataset_s3_bucket_consumer to None, run_after=None
[2024-10-16T17:29:03.026+0000] {logging_mixin.py:190} INFO - [2024-10-16T17:29:03.026+0000] {dag.py:4180} INFO - Setting next_dagrun for dataset_s3_bucket_producer to None, run_after=None
[2024-10-16T17:29:03.052+0000] {processor.py:208} INFO - Processing /home/airflow/.local/lib/python3.12/site-packages/airflow/example_dags/example_dataset_alias.py took 0.287 seconds
[2024-10-16T17:29:33.562+0000] {processor.py:186} INFO - Started process (PID=1072) to work on /home/airflow/.local/lib/python3.12/site-packages/airflow/example_dags/example_dataset_alias.py
[2024-10-16T17:29:33.563+0000] {processor.py:914} INFO - Processing file /home/airflow/.local/lib/python3.12/site-packages/airflow/example_dags/example_dataset_alias.py for tasks to queue
[2024-10-16T17:29:33.566+0000] {logging_mixin.py:190} INFO - [2024-10-16T17:29:33.565+0000] {dagbag.py:588} INFO - Filling up the DagBag from /home/airflow/.local/lib/python3.12/site-packages/airflow/example_dags/example_dataset_alias.py
[2024-10-16T17:29:33.765+0000] {processor.py:925} INFO - DAG(s) 'dataset_alias_example_alias_producer', 'dataset_alias_example_alias_consumer', 'dataset_s3_bucket_producer', 'dataset_s3_bucket_consumer' retrieved from /home/airflow/.local/lib/python3.12/site-packages/airflow/example_dags/example_dataset_alias.py
[2024-10-16T17:29:33.796+0000] {logging_mixin.py:190} INFO - [2024-10-16T17:29:33.796+0000] {dag.py:3239} INFO - Sync 4 DAGs
[2024-10-16T17:29:33.823+0000] {logging_mixin.py:190} INFO - [2024-10-16T17:29:33.822+0000] {dag.py:4180} INFO - Setting next_dagrun for dataset_alias_example_alias_consumer to None, run_after=None
[2024-10-16T17:29:33.827+0000] {logging_mixin.py:190} INFO - [2024-10-16T17:29:33.826+0000] {dag.py:4180} INFO - Setting next_dagrun for dataset_alias_example_alias_producer to None, run_after=None
[2024-10-16T17:29:33.828+0000] {logging_mixin.py:190} INFO - [2024-10-16T17:29:33.828+0000] {dag.py:4180} INFO - Setting next_dagrun for dataset_s3_bucket_consumer to None, run_after=None
[2024-10-16T17:29:33.830+0000] {logging_mixin.py:190} INFO - [2024-10-16T17:29:33.830+0000] {dag.py:4180} INFO - Setting next_dagrun for dataset_s3_bucket_producer to None, run_after=None
[2024-10-16T17:29:33.860+0000] {processor.py:208} INFO - Processing /home/airflow/.local/lib/python3.12/site-packages/airflow/example_dags/example_dataset_alias.py took 0.305 seconds
[2024-10-16T17:30:04.110+0000] {processor.py:186} INFO - Started process (PID=1136) to work on /home/airflow/.local/lib/python3.12/site-packages/airflow/example_dags/example_dataset_alias.py
[2024-10-16T17:30:04.111+0000] {processor.py:914} INFO - Processing file /home/airflow/.local/lib/python3.12/site-packages/airflow/example_dags/example_dataset_alias.py for tasks to queue
[2024-10-16T17:30:04.114+0000] {logging_mixin.py:190} INFO - [2024-10-16T17:30:04.114+0000] {dagbag.py:588} INFO - Filling up the DagBag from /home/airflow/.local/lib/python3.12/site-packages/airflow/example_dags/example_dataset_alias.py
[2024-10-16T17:30:04.304+0000] {processor.py:925} INFO - DAG(s) 'dataset_s3_bucket_consumer', 'dataset_alias_example_alias_producer', 'dataset_s3_bucket_producer', 'dataset_alias_example_alias_consumer' retrieved from /home/airflow/.local/lib/python3.12/site-packages/airflow/example_dags/example_dataset_alias.py
[2024-10-16T17:30:04.330+0000] {logging_mixin.py:190} INFO - [2024-10-16T17:30:04.329+0000] {dag.py:3239} INFO - Sync 4 DAGs
[2024-10-16T17:30:04.358+0000] {logging_mixin.py:190} INFO - [2024-10-16T17:30:04.357+0000] {dag.py:4180} INFO - Setting next_dagrun for dataset_alias_example_alias_consumer to None, run_after=None
[2024-10-16T17:30:04.362+0000] {logging_mixin.py:190} INFO - [2024-10-16T17:30:04.361+0000] {dag.py:4180} INFO - Setting next_dagrun for dataset_alias_example_alias_producer to None, run_after=None
[2024-10-16T17:30:04.363+0000] {logging_mixin.py:190} INFO - [2024-10-16T17:30:04.363+0000] {dag.py:4180} INFO - Setting next_dagrun for dataset_s3_bucket_consumer to None, run_after=None
[2024-10-16T17:30:04.365+0000] {logging_mixin.py:190} INFO - [2024-10-16T17:30:04.365+0000] {dag.py:4180} INFO - Setting next_dagrun for dataset_s3_bucket_producer to None, run_after=None
[2024-10-16T17:30:04.393+0000] {processor.py:208} INFO - Processing /home/airflow/.local/lib/python3.12/site-packages/airflow/example_dags/example_dataset_alias.py took 0.290 seconds
