[2024-10-16T16:38:00.181+0000] {processor.py:186} INFO - Started process (PID=72) to work on /home/airflow/.local/lib/python3.12/site-packages/airflow/example_dags/example_sensors.py
[2024-10-16T16:38:00.182+0000] {processor.py:914} INFO - Processing file /home/airflow/.local/lib/python3.12/site-packages/airflow/example_dags/example_sensors.py for tasks to queue
[2024-10-16T16:38:00.185+0000] {logging_mixin.py:190} INFO - [2024-10-16T16:38:00.185+0000] {dagbag.py:588} INFO - Filling up the DagBag from /home/airflow/.local/lib/python3.12/site-packages/airflow/example_dags/example_sensors.py
[2024-10-16T16:38:00.238+0000] {processor.py:925} INFO - DAG(s) 'example_sensors' retrieved from /home/airflow/.local/lib/python3.12/site-packages/airflow/example_dags/example_sensors.py
[2024-10-16T16:38:00.455+0000] {logging_mixin.py:190} INFO - [2024-10-16T16:38:00.454+0000] {override.py:1900} INFO - Created Permission View: can delete on DAG:example_sensors
[2024-10-16T16:38:00.480+0000] {logging_mixin.py:190} INFO - [2024-10-16T16:38:00.480+0000] {override.py:1900} INFO - Created Permission View: can edit on DAG:example_sensors
[2024-10-16T16:38:00.494+0000] {logging_mixin.py:190} INFO - [2024-10-16T16:38:00.494+0000] {override.py:1900} INFO - Created Permission View: can read on DAG:example_sensors
[2024-10-16T16:38:00.511+0000] {logging_mixin.py:190} INFO - [2024-10-16T16:38:00.510+0000] {override.py:1900} INFO - Created Permission View: menu access on DAG Run:example_sensors
[2024-10-16T16:38:00.530+0000] {logging_mixin.py:190} INFO - [2024-10-16T16:38:00.529+0000] {override.py:1900} INFO - Created Permission View: can create on DAG Run:example_sensors
[2024-10-16T16:38:00.552+0000] {logging_mixin.py:190} INFO - [2024-10-16T16:38:00.552+0000] {override.py:1900} INFO - Created Permission View: can delete on DAG Run:example_sensors
[2024-10-16T16:38:00.567+0000] {logging_mixin.py:190} INFO - [2024-10-16T16:38:00.567+0000] {override.py:1900} INFO - Created Permission View: can read on DAG Run:example_sensors
[2024-10-16T16:38:00.568+0000] {logging_mixin.py:190} INFO - [2024-10-16T16:38:00.568+0000] {dag.py:3239} INFO - Sync 1 DAGs
[2024-10-16T16:38:00.583+0000] {logging_mixin.py:190} INFO - [2024-10-16T16:38:00.583+0000] {dag.py:3262} INFO - Creating ORM DAG for example_sensors
[2024-10-16T16:38:00.584+0000] {logging_mixin.py:190} INFO - [2024-10-16T16:38:00.584+0000] {dag.py:4180} INFO - Setting next_dagrun for example_sensors to None, run_after=None
[2024-10-16T16:38:00.608+0000] {processor.py:208} INFO - Processing /home/airflow/.local/lib/python3.12/site-packages/airflow/example_dags/example_sensors.py took 0.435 seconds
[2024-10-16T16:38:31.169+0000] {processor.py:186} INFO - Started process (PID=134) to work on /home/airflow/.local/lib/python3.12/site-packages/airflow/example_dags/example_sensors.py
[2024-10-16T16:38:31.170+0000] {processor.py:914} INFO - Processing file /home/airflow/.local/lib/python3.12/site-packages/airflow/example_dags/example_sensors.py for tasks to queue
[2024-10-16T16:38:31.173+0000] {logging_mixin.py:190} INFO - [2024-10-16T16:38:31.172+0000] {dagbag.py:588} INFO - Filling up the DagBag from /home/airflow/.local/lib/python3.12/site-packages/airflow/example_dags/example_sensors.py
[2024-10-16T16:38:31.187+0000] {processor.py:925} INFO - DAG(s) 'example_sensors' retrieved from /home/airflow/.local/lib/python3.12/site-packages/airflow/example_dags/example_sensors.py
[2024-10-16T16:38:31.222+0000] {logging_mixin.py:190} INFO - [2024-10-16T16:38:31.221+0000] {dag.py:3239} INFO - Sync 1 DAGs
[2024-10-16T16:38:31.239+0000] {logging_mixin.py:190} INFO - [2024-10-16T16:38:31.239+0000] {dag.py:4180} INFO - Setting next_dagrun for example_sensors to None, run_after=None
[2024-10-16T16:38:31.263+0000] {processor.py:208} INFO - Processing /home/airflow/.local/lib/python3.12/site-packages/airflow/example_dags/example_sensors.py took 0.101 seconds
[2024-10-16T16:39:01.939+0000] {processor.py:186} INFO - Started process (PID=196) to work on /home/airflow/.local/lib/python3.12/site-packages/airflow/example_dags/example_sensors.py
[2024-10-16T16:39:01.940+0000] {processor.py:914} INFO - Processing file /home/airflow/.local/lib/python3.12/site-packages/airflow/example_dags/example_sensors.py for tasks to queue
[2024-10-16T16:39:01.944+0000] {logging_mixin.py:190} INFO - [2024-10-16T16:39:01.943+0000] {dagbag.py:588} INFO - Filling up the DagBag from /home/airflow/.local/lib/python3.12/site-packages/airflow/example_dags/example_sensors.py
[2024-10-16T16:39:01.962+0000] {processor.py:925} INFO - DAG(s) 'example_sensors' retrieved from /home/airflow/.local/lib/python3.12/site-packages/airflow/example_dags/example_sensors.py
[2024-10-16T16:39:02.029+0000] {logging_mixin.py:190} INFO - [2024-10-16T16:39:02.028+0000] {dag.py:3239} INFO - Sync 1 DAGs
[2024-10-16T16:39:02.061+0000] {logging_mixin.py:190} INFO - [2024-10-16T16:39:02.060+0000] {dag.py:4180} INFO - Setting next_dagrun for example_sensors to None, run_after=None
[2024-10-16T16:39:02.096+0000] {processor.py:208} INFO - Processing /home/airflow/.local/lib/python3.12/site-packages/airflow/example_dags/example_sensors.py took 0.167 seconds
[2024-10-16T16:39:32.539+0000] {processor.py:186} INFO - Started process (PID=258) to work on /home/airflow/.local/lib/python3.12/site-packages/airflow/example_dags/example_sensors.py
[2024-10-16T16:39:32.540+0000] {processor.py:914} INFO - Processing file /home/airflow/.local/lib/python3.12/site-packages/airflow/example_dags/example_sensors.py for tasks to queue
[2024-10-16T16:39:32.544+0000] {logging_mixin.py:190} INFO - [2024-10-16T16:39:32.543+0000] {dagbag.py:588} INFO - Filling up the DagBag from /home/airflow/.local/lib/python3.12/site-packages/airflow/example_dags/example_sensors.py
[2024-10-16T16:39:32.562+0000] {processor.py:925} INFO - DAG(s) 'example_sensors' retrieved from /home/airflow/.local/lib/python3.12/site-packages/airflow/example_dags/example_sensors.py
[2024-10-16T16:39:32.598+0000] {logging_mixin.py:190} INFO - [2024-10-16T16:39:32.598+0000] {dag.py:3239} INFO - Sync 1 DAGs
[2024-10-16T16:39:32.618+0000] {logging_mixin.py:190} INFO - [2024-10-16T16:39:32.618+0000] {dag.py:4180} INFO - Setting next_dagrun for example_sensors to None, run_after=None
[2024-10-16T16:39:32.647+0000] {processor.py:208} INFO - Processing /home/airflow/.local/lib/python3.12/site-packages/airflow/example_dags/example_sensors.py took 0.116 seconds
[2024-10-16T16:40:02.944+0000] {processor.py:186} INFO - Started process (PID=321) to work on /home/airflow/.local/lib/python3.12/site-packages/airflow/example_dags/example_sensors.py
[2024-10-16T16:40:02.946+0000] {processor.py:914} INFO - Processing file /home/airflow/.local/lib/python3.12/site-packages/airflow/example_dags/example_sensors.py for tasks to queue
[2024-10-16T16:40:02.950+0000] {logging_mixin.py:190} INFO - [2024-10-16T16:40:02.949+0000] {dagbag.py:588} INFO - Filling up the DagBag from /home/airflow/.local/lib/python3.12/site-packages/airflow/example_dags/example_sensors.py
[2024-10-16T16:40:02.967+0000] {processor.py:925} INFO - DAG(s) 'example_sensors' retrieved from /home/airflow/.local/lib/python3.12/site-packages/airflow/example_dags/example_sensors.py
[2024-10-16T16:40:03.012+0000] {logging_mixin.py:190} INFO - [2024-10-16T16:40:03.011+0000] {dag.py:3239} INFO - Sync 1 DAGs
[2024-10-16T16:40:03.033+0000] {logging_mixin.py:190} INFO - [2024-10-16T16:40:03.032+0000] {dag.py:4180} INFO - Setting next_dagrun for example_sensors to None, run_after=None
[2024-10-16T16:40:03.055+0000] {processor.py:208} INFO - Processing /home/airflow/.local/lib/python3.12/site-packages/airflow/example_dags/example_sensors.py took 0.120 seconds
[2024-10-16T16:40:33.412+0000] {processor.py:186} INFO - Started process (PID=383) to work on /home/airflow/.local/lib/python3.12/site-packages/airflow/example_dags/example_sensors.py
[2024-10-16T16:40:33.413+0000] {processor.py:914} INFO - Processing file /home/airflow/.local/lib/python3.12/site-packages/airflow/example_dags/example_sensors.py for tasks to queue
[2024-10-16T16:40:33.416+0000] {logging_mixin.py:190} INFO - [2024-10-16T16:40:33.416+0000] {dagbag.py:588} INFO - Filling up the DagBag from /home/airflow/.local/lib/python3.12/site-packages/airflow/example_dags/example_sensors.py
[2024-10-16T16:40:33.430+0000] {processor.py:925} INFO - DAG(s) 'example_sensors' retrieved from /home/airflow/.local/lib/python3.12/site-packages/airflow/example_dags/example_sensors.py
[2024-10-16T16:40:33.465+0000] {logging_mixin.py:190} INFO - [2024-10-16T16:40:33.464+0000] {dag.py:3239} INFO - Sync 1 DAGs
[2024-10-16T16:40:33.485+0000] {logging_mixin.py:190} INFO - [2024-10-16T16:40:33.485+0000] {dag.py:4180} INFO - Setting next_dagrun for example_sensors to None, run_after=None
[2024-10-16T16:40:33.508+0000] {processor.py:208} INFO - Processing /home/airflow/.local/lib/python3.12/site-packages/airflow/example_dags/example_sensors.py took 0.103 seconds
[2024-10-16T16:41:03.922+0000] {processor.py:186} INFO - Started process (PID=445) to work on /home/airflow/.local/lib/python3.12/site-packages/airflow/example_dags/example_sensors.py
[2024-10-16T16:41:03.923+0000] {processor.py:914} INFO - Processing file /home/airflow/.local/lib/python3.12/site-packages/airflow/example_dags/example_sensors.py for tasks to queue
[2024-10-16T16:41:03.925+0000] {logging_mixin.py:190} INFO - [2024-10-16T16:41:03.925+0000] {dagbag.py:588} INFO - Filling up the DagBag from /home/airflow/.local/lib/python3.12/site-packages/airflow/example_dags/example_sensors.py
[2024-10-16T16:41:03.938+0000] {processor.py:925} INFO - DAG(s) 'example_sensors' retrieved from /home/airflow/.local/lib/python3.12/site-packages/airflow/example_dags/example_sensors.py
[2024-10-16T16:41:03.970+0000] {logging_mixin.py:190} INFO - [2024-10-16T16:41:03.969+0000] {dag.py:3239} INFO - Sync 1 DAGs
[2024-10-16T16:41:03.987+0000] {logging_mixin.py:190} INFO - [2024-10-16T16:41:03.987+0000] {dag.py:4180} INFO - Setting next_dagrun for example_sensors to None, run_after=None
[2024-10-16T16:41:04.010+0000] {processor.py:208} INFO - Processing /home/airflow/.local/lib/python3.12/site-packages/airflow/example_dags/example_sensors.py took 0.095 seconds
[2024-10-16T16:41:34.617+0000] {processor.py:186} INFO - Started process (PID=507) to work on /home/airflow/.local/lib/python3.12/site-packages/airflow/example_dags/example_sensors.py
[2024-10-16T16:41:34.618+0000] {processor.py:914} INFO - Processing file /home/airflow/.local/lib/python3.12/site-packages/airflow/example_dags/example_sensors.py for tasks to queue
[2024-10-16T16:41:34.621+0000] {logging_mixin.py:190} INFO - [2024-10-16T16:41:34.621+0000] {dagbag.py:588} INFO - Filling up the DagBag from /home/airflow/.local/lib/python3.12/site-packages/airflow/example_dags/example_sensors.py
[2024-10-16T16:41:34.634+0000] {processor.py:925} INFO - DAG(s) 'example_sensors' retrieved from /home/airflow/.local/lib/python3.12/site-packages/airflow/example_dags/example_sensors.py
[2024-10-16T16:41:34.667+0000] {logging_mixin.py:190} INFO - [2024-10-16T16:41:34.666+0000] {dag.py:3239} INFO - Sync 1 DAGs
[2024-10-16T16:41:34.684+0000] {logging_mixin.py:190} INFO - [2024-10-16T16:41:34.684+0000] {dag.py:4180} INFO - Setting next_dagrun for example_sensors to None, run_after=None
[2024-10-16T16:41:34.709+0000] {processor.py:208} INFO - Processing /home/airflow/.local/lib/python3.12/site-packages/airflow/example_dags/example_sensors.py took 0.098 seconds
[2024-10-16T16:42:04.829+0000] {processor.py:186} INFO - Started process (PID=569) to work on /home/airflow/.local/lib/python3.12/site-packages/airflow/example_dags/example_sensors.py
[2024-10-16T16:42:04.831+0000] {processor.py:914} INFO - Processing file /home/airflow/.local/lib/python3.12/site-packages/airflow/example_dags/example_sensors.py for tasks to queue
[2024-10-16T16:42:04.834+0000] {logging_mixin.py:190} INFO - [2024-10-16T16:42:04.833+0000] {dagbag.py:588} INFO - Filling up the DagBag from /home/airflow/.local/lib/python3.12/site-packages/airflow/example_dags/example_sensors.py
[2024-10-16T16:42:04.852+0000] {processor.py:925} INFO - DAG(s) 'example_sensors' retrieved from /home/airflow/.local/lib/python3.12/site-packages/airflow/example_dags/example_sensors.py
[2024-10-16T16:42:04.887+0000] {logging_mixin.py:190} INFO - [2024-10-16T16:42:04.887+0000] {dag.py:3239} INFO - Sync 1 DAGs
[2024-10-16T16:42:04.909+0000] {logging_mixin.py:190} INFO - [2024-10-16T16:42:04.908+0000] {dag.py:4180} INFO - Setting next_dagrun for example_sensors to None, run_after=None
[2024-10-16T16:42:04.939+0000] {processor.py:208} INFO - Processing /home/airflow/.local/lib/python3.12/site-packages/airflow/example_dags/example_sensors.py took 0.119 seconds
[2024-10-16T16:42:35.377+0000] {processor.py:186} INFO - Started process (PID=631) to work on /home/airflow/.local/lib/python3.12/site-packages/airflow/example_dags/example_sensors.py
[2024-10-16T16:42:35.379+0000] {processor.py:914} INFO - Processing file /home/airflow/.local/lib/python3.12/site-packages/airflow/example_dags/example_sensors.py for tasks to queue
[2024-10-16T16:42:35.381+0000] {logging_mixin.py:190} INFO - [2024-10-16T16:42:35.381+0000] {dagbag.py:588} INFO - Filling up the DagBag from /home/airflow/.local/lib/python3.12/site-packages/airflow/example_dags/example_sensors.py
[2024-10-16T16:42:35.393+0000] {processor.py:925} INFO - DAG(s) 'example_sensors' retrieved from /home/airflow/.local/lib/python3.12/site-packages/airflow/example_dags/example_sensors.py
[2024-10-16T16:42:35.426+0000] {logging_mixin.py:190} INFO - [2024-10-16T16:42:35.425+0000] {dag.py:3239} INFO - Sync 1 DAGs
[2024-10-16T16:42:35.444+0000] {logging_mixin.py:190} INFO - [2024-10-16T16:42:35.443+0000] {dag.py:4180} INFO - Setting next_dagrun for example_sensors to None, run_after=None
[2024-10-16T16:42:35.467+0000] {processor.py:208} INFO - Processing /home/airflow/.local/lib/python3.12/site-packages/airflow/example_dags/example_sensors.py took 0.096 seconds
[2024-10-16T17:21:20.864+0000] {processor.py:186} INFO - Started process (PID=57) to work on /home/airflow/.local/lib/python3.12/site-packages/airflow/example_dags/example_sensors.py
[2024-10-16T17:21:20.866+0000] {processor.py:914} INFO - Processing file /home/airflow/.local/lib/python3.12/site-packages/airflow/example_dags/example_sensors.py for tasks to queue
[2024-10-16T17:21:20.868+0000] {logging_mixin.py:190} INFO - [2024-10-16T17:21:20.868+0000] {dagbag.py:588} INFO - Filling up the DagBag from /home/airflow/.local/lib/python3.12/site-packages/airflow/example_dags/example_sensors.py
[2024-10-16T17:21:20.882+0000] {processor.py:925} INFO - DAG(s) 'example_sensors' retrieved from /home/airflow/.local/lib/python3.12/site-packages/airflow/example_dags/example_sensors.py
[2024-10-16T17:21:20.926+0000] {logging_mixin.py:190} INFO - [2024-10-16T17:21:20.926+0000] {dag.py:3239} INFO - Sync 1 DAGs
[2024-10-16T17:21:20.948+0000] {logging_mixin.py:190} INFO - [2024-10-16T17:21:20.947+0000] {dag.py:4180} INFO - Setting next_dagrun for example_sensors to None, run_after=None
[2024-10-16T17:21:20.977+0000] {processor.py:208} INFO - Processing /home/airflow/.local/lib/python3.12/site-packages/airflow/example_dags/example_sensors.py took 0.122 seconds
[2024-10-16T17:21:51.891+0000] {processor.py:186} INFO - Started process (PID=125) to work on /home/airflow/.local/lib/python3.12/site-packages/airflow/example_dags/example_sensors.py
[2024-10-16T17:21:51.892+0000] {processor.py:914} INFO - Processing file /home/airflow/.local/lib/python3.12/site-packages/airflow/example_dags/example_sensors.py for tasks to queue
[2024-10-16T17:21:51.896+0000] {logging_mixin.py:190} INFO - [2024-10-16T17:21:51.895+0000] {dagbag.py:588} INFO - Filling up the DagBag from /home/airflow/.local/lib/python3.12/site-packages/airflow/example_dags/example_sensors.py
[2024-10-16T17:21:51.908+0000] {processor.py:925} INFO - DAG(s) 'example_sensors' retrieved from /home/airflow/.local/lib/python3.12/site-packages/airflow/example_dags/example_sensors.py
[2024-10-16T17:21:51.942+0000] {logging_mixin.py:190} INFO - [2024-10-16T17:21:51.942+0000] {dag.py:3239} INFO - Sync 1 DAGs
[2024-10-16T17:21:51.959+0000] {logging_mixin.py:190} INFO - [2024-10-16T17:21:51.958+0000] {dag.py:4180} INFO - Setting next_dagrun for example_sensors to None, run_after=None
[2024-10-16T17:21:51.981+0000] {processor.py:208} INFO - Processing /home/airflow/.local/lib/python3.12/site-packages/airflow/example_dags/example_sensors.py took 0.096 seconds
[2024-10-16T17:22:22.579+0000] {processor.py:186} INFO - Started process (PID=187) to work on /home/airflow/.local/lib/python3.12/site-packages/airflow/example_dags/example_sensors.py
[2024-10-16T17:22:22.580+0000] {processor.py:914} INFO - Processing file /home/airflow/.local/lib/python3.12/site-packages/airflow/example_dags/example_sensors.py for tasks to queue
[2024-10-16T17:22:22.584+0000] {logging_mixin.py:190} INFO - [2024-10-16T17:22:22.584+0000] {dagbag.py:588} INFO - Filling up the DagBag from /home/airflow/.local/lib/python3.12/site-packages/airflow/example_dags/example_sensors.py
[2024-10-16T17:22:22.603+0000] {processor.py:925} INFO - DAG(s) 'example_sensors' retrieved from /home/airflow/.local/lib/python3.12/site-packages/airflow/example_dags/example_sensors.py
[2024-10-16T17:22:22.668+0000] {logging_mixin.py:190} INFO - [2024-10-16T17:22:22.668+0000] {dag.py:3239} INFO - Sync 1 DAGs
[2024-10-16T17:22:22.699+0000] {logging_mixin.py:190} INFO - [2024-10-16T17:22:22.698+0000] {dag.py:4180} INFO - Setting next_dagrun for example_sensors to None, run_after=None
[2024-10-16T17:22:22.759+0000] {processor.py:208} INFO - Processing /home/airflow/.local/lib/python3.12/site-packages/airflow/example_dags/example_sensors.py took 0.191 seconds
[2024-10-16T17:22:53.111+0000] {processor.py:186} INFO - Started process (PID=249) to work on /home/airflow/.local/lib/python3.12/site-packages/airflow/example_dags/example_sensors.py
[2024-10-16T17:22:53.112+0000] {processor.py:914} INFO - Processing file /home/airflow/.local/lib/python3.12/site-packages/airflow/example_dags/example_sensors.py for tasks to queue
[2024-10-16T17:22:53.115+0000] {logging_mixin.py:190} INFO - [2024-10-16T17:22:53.115+0000] {dagbag.py:588} INFO - Filling up the DagBag from /home/airflow/.local/lib/python3.12/site-packages/airflow/example_dags/example_sensors.py
[2024-10-16T17:22:53.127+0000] {processor.py:925} INFO - DAG(s) 'example_sensors' retrieved from /home/airflow/.local/lib/python3.12/site-packages/airflow/example_dags/example_sensors.py
[2024-10-16T17:22:53.157+0000] {logging_mixin.py:190} INFO - [2024-10-16T17:22:53.157+0000] {dag.py:3239} INFO - Sync 1 DAGs
[2024-10-16T17:22:53.176+0000] {logging_mixin.py:190} INFO - [2024-10-16T17:22:53.175+0000] {dag.py:4180} INFO - Setting next_dagrun for example_sensors to None, run_after=None
[2024-10-16T17:22:53.198+0000] {processor.py:208} INFO - Processing /home/airflow/.local/lib/python3.12/site-packages/airflow/example_dags/example_sensors.py took 0.093 seconds
[2024-10-16T17:23:23.282+0000] {processor.py:186} INFO - Started process (PID=311) to work on /home/airflow/.local/lib/python3.12/site-packages/airflow/example_dags/example_sensors.py
[2024-10-16T17:23:23.283+0000] {processor.py:914} INFO - Processing file /home/airflow/.local/lib/python3.12/site-packages/airflow/example_dags/example_sensors.py for tasks to queue
[2024-10-16T17:23:23.285+0000] {logging_mixin.py:190} INFO - [2024-10-16T17:23:23.285+0000] {dagbag.py:588} INFO - Filling up the DagBag from /home/airflow/.local/lib/python3.12/site-packages/airflow/example_dags/example_sensors.py
[2024-10-16T17:23:23.297+0000] {processor.py:925} INFO - DAG(s) 'example_sensors' retrieved from /home/airflow/.local/lib/python3.12/site-packages/airflow/example_dags/example_sensors.py
[2024-10-16T17:23:23.327+0000] {logging_mixin.py:190} INFO - [2024-10-16T17:23:23.327+0000] {dag.py:3239} INFO - Sync 1 DAGs
[2024-10-16T17:23:23.343+0000] {logging_mixin.py:190} INFO - [2024-10-16T17:23:23.343+0000] {dag.py:4180} INFO - Setting next_dagrun for example_sensors to None, run_after=None
[2024-10-16T17:23:23.366+0000] {processor.py:208} INFO - Processing /home/airflow/.local/lib/python3.12/site-packages/airflow/example_dags/example_sensors.py took 0.091 seconds
[2024-10-16T17:23:53.898+0000] {processor.py:186} INFO - Started process (PID=373) to work on /home/airflow/.local/lib/python3.12/site-packages/airflow/example_dags/example_sensors.py
[2024-10-16T17:23:53.900+0000] {processor.py:914} INFO - Processing file /home/airflow/.local/lib/python3.12/site-packages/airflow/example_dags/example_sensors.py for tasks to queue
[2024-10-16T17:23:53.902+0000] {logging_mixin.py:190} INFO - [2024-10-16T17:23:53.902+0000] {dagbag.py:588} INFO - Filling up the DagBag from /home/airflow/.local/lib/python3.12/site-packages/airflow/example_dags/example_sensors.py
[2024-10-16T17:23:53.915+0000] {processor.py:925} INFO - DAG(s) 'example_sensors' retrieved from /home/airflow/.local/lib/python3.12/site-packages/airflow/example_dags/example_sensors.py
[2024-10-16T17:23:53.953+0000] {logging_mixin.py:190} INFO - [2024-10-16T17:23:53.952+0000] {dag.py:3239} INFO - Sync 1 DAGs
[2024-10-16T17:23:53.971+0000] {logging_mixin.py:190} INFO - [2024-10-16T17:23:53.971+0000] {dag.py:4180} INFO - Setting next_dagrun for example_sensors to None, run_after=None
[2024-10-16T17:23:53.995+0000] {processor.py:208} INFO - Processing /home/airflow/.local/lib/python3.12/site-packages/airflow/example_dags/example_sensors.py took 0.103 seconds
[2024-10-16T17:24:24.373+0000] {processor.py:186} INFO - Started process (PID=435) to work on /home/airflow/.local/lib/python3.12/site-packages/airflow/example_dags/example_sensors.py
[2024-10-16T17:24:24.374+0000] {processor.py:914} INFO - Processing file /home/airflow/.local/lib/python3.12/site-packages/airflow/example_dags/example_sensors.py for tasks to queue
[2024-10-16T17:24:24.377+0000] {logging_mixin.py:190} INFO - [2024-10-16T17:24:24.377+0000] {dagbag.py:588} INFO - Filling up the DagBag from /home/airflow/.local/lib/python3.12/site-packages/airflow/example_dags/example_sensors.py
[2024-10-16T17:24:24.389+0000] {processor.py:925} INFO - DAG(s) 'example_sensors' retrieved from /home/airflow/.local/lib/python3.12/site-packages/airflow/example_dags/example_sensors.py
[2024-10-16T17:24:24.424+0000] {logging_mixin.py:190} INFO - [2024-10-16T17:24:24.424+0000] {dag.py:3239} INFO - Sync 1 DAGs
[2024-10-16T17:24:24.442+0000] {logging_mixin.py:190} INFO - [2024-10-16T17:24:24.442+0000] {dag.py:4180} INFO - Setting next_dagrun for example_sensors to None, run_after=None
[2024-10-16T17:24:24.463+0000] {processor.py:208} INFO - Processing /home/airflow/.local/lib/python3.12/site-packages/airflow/example_dags/example_sensors.py took 0.097 seconds
[2024-10-16T17:24:54.737+0000] {processor.py:186} INFO - Started process (PID=497) to work on /home/airflow/.local/lib/python3.12/site-packages/airflow/example_dags/example_sensors.py
[2024-10-16T17:24:54.738+0000] {processor.py:914} INFO - Processing file /home/airflow/.local/lib/python3.12/site-packages/airflow/example_dags/example_sensors.py for tasks to queue
[2024-10-16T17:24:54.741+0000] {logging_mixin.py:190} INFO - [2024-10-16T17:24:54.741+0000] {dagbag.py:588} INFO - Filling up the DagBag from /home/airflow/.local/lib/python3.12/site-packages/airflow/example_dags/example_sensors.py
[2024-10-16T17:24:54.754+0000] {processor.py:925} INFO - DAG(s) 'example_sensors' retrieved from /home/airflow/.local/lib/python3.12/site-packages/airflow/example_dags/example_sensors.py
[2024-10-16T17:24:54.790+0000] {logging_mixin.py:190} INFO - [2024-10-16T17:24:54.789+0000] {dag.py:3239} INFO - Sync 1 DAGs
[2024-10-16T17:24:54.807+0000] {logging_mixin.py:190} INFO - [2024-10-16T17:24:54.806+0000] {dag.py:4180} INFO - Setting next_dagrun for example_sensors to None, run_after=None
[2024-10-16T17:24:54.827+0000] {processor.py:208} INFO - Processing /home/airflow/.local/lib/python3.12/site-packages/airflow/example_dags/example_sensors.py took 0.097 seconds
[2024-10-16T17:25:25.242+0000] {processor.py:186} INFO - Started process (PID=559) to work on /home/airflow/.local/lib/python3.12/site-packages/airflow/example_dags/example_sensors.py
[2024-10-16T17:25:25.244+0000] {processor.py:914} INFO - Processing file /home/airflow/.local/lib/python3.12/site-packages/airflow/example_dags/example_sensors.py for tasks to queue
[2024-10-16T17:25:25.249+0000] {logging_mixin.py:190} INFO - [2024-10-16T17:25:25.248+0000] {dagbag.py:588} INFO - Filling up the DagBag from /home/airflow/.local/lib/python3.12/site-packages/airflow/example_dags/example_sensors.py
[2024-10-16T17:25:25.270+0000] {processor.py:925} INFO - DAG(s) 'example_sensors' retrieved from /home/airflow/.local/lib/python3.12/site-packages/airflow/example_dags/example_sensors.py
[2024-10-16T17:25:25.308+0000] {logging_mixin.py:190} INFO - [2024-10-16T17:25:25.308+0000] {dag.py:3239} INFO - Sync 1 DAGs
[2024-10-16T17:25:25.332+0000] {logging_mixin.py:190} INFO - [2024-10-16T17:25:25.332+0000] {dag.py:4180} INFO - Setting next_dagrun for example_sensors to None, run_after=None
[2024-10-16T17:25:25.361+0000] {processor.py:208} INFO - Processing /home/airflow/.local/lib/python3.12/site-packages/airflow/example_dags/example_sensors.py took 0.129 seconds
[2024-10-16T17:25:55.533+0000] {processor.py:186} INFO - Started process (PID=621) to work on /home/airflow/.local/lib/python3.12/site-packages/airflow/example_dags/example_sensors.py
[2024-10-16T17:25:55.535+0000] {processor.py:914} INFO - Processing file /home/airflow/.local/lib/python3.12/site-packages/airflow/example_dags/example_sensors.py for tasks to queue
[2024-10-16T17:25:55.537+0000] {logging_mixin.py:190} INFO - [2024-10-16T17:25:55.537+0000] {dagbag.py:588} INFO - Filling up the DagBag from /home/airflow/.local/lib/python3.12/site-packages/airflow/example_dags/example_sensors.py
[2024-10-16T17:25:55.551+0000] {processor.py:925} INFO - DAG(s) 'example_sensors' retrieved from /home/airflow/.local/lib/python3.12/site-packages/airflow/example_dags/example_sensors.py
[2024-10-16T17:25:55.586+0000] {logging_mixin.py:190} INFO - [2024-10-16T17:25:55.586+0000] {dag.py:3239} INFO - Sync 1 DAGs
[2024-10-16T17:25:55.608+0000] {logging_mixin.py:190} INFO - [2024-10-16T17:25:55.607+0000] {dag.py:4180} INFO - Setting next_dagrun for example_sensors to None, run_after=None
[2024-10-16T17:25:55.633+0000] {processor.py:208} INFO - Processing /home/airflow/.local/lib/python3.12/site-packages/airflow/example_dags/example_sensors.py took 0.109 seconds
[2024-10-16T17:26:26.280+0000] {processor.py:186} INFO - Started process (PID=683) to work on /home/airflow/.local/lib/python3.12/site-packages/airflow/example_dags/example_sensors.py
[2024-10-16T17:26:26.281+0000] {processor.py:914} INFO - Processing file /home/airflow/.local/lib/python3.12/site-packages/airflow/example_dags/example_sensors.py for tasks to queue
[2024-10-16T17:26:26.284+0000] {logging_mixin.py:190} INFO - [2024-10-16T17:26:26.284+0000] {dagbag.py:588} INFO - Filling up the DagBag from /home/airflow/.local/lib/python3.12/site-packages/airflow/example_dags/example_sensors.py
[2024-10-16T17:26:26.297+0000] {processor.py:925} INFO - DAG(s) 'example_sensors' retrieved from /home/airflow/.local/lib/python3.12/site-packages/airflow/example_dags/example_sensors.py
[2024-10-16T17:26:26.330+0000] {logging_mixin.py:190} INFO - [2024-10-16T17:26:26.330+0000] {dag.py:3239} INFO - Sync 1 DAGs
[2024-10-16T17:26:26.348+0000] {logging_mixin.py:190} INFO - [2024-10-16T17:26:26.348+0000] {dag.py:4180} INFO - Setting next_dagrun for example_sensors to None, run_after=None
[2024-10-16T17:26:26.370+0000] {processor.py:208} INFO - Processing /home/airflow/.local/lib/python3.12/site-packages/airflow/example_dags/example_sensors.py took 0.097 seconds
[2024-10-16T17:26:56.548+0000] {processor.py:186} INFO - Started process (PID=745) to work on /home/airflow/.local/lib/python3.12/site-packages/airflow/example_dags/example_sensors.py
[2024-10-16T17:26:56.550+0000] {processor.py:914} INFO - Processing file /home/airflow/.local/lib/python3.12/site-packages/airflow/example_dags/example_sensors.py for tasks to queue
[2024-10-16T17:26:56.552+0000] {logging_mixin.py:190} INFO - [2024-10-16T17:26:56.552+0000] {dagbag.py:588} INFO - Filling up the DagBag from /home/airflow/.local/lib/python3.12/site-packages/airflow/example_dags/example_sensors.py
[2024-10-16T17:26:56.567+0000] {processor.py:925} INFO - DAG(s) 'example_sensors' retrieved from /home/airflow/.local/lib/python3.12/site-packages/airflow/example_dags/example_sensors.py
[2024-10-16T17:26:56.613+0000] {logging_mixin.py:190} INFO - [2024-10-16T17:26:56.613+0000] {dag.py:3239} INFO - Sync 1 DAGs
[2024-10-16T17:26:56.649+0000] {logging_mixin.py:190} INFO - [2024-10-16T17:26:56.648+0000] {dag.py:4180} INFO - Setting next_dagrun for example_sensors to None, run_after=None
[2024-10-16T17:26:56.708+0000] {processor.py:208} INFO - Processing /home/airflow/.local/lib/python3.12/site-packages/airflow/example_dags/example_sensors.py took 0.167 seconds
[2024-10-16T17:27:27.148+0000] {processor.py:186} INFO - Started process (PID=807) to work on /home/airflow/.local/lib/python3.12/site-packages/airflow/example_dags/example_sensors.py
[2024-10-16T17:27:27.149+0000] {processor.py:914} INFO - Processing file /home/airflow/.local/lib/python3.12/site-packages/airflow/example_dags/example_sensors.py for tasks to queue
[2024-10-16T17:27:27.152+0000] {logging_mixin.py:190} INFO - [2024-10-16T17:27:27.152+0000] {dagbag.py:588} INFO - Filling up the DagBag from /home/airflow/.local/lib/python3.12/site-packages/airflow/example_dags/example_sensors.py
[2024-10-16T17:27:27.165+0000] {processor.py:925} INFO - DAG(s) 'example_sensors' retrieved from /home/airflow/.local/lib/python3.12/site-packages/airflow/example_dags/example_sensors.py
[2024-10-16T17:27:27.197+0000] {logging_mixin.py:190} INFO - [2024-10-16T17:27:27.196+0000] {dag.py:3239} INFO - Sync 1 DAGs
[2024-10-16T17:27:27.214+0000] {logging_mixin.py:190} INFO - [2024-10-16T17:27:27.214+0000] {dag.py:4180} INFO - Setting next_dagrun for example_sensors to None, run_after=None
[2024-10-16T17:27:27.238+0000] {processor.py:208} INFO - Processing /home/airflow/.local/lib/python3.12/site-packages/airflow/example_dags/example_sensors.py took 0.097 seconds
[2024-10-16T17:27:57.719+0000] {processor.py:186} INFO - Started process (PID=869) to work on /home/airflow/.local/lib/python3.12/site-packages/airflow/example_dags/example_sensors.py
[2024-10-16T17:27:57.720+0000] {processor.py:914} INFO - Processing file /home/airflow/.local/lib/python3.12/site-packages/airflow/example_dags/example_sensors.py for tasks to queue
[2024-10-16T17:27:57.723+0000] {logging_mixin.py:190} INFO - [2024-10-16T17:27:57.722+0000] {dagbag.py:588} INFO - Filling up the DagBag from /home/airflow/.local/lib/python3.12/site-packages/airflow/example_dags/example_sensors.py
[2024-10-16T17:27:57.735+0000] {processor.py:925} INFO - DAG(s) 'example_sensors' retrieved from /home/airflow/.local/lib/python3.12/site-packages/airflow/example_dags/example_sensors.py
[2024-10-16T17:27:57.768+0000] {logging_mixin.py:190} INFO - [2024-10-16T17:27:57.768+0000] {dag.py:3239} INFO - Sync 1 DAGs
[2024-10-16T17:27:57.786+0000] {logging_mixin.py:190} INFO - [2024-10-16T17:27:57.785+0000] {dag.py:4180} INFO - Setting next_dagrun for example_sensors to None, run_after=None
[2024-10-16T17:27:57.814+0000] {processor.py:208} INFO - Processing /home/airflow/.local/lib/python3.12/site-packages/airflow/example_dags/example_sensors.py took 0.103 seconds
[2024-10-16T17:28:28.175+0000] {processor.py:186} INFO - Started process (PID=931) to work on /home/airflow/.local/lib/python3.12/site-packages/airflow/example_dags/example_sensors.py
[2024-10-16T17:28:28.176+0000] {processor.py:914} INFO - Processing file /home/airflow/.local/lib/python3.12/site-packages/airflow/example_dags/example_sensors.py for tasks to queue
[2024-10-16T17:28:28.179+0000] {logging_mixin.py:190} INFO - [2024-10-16T17:28:28.178+0000] {dagbag.py:588} INFO - Filling up the DagBag from /home/airflow/.local/lib/python3.12/site-packages/airflow/example_dags/example_sensors.py
[2024-10-16T17:28:28.191+0000] {processor.py:925} INFO - DAG(s) 'example_sensors' retrieved from /home/airflow/.local/lib/python3.12/site-packages/airflow/example_dags/example_sensors.py
[2024-10-16T17:28:28.223+0000] {logging_mixin.py:190} INFO - [2024-10-16T17:28:28.223+0000] {dag.py:3239} INFO - Sync 1 DAGs
[2024-10-16T17:28:28.239+0000] {logging_mixin.py:190} INFO - [2024-10-16T17:28:28.239+0000] {dag.py:4180} INFO - Setting next_dagrun for example_sensors to None, run_after=None
[2024-10-16T17:28:28.260+0000] {processor.py:208} INFO - Processing /home/airflow/.local/lib/python3.12/site-packages/airflow/example_dags/example_sensors.py took 0.092 seconds
[2024-10-16T17:28:58.607+0000] {processor.py:186} INFO - Started process (PID=993) to work on /home/airflow/.local/lib/python3.12/site-packages/airflow/example_dags/example_sensors.py
[2024-10-16T17:28:58.608+0000] {processor.py:914} INFO - Processing file /home/airflow/.local/lib/python3.12/site-packages/airflow/example_dags/example_sensors.py for tasks to queue
[2024-10-16T17:28:58.611+0000] {logging_mixin.py:190} INFO - [2024-10-16T17:28:58.610+0000] {dagbag.py:588} INFO - Filling up the DagBag from /home/airflow/.local/lib/python3.12/site-packages/airflow/example_dags/example_sensors.py
[2024-10-16T17:28:58.623+0000] {processor.py:925} INFO - DAG(s) 'example_sensors' retrieved from /home/airflow/.local/lib/python3.12/site-packages/airflow/example_dags/example_sensors.py
[2024-10-16T17:28:58.656+0000] {logging_mixin.py:190} INFO - [2024-10-16T17:28:58.656+0000] {dag.py:3239} INFO - Sync 1 DAGs
[2024-10-16T17:28:58.673+0000] {logging_mixin.py:190} INFO - [2024-10-16T17:28:58.673+0000] {dag.py:4180} INFO - Setting next_dagrun for example_sensors to None, run_after=None
[2024-10-16T17:28:58.696+0000] {processor.py:208} INFO - Processing /home/airflow/.local/lib/python3.12/site-packages/airflow/example_dags/example_sensors.py took 0.096 seconds
[2024-10-16T17:29:29.242+0000] {processor.py:186} INFO - Started process (PID=1055) to work on /home/airflow/.local/lib/python3.12/site-packages/airflow/example_dags/example_sensors.py
[2024-10-16T17:29:29.243+0000] {processor.py:914} INFO - Processing file /home/airflow/.local/lib/python3.12/site-packages/airflow/example_dags/example_sensors.py for tasks to queue
[2024-10-16T17:29:29.246+0000] {logging_mixin.py:190} INFO - [2024-10-16T17:29:29.246+0000] {dagbag.py:588} INFO - Filling up the DagBag from /home/airflow/.local/lib/python3.12/site-packages/airflow/example_dags/example_sensors.py
[2024-10-16T17:29:29.261+0000] {processor.py:925} INFO - DAG(s) 'example_sensors' retrieved from /home/airflow/.local/lib/python3.12/site-packages/airflow/example_dags/example_sensors.py
[2024-10-16T17:29:29.295+0000] {logging_mixin.py:190} INFO - [2024-10-16T17:29:29.295+0000] {dag.py:3239} INFO - Sync 1 DAGs
[2024-10-16T17:29:29.317+0000] {logging_mixin.py:190} INFO - [2024-10-16T17:29:29.316+0000] {dag.py:4180} INFO - Setting next_dagrun for example_sensors to None, run_after=None
[2024-10-16T17:29:29.343+0000] {processor.py:208} INFO - Processing /home/airflow/.local/lib/python3.12/site-packages/airflow/example_dags/example_sensors.py took 0.108 seconds
[2024-10-16T17:29:59.646+0000] {processor.py:186} INFO - Started process (PID=1117) to work on /home/airflow/.local/lib/python3.12/site-packages/airflow/example_dags/example_sensors.py
[2024-10-16T17:29:59.647+0000] {processor.py:914} INFO - Processing file /home/airflow/.local/lib/python3.12/site-packages/airflow/example_dags/example_sensors.py for tasks to queue
[2024-10-16T17:29:59.650+0000] {logging_mixin.py:190} INFO - [2024-10-16T17:29:59.649+0000] {dagbag.py:588} INFO - Filling up the DagBag from /home/airflow/.local/lib/python3.12/site-packages/airflow/example_dags/example_sensors.py
[2024-10-16T17:29:59.662+0000] {processor.py:925} INFO - DAG(s) 'example_sensors' retrieved from /home/airflow/.local/lib/python3.12/site-packages/airflow/example_dags/example_sensors.py
[2024-10-16T17:29:59.696+0000] {logging_mixin.py:190} INFO - [2024-10-16T17:29:59.695+0000] {dag.py:3239} INFO - Sync 1 DAGs
[2024-10-16T17:29:59.714+0000] {logging_mixin.py:190} INFO - [2024-10-16T17:29:59.713+0000] {dag.py:4180} INFO - Setting next_dagrun for example_sensors to None, run_after=None
[2024-10-16T17:29:59.735+0000] {processor.py:208} INFO - Processing /home/airflow/.local/lib/python3.12/site-packages/airflow/example_dags/example_sensors.py took 0.096 seconds
