[2024-10-16T16:38:01.070+0000] {processor.py:186} INFO - Started process (PID=77) to work on /home/airflow/.local/lib/python3.12/site-packages/airflow/example_dags/example_bash_operator.py
[2024-10-16T16:38:01.071+0000] {processor.py:914} INFO - Processing file /home/airflow/.local/lib/python3.12/site-packages/airflow/example_dags/example_bash_operator.py for tasks to queue
[2024-10-16T16:38:01.074+0000] {logging_mixin.py:190} INFO - [2024-10-16T16:38:01.073+0000] {dagbag.py:588} INFO - Filling up the DagBag from /home/airflow/.local/lib/python3.12/site-packages/airflow/example_dags/example_bash_operator.py
[2024-10-16T16:38:01.096+0000] {processor.py:925} INFO - DAG(s) 'example_bash_operator' retrieved from /home/airflow/.local/lib/python3.12/site-packages/airflow/example_dags/example_bash_operator.py
[2024-10-16T16:38:01.264+0000] {logging_mixin.py:190} INFO - [2024-10-16T16:38:01.263+0000] {override.py:1900} INFO - Created Permission View: can delete on DAG:example_bash_operator
[2024-10-16T16:38:01.284+0000] {logging_mixin.py:190} INFO - [2024-10-16T16:38:01.283+0000] {override.py:1900} INFO - Created Permission View: can edit on DAG:example_bash_operator
[2024-10-16T16:38:01.299+0000] {logging_mixin.py:190} INFO - [2024-10-16T16:38:01.299+0000] {override.py:1900} INFO - Created Permission View: can read on DAG:example_bash_operator
[2024-10-16T16:38:01.317+0000] {logging_mixin.py:190} INFO - [2024-10-16T16:38:01.317+0000] {override.py:1900} INFO - Created Permission View: menu access on DAG Run:example_bash_operator
[2024-10-16T16:38:01.325+0000] {logging_mixin.py:190} INFO - [2024-10-16T16:38:01.325+0000] {override.py:1900} INFO - Created Permission View: can create on DAG Run:example_bash_operator
[2024-10-16T16:38:01.334+0000] {logging_mixin.py:190} INFO - [2024-10-16T16:38:01.334+0000] {override.py:1900} INFO - Created Permission View: can delete on DAG Run:example_bash_operator
[2024-10-16T16:38:01.349+0000] {logging_mixin.py:190} INFO - [2024-10-16T16:38:01.349+0000] {override.py:1900} INFO - Created Permission View: can read on DAG Run:example_bash_operator
[2024-10-16T16:38:01.350+0000] {logging_mixin.py:190} INFO - [2024-10-16T16:38:01.350+0000] {dag.py:3239} INFO - Sync 1 DAGs
[2024-10-16T16:38:01.367+0000] {logging_mixin.py:190} INFO - [2024-10-16T16:38:01.366+0000] {dag.py:3262} INFO - Creating ORM DAG for example_bash_operator
[2024-10-16T16:38:01.380+0000] {logging_mixin.py:190} INFO - [2024-10-16T16:38:01.380+0000] {dag.py:4180} INFO - Setting next_dagrun for example_bash_operator to 2024-10-15 00:00:00+00:00, run_after=2024-10-16 00:00:00+00:00
[2024-10-16T16:38:01.402+0000] {processor.py:208} INFO - Processing /home/airflow/.local/lib/python3.12/site-packages/airflow/example_dags/example_bash_operator.py took 0.339 seconds
[2024-10-16T16:38:31.456+0000] {processor.py:186} INFO - Started process (PID=139) to work on /home/airflow/.local/lib/python3.12/site-packages/airflow/example_dags/example_bash_operator.py
[2024-10-16T16:38:31.457+0000] {processor.py:914} INFO - Processing file /home/airflow/.local/lib/python3.12/site-packages/airflow/example_dags/example_bash_operator.py for tasks to queue
[2024-10-16T16:38:31.460+0000] {logging_mixin.py:190} INFO - [2024-10-16T16:38:31.459+0000] {dagbag.py:588} INFO - Filling up the DagBag from /home/airflow/.local/lib/python3.12/site-packages/airflow/example_dags/example_bash_operator.py
[2024-10-16T16:38:31.475+0000] {processor.py:925} INFO - DAG(s) 'example_bash_operator' retrieved from /home/airflow/.local/lib/python3.12/site-packages/airflow/example_dags/example_bash_operator.py
[2024-10-16T16:38:31.507+0000] {logging_mixin.py:190} INFO - [2024-10-16T16:38:31.507+0000] {dag.py:3239} INFO - Sync 1 DAGs
[2024-10-16T16:38:31.536+0000] {logging_mixin.py:190} INFO - [2024-10-16T16:38:31.535+0000] {dag.py:4180} INFO - Setting next_dagrun for example_bash_operator to 2024-10-15 00:00:00+00:00, run_after=2024-10-16 00:00:00+00:00
[2024-10-16T16:38:31.558+0000] {processor.py:208} INFO - Processing /home/airflow/.local/lib/python3.12/site-packages/airflow/example_dags/example_bash_operator.py took 0.109 seconds
[2024-10-16T16:39:02.390+0000] {processor.py:186} INFO - Started process (PID=201) to work on /home/airflow/.local/lib/python3.12/site-packages/airflow/example_dags/example_bash_operator.py
[2024-10-16T16:39:02.391+0000] {processor.py:914} INFO - Processing file /home/airflow/.local/lib/python3.12/site-packages/airflow/example_dags/example_bash_operator.py for tasks to queue
[2024-10-16T16:39:02.394+0000] {logging_mixin.py:190} INFO - [2024-10-16T16:39:02.393+0000] {dagbag.py:588} INFO - Filling up the DagBag from /home/airflow/.local/lib/python3.12/site-packages/airflow/example_dags/example_bash_operator.py
[2024-10-16T16:39:02.411+0000] {processor.py:925} INFO - DAG(s) 'example_bash_operator' retrieved from /home/airflow/.local/lib/python3.12/site-packages/airflow/example_dags/example_bash_operator.py
[2024-10-16T16:39:02.450+0000] {logging_mixin.py:190} INFO - [2024-10-16T16:39:02.449+0000] {dag.py:3239} INFO - Sync 1 DAGs
[2024-10-16T16:39:02.489+0000] {logging_mixin.py:190} INFO - [2024-10-16T16:39:02.489+0000] {dag.py:4180} INFO - Setting next_dagrun for example_bash_operator to 2024-10-15 00:00:00+00:00, run_after=2024-10-16 00:00:00+00:00
[2024-10-16T16:39:02.512+0000] {processor.py:208} INFO - Processing /home/airflow/.local/lib/python3.12/site-packages/airflow/example_dags/example_bash_operator.py took 0.130 seconds
[2024-10-16T16:39:32.876+0000] {processor.py:186} INFO - Started process (PID=263) to work on /home/airflow/.local/lib/python3.12/site-packages/airflow/example_dags/example_bash_operator.py
[2024-10-16T16:39:32.877+0000] {processor.py:914} INFO - Processing file /home/airflow/.local/lib/python3.12/site-packages/airflow/example_dags/example_bash_operator.py for tasks to queue
[2024-10-16T16:39:32.879+0000] {logging_mixin.py:190} INFO - [2024-10-16T16:39:32.879+0000] {dagbag.py:588} INFO - Filling up the DagBag from /home/airflow/.local/lib/python3.12/site-packages/airflow/example_dags/example_bash_operator.py
[2024-10-16T16:39:32.899+0000] {processor.py:925} INFO - DAG(s) 'example_bash_operator' retrieved from /home/airflow/.local/lib/python3.12/site-packages/airflow/example_dags/example_bash_operator.py
[2024-10-16T16:39:32.936+0000] {logging_mixin.py:190} INFO - [2024-10-16T16:39:32.935+0000] {dag.py:3239} INFO - Sync 1 DAGs
[2024-10-16T16:39:32.971+0000] {logging_mixin.py:190} INFO - [2024-10-16T16:39:32.970+0000] {dag.py:4180} INFO - Setting next_dagrun for example_bash_operator to 2024-10-15 00:00:00+00:00, run_after=2024-10-16 00:00:00+00:00
[2024-10-16T16:39:32.996+0000] {processor.py:208} INFO - Processing /home/airflow/.local/lib/python3.12/site-packages/airflow/example_dags/example_bash_operator.py took 0.127 seconds
[2024-10-16T16:40:03.256+0000] {processor.py:186} INFO - Started process (PID=326) to work on /home/airflow/.local/lib/python3.12/site-packages/airflow/example_dags/example_bash_operator.py
[2024-10-16T16:40:03.257+0000] {processor.py:914} INFO - Processing file /home/airflow/.local/lib/python3.12/site-packages/airflow/example_dags/example_bash_operator.py for tasks to queue
[2024-10-16T16:40:03.259+0000] {logging_mixin.py:190} INFO - [2024-10-16T16:40:03.259+0000] {dagbag.py:588} INFO - Filling up the DagBag from /home/airflow/.local/lib/python3.12/site-packages/airflow/example_dags/example_bash_operator.py
[2024-10-16T16:40:03.275+0000] {processor.py:925} INFO - DAG(s) 'example_bash_operator' retrieved from /home/airflow/.local/lib/python3.12/site-packages/airflow/example_dags/example_bash_operator.py
[2024-10-16T16:40:03.309+0000] {logging_mixin.py:190} INFO - [2024-10-16T16:40:03.308+0000] {dag.py:3239} INFO - Sync 1 DAGs
[2024-10-16T16:40:03.343+0000] {logging_mixin.py:190} INFO - [2024-10-16T16:40:03.343+0000] {dag.py:4180} INFO - Setting next_dagrun for example_bash_operator to 2024-10-15 00:00:00+00:00, run_after=2024-10-16 00:00:00+00:00
[2024-10-16T16:40:03.368+0000] {processor.py:208} INFO - Processing /home/airflow/.local/lib/python3.12/site-packages/airflow/example_dags/example_bash_operator.py took 0.119 seconds
[2024-10-16T16:40:33.721+0000] {processor.py:186} INFO - Started process (PID=388) to work on /home/airflow/.local/lib/python3.12/site-packages/airflow/example_dags/example_bash_operator.py
[2024-10-16T16:40:33.722+0000] {processor.py:914} INFO - Processing file /home/airflow/.local/lib/python3.12/site-packages/airflow/example_dags/example_bash_operator.py for tasks to queue
[2024-10-16T16:40:33.724+0000] {logging_mixin.py:190} INFO - [2024-10-16T16:40:33.724+0000] {dagbag.py:588} INFO - Filling up the DagBag from /home/airflow/.local/lib/python3.12/site-packages/airflow/example_dags/example_bash_operator.py
[2024-10-16T16:40:33.741+0000] {processor.py:925} INFO - DAG(s) 'example_bash_operator' retrieved from /home/airflow/.local/lib/python3.12/site-packages/airflow/example_dags/example_bash_operator.py
[2024-10-16T16:40:33.778+0000] {logging_mixin.py:190} INFO - [2024-10-16T16:40:33.777+0000] {dag.py:3239} INFO - Sync 1 DAGs
[2024-10-16T16:40:33.811+0000] {logging_mixin.py:190} INFO - [2024-10-16T16:40:33.811+0000] {dag.py:4180} INFO - Setting next_dagrun for example_bash_operator to 2024-10-15 00:00:00+00:00, run_after=2024-10-16 00:00:00+00:00
[2024-10-16T16:40:33.834+0000] {processor.py:208} INFO - Processing /home/airflow/.local/lib/python3.12/site-packages/airflow/example_dags/example_bash_operator.py took 0.122 seconds
[2024-10-16T16:41:04.236+0000] {processor.py:186} INFO - Started process (PID=450) to work on /home/airflow/.local/lib/python3.12/site-packages/airflow/example_dags/example_bash_operator.py
[2024-10-16T16:41:04.238+0000] {processor.py:914} INFO - Processing file /home/airflow/.local/lib/python3.12/site-packages/airflow/example_dags/example_bash_operator.py for tasks to queue
[2024-10-16T16:41:04.240+0000] {logging_mixin.py:190} INFO - [2024-10-16T16:41:04.240+0000] {dagbag.py:588} INFO - Filling up the DagBag from /home/airflow/.local/lib/python3.12/site-packages/airflow/example_dags/example_bash_operator.py
[2024-10-16T16:41:04.256+0000] {processor.py:925} INFO - DAG(s) 'example_bash_operator' retrieved from /home/airflow/.local/lib/python3.12/site-packages/airflow/example_dags/example_bash_operator.py
[2024-10-16T16:41:04.301+0000] {logging_mixin.py:190} INFO - [2024-10-16T16:41:04.301+0000] {dag.py:3239} INFO - Sync 1 DAGs
[2024-10-16T16:41:04.332+0000] {logging_mixin.py:190} INFO - [2024-10-16T16:41:04.331+0000] {dag.py:4180} INFO - Setting next_dagrun for example_bash_operator to 2024-10-15 00:00:00+00:00, run_after=2024-10-16 00:00:00+00:00
[2024-10-16T16:41:04.352+0000] {processor.py:208} INFO - Processing /home/airflow/.local/lib/python3.12/site-packages/airflow/example_dags/example_bash_operator.py took 0.123 seconds
[2024-10-16T16:41:34.964+0000] {processor.py:186} INFO - Started process (PID=512) to work on /home/airflow/.local/lib/python3.12/site-packages/airflow/example_dags/example_bash_operator.py
[2024-10-16T16:41:34.965+0000] {processor.py:914} INFO - Processing file /home/airflow/.local/lib/python3.12/site-packages/airflow/example_dags/example_bash_operator.py for tasks to queue
[2024-10-16T16:41:34.968+0000] {logging_mixin.py:190} INFO - [2024-10-16T16:41:34.967+0000] {dagbag.py:588} INFO - Filling up the DagBag from /home/airflow/.local/lib/python3.12/site-packages/airflow/example_dags/example_bash_operator.py
[2024-10-16T16:41:34.983+0000] {processor.py:925} INFO - DAG(s) 'example_bash_operator' retrieved from /home/airflow/.local/lib/python3.12/site-packages/airflow/example_dags/example_bash_operator.py
[2024-10-16T16:41:35.016+0000] {logging_mixin.py:190} INFO - [2024-10-16T16:41:35.015+0000] {dag.py:3239} INFO - Sync 1 DAGs
[2024-10-16T16:41:35.045+0000] {logging_mixin.py:190} INFO - [2024-10-16T16:41:35.044+0000] {dag.py:4180} INFO - Setting next_dagrun for example_bash_operator to 2024-10-15 00:00:00+00:00, run_after=2024-10-16 00:00:00+00:00
[2024-10-16T16:41:35.067+0000] {processor.py:208} INFO - Processing /home/airflow/.local/lib/python3.12/site-packages/airflow/example_dags/example_bash_operator.py took 0.112 seconds
[2024-10-16T16:42:05.143+0000] {processor.py:186} INFO - Started process (PID=574) to work on /home/airflow/.local/lib/python3.12/site-packages/airflow/example_dags/example_bash_operator.py
[2024-10-16T16:42:05.144+0000] {processor.py:914} INFO - Processing file /home/airflow/.local/lib/python3.12/site-packages/airflow/example_dags/example_bash_operator.py for tasks to queue
[2024-10-16T16:42:05.146+0000] {logging_mixin.py:190} INFO - [2024-10-16T16:42:05.146+0000] {dagbag.py:588} INFO - Filling up the DagBag from /home/airflow/.local/lib/python3.12/site-packages/airflow/example_dags/example_bash_operator.py
[2024-10-16T16:42:05.161+0000] {processor.py:925} INFO - DAG(s) 'example_bash_operator' retrieved from /home/airflow/.local/lib/python3.12/site-packages/airflow/example_dags/example_bash_operator.py
[2024-10-16T16:42:05.194+0000] {logging_mixin.py:190} INFO - [2024-10-16T16:42:05.194+0000] {dag.py:3239} INFO - Sync 1 DAGs
[2024-10-16T16:42:05.224+0000] {logging_mixin.py:190} INFO - [2024-10-16T16:42:05.224+0000] {dag.py:4180} INFO - Setting next_dagrun for example_bash_operator to 2024-10-15 00:00:00+00:00, run_after=2024-10-16 00:00:00+00:00
[2024-10-16T16:42:05.245+0000] {processor.py:208} INFO - Processing /home/airflow/.local/lib/python3.12/site-packages/airflow/example_dags/example_bash_operator.py took 0.108 seconds
[2024-10-16T16:42:35.674+0000] {processor.py:186} INFO - Started process (PID=636) to work on /home/airflow/.local/lib/python3.12/site-packages/airflow/example_dags/example_bash_operator.py
[2024-10-16T16:42:35.675+0000] {processor.py:914} INFO - Processing file /home/airflow/.local/lib/python3.12/site-packages/airflow/example_dags/example_bash_operator.py for tasks to queue
[2024-10-16T16:42:35.677+0000] {logging_mixin.py:190} INFO - [2024-10-16T16:42:35.677+0000] {dagbag.py:588} INFO - Filling up the DagBag from /home/airflow/.local/lib/python3.12/site-packages/airflow/example_dags/example_bash_operator.py
[2024-10-16T16:42:35.692+0000] {processor.py:925} INFO - DAG(s) 'example_bash_operator' retrieved from /home/airflow/.local/lib/python3.12/site-packages/airflow/example_dags/example_bash_operator.py
[2024-10-16T16:42:35.724+0000] {logging_mixin.py:190} INFO - [2024-10-16T16:42:35.723+0000] {dag.py:3239} INFO - Sync 1 DAGs
[2024-10-16T16:42:35.755+0000] {logging_mixin.py:190} INFO - [2024-10-16T16:42:35.754+0000] {dag.py:4180} INFO - Setting next_dagrun for example_bash_operator to 2024-10-15 00:00:00+00:00, run_after=2024-10-16 00:00:00+00:00
[2024-10-16T16:42:35.776+0000] {processor.py:208} INFO - Processing /home/airflow/.local/lib/python3.12/site-packages/airflow/example_dags/example_bash_operator.py took 0.109 seconds
[2024-10-16T17:21:21.321+0000] {processor.py:186} INFO - Started process (PID=62) to work on /home/airflow/.local/lib/python3.12/site-packages/airflow/example_dags/example_bash_operator.py
[2024-10-16T17:21:21.322+0000] {processor.py:914} INFO - Processing file /home/airflow/.local/lib/python3.12/site-packages/airflow/example_dags/example_bash_operator.py for tasks to queue
[2024-10-16T17:21:21.325+0000] {logging_mixin.py:190} INFO - [2024-10-16T17:21:21.324+0000] {dagbag.py:588} INFO - Filling up the DagBag from /home/airflow/.local/lib/python3.12/site-packages/airflow/example_dags/example_bash_operator.py
[2024-10-16T17:21:21.348+0000] {processor.py:925} INFO - DAG(s) 'example_bash_operator' retrieved from /home/airflow/.local/lib/python3.12/site-packages/airflow/example_dags/example_bash_operator.py
[2024-10-16T17:21:21.417+0000] {logging_mixin.py:190} INFO - [2024-10-16T17:21:21.417+0000] {dag.py:3239} INFO - Sync 1 DAGs
[2024-10-16T17:21:21.470+0000] {logging_mixin.py:190} INFO - [2024-10-16T17:21:21.469+0000] {dag.py:4180} INFO - Setting next_dagrun for example_bash_operator to 2024-10-15 00:00:00+00:00, run_after=2024-10-16 00:00:00+00:00
[2024-10-16T17:21:21.509+0000] {processor.py:208} INFO - Processing /home/airflow/.local/lib/python3.12/site-packages/airflow/example_dags/example_bash_operator.py took 0.194 seconds
[2024-10-16T17:21:52.180+0000] {processor.py:186} INFO - Started process (PID=130) to work on /home/airflow/.local/lib/python3.12/site-packages/airflow/example_dags/example_bash_operator.py
[2024-10-16T17:21:52.181+0000] {processor.py:914} INFO - Processing file /home/airflow/.local/lib/python3.12/site-packages/airflow/example_dags/example_bash_operator.py for tasks to queue
[2024-10-16T17:21:52.184+0000] {logging_mixin.py:190} INFO - [2024-10-16T17:21:52.184+0000] {dagbag.py:588} INFO - Filling up the DagBag from /home/airflow/.local/lib/python3.12/site-packages/airflow/example_dags/example_bash_operator.py
[2024-10-16T17:21:52.199+0000] {processor.py:925} INFO - DAG(s) 'example_bash_operator' retrieved from /home/airflow/.local/lib/python3.12/site-packages/airflow/example_dags/example_bash_operator.py
[2024-10-16T17:21:52.231+0000] {logging_mixin.py:190} INFO - [2024-10-16T17:21:52.231+0000] {dag.py:3239} INFO - Sync 1 DAGs
[2024-10-16T17:21:52.260+0000] {logging_mixin.py:190} INFO - [2024-10-16T17:21:52.260+0000] {dag.py:4180} INFO - Setting next_dagrun for example_bash_operator to 2024-10-15 00:00:00+00:00, run_after=2024-10-16 00:00:00+00:00
[2024-10-16T17:21:52.282+0000] {processor.py:208} INFO - Processing /home/airflow/.local/lib/python3.12/site-packages/airflow/example_dags/example_bash_operator.py took 0.108 seconds
[2024-10-16T17:22:23.155+0000] {processor.py:186} INFO - Started process (PID=192) to work on /home/airflow/.local/lib/python3.12/site-packages/airflow/example_dags/example_bash_operator.py
[2024-10-16T17:22:23.158+0000] {processor.py:914} INFO - Processing file /home/airflow/.local/lib/python3.12/site-packages/airflow/example_dags/example_bash_operator.py for tasks to queue
[2024-10-16T17:22:23.163+0000] {logging_mixin.py:190} INFO - [2024-10-16T17:22:23.162+0000] {dagbag.py:588} INFO - Filling up the DagBag from /home/airflow/.local/lib/python3.12/site-packages/airflow/example_dags/example_bash_operator.py
[2024-10-16T17:22:23.184+0000] {processor.py:925} INFO - DAG(s) 'example_bash_operator' retrieved from /home/airflow/.local/lib/python3.12/site-packages/airflow/example_dags/example_bash_operator.py
[2024-10-16T17:22:23.230+0000] {logging_mixin.py:190} INFO - [2024-10-16T17:22:23.230+0000] {dag.py:3239} INFO - Sync 1 DAGs
[2024-10-16T17:22:23.263+0000] {logging_mixin.py:190} INFO - [2024-10-16T17:22:23.262+0000] {dag.py:4180} INFO - Setting next_dagrun for example_bash_operator to 2024-10-15 00:00:00+00:00, run_after=2024-10-16 00:00:00+00:00
[2024-10-16T17:22:23.288+0000] {processor.py:208} INFO - Processing /home/airflow/.local/lib/python3.12/site-packages/airflow/example_dags/example_bash_operator.py took 0.140 seconds
[2024-10-16T17:22:53.482+0000] {processor.py:186} INFO - Started process (PID=254) to work on /home/airflow/.local/lib/python3.12/site-packages/airflow/example_dags/example_bash_operator.py
[2024-10-16T17:22:53.484+0000] {processor.py:914} INFO - Processing file /home/airflow/.local/lib/python3.12/site-packages/airflow/example_dags/example_bash_operator.py for tasks to queue
[2024-10-16T17:22:53.486+0000] {logging_mixin.py:190} INFO - [2024-10-16T17:22:53.486+0000] {dagbag.py:588} INFO - Filling up the DagBag from /home/airflow/.local/lib/python3.12/site-packages/airflow/example_dags/example_bash_operator.py
[2024-10-16T17:22:53.504+0000] {processor.py:925} INFO - DAG(s) 'example_bash_operator' retrieved from /home/airflow/.local/lib/python3.12/site-packages/airflow/example_dags/example_bash_operator.py
[2024-10-16T17:22:53.535+0000] {logging_mixin.py:190} INFO - [2024-10-16T17:22:53.535+0000] {dag.py:3239} INFO - Sync 1 DAGs
[2024-10-16T17:22:53.563+0000] {logging_mixin.py:190} INFO - [2024-10-16T17:22:53.563+0000] {dag.py:4180} INFO - Setting next_dagrun for example_bash_operator to 2024-10-15 00:00:00+00:00, run_after=2024-10-16 00:00:00+00:00
[2024-10-16T17:22:53.584+0000] {processor.py:208} INFO - Processing /home/airflow/.local/lib/python3.12/site-packages/airflow/example_dags/example_bash_operator.py took 0.109 seconds
[2024-10-16T17:23:23.650+0000] {processor.py:186} INFO - Started process (PID=316) to work on /home/airflow/.local/lib/python3.12/site-packages/airflow/example_dags/example_bash_operator.py
[2024-10-16T17:23:23.651+0000] {processor.py:914} INFO - Processing file /home/airflow/.local/lib/python3.12/site-packages/airflow/example_dags/example_bash_operator.py for tasks to queue
[2024-10-16T17:23:23.654+0000] {logging_mixin.py:190} INFO - [2024-10-16T17:23:23.654+0000] {dagbag.py:588} INFO - Filling up the DagBag from /home/airflow/.local/lib/python3.12/site-packages/airflow/example_dags/example_bash_operator.py
[2024-10-16T17:23:23.671+0000] {processor.py:925} INFO - DAG(s) 'example_bash_operator' retrieved from /home/airflow/.local/lib/python3.12/site-packages/airflow/example_dags/example_bash_operator.py
[2024-10-16T17:23:23.702+0000] {logging_mixin.py:190} INFO - [2024-10-16T17:23:23.702+0000] {dag.py:3239} INFO - Sync 1 DAGs
[2024-10-16T17:23:23.731+0000] {logging_mixin.py:190} INFO - [2024-10-16T17:23:23.730+0000] {dag.py:4180} INFO - Setting next_dagrun for example_bash_operator to 2024-10-15 00:00:00+00:00, run_after=2024-10-16 00:00:00+00:00
[2024-10-16T17:23:23.752+0000] {processor.py:208} INFO - Processing /home/airflow/.local/lib/python3.12/site-packages/airflow/example_dags/example_bash_operator.py took 0.109 seconds
[2024-10-16T17:23:54.204+0000] {processor.py:186} INFO - Started process (PID=378) to work on /home/airflow/.local/lib/python3.12/site-packages/airflow/example_dags/example_bash_operator.py
[2024-10-16T17:23:54.205+0000] {processor.py:914} INFO - Processing file /home/airflow/.local/lib/python3.12/site-packages/airflow/example_dags/example_bash_operator.py for tasks to queue
[2024-10-16T17:23:54.207+0000] {logging_mixin.py:190} INFO - [2024-10-16T17:23:54.207+0000] {dagbag.py:588} INFO - Filling up the DagBag from /home/airflow/.local/lib/python3.12/site-packages/airflow/example_dags/example_bash_operator.py
[2024-10-16T17:23:54.221+0000] {processor.py:925} INFO - DAG(s) 'example_bash_operator' retrieved from /home/airflow/.local/lib/python3.12/site-packages/airflow/example_dags/example_bash_operator.py
[2024-10-16T17:23:54.253+0000] {logging_mixin.py:190} INFO - [2024-10-16T17:23:54.253+0000] {dag.py:3239} INFO - Sync 1 DAGs
[2024-10-16T17:23:54.286+0000] {logging_mixin.py:190} INFO - [2024-10-16T17:23:54.286+0000] {dag.py:4180} INFO - Setting next_dagrun for example_bash_operator to 2024-10-15 00:00:00+00:00, run_after=2024-10-16 00:00:00+00:00
[2024-10-16T17:23:54.308+0000] {processor.py:208} INFO - Processing /home/airflow/.local/lib/python3.12/site-packages/airflow/example_dags/example_bash_operator.py took 0.110 seconds
[2024-10-16T17:24:24.668+0000] {processor.py:186} INFO - Started process (PID=440) to work on /home/airflow/.local/lib/python3.12/site-packages/airflow/example_dags/example_bash_operator.py
[2024-10-16T17:24:24.669+0000] {processor.py:914} INFO - Processing file /home/airflow/.local/lib/python3.12/site-packages/airflow/example_dags/example_bash_operator.py for tasks to queue
[2024-10-16T17:24:24.672+0000] {logging_mixin.py:190} INFO - [2024-10-16T17:24:24.671+0000] {dagbag.py:588} INFO - Filling up the DagBag from /home/airflow/.local/lib/python3.12/site-packages/airflow/example_dags/example_bash_operator.py
[2024-10-16T17:24:24.686+0000] {processor.py:925} INFO - DAG(s) 'example_bash_operator' retrieved from /home/airflow/.local/lib/python3.12/site-packages/airflow/example_dags/example_bash_operator.py
[2024-10-16T17:24:24.718+0000] {logging_mixin.py:190} INFO - [2024-10-16T17:24:24.718+0000] {dag.py:3239} INFO - Sync 1 DAGs
[2024-10-16T17:24:24.753+0000] {logging_mixin.py:190} INFO - [2024-10-16T17:24:24.752+0000] {dag.py:4180} INFO - Setting next_dagrun for example_bash_operator to 2024-10-15 00:00:00+00:00, run_after=2024-10-16 00:00:00+00:00
[2024-10-16T17:24:24.774+0000] {processor.py:208} INFO - Processing /home/airflow/.local/lib/python3.12/site-packages/airflow/example_dags/example_bash_operator.py took 0.113 seconds
[2024-10-16T17:24:55.040+0000] {processor.py:186} INFO - Started process (PID=502) to work on /home/airflow/.local/lib/python3.12/site-packages/airflow/example_dags/example_bash_operator.py
[2024-10-16T17:24:55.042+0000] {processor.py:914} INFO - Processing file /home/airflow/.local/lib/python3.12/site-packages/airflow/example_dags/example_bash_operator.py for tasks to queue
[2024-10-16T17:24:55.044+0000] {logging_mixin.py:190} INFO - [2024-10-16T17:24:55.044+0000] {dagbag.py:588} INFO - Filling up the DagBag from /home/airflow/.local/lib/python3.12/site-packages/airflow/example_dags/example_bash_operator.py
[2024-10-16T17:24:55.058+0000] {processor.py:925} INFO - DAG(s) 'example_bash_operator' retrieved from /home/airflow/.local/lib/python3.12/site-packages/airflow/example_dags/example_bash_operator.py
[2024-10-16T17:24:55.090+0000] {logging_mixin.py:190} INFO - [2024-10-16T17:24:55.089+0000] {dag.py:3239} INFO - Sync 1 DAGs
[2024-10-16T17:24:55.121+0000] {logging_mixin.py:190} INFO - [2024-10-16T17:24:55.120+0000] {dag.py:4180} INFO - Setting next_dagrun for example_bash_operator to 2024-10-15 00:00:00+00:00, run_after=2024-10-16 00:00:00+00:00
[2024-10-16T17:24:55.145+0000] {processor.py:208} INFO - Processing /home/airflow/.local/lib/python3.12/site-packages/airflow/example_dags/example_bash_operator.py took 0.112 seconds
[2024-10-16T17:25:25.583+0000] {processor.py:186} INFO - Started process (PID=564) to work on /home/airflow/.local/lib/python3.12/site-packages/airflow/example_dags/example_bash_operator.py
[2024-10-16T17:25:25.584+0000] {processor.py:914} INFO - Processing file /home/airflow/.local/lib/python3.12/site-packages/airflow/example_dags/example_bash_operator.py for tasks to queue
[2024-10-16T17:25:25.587+0000] {logging_mixin.py:190} INFO - [2024-10-16T17:25:25.586+0000] {dagbag.py:588} INFO - Filling up the DagBag from /home/airflow/.local/lib/python3.12/site-packages/airflow/example_dags/example_bash_operator.py
[2024-10-16T17:25:25.605+0000] {processor.py:925} INFO - DAG(s) 'example_bash_operator' retrieved from /home/airflow/.local/lib/python3.12/site-packages/airflow/example_dags/example_bash_operator.py
[2024-10-16T17:25:25.641+0000] {logging_mixin.py:190} INFO - [2024-10-16T17:25:25.641+0000] {dag.py:3239} INFO - Sync 1 DAGs
[2024-10-16T17:25:25.678+0000] {logging_mixin.py:190} INFO - [2024-10-16T17:25:25.678+0000] {dag.py:4180} INFO - Setting next_dagrun for example_bash_operator to 2024-10-15 00:00:00+00:00, run_after=2024-10-16 00:00:00+00:00
[2024-10-16T17:25:25.703+0000] {processor.py:208} INFO - Processing /home/airflow/.local/lib/python3.12/site-packages/airflow/example_dags/example_bash_operator.py took 0.128 seconds
[2024-10-16T17:25:55.827+0000] {processor.py:186} INFO - Started process (PID=626) to work on /home/airflow/.local/lib/python3.12/site-packages/airflow/example_dags/example_bash_operator.py
[2024-10-16T17:25:55.829+0000] {processor.py:914} INFO - Processing file /home/airflow/.local/lib/python3.12/site-packages/airflow/example_dags/example_bash_operator.py for tasks to queue
[2024-10-16T17:25:55.831+0000] {logging_mixin.py:190} INFO - [2024-10-16T17:25:55.831+0000] {dagbag.py:588} INFO - Filling up the DagBag from /home/airflow/.local/lib/python3.12/site-packages/airflow/example_dags/example_bash_operator.py
[2024-10-16T17:25:55.847+0000] {processor.py:925} INFO - DAG(s) 'example_bash_operator' retrieved from /home/airflow/.local/lib/python3.12/site-packages/airflow/example_dags/example_bash_operator.py
[2024-10-16T17:25:55.878+0000] {logging_mixin.py:190} INFO - [2024-10-16T17:25:55.878+0000] {dag.py:3239} INFO - Sync 1 DAGs
[2024-10-16T17:25:55.909+0000] {logging_mixin.py:190} INFO - [2024-10-16T17:25:55.908+0000] {dag.py:4180} INFO - Setting next_dagrun for example_bash_operator to 2024-10-15 00:00:00+00:00, run_after=2024-10-16 00:00:00+00:00
[2024-10-16T17:25:55.929+0000] {processor.py:208} INFO - Processing /home/airflow/.local/lib/python3.12/site-packages/airflow/example_dags/example_bash_operator.py took 0.108 seconds
[2024-10-16T17:26:26.596+0000] {processor.py:186} INFO - Started process (PID=688) to work on /home/airflow/.local/lib/python3.12/site-packages/airflow/example_dags/example_bash_operator.py
[2024-10-16T17:26:26.597+0000] {processor.py:914} INFO - Processing file /home/airflow/.local/lib/python3.12/site-packages/airflow/example_dags/example_bash_operator.py for tasks to queue
[2024-10-16T17:26:26.600+0000] {logging_mixin.py:190} INFO - [2024-10-16T17:26:26.599+0000] {dagbag.py:588} INFO - Filling up the DagBag from /home/airflow/.local/lib/python3.12/site-packages/airflow/example_dags/example_bash_operator.py
[2024-10-16T17:26:26.618+0000] {processor.py:925} INFO - DAG(s) 'example_bash_operator' retrieved from /home/airflow/.local/lib/python3.12/site-packages/airflow/example_dags/example_bash_operator.py
[2024-10-16T17:26:26.656+0000] {logging_mixin.py:190} INFO - [2024-10-16T17:26:26.655+0000] {dag.py:3239} INFO - Sync 1 DAGs
[2024-10-16T17:26:26.686+0000] {logging_mixin.py:190} INFO - [2024-10-16T17:26:26.686+0000] {dag.py:4180} INFO - Setting next_dagrun for example_bash_operator to 2024-10-15 00:00:00+00:00, run_after=2024-10-16 00:00:00+00:00
[2024-10-16T17:26:26.711+0000] {processor.py:208} INFO - Processing /home/airflow/.local/lib/python3.12/site-packages/airflow/example_dags/example_bash_operator.py took 0.122 seconds
[2024-10-16T17:26:56.993+0000] {processor.py:186} INFO - Started process (PID=750) to work on /home/airflow/.local/lib/python3.12/site-packages/airflow/example_dags/example_bash_operator.py
[2024-10-16T17:26:56.994+0000] {processor.py:914} INFO - Processing file /home/airflow/.local/lib/python3.12/site-packages/airflow/example_dags/example_bash_operator.py for tasks to queue
[2024-10-16T17:26:56.997+0000] {logging_mixin.py:190} INFO - [2024-10-16T17:26:56.997+0000] {dagbag.py:588} INFO - Filling up the DagBag from /home/airflow/.local/lib/python3.12/site-packages/airflow/example_dags/example_bash_operator.py
[2024-10-16T17:26:57.012+0000] {processor.py:925} INFO - DAG(s) 'example_bash_operator' retrieved from /home/airflow/.local/lib/python3.12/site-packages/airflow/example_dags/example_bash_operator.py
[2024-10-16T17:26:57.044+0000] {logging_mixin.py:190} INFO - [2024-10-16T17:26:57.044+0000] {dag.py:3239} INFO - Sync 1 DAGs
[2024-10-16T17:26:57.076+0000] {logging_mixin.py:190} INFO - [2024-10-16T17:26:57.076+0000] {dag.py:4180} INFO - Setting next_dagrun for example_bash_operator to 2024-10-15 00:00:00+00:00, run_after=2024-10-16 00:00:00+00:00
[2024-10-16T17:26:57.098+0000] {processor.py:208} INFO - Processing /home/airflow/.local/lib/python3.12/site-packages/airflow/example_dags/example_bash_operator.py took 0.112 seconds
[2024-10-16T17:27:27.476+0000] {processor.py:186} INFO - Started process (PID=812) to work on /home/airflow/.local/lib/python3.12/site-packages/airflow/example_dags/example_bash_operator.py
[2024-10-16T17:27:27.477+0000] {processor.py:914} INFO - Processing file /home/airflow/.local/lib/python3.12/site-packages/airflow/example_dags/example_bash_operator.py for tasks to queue
[2024-10-16T17:27:27.480+0000] {logging_mixin.py:190} INFO - [2024-10-16T17:27:27.479+0000] {dagbag.py:588} INFO - Filling up the DagBag from /home/airflow/.local/lib/python3.12/site-packages/airflow/example_dags/example_bash_operator.py
[2024-10-16T17:27:27.495+0000] {processor.py:925} INFO - DAG(s) 'example_bash_operator' retrieved from /home/airflow/.local/lib/python3.12/site-packages/airflow/example_dags/example_bash_operator.py
[2024-10-16T17:27:27.535+0000] {logging_mixin.py:190} INFO - [2024-10-16T17:27:27.535+0000] {dag.py:3239} INFO - Sync 1 DAGs
[2024-10-16T17:27:27.569+0000] {logging_mixin.py:190} INFO - [2024-10-16T17:27:27.569+0000] {dag.py:4180} INFO - Setting next_dagrun for example_bash_operator to 2024-10-15 00:00:00+00:00, run_after=2024-10-16 00:00:00+00:00
[2024-10-16T17:27:27.593+0000] {processor.py:208} INFO - Processing /home/airflow/.local/lib/python3.12/site-packages/airflow/example_dags/example_bash_operator.py took 0.124 seconds
[2024-10-16T17:27:58.031+0000] {processor.py:186} INFO - Started process (PID=874) to work on /home/airflow/.local/lib/python3.12/site-packages/airflow/example_dags/example_bash_operator.py
[2024-10-16T17:27:58.032+0000] {processor.py:914} INFO - Processing file /home/airflow/.local/lib/python3.12/site-packages/airflow/example_dags/example_bash_operator.py for tasks to queue
[2024-10-16T17:27:58.034+0000] {logging_mixin.py:190} INFO - [2024-10-16T17:27:58.034+0000] {dagbag.py:588} INFO - Filling up the DagBag from /home/airflow/.local/lib/python3.12/site-packages/airflow/example_dags/example_bash_operator.py
[2024-10-16T17:27:58.050+0000] {processor.py:925} INFO - DAG(s) 'example_bash_operator' retrieved from /home/airflow/.local/lib/python3.12/site-packages/airflow/example_dags/example_bash_operator.py
[2024-10-16T17:27:58.084+0000] {logging_mixin.py:190} INFO - [2024-10-16T17:27:58.084+0000] {dag.py:3239} INFO - Sync 1 DAGs
[2024-10-16T17:27:58.117+0000] {logging_mixin.py:190} INFO - [2024-10-16T17:27:58.116+0000] {dag.py:4180} INFO - Setting next_dagrun for example_bash_operator to 2024-10-15 00:00:00+00:00, run_after=2024-10-16 00:00:00+00:00
[2024-10-16T17:27:58.139+0000] {processor.py:208} INFO - Processing /home/airflow/.local/lib/python3.12/site-packages/airflow/example_dags/example_bash_operator.py took 0.115 seconds
[2024-10-16T17:28:28.456+0000] {processor.py:186} INFO - Started process (PID=936) to work on /home/airflow/.local/lib/python3.12/site-packages/airflow/example_dags/example_bash_operator.py
[2024-10-16T17:28:28.458+0000] {processor.py:914} INFO - Processing file /home/airflow/.local/lib/python3.12/site-packages/airflow/example_dags/example_bash_operator.py for tasks to queue
[2024-10-16T17:28:28.460+0000] {logging_mixin.py:190} INFO - [2024-10-16T17:28:28.460+0000] {dagbag.py:588} INFO - Filling up the DagBag from /home/airflow/.local/lib/python3.12/site-packages/airflow/example_dags/example_bash_operator.py
[2024-10-16T17:28:28.475+0000] {processor.py:925} INFO - DAG(s) 'example_bash_operator' retrieved from /home/airflow/.local/lib/python3.12/site-packages/airflow/example_dags/example_bash_operator.py
[2024-10-16T17:28:28.506+0000] {logging_mixin.py:190} INFO - [2024-10-16T17:28:28.505+0000] {dag.py:3239} INFO - Sync 1 DAGs
[2024-10-16T17:28:28.534+0000] {logging_mixin.py:190} INFO - [2024-10-16T17:28:28.534+0000] {dag.py:4180} INFO - Setting next_dagrun for example_bash_operator to 2024-10-15 00:00:00+00:00, run_after=2024-10-16 00:00:00+00:00
[2024-10-16T17:28:28.555+0000] {processor.py:208} INFO - Processing /home/airflow/.local/lib/python3.12/site-packages/airflow/example_dags/example_bash_operator.py took 0.106 seconds
[2024-10-16T17:28:58.901+0000] {processor.py:186} INFO - Started process (PID=998) to work on /home/airflow/.local/lib/python3.12/site-packages/airflow/example_dags/example_bash_operator.py
[2024-10-16T17:28:58.902+0000] {processor.py:914} INFO - Processing file /home/airflow/.local/lib/python3.12/site-packages/airflow/example_dags/example_bash_operator.py for tasks to queue
[2024-10-16T17:28:58.905+0000] {logging_mixin.py:190} INFO - [2024-10-16T17:28:58.904+0000] {dagbag.py:588} INFO - Filling up the DagBag from /home/airflow/.local/lib/python3.12/site-packages/airflow/example_dags/example_bash_operator.py
[2024-10-16T17:28:58.920+0000] {processor.py:925} INFO - DAG(s) 'example_bash_operator' retrieved from /home/airflow/.local/lib/python3.12/site-packages/airflow/example_dags/example_bash_operator.py
[2024-10-16T17:28:58.955+0000] {logging_mixin.py:190} INFO - [2024-10-16T17:28:58.955+0000] {dag.py:3239} INFO - Sync 1 DAGs
[2024-10-16T17:28:58.988+0000] {logging_mixin.py:190} INFO - [2024-10-16T17:28:58.988+0000] {dag.py:4180} INFO - Setting next_dagrun for example_bash_operator to 2024-10-15 00:00:00+00:00, run_after=2024-10-16 00:00:00+00:00
[2024-10-16T17:28:59.011+0000] {processor.py:208} INFO - Processing /home/airflow/.local/lib/python3.12/site-packages/airflow/example_dags/example_bash_operator.py took 0.117 seconds
[2024-10-16T17:29:29.566+0000] {processor.py:186} INFO - Started process (PID=1060) to work on /home/airflow/.local/lib/python3.12/site-packages/airflow/example_dags/example_bash_operator.py
[2024-10-16T17:29:29.568+0000] {processor.py:914} INFO - Processing file /home/airflow/.local/lib/python3.12/site-packages/airflow/example_dags/example_bash_operator.py for tasks to queue
[2024-10-16T17:29:29.570+0000] {logging_mixin.py:190} INFO - [2024-10-16T17:29:29.570+0000] {dagbag.py:588} INFO - Filling up the DagBag from /home/airflow/.local/lib/python3.12/site-packages/airflow/example_dags/example_bash_operator.py
[2024-10-16T17:29:29.588+0000] {processor.py:925} INFO - DAG(s) 'example_bash_operator' retrieved from /home/airflow/.local/lib/python3.12/site-packages/airflow/example_dags/example_bash_operator.py
[2024-10-16T17:29:29.622+0000] {logging_mixin.py:190} INFO - [2024-10-16T17:29:29.621+0000] {dag.py:3239} INFO - Sync 1 DAGs
[2024-10-16T17:29:29.656+0000] {logging_mixin.py:190} INFO - [2024-10-16T17:29:29.655+0000] {dag.py:4180} INFO - Setting next_dagrun for example_bash_operator to 2024-10-15 00:00:00+00:00, run_after=2024-10-16 00:00:00+00:00
[2024-10-16T17:29:29.679+0000] {processor.py:208} INFO - Processing /home/airflow/.local/lib/python3.12/site-packages/airflow/example_dags/example_bash_operator.py took 0.119 seconds
[2024-10-16T17:29:59.948+0000] {processor.py:186} INFO - Started process (PID=1122) to work on /home/airflow/.local/lib/python3.12/site-packages/airflow/example_dags/example_bash_operator.py
[2024-10-16T17:29:59.950+0000] {processor.py:914} INFO - Processing file /home/airflow/.local/lib/python3.12/site-packages/airflow/example_dags/example_bash_operator.py for tasks to queue
[2024-10-16T17:29:59.952+0000] {logging_mixin.py:190} INFO - [2024-10-16T17:29:59.952+0000] {dagbag.py:588} INFO - Filling up the DagBag from /home/airflow/.local/lib/python3.12/site-packages/airflow/example_dags/example_bash_operator.py
[2024-10-16T17:29:59.966+0000] {processor.py:925} INFO - DAG(s) 'example_bash_operator' retrieved from /home/airflow/.local/lib/python3.12/site-packages/airflow/example_dags/example_bash_operator.py
[2024-10-16T17:29:59.999+0000] {logging_mixin.py:190} INFO - [2024-10-16T17:29:59.998+0000] {dag.py:3239} INFO - Sync 1 DAGs
[2024-10-16T17:30:00.033+0000] {logging_mixin.py:190} INFO - [2024-10-16T17:30:00.033+0000] {dag.py:4180} INFO - Setting next_dagrun for example_bash_operator to 2024-10-15 00:00:00+00:00, run_after=2024-10-16 00:00:00+00:00
[2024-10-16T17:30:00.056+0000] {processor.py:208} INFO - Processing /home/airflow/.local/lib/python3.12/site-packages/airflow/example_dags/example_bash_operator.py took 0.114 seconds
