[2024-10-16T16:38:10.509+0000] {processor.py:186} INFO - Started process (PID=107) to work on /home/airflow/.local/lib/python3.12/site-packages/airflow/example_dags/example_external_task_marker_dag.py
[2024-10-16T16:38:10.510+0000] {processor.py:914} INFO - Processing file /home/airflow/.local/lib/python3.12/site-packages/airflow/example_dags/example_external_task_marker_dag.py for tasks to queue
[2024-10-16T16:38:10.513+0000] {logging_mixin.py:190} INFO - [2024-10-16T16:38:10.513+0000] {dagbag.py:588} INFO - Filling up the DagBag from /home/airflow/.local/lib/python3.12/site-packages/airflow/example_dags/example_external_task_marker_dag.py
[2024-10-16T16:38:10.523+0000] {processor.py:925} INFO - DAG(s) 'example_external_task_marker_child', 'example_external_task_marker_parent' retrieved from /home/airflow/.local/lib/python3.12/site-packages/airflow/example_dags/example_external_task_marker_dag.py
[2024-10-16T16:38:10.664+0000] {logging_mixin.py:190} INFO - [2024-10-16T16:38:10.663+0000] {override.py:1900} INFO - Created Permission View: can delete on DAG:example_external_task_marker_child
[2024-10-16T16:38:10.684+0000] {logging_mixin.py:190} INFO - [2024-10-16T16:38:10.684+0000] {override.py:1900} INFO - Created Permission View: can edit on DAG:example_external_task_marker_child
[2024-10-16T16:38:10.696+0000] {logging_mixin.py:190} INFO - [2024-10-16T16:38:10.696+0000] {override.py:1900} INFO - Created Permission View: can read on DAG:example_external_task_marker_child
[2024-10-16T16:38:10.707+0000] {logging_mixin.py:190} INFO - [2024-10-16T16:38:10.707+0000] {override.py:1900} INFO - Created Permission View: menu access on DAG Run:example_external_task_marker_child
[2024-10-16T16:38:10.715+0000] {logging_mixin.py:190} INFO - [2024-10-16T16:38:10.715+0000] {override.py:1900} INFO - Created Permission View: can create on DAG Run:example_external_task_marker_child
[2024-10-16T16:38:10.723+0000] {logging_mixin.py:190} INFO - [2024-10-16T16:38:10.722+0000] {override.py:1900} INFO - Created Permission View: can delete on DAG Run:example_external_task_marker_child
[2024-10-16T16:38:10.730+0000] {logging_mixin.py:190} INFO - [2024-10-16T16:38:10.730+0000] {override.py:1900} INFO - Created Permission View: can read on DAG Run:example_external_task_marker_child
[2024-10-16T16:38:10.745+0000] {logging_mixin.py:190} INFO - [2024-10-16T16:38:10.744+0000] {override.py:1900} INFO - Created Permission View: can delete on DAG:example_external_task_marker_parent
[2024-10-16T16:38:10.754+0000] {logging_mixin.py:190} INFO - [2024-10-16T16:38:10.753+0000] {override.py:1900} INFO - Created Permission View: can edit on DAG:example_external_task_marker_parent
[2024-10-16T16:38:10.762+0000] {logging_mixin.py:190} INFO - [2024-10-16T16:38:10.762+0000] {override.py:1900} INFO - Created Permission View: can read on DAG:example_external_task_marker_parent
[2024-10-16T16:38:10.772+0000] {logging_mixin.py:190} INFO - [2024-10-16T16:38:10.772+0000] {override.py:1900} INFO - Created Permission View: menu access on DAG Run:example_external_task_marker_parent
[2024-10-16T16:38:10.781+0000] {logging_mixin.py:190} INFO - [2024-10-16T16:38:10.781+0000] {override.py:1900} INFO - Created Permission View: can create on DAG Run:example_external_task_marker_parent
[2024-10-16T16:38:10.790+0000] {logging_mixin.py:190} INFO - [2024-10-16T16:38:10.790+0000] {override.py:1900} INFO - Created Permission View: can delete on DAG Run:example_external_task_marker_parent
[2024-10-16T16:38:10.798+0000] {logging_mixin.py:190} INFO - [2024-10-16T16:38:10.798+0000] {override.py:1900} INFO - Created Permission View: can read on DAG Run:example_external_task_marker_parent
[2024-10-16T16:38:10.799+0000] {logging_mixin.py:190} INFO - [2024-10-16T16:38:10.799+0000] {dag.py:3239} INFO - Sync 2 DAGs
[2024-10-16T16:38:10.822+0000] {logging_mixin.py:190} INFO - [2024-10-16T16:38:10.822+0000] {dag.py:3262} INFO - Creating ORM DAG for example_external_task_marker_child
[2024-10-16T16:38:10.824+0000] {logging_mixin.py:190} INFO - [2024-10-16T16:38:10.823+0000] {dag.py:3262} INFO - Creating ORM DAG for example_external_task_marker_parent
[2024-10-16T16:38:10.825+0000] {logging_mixin.py:190} INFO - [2024-10-16T16:38:10.825+0000] {dag.py:4180} INFO - Setting next_dagrun for example_external_task_marker_child to None, run_after=None
[2024-10-16T16:38:10.826+0000] {logging_mixin.py:190} INFO - [2024-10-16T16:38:10.826+0000] {dag.py:4180} INFO - Setting next_dagrun for example_external_task_marker_parent to None, run_after=None
[2024-10-16T16:38:10.846+0000] {processor.py:208} INFO - Processing /home/airflow/.local/lib/python3.12/site-packages/airflow/example_dags/example_external_task_marker_dag.py took 0.345 seconds
[2024-10-16T16:38:41.229+0000] {processor.py:186} INFO - Started process (PID=169) to work on /home/airflow/.local/lib/python3.12/site-packages/airflow/example_dags/example_external_task_marker_dag.py
[2024-10-16T16:38:41.230+0000] {processor.py:914} INFO - Processing file /home/airflow/.local/lib/python3.12/site-packages/airflow/example_dags/example_external_task_marker_dag.py for tasks to queue
[2024-10-16T16:38:41.233+0000] {logging_mixin.py:190} INFO - [2024-10-16T16:38:41.232+0000] {dagbag.py:588} INFO - Filling up the DagBag from /home/airflow/.local/lib/python3.12/site-packages/airflow/example_dags/example_external_task_marker_dag.py
[2024-10-16T16:38:41.241+0000] {processor.py:925} INFO - DAG(s) 'example_external_task_marker_child', 'example_external_task_marker_parent' retrieved from /home/airflow/.local/lib/python3.12/site-packages/airflow/example_dags/example_external_task_marker_dag.py
[2024-10-16T16:38:41.268+0000] {logging_mixin.py:190} INFO - [2024-10-16T16:38:41.267+0000] {dag.py:3239} INFO - Sync 2 DAGs
[2024-10-16T16:38:41.287+0000] {logging_mixin.py:190} INFO - [2024-10-16T16:38:41.286+0000] {dag.py:4180} INFO - Setting next_dagrun for example_external_task_marker_child to None, run_after=None
[2024-10-16T16:38:41.293+0000] {logging_mixin.py:190} INFO - [2024-10-16T16:38:41.292+0000] {dag.py:4180} INFO - Setting next_dagrun for example_external_task_marker_parent to None, run_after=None
[2024-10-16T16:38:41.313+0000] {processor.py:208} INFO - Processing /home/airflow/.local/lib/python3.12/site-packages/airflow/example_dags/example_external_task_marker_dag.py took 0.093 seconds
[2024-10-16T16:39:11.910+0000] {processor.py:186} INFO - Started process (PID=231) to work on /home/airflow/.local/lib/python3.12/site-packages/airflow/example_dags/example_external_task_marker_dag.py
[2024-10-16T16:39:11.911+0000] {processor.py:914} INFO - Processing file /home/airflow/.local/lib/python3.12/site-packages/airflow/example_dags/example_external_task_marker_dag.py for tasks to queue
[2024-10-16T16:39:11.915+0000] {logging_mixin.py:190} INFO - [2024-10-16T16:39:11.914+0000] {dagbag.py:588} INFO - Filling up the DagBag from /home/airflow/.local/lib/python3.12/site-packages/airflow/example_dags/example_external_task_marker_dag.py
[2024-10-16T16:39:11.926+0000] {processor.py:925} INFO - DAG(s) 'example_external_task_marker_child', 'example_external_task_marker_parent' retrieved from /home/airflow/.local/lib/python3.12/site-packages/airflow/example_dags/example_external_task_marker_dag.py
[2024-10-16T16:39:11.964+0000] {logging_mixin.py:190} INFO - [2024-10-16T16:39:11.963+0000] {dag.py:3239} INFO - Sync 2 DAGs
[2024-10-16T16:39:11.993+0000] {logging_mixin.py:190} INFO - [2024-10-16T16:39:11.992+0000] {dag.py:4180} INFO - Setting next_dagrun for example_external_task_marker_child to None, run_after=None
[2024-10-16T16:39:12.000+0000] {logging_mixin.py:190} INFO - [2024-10-16T16:39:12.000+0000] {dag.py:4180} INFO - Setting next_dagrun for example_external_task_marker_parent to None, run_after=None
[2024-10-16T16:39:12.035+0000] {processor.py:208} INFO - Processing /home/airflow/.local/lib/python3.12/site-packages/airflow/example_dags/example_external_task_marker_dag.py took 0.133 seconds
[2024-10-16T16:39:42.468+0000] {processor.py:186} INFO - Started process (PID=293) to work on /home/airflow/.local/lib/python3.12/site-packages/airflow/example_dags/example_external_task_marker_dag.py
[2024-10-16T16:39:42.469+0000] {processor.py:914} INFO - Processing file /home/airflow/.local/lib/python3.12/site-packages/airflow/example_dags/example_external_task_marker_dag.py for tasks to queue
[2024-10-16T16:39:42.472+0000] {logging_mixin.py:190} INFO - [2024-10-16T16:39:42.471+0000] {dagbag.py:588} INFO - Filling up the DagBag from /home/airflow/.local/lib/python3.12/site-packages/airflow/example_dags/example_external_task_marker_dag.py
[2024-10-16T16:39:42.482+0000] {processor.py:925} INFO - DAG(s) 'example_external_task_marker_child', 'example_external_task_marker_parent' retrieved from /home/airflow/.local/lib/python3.12/site-packages/airflow/example_dags/example_external_task_marker_dag.py
[2024-10-16T16:39:42.510+0000] {logging_mixin.py:190} INFO - [2024-10-16T16:39:42.510+0000] {dag.py:3239} INFO - Sync 2 DAGs
[2024-10-16T16:39:42.530+0000] {logging_mixin.py:190} INFO - [2024-10-16T16:39:42.529+0000] {dag.py:4180} INFO - Setting next_dagrun for example_external_task_marker_child to None, run_after=None
[2024-10-16T16:39:42.536+0000] {logging_mixin.py:190} INFO - [2024-10-16T16:39:42.536+0000] {dag.py:4180} INFO - Setting next_dagrun for example_external_task_marker_parent to None, run_after=None
[2024-10-16T16:39:42.557+0000] {processor.py:208} INFO - Processing /home/airflow/.local/lib/python3.12/site-packages/airflow/example_dags/example_external_task_marker_dag.py took 0.097 seconds
[2024-10-16T16:40:12.889+0000] {processor.py:186} INFO - Started process (PID=356) to work on /home/airflow/.local/lib/python3.12/site-packages/airflow/example_dags/example_external_task_marker_dag.py
[2024-10-16T16:40:12.890+0000] {processor.py:914} INFO - Processing file /home/airflow/.local/lib/python3.12/site-packages/airflow/example_dags/example_external_task_marker_dag.py for tasks to queue
[2024-10-16T16:40:12.893+0000] {logging_mixin.py:190} INFO - [2024-10-16T16:40:12.892+0000] {dagbag.py:588} INFO - Filling up the DagBag from /home/airflow/.local/lib/python3.12/site-packages/airflow/example_dags/example_external_task_marker_dag.py
[2024-10-16T16:40:12.901+0000] {processor.py:925} INFO - DAG(s) 'example_external_task_marker_child', 'example_external_task_marker_parent' retrieved from /home/airflow/.local/lib/python3.12/site-packages/airflow/example_dags/example_external_task_marker_dag.py
[2024-10-16T16:40:12.928+0000] {logging_mixin.py:190} INFO - [2024-10-16T16:40:12.928+0000] {dag.py:3239} INFO - Sync 2 DAGs
[2024-10-16T16:40:12.948+0000] {logging_mixin.py:190} INFO - [2024-10-16T16:40:12.948+0000] {dag.py:4180} INFO - Setting next_dagrun for example_external_task_marker_child to None, run_after=None
[2024-10-16T16:40:12.953+0000] {logging_mixin.py:190} INFO - [2024-10-16T16:40:12.953+0000] {dag.py:4180} INFO - Setting next_dagrun for example_external_task_marker_parent to None, run_after=None
[2024-10-16T16:40:12.973+0000] {processor.py:208} INFO - Processing /home/airflow/.local/lib/python3.12/site-packages/airflow/example_dags/example_external_task_marker_dag.py took 0.093 seconds
[2024-10-16T16:40:43.384+0000] {processor.py:186} INFO - Started process (PID=418) to work on /home/airflow/.local/lib/python3.12/site-packages/airflow/example_dags/example_external_task_marker_dag.py
[2024-10-16T16:40:43.385+0000] {processor.py:914} INFO - Processing file /home/airflow/.local/lib/python3.12/site-packages/airflow/example_dags/example_external_task_marker_dag.py for tasks to queue
[2024-10-16T16:40:43.387+0000] {logging_mixin.py:190} INFO - [2024-10-16T16:40:43.387+0000] {dagbag.py:588} INFO - Filling up the DagBag from /home/airflow/.local/lib/python3.12/site-packages/airflow/example_dags/example_external_task_marker_dag.py
[2024-10-16T16:40:43.399+0000] {processor.py:925} INFO - DAG(s) 'example_external_task_marker_parent', 'example_external_task_marker_child' retrieved from /home/airflow/.local/lib/python3.12/site-packages/airflow/example_dags/example_external_task_marker_dag.py
[2024-10-16T16:40:43.427+0000] {logging_mixin.py:190} INFO - [2024-10-16T16:40:43.427+0000] {dag.py:3239} INFO - Sync 2 DAGs
[2024-10-16T16:40:43.446+0000] {logging_mixin.py:190} INFO - [2024-10-16T16:40:43.446+0000] {dag.py:4180} INFO - Setting next_dagrun for example_external_task_marker_child to None, run_after=None
[2024-10-16T16:40:43.451+0000] {logging_mixin.py:190} INFO - [2024-10-16T16:40:43.451+0000] {dag.py:4180} INFO - Setting next_dagrun for example_external_task_marker_parent to None, run_after=None
[2024-10-16T16:40:43.472+0000] {processor.py:208} INFO - Processing /home/airflow/.local/lib/python3.12/site-packages/airflow/example_dags/example_external_task_marker_dag.py took 0.097 seconds
[2024-10-16T16:41:14.036+0000] {processor.py:186} INFO - Started process (PID=480) to work on /home/airflow/.local/lib/python3.12/site-packages/airflow/example_dags/example_external_task_marker_dag.py
[2024-10-16T16:41:14.037+0000] {processor.py:914} INFO - Processing file /home/airflow/.local/lib/python3.12/site-packages/airflow/example_dags/example_external_task_marker_dag.py for tasks to queue
[2024-10-16T16:41:14.040+0000] {logging_mixin.py:190} INFO - [2024-10-16T16:41:14.039+0000] {dagbag.py:588} INFO - Filling up the DagBag from /home/airflow/.local/lib/python3.12/site-packages/airflow/example_dags/example_external_task_marker_dag.py
[2024-10-16T16:41:14.050+0000] {processor.py:925} INFO - DAG(s) 'example_external_task_marker_parent', 'example_external_task_marker_child' retrieved from /home/airflow/.local/lib/python3.12/site-packages/airflow/example_dags/example_external_task_marker_dag.py
[2024-10-16T16:41:14.084+0000] {logging_mixin.py:190} INFO - [2024-10-16T16:41:14.084+0000] {dag.py:3239} INFO - Sync 2 DAGs
[2024-10-16T16:41:14.108+0000] {logging_mixin.py:190} INFO - [2024-10-16T16:41:14.107+0000] {dag.py:4180} INFO - Setting next_dagrun for example_external_task_marker_child to None, run_after=None
[2024-10-16T16:41:14.114+0000] {logging_mixin.py:190} INFO - [2024-10-16T16:41:14.114+0000] {dag.py:4180} INFO - Setting next_dagrun for example_external_task_marker_parent to None, run_after=None
[2024-10-16T16:41:14.139+0000] {processor.py:208} INFO - Processing /home/airflow/.local/lib/python3.12/site-packages/airflow/example_dags/example_external_task_marker_dag.py took 0.111 seconds
[2024-10-16T16:41:44.349+0000] {processor.py:186} INFO - Started process (PID=542) to work on /home/airflow/.local/lib/python3.12/site-packages/airflow/example_dags/example_external_task_marker_dag.py
[2024-10-16T16:41:44.350+0000] {processor.py:914} INFO - Processing file /home/airflow/.local/lib/python3.12/site-packages/airflow/example_dags/example_external_task_marker_dag.py for tasks to queue
[2024-10-16T16:41:44.354+0000] {logging_mixin.py:190} INFO - [2024-10-16T16:41:44.353+0000] {dagbag.py:588} INFO - Filling up the DagBag from /home/airflow/.local/lib/python3.12/site-packages/airflow/example_dags/example_external_task_marker_dag.py
[2024-10-16T16:41:44.362+0000] {processor.py:925} INFO - DAG(s) 'example_external_task_marker_child', 'example_external_task_marker_parent' retrieved from /home/airflow/.local/lib/python3.12/site-packages/airflow/example_dags/example_external_task_marker_dag.py
[2024-10-16T16:41:44.391+0000] {logging_mixin.py:190} INFO - [2024-10-16T16:41:44.391+0000] {dag.py:3239} INFO - Sync 2 DAGs
[2024-10-16T16:41:44.411+0000] {logging_mixin.py:190} INFO - [2024-10-16T16:41:44.410+0000] {dag.py:4180} INFO - Setting next_dagrun for example_external_task_marker_child to None, run_after=None
[2024-10-16T16:41:44.416+0000] {logging_mixin.py:190} INFO - [2024-10-16T16:41:44.416+0000] {dag.py:4180} INFO - Setting next_dagrun for example_external_task_marker_parent to None, run_after=None
[2024-10-16T16:41:44.437+0000] {processor.py:208} INFO - Processing /home/airflow/.local/lib/python3.12/site-packages/airflow/example_dags/example_external_task_marker_dag.py took 0.094 seconds
[2024-10-16T16:42:14.811+0000] {processor.py:186} INFO - Started process (PID=604) to work on /home/airflow/.local/lib/python3.12/site-packages/airflow/example_dags/example_external_task_marker_dag.py
[2024-10-16T16:42:14.812+0000] {processor.py:914} INFO - Processing file /home/airflow/.local/lib/python3.12/site-packages/airflow/example_dags/example_external_task_marker_dag.py for tasks to queue
[2024-10-16T16:42:14.815+0000] {logging_mixin.py:190} INFO - [2024-10-16T16:42:14.814+0000] {dagbag.py:588} INFO - Filling up the DagBag from /home/airflow/.local/lib/python3.12/site-packages/airflow/example_dags/example_external_task_marker_dag.py
[2024-10-16T16:42:14.823+0000] {processor.py:925} INFO - DAG(s) 'example_external_task_marker_parent', 'example_external_task_marker_child' retrieved from /home/airflow/.local/lib/python3.12/site-packages/airflow/example_dags/example_external_task_marker_dag.py
[2024-10-16T16:42:14.851+0000] {logging_mixin.py:190} INFO - [2024-10-16T16:42:14.851+0000] {dag.py:3239} INFO - Sync 2 DAGs
[2024-10-16T16:42:14.872+0000] {logging_mixin.py:190} INFO - [2024-10-16T16:42:14.872+0000] {dag.py:4180} INFO - Setting next_dagrun for example_external_task_marker_child to None, run_after=None
[2024-10-16T16:42:14.882+0000] {logging_mixin.py:190} INFO - [2024-10-16T16:42:14.881+0000] {dag.py:4180} INFO - Setting next_dagrun for example_external_task_marker_parent to None, run_after=None
[2024-10-16T16:42:14.908+0000] {processor.py:208} INFO - Processing /home/airflow/.local/lib/python3.12/site-packages/airflow/example_dags/example_external_task_marker_dag.py took 0.104 seconds
[2024-10-16T16:42:45.059+0000] {processor.py:186} INFO - Started process (PID=665) to work on /home/airflow/.local/lib/python3.12/site-packages/airflow/example_dags/example_external_task_marker_dag.py
[2024-10-16T16:42:45.061+0000] {processor.py:914} INFO - Processing file /home/airflow/.local/lib/python3.12/site-packages/airflow/example_dags/example_external_task_marker_dag.py for tasks to queue
[2024-10-16T16:42:45.064+0000] {logging_mixin.py:190} INFO - [2024-10-16T16:42:45.063+0000] {dagbag.py:588} INFO - Filling up the DagBag from /home/airflow/.local/lib/python3.12/site-packages/airflow/example_dags/example_external_task_marker_dag.py
[2024-10-16T16:42:45.071+0000] {processor.py:925} INFO - DAG(s) 'example_external_task_marker_parent', 'example_external_task_marker_child' retrieved from /home/airflow/.local/lib/python3.12/site-packages/airflow/example_dags/example_external_task_marker_dag.py
[2024-10-16T16:42:45.097+0000] {logging_mixin.py:190} INFO - [2024-10-16T16:42:45.096+0000] {dag.py:3239} INFO - Sync 2 DAGs
[2024-10-16T16:42:45.115+0000] {logging_mixin.py:190} INFO - [2024-10-16T16:42:45.115+0000] {dag.py:4180} INFO - Setting next_dagrun for example_external_task_marker_child to None, run_after=None
[2024-10-16T16:42:45.119+0000] {logging_mixin.py:190} INFO - [2024-10-16T16:42:45.119+0000] {dag.py:4180} INFO - Setting next_dagrun for example_external_task_marker_parent to None, run_after=None
[2024-10-16T16:42:45.139+0000] {processor.py:208} INFO - Processing /home/airflow/.local/lib/python3.12/site-packages/airflow/example_dags/example_external_task_marker_dag.py took 0.086 seconds
[2024-10-16T17:21:25.073+0000] {processor.py:186} INFO - Started process (PID=98) to work on /home/airflow/.local/lib/python3.12/site-packages/airflow/example_dags/example_external_task_marker_dag.py
[2024-10-16T17:21:25.074+0000] {processor.py:914} INFO - Processing file /home/airflow/.local/lib/python3.12/site-packages/airflow/example_dags/example_external_task_marker_dag.py for tasks to queue
[2024-10-16T17:21:25.077+0000] {logging_mixin.py:190} INFO - [2024-10-16T17:21:25.077+0000] {dagbag.py:588} INFO - Filling up the DagBag from /home/airflow/.local/lib/python3.12/site-packages/airflow/example_dags/example_external_task_marker_dag.py
[2024-10-16T17:21:25.086+0000] {processor.py:925} INFO - DAG(s) 'example_external_task_marker_child', 'example_external_task_marker_parent' retrieved from /home/airflow/.local/lib/python3.12/site-packages/airflow/example_dags/example_external_task_marker_dag.py
[2024-10-16T17:21:25.120+0000] {logging_mixin.py:190} INFO - [2024-10-16T17:21:25.120+0000] {dag.py:3239} INFO - Sync 2 DAGs
[2024-10-16T17:21:25.148+0000] {logging_mixin.py:190} INFO - [2024-10-16T17:21:25.148+0000] {dag.py:4180} INFO - Setting next_dagrun for example_external_task_marker_child to None, run_after=None
[2024-10-16T17:21:25.158+0000] {logging_mixin.py:190} INFO - [2024-10-16T17:21:25.157+0000] {dag.py:4180} INFO - Setting next_dagrun for example_external_task_marker_parent to None, run_after=None
[2024-10-16T17:21:25.189+0000] {processor.py:208} INFO - Processing /home/airflow/.local/lib/python3.12/site-packages/airflow/example_dags/example_external_task_marker_dag.py took 0.124 seconds
[2024-10-16T17:21:55.735+0000] {processor.py:186} INFO - Started process (PID=160) to work on /home/airflow/.local/lib/python3.12/site-packages/airflow/example_dags/example_external_task_marker_dag.py
[2024-10-16T17:21:55.736+0000] {processor.py:914} INFO - Processing file /home/airflow/.local/lib/python3.12/site-packages/airflow/example_dags/example_external_task_marker_dag.py for tasks to queue
[2024-10-16T17:21:55.739+0000] {logging_mixin.py:190} INFO - [2024-10-16T17:21:55.739+0000] {dagbag.py:588} INFO - Filling up the DagBag from /home/airflow/.local/lib/python3.12/site-packages/airflow/example_dags/example_external_task_marker_dag.py
[2024-10-16T17:21:55.748+0000] {processor.py:925} INFO - DAG(s) 'example_external_task_marker_parent', 'example_external_task_marker_child' retrieved from /home/airflow/.local/lib/python3.12/site-packages/airflow/example_dags/example_external_task_marker_dag.py
[2024-10-16T17:21:55.775+0000] {logging_mixin.py:190} INFO - [2024-10-16T17:21:55.774+0000] {dag.py:3239} INFO - Sync 2 DAGs
[2024-10-16T17:21:55.793+0000] {logging_mixin.py:190} INFO - [2024-10-16T17:21:55.793+0000] {dag.py:4180} INFO - Setting next_dagrun for example_external_task_marker_child to None, run_after=None
[2024-10-16T17:21:55.798+0000] {logging_mixin.py:190} INFO - [2024-10-16T17:21:55.797+0000] {dag.py:4180} INFO - Setting next_dagrun for example_external_task_marker_parent to None, run_after=None
[2024-10-16T17:21:55.817+0000] {processor.py:208} INFO - Processing /home/airflow/.local/lib/python3.12/site-packages/airflow/example_dags/example_external_task_marker_dag.py took 0.089 seconds
[2024-10-16T17:22:26.832+0000] {processor.py:186} INFO - Started process (PID=222) to work on /home/airflow/.local/lib/python3.12/site-packages/airflow/example_dags/example_external_task_marker_dag.py
[2024-10-16T17:22:26.844+0000] {processor.py:914} INFO - Processing file /home/airflow/.local/lib/python3.12/site-packages/airflow/example_dags/example_external_task_marker_dag.py for tasks to queue
[2024-10-16T17:22:26.855+0000] {logging_mixin.py:190} INFO - [2024-10-16T17:22:26.854+0000] {dagbag.py:588} INFO - Filling up the DagBag from /home/airflow/.local/lib/python3.12/site-packages/airflow/example_dags/example_external_task_marker_dag.py
[2024-10-16T17:22:26.876+0000] {processor.py:925} INFO - DAG(s) 'example_external_task_marker_child', 'example_external_task_marker_parent' retrieved from /home/airflow/.local/lib/python3.12/site-packages/airflow/example_dags/example_external_task_marker_dag.py
[2024-10-16T17:22:26.912+0000] {logging_mixin.py:190} INFO - [2024-10-16T17:22:26.912+0000] {dag.py:3239} INFO - Sync 2 DAGs
[2024-10-16T17:22:26.931+0000] {logging_mixin.py:190} INFO - [2024-10-16T17:22:26.931+0000] {dag.py:4180} INFO - Setting next_dagrun for example_external_task_marker_child to None, run_after=None
[2024-10-16T17:22:26.936+0000] {logging_mixin.py:190} INFO - [2024-10-16T17:22:26.936+0000] {dag.py:4180} INFO - Setting next_dagrun for example_external_task_marker_parent to None, run_after=None
[2024-10-16T17:22:26.957+0000] {processor.py:208} INFO - Processing /home/airflow/.local/lib/python3.12/site-packages/airflow/example_dags/example_external_task_marker_dag.py took 0.140 seconds
[2024-10-16T17:22:57.478+0000] {processor.py:186} INFO - Started process (PID=284) to work on /home/airflow/.local/lib/python3.12/site-packages/airflow/example_dags/example_external_task_marker_dag.py
[2024-10-16T17:22:57.480+0000] {processor.py:914} INFO - Processing file /home/airflow/.local/lib/python3.12/site-packages/airflow/example_dags/example_external_task_marker_dag.py for tasks to queue
[2024-10-16T17:22:57.483+0000] {logging_mixin.py:190} INFO - [2024-10-16T17:22:57.482+0000] {dagbag.py:588} INFO - Filling up the DagBag from /home/airflow/.local/lib/python3.12/site-packages/airflow/example_dags/example_external_task_marker_dag.py
[2024-10-16T17:22:57.491+0000] {processor.py:925} INFO - DAG(s) 'example_external_task_marker_parent', 'example_external_task_marker_child' retrieved from /home/airflow/.local/lib/python3.12/site-packages/airflow/example_dags/example_external_task_marker_dag.py
[2024-10-16T17:22:57.520+0000] {logging_mixin.py:190} INFO - [2024-10-16T17:22:57.520+0000] {dag.py:3239} INFO - Sync 2 DAGs
[2024-10-16T17:22:57.543+0000] {logging_mixin.py:190} INFO - [2024-10-16T17:22:57.542+0000] {dag.py:4180} INFO - Setting next_dagrun for example_external_task_marker_child to None, run_after=None
[2024-10-16T17:22:57.548+0000] {logging_mixin.py:190} INFO - [2024-10-16T17:22:57.547+0000] {dag.py:4180} INFO - Setting next_dagrun for example_external_task_marker_parent to None, run_after=None
[2024-10-16T17:22:57.569+0000] {processor.py:208} INFO - Processing /home/airflow/.local/lib/python3.12/site-packages/airflow/example_dags/example_external_task_marker_dag.py took 0.097 seconds
[2024-10-16T17:23:28.135+0000] {processor.py:186} INFO - Started process (PID=346) to work on /home/airflow/.local/lib/python3.12/site-packages/airflow/example_dags/example_external_task_marker_dag.py
[2024-10-16T17:23:28.136+0000] {processor.py:914} INFO - Processing file /home/airflow/.local/lib/python3.12/site-packages/airflow/example_dags/example_external_task_marker_dag.py for tasks to queue
[2024-10-16T17:23:28.139+0000] {logging_mixin.py:190} INFO - [2024-10-16T17:23:28.139+0000] {dagbag.py:588} INFO - Filling up the DagBag from /home/airflow/.local/lib/python3.12/site-packages/airflow/example_dags/example_external_task_marker_dag.py
[2024-10-16T17:23:28.147+0000] {processor.py:925} INFO - DAG(s) 'example_external_task_marker_child', 'example_external_task_marker_parent' retrieved from /home/airflow/.local/lib/python3.12/site-packages/airflow/example_dags/example_external_task_marker_dag.py
[2024-10-16T17:23:28.172+0000] {logging_mixin.py:190} INFO - [2024-10-16T17:23:28.172+0000] {dag.py:3239} INFO - Sync 2 DAGs
[2024-10-16T17:23:28.204+0000] {logging_mixin.py:190} INFO - [2024-10-16T17:23:28.204+0000] {dag.py:4180} INFO - Setting next_dagrun for example_external_task_marker_child to None, run_after=None
[2024-10-16T17:23:28.210+0000] {logging_mixin.py:190} INFO - [2024-10-16T17:23:28.209+0000] {dag.py:4180} INFO - Setting next_dagrun for example_external_task_marker_parent to None, run_after=None
[2024-10-16T17:23:28.239+0000] {processor.py:208} INFO - Processing /home/airflow/.local/lib/python3.12/site-packages/airflow/example_dags/example_external_task_marker_dag.py took 0.111 seconds
[2024-10-16T17:23:58.653+0000] {processor.py:186} INFO - Started process (PID=408) to work on /home/airflow/.local/lib/python3.12/site-packages/airflow/example_dags/example_external_task_marker_dag.py
[2024-10-16T17:23:58.654+0000] {processor.py:914} INFO - Processing file /home/airflow/.local/lib/python3.12/site-packages/airflow/example_dags/example_external_task_marker_dag.py for tasks to queue
[2024-10-16T17:23:58.658+0000] {logging_mixin.py:190} INFO - [2024-10-16T17:23:58.657+0000] {dagbag.py:588} INFO - Filling up the DagBag from /home/airflow/.local/lib/python3.12/site-packages/airflow/example_dags/example_external_task_marker_dag.py
[2024-10-16T17:23:58.666+0000] {processor.py:925} INFO - DAG(s) 'example_external_task_marker_parent', 'example_external_task_marker_child' retrieved from /home/airflow/.local/lib/python3.12/site-packages/airflow/example_dags/example_external_task_marker_dag.py
[2024-10-16T17:23:58.693+0000] {logging_mixin.py:190} INFO - [2024-10-16T17:23:58.693+0000] {dag.py:3239} INFO - Sync 2 DAGs
[2024-10-16T17:23:58.711+0000] {logging_mixin.py:190} INFO - [2024-10-16T17:23:58.711+0000] {dag.py:4180} INFO - Setting next_dagrun for example_external_task_marker_child to None, run_after=None
[2024-10-16T17:23:58.716+0000] {logging_mixin.py:190} INFO - [2024-10-16T17:23:58.716+0000] {dag.py:4180} INFO - Setting next_dagrun for example_external_task_marker_parent to None, run_after=None
[2024-10-16T17:23:58.735+0000] {processor.py:208} INFO - Processing /home/airflow/.local/lib/python3.12/site-packages/airflow/example_dags/example_external_task_marker_dag.py took 0.089 seconds
[2024-10-16T17:24:29.163+0000] {processor.py:186} INFO - Started process (PID=470) to work on /home/airflow/.local/lib/python3.12/site-packages/airflow/example_dags/example_external_task_marker_dag.py
[2024-10-16T17:24:29.164+0000] {processor.py:914} INFO - Processing file /home/airflow/.local/lib/python3.12/site-packages/airflow/example_dags/example_external_task_marker_dag.py for tasks to queue
[2024-10-16T17:24:29.167+0000] {logging_mixin.py:190} INFO - [2024-10-16T17:24:29.167+0000] {dagbag.py:588} INFO - Filling up the DagBag from /home/airflow/.local/lib/python3.12/site-packages/airflow/example_dags/example_external_task_marker_dag.py
[2024-10-16T17:24:29.175+0000] {processor.py:925} INFO - DAG(s) 'example_external_task_marker_parent', 'example_external_task_marker_child' retrieved from /home/airflow/.local/lib/python3.12/site-packages/airflow/example_dags/example_external_task_marker_dag.py
[2024-10-16T17:24:29.203+0000] {logging_mixin.py:190} INFO - [2024-10-16T17:24:29.203+0000] {dag.py:3239} INFO - Sync 2 DAGs
[2024-10-16T17:24:29.220+0000] {logging_mixin.py:190} INFO - [2024-10-16T17:24:29.220+0000] {dag.py:4180} INFO - Setting next_dagrun for example_external_task_marker_child to None, run_after=None
[2024-10-16T17:24:29.225+0000] {logging_mixin.py:190} INFO - [2024-10-16T17:24:29.225+0000] {dag.py:4180} INFO - Setting next_dagrun for example_external_task_marker_parent to None, run_after=None
[2024-10-16T17:24:29.245+0000] {processor.py:208} INFO - Processing /home/airflow/.local/lib/python3.12/site-packages/airflow/example_dags/example_external_task_marker_dag.py took 0.089 seconds
[2024-10-16T17:24:59.415+0000] {processor.py:186} INFO - Started process (PID=532) to work on /home/airflow/.local/lib/python3.12/site-packages/airflow/example_dags/example_external_task_marker_dag.py
[2024-10-16T17:24:59.417+0000] {processor.py:914} INFO - Processing file /home/airflow/.local/lib/python3.12/site-packages/airflow/example_dags/example_external_task_marker_dag.py for tasks to queue
[2024-10-16T17:24:59.420+0000] {logging_mixin.py:190} INFO - [2024-10-16T17:24:59.419+0000] {dagbag.py:588} INFO - Filling up the DagBag from /home/airflow/.local/lib/python3.12/site-packages/airflow/example_dags/example_external_task_marker_dag.py
[2024-10-16T17:24:59.428+0000] {processor.py:925} INFO - DAG(s) 'example_external_task_marker_child', 'example_external_task_marker_parent' retrieved from /home/airflow/.local/lib/python3.12/site-packages/airflow/example_dags/example_external_task_marker_dag.py
[2024-10-16T17:24:59.454+0000] {logging_mixin.py:190} INFO - [2024-10-16T17:24:59.454+0000] {dag.py:3239} INFO - Sync 2 DAGs
[2024-10-16T17:24:59.472+0000] {logging_mixin.py:190} INFO - [2024-10-16T17:24:59.472+0000] {dag.py:4180} INFO - Setting next_dagrun for example_external_task_marker_child to None, run_after=None
[2024-10-16T17:24:59.477+0000] {logging_mixin.py:190} INFO - [2024-10-16T17:24:59.477+0000] {dag.py:4180} INFO - Setting next_dagrun for example_external_task_marker_parent to None, run_after=None
[2024-10-16T17:24:59.498+0000] {processor.py:208} INFO - Processing /home/airflow/.local/lib/python3.12/site-packages/airflow/example_dags/example_external_task_marker_dag.py took 0.089 seconds
[2024-10-16T17:25:31.403+0000] {processor.py:186} INFO - Started process (PID=594) to work on /home/airflow/.local/lib/python3.12/site-packages/airflow/example_dags/example_external_task_marker_dag.py
[2024-10-16T17:25:31.406+0000] {processor.py:914} INFO - Processing file /home/airflow/.local/lib/python3.12/site-packages/airflow/example_dags/example_external_task_marker_dag.py for tasks to queue
[2024-10-16T17:25:31.410+0000] {logging_mixin.py:190} INFO - [2024-10-16T17:25:31.410+0000] {dagbag.py:588} INFO - Filling up the DagBag from /home/airflow/.local/lib/python3.12/site-packages/airflow/example_dags/example_external_task_marker_dag.py
[2024-10-16T17:25:31.427+0000] {processor.py:925} INFO - DAG(s) 'example_external_task_marker_parent', 'example_external_task_marker_child' retrieved from /home/airflow/.local/lib/python3.12/site-packages/airflow/example_dags/example_external_task_marker_dag.py
[2024-10-16T17:25:31.469+0000] {logging_mixin.py:190} INFO - [2024-10-16T17:25:31.469+0000] {dag.py:3239} INFO - Sync 2 DAGs
[2024-10-16T17:25:31.505+0000] {logging_mixin.py:190} INFO - [2024-10-16T17:25:31.504+0000] {dag.py:4180} INFO - Setting next_dagrun for example_external_task_marker_child to None, run_after=None
[2024-10-16T17:25:31.513+0000] {logging_mixin.py:190} INFO - [2024-10-16T17:25:31.512+0000] {dag.py:4180} INFO - Setting next_dagrun for example_external_task_marker_parent to None, run_after=None
[2024-10-16T17:25:31.545+0000] {processor.py:208} INFO - Processing /home/airflow/.local/lib/python3.12/site-packages/airflow/example_dags/example_external_task_marker_dag.py took 0.152 seconds
[2024-10-16T17:26:02.529+0000] {processor.py:186} INFO - Started process (PID=656) to work on /home/airflow/.local/lib/python3.12/site-packages/airflow/example_dags/example_external_task_marker_dag.py
[2024-10-16T17:26:02.530+0000] {processor.py:914} INFO - Processing file /home/airflow/.local/lib/python3.12/site-packages/airflow/example_dags/example_external_task_marker_dag.py for tasks to queue
[2024-10-16T17:26:02.533+0000] {logging_mixin.py:190} INFO - [2024-10-16T17:26:02.533+0000] {dagbag.py:588} INFO - Filling up the DagBag from /home/airflow/.local/lib/python3.12/site-packages/airflow/example_dags/example_external_task_marker_dag.py
[2024-10-16T17:26:02.541+0000] {processor.py:925} INFO - DAG(s) 'example_external_task_marker_child', 'example_external_task_marker_parent' retrieved from /home/airflow/.local/lib/python3.12/site-packages/airflow/example_dags/example_external_task_marker_dag.py
[2024-10-16T17:26:02.567+0000] {logging_mixin.py:190} INFO - [2024-10-16T17:26:02.567+0000] {dag.py:3239} INFO - Sync 2 DAGs
[2024-10-16T17:26:02.585+0000] {logging_mixin.py:190} INFO - [2024-10-16T17:26:02.584+0000] {dag.py:4180} INFO - Setting next_dagrun for example_external_task_marker_child to None, run_after=None
[2024-10-16T17:26:02.589+0000] {logging_mixin.py:190} INFO - [2024-10-16T17:26:02.589+0000] {dag.py:4180} INFO - Setting next_dagrun for example_external_task_marker_parent to None, run_after=None
[2024-10-16T17:26:02.608+0000] {processor.py:208} INFO - Processing /home/airflow/.local/lib/python3.12/site-packages/airflow/example_dags/example_external_task_marker_dag.py took 0.087 seconds
[2024-10-16T17:26:32.893+0000] {processor.py:186} INFO - Started process (PID=718) to work on /home/airflow/.local/lib/python3.12/site-packages/airflow/example_dags/example_external_task_marker_dag.py
[2024-10-16T17:26:32.895+0000] {processor.py:914} INFO - Processing file /home/airflow/.local/lib/python3.12/site-packages/airflow/example_dags/example_external_task_marker_dag.py for tasks to queue
[2024-10-16T17:26:32.898+0000] {logging_mixin.py:190} INFO - [2024-10-16T17:26:32.897+0000] {dagbag.py:588} INFO - Filling up the DagBag from /home/airflow/.local/lib/python3.12/site-packages/airflow/example_dags/example_external_task_marker_dag.py
[2024-10-16T17:26:32.906+0000] {processor.py:925} INFO - DAG(s) 'example_external_task_marker_parent', 'example_external_task_marker_child' retrieved from /home/airflow/.local/lib/python3.12/site-packages/airflow/example_dags/example_external_task_marker_dag.py
[2024-10-16T17:26:32.933+0000] {logging_mixin.py:190} INFO - [2024-10-16T17:26:32.933+0000] {dag.py:3239} INFO - Sync 2 DAGs
[2024-10-16T17:26:32.952+0000] {logging_mixin.py:190} INFO - [2024-10-16T17:26:32.951+0000] {dag.py:4180} INFO - Setting next_dagrun for example_external_task_marker_child to None, run_after=None
[2024-10-16T17:26:32.956+0000] {logging_mixin.py:190} INFO - [2024-10-16T17:26:32.956+0000] {dag.py:4180} INFO - Setting next_dagrun for example_external_task_marker_parent to None, run_after=None
[2024-10-16T17:26:32.979+0000] {processor.py:208} INFO - Processing /home/airflow/.local/lib/python3.12/site-packages/airflow/example_dags/example_external_task_marker_dag.py took 0.093 seconds
[2024-10-16T17:27:03.540+0000] {processor.py:186} INFO - Started process (PID=780) to work on /home/airflow/.local/lib/python3.12/site-packages/airflow/example_dags/example_external_task_marker_dag.py
[2024-10-16T17:27:03.541+0000] {processor.py:914} INFO - Processing file /home/airflow/.local/lib/python3.12/site-packages/airflow/example_dags/example_external_task_marker_dag.py for tasks to queue
[2024-10-16T17:27:03.544+0000] {logging_mixin.py:190} INFO - [2024-10-16T17:27:03.544+0000] {dagbag.py:588} INFO - Filling up the DagBag from /home/airflow/.local/lib/python3.12/site-packages/airflow/example_dags/example_external_task_marker_dag.py
[2024-10-16T17:27:03.554+0000] {processor.py:925} INFO - DAG(s) 'example_external_task_marker_parent', 'example_external_task_marker_child' retrieved from /home/airflow/.local/lib/python3.12/site-packages/airflow/example_dags/example_external_task_marker_dag.py
[2024-10-16T17:27:03.584+0000] {logging_mixin.py:190} INFO - [2024-10-16T17:27:03.584+0000] {dag.py:3239} INFO - Sync 2 DAGs
[2024-10-16T17:27:03.604+0000] {logging_mixin.py:190} INFO - [2024-10-16T17:27:03.604+0000] {dag.py:4180} INFO - Setting next_dagrun for example_external_task_marker_child to None, run_after=None
[2024-10-16T17:27:03.609+0000] {logging_mixin.py:190} INFO - [2024-10-16T17:27:03.609+0000] {dag.py:4180} INFO - Setting next_dagrun for example_external_task_marker_parent to None, run_after=None
[2024-10-16T17:27:03.629+0000] {processor.py:208} INFO - Processing /home/airflow/.local/lib/python3.12/site-packages/airflow/example_dags/example_external_task_marker_dag.py took 0.097 seconds
[2024-10-16T17:27:33.964+0000] {processor.py:186} INFO - Started process (PID=842) to work on /home/airflow/.local/lib/python3.12/site-packages/airflow/example_dags/example_external_task_marker_dag.py
[2024-10-16T17:27:33.966+0000] {processor.py:914} INFO - Processing file /home/airflow/.local/lib/python3.12/site-packages/airflow/example_dags/example_external_task_marker_dag.py for tasks to queue
[2024-10-16T17:27:33.969+0000] {logging_mixin.py:190} INFO - [2024-10-16T17:27:33.968+0000] {dagbag.py:588} INFO - Filling up the DagBag from /home/airflow/.local/lib/python3.12/site-packages/airflow/example_dags/example_external_task_marker_dag.py
[2024-10-16T17:27:33.977+0000] {processor.py:925} INFO - DAG(s) 'example_external_task_marker_child', 'example_external_task_marker_parent' retrieved from /home/airflow/.local/lib/python3.12/site-packages/airflow/example_dags/example_external_task_marker_dag.py
[2024-10-16T17:27:34.006+0000] {logging_mixin.py:190} INFO - [2024-10-16T17:27:34.006+0000] {dag.py:3239} INFO - Sync 2 DAGs
[2024-10-16T17:27:34.027+0000] {logging_mixin.py:190} INFO - [2024-10-16T17:27:34.026+0000] {dag.py:4180} INFO - Setting next_dagrun for example_external_task_marker_child to None, run_after=None
[2024-10-16T17:27:34.032+0000] {logging_mixin.py:190} INFO - [2024-10-16T17:27:34.032+0000] {dag.py:4180} INFO - Setting next_dagrun for example_external_task_marker_parent to None, run_after=None
[2024-10-16T17:27:34.053+0000] {processor.py:208} INFO - Processing /home/airflow/.local/lib/python3.12/site-packages/airflow/example_dags/example_external_task_marker_dag.py took 0.095 seconds
[2024-10-16T17:28:04.469+0000] {processor.py:186} INFO - Started process (PID=904) to work on /home/airflow/.local/lib/python3.12/site-packages/airflow/example_dags/example_external_task_marker_dag.py
[2024-10-16T17:28:04.470+0000] {processor.py:914} INFO - Processing file /home/airflow/.local/lib/python3.12/site-packages/airflow/example_dags/example_external_task_marker_dag.py for tasks to queue
[2024-10-16T17:28:04.474+0000] {logging_mixin.py:190} INFO - [2024-10-16T17:28:04.474+0000] {dagbag.py:588} INFO - Filling up the DagBag from /home/airflow/.local/lib/python3.12/site-packages/airflow/example_dags/example_external_task_marker_dag.py
[2024-10-16T17:28:04.484+0000] {processor.py:925} INFO - DAG(s) 'example_external_task_marker_child', 'example_external_task_marker_parent' retrieved from /home/airflow/.local/lib/python3.12/site-packages/airflow/example_dags/example_external_task_marker_dag.py
[2024-10-16T17:28:04.519+0000] {logging_mixin.py:190} INFO - [2024-10-16T17:28:04.519+0000] {dag.py:3239} INFO - Sync 2 DAGs
[2024-10-16T17:28:04.540+0000] {logging_mixin.py:190} INFO - [2024-10-16T17:28:04.540+0000] {dag.py:4180} INFO - Setting next_dagrun for example_external_task_marker_child to None, run_after=None
[2024-10-16T17:28:04.545+0000] {logging_mixin.py:190} INFO - [2024-10-16T17:28:04.545+0000] {dag.py:4180} INFO - Setting next_dagrun for example_external_task_marker_parent to None, run_after=None
[2024-10-16T17:28:04.567+0000] {processor.py:208} INFO - Processing /home/airflow/.local/lib/python3.12/site-packages/airflow/example_dags/example_external_task_marker_dag.py took 0.106 seconds
[2024-10-16T17:28:35.001+0000] {processor.py:186} INFO - Started process (PID=966) to work on /home/airflow/.local/lib/python3.12/site-packages/airflow/example_dags/example_external_task_marker_dag.py
[2024-10-16T17:28:35.002+0000] {processor.py:914} INFO - Processing file /home/airflow/.local/lib/python3.12/site-packages/airflow/example_dags/example_external_task_marker_dag.py for tasks to queue
[2024-10-16T17:28:35.005+0000] {logging_mixin.py:190} INFO - [2024-10-16T17:28:35.004+0000] {dagbag.py:588} INFO - Filling up the DagBag from /home/airflow/.local/lib/python3.12/site-packages/airflow/example_dags/example_external_task_marker_dag.py
[2024-10-16T17:28:35.013+0000] {processor.py:925} INFO - DAG(s) 'example_external_task_marker_child', 'example_external_task_marker_parent' retrieved from /home/airflow/.local/lib/python3.12/site-packages/airflow/example_dags/example_external_task_marker_dag.py
[2024-10-16T17:28:35.045+0000] {logging_mixin.py:190} INFO - [2024-10-16T17:28:35.044+0000] {dag.py:3239} INFO - Sync 2 DAGs
[2024-10-16T17:28:35.062+0000] {logging_mixin.py:190} INFO - [2024-10-16T17:28:35.062+0000] {dag.py:4180} INFO - Setting next_dagrun for example_external_task_marker_child to None, run_after=None
[2024-10-16T17:28:35.067+0000] {logging_mixin.py:190} INFO - [2024-10-16T17:28:35.067+0000] {dag.py:4180} INFO - Setting next_dagrun for example_external_task_marker_parent to None, run_after=None
[2024-10-16T17:28:35.087+0000] {processor.py:208} INFO - Processing /home/airflow/.local/lib/python3.12/site-packages/airflow/example_dags/example_external_task_marker_dag.py took 0.093 seconds
[2024-10-16T17:29:05.593+0000] {processor.py:186} INFO - Started process (PID=1028) to work on /home/airflow/.local/lib/python3.12/site-packages/airflow/example_dags/example_external_task_marker_dag.py
[2024-10-16T17:29:05.594+0000] {processor.py:914} INFO - Processing file /home/airflow/.local/lib/python3.12/site-packages/airflow/example_dags/example_external_task_marker_dag.py for tasks to queue
[2024-10-16T17:29:05.597+0000] {logging_mixin.py:190} INFO - [2024-10-16T17:29:05.596+0000] {dagbag.py:588} INFO - Filling up the DagBag from /home/airflow/.local/lib/python3.12/site-packages/airflow/example_dags/example_external_task_marker_dag.py
[2024-10-16T17:29:05.605+0000] {processor.py:925} INFO - DAG(s) 'example_external_task_marker_child', 'example_external_task_marker_parent' retrieved from /home/airflow/.local/lib/python3.12/site-packages/airflow/example_dags/example_external_task_marker_dag.py
[2024-10-16T17:29:05.634+0000] {logging_mixin.py:190} INFO - [2024-10-16T17:29:05.634+0000] {dag.py:3239} INFO - Sync 2 DAGs
[2024-10-16T17:29:05.653+0000] {logging_mixin.py:190} INFO - [2024-10-16T17:29:05.653+0000] {dag.py:4180} INFO - Setting next_dagrun for example_external_task_marker_child to None, run_after=None
[2024-10-16T17:29:05.658+0000] {logging_mixin.py:190} INFO - [2024-10-16T17:29:05.657+0000] {dag.py:4180} INFO - Setting next_dagrun for example_external_task_marker_parent to None, run_after=None
[2024-10-16T17:29:05.677+0000] {processor.py:208} INFO - Processing /home/airflow/.local/lib/python3.12/site-packages/airflow/example_dags/example_external_task_marker_dag.py took 0.091 seconds
[2024-10-16T17:29:36.064+0000] {processor.py:186} INFO - Started process (PID=1090) to work on /home/airflow/.local/lib/python3.12/site-packages/airflow/example_dags/example_external_task_marker_dag.py
[2024-10-16T17:29:36.065+0000] {processor.py:914} INFO - Processing file /home/airflow/.local/lib/python3.12/site-packages/airflow/example_dags/example_external_task_marker_dag.py for tasks to queue
[2024-10-16T17:29:36.068+0000] {logging_mixin.py:190} INFO - [2024-10-16T17:29:36.067+0000] {dagbag.py:588} INFO - Filling up the DagBag from /home/airflow/.local/lib/python3.12/site-packages/airflow/example_dags/example_external_task_marker_dag.py
[2024-10-16T17:29:36.076+0000] {processor.py:925} INFO - DAG(s) 'example_external_task_marker_child', 'example_external_task_marker_parent' retrieved from /home/airflow/.local/lib/python3.12/site-packages/airflow/example_dags/example_external_task_marker_dag.py
[2024-10-16T17:29:36.104+0000] {logging_mixin.py:190} INFO - [2024-10-16T17:29:36.103+0000] {dag.py:3239} INFO - Sync 2 DAGs
[2024-10-16T17:29:36.125+0000] {logging_mixin.py:190} INFO - [2024-10-16T17:29:36.125+0000] {dag.py:4180} INFO - Setting next_dagrun for example_external_task_marker_child to None, run_after=None
[2024-10-16T17:29:36.131+0000] {logging_mixin.py:190} INFO - [2024-10-16T17:29:36.131+0000] {dag.py:4180} INFO - Setting next_dagrun for example_external_task_marker_parent to None, run_after=None
[2024-10-16T17:29:36.153+0000] {processor.py:208} INFO - Processing /home/airflow/.local/lib/python3.12/site-packages/airflow/example_dags/example_external_task_marker_dag.py took 0.095 seconds
[2024-10-16T17:30:06.207+0000] {processor.py:186} INFO - Started process (PID=1152) to work on /home/airflow/.local/lib/python3.12/site-packages/airflow/example_dags/example_external_task_marker_dag.py
[2024-10-16T17:30:06.208+0000] {processor.py:914} INFO - Processing file /home/airflow/.local/lib/python3.12/site-packages/airflow/example_dags/example_external_task_marker_dag.py for tasks to queue
[2024-10-16T17:30:06.211+0000] {logging_mixin.py:190} INFO - [2024-10-16T17:30:06.211+0000] {dagbag.py:588} INFO - Filling up the DagBag from /home/airflow/.local/lib/python3.12/site-packages/airflow/example_dags/example_external_task_marker_dag.py
[2024-10-16T17:30:06.221+0000] {processor.py:925} INFO - DAG(s) 'example_external_task_marker_child', 'example_external_task_marker_parent' retrieved from /home/airflow/.local/lib/python3.12/site-packages/airflow/example_dags/example_external_task_marker_dag.py
[2024-10-16T17:30:06.247+0000] {logging_mixin.py:190} INFO - [2024-10-16T17:30:06.246+0000] {dag.py:3239} INFO - Sync 2 DAGs
[2024-10-16T17:30:06.264+0000] {logging_mixin.py:190} INFO - [2024-10-16T17:30:06.264+0000] {dag.py:4180} INFO - Setting next_dagrun for example_external_task_marker_child to None, run_after=None
[2024-10-16T17:30:06.269+0000] {logging_mixin.py:190} INFO - [2024-10-16T17:30:06.269+0000] {dag.py:4180} INFO - Setting next_dagrun for example_external_task_marker_parent to None, run_after=None
[2024-10-16T17:30:06.292+0000] {processor.py:208} INFO - Processing /home/airflow/.local/lib/python3.12/site-packages/airflow/example_dags/example_external_task_marker_dag.py took 0.092 seconds
