[2024-10-16T16:38:06.518+0000] {processor.py:186} INFO - Started process (PID=98) to work on /home/airflow/.local/lib/python3.12/site-packages/airflow/example_dags/example_sla_dag.py
[2024-10-16T16:38:06.519+0000] {processor.py:914} INFO - Processing file /home/airflow/.local/lib/python3.12/site-packages/airflow/example_dags/example_sla_dag.py for tasks to queue
[2024-10-16T16:38:06.522+0000] {logging_mixin.py:190} INFO - [2024-10-16T16:38:06.521+0000] {dagbag.py:588} INFO - Filling up the DagBag from /home/airflow/.local/lib/python3.12/site-packages/airflow/example_dags/example_sla_dag.py
[2024-10-16T16:38:06.535+0000] {processor.py:925} INFO - DAG(s) 'example_sla_dag' retrieved from /home/airflow/.local/lib/python3.12/site-packages/airflow/example_dags/example_sla_dag.py
[2024-10-16T16:38:06.665+0000] {logging_mixin.py:190} INFO - [2024-10-16T16:38:06.664+0000] {override.py:1900} INFO - Created Permission View: can delete on DAG:example_sla_dag
[2024-10-16T16:38:06.678+0000] {logging_mixin.py:190} INFO - [2024-10-16T16:38:06.678+0000] {override.py:1900} INFO - Created Permission View: can edit on DAG:example_sla_dag
[2024-10-16T16:38:06.687+0000] {logging_mixin.py:190} INFO - [2024-10-16T16:38:06.687+0000] {override.py:1900} INFO - Created Permission View: can read on DAG:example_sla_dag
[2024-10-16T16:38:06.698+0000] {logging_mixin.py:190} INFO - [2024-10-16T16:38:06.697+0000] {override.py:1900} INFO - Created Permission View: menu access on DAG Run:example_sla_dag
[2024-10-16T16:38:06.706+0000] {logging_mixin.py:190} INFO - [2024-10-16T16:38:06.706+0000] {override.py:1900} INFO - Created Permission View: can create on DAG Run:example_sla_dag
[2024-10-16T16:38:06.715+0000] {logging_mixin.py:190} INFO - [2024-10-16T16:38:06.715+0000] {override.py:1900} INFO - Created Permission View: can delete on DAG Run:example_sla_dag
[2024-10-16T16:38:06.723+0000] {logging_mixin.py:190} INFO - [2024-10-16T16:38:06.723+0000] {override.py:1900} INFO - Created Permission View: can read on DAG Run:example_sla_dag
[2024-10-16T16:38:06.724+0000] {logging_mixin.py:190} INFO - [2024-10-16T16:38:06.724+0000] {dag.py:3239} INFO - Sync 1 DAGs
[2024-10-16T16:38:06.740+0000] {logging_mixin.py:190} INFO - [2024-10-16T16:38:06.740+0000] {dag.py:3262} INFO - Creating ORM DAG for example_sla_dag
[2024-10-16T16:38:06.760+0000] {logging_mixin.py:190} INFO - [2024-10-16T16:38:06.759+0000] {dag.py:4180} INFO - Setting next_dagrun for example_sla_dag to 2024-10-16 16:36:00+00:00, run_after=2024-10-16 16:38:00+00:00
[2024-10-16T16:38:06.782+0000] {processor.py:208} INFO - Processing /home/airflow/.local/lib/python3.12/site-packages/airflow/example_dags/example_sla_dag.py took 0.271 seconds
[2024-10-16T16:38:37.361+0000] {processor.py:186} INFO - Started process (PID=160) to work on /home/airflow/.local/lib/python3.12/site-packages/airflow/example_dags/example_sla_dag.py
[2024-10-16T16:38:37.362+0000] {processor.py:914} INFO - Processing file /home/airflow/.local/lib/python3.12/site-packages/airflow/example_dags/example_sla_dag.py for tasks to queue
[2024-10-16T16:38:37.365+0000] {logging_mixin.py:190} INFO - [2024-10-16T16:38:37.365+0000] {dagbag.py:588} INFO - Filling up the DagBag from /home/airflow/.local/lib/python3.12/site-packages/airflow/example_dags/example_sla_dag.py
[2024-10-16T16:38:37.377+0000] {processor.py:925} INFO - DAG(s) 'example_sla_dag' retrieved from /home/airflow/.local/lib/python3.12/site-packages/airflow/example_dags/example_sla_dag.py
[2024-10-16T16:38:37.418+0000] {logging_mixin.py:190} INFO - [2024-10-16T16:38:37.418+0000] {dag.py:3239} INFO - Sync 1 DAGs
[2024-10-16T16:38:37.487+0000] {logging_mixin.py:190} INFO - [2024-10-16T16:38:37.487+0000] {dag.py:4180} INFO - Setting next_dagrun for example_sla_dag to 2024-10-16 16:36:00+00:00, run_after=2024-10-16 16:38:00+00:00
[2024-10-16T16:38:37.527+0000] {processor.py:208} INFO - Processing /home/airflow/.local/lib/python3.12/site-packages/airflow/example_dags/example_sla_dag.py took 0.173 seconds
[2024-10-16T16:39:08.084+0000] {processor.py:186} INFO - Started process (PID=222) to work on /home/airflow/.local/lib/python3.12/site-packages/airflow/example_dags/example_sla_dag.py
[2024-10-16T16:39:08.085+0000] {processor.py:914} INFO - Processing file /home/airflow/.local/lib/python3.12/site-packages/airflow/example_dags/example_sla_dag.py for tasks to queue
[2024-10-16T16:39:08.088+0000] {logging_mixin.py:190} INFO - [2024-10-16T16:39:08.088+0000] {dagbag.py:588} INFO - Filling up the DagBag from /home/airflow/.local/lib/python3.12/site-packages/airflow/example_dags/example_sla_dag.py
[2024-10-16T16:39:08.101+0000] {processor.py:925} INFO - DAG(s) 'example_sla_dag' retrieved from /home/airflow/.local/lib/python3.12/site-packages/airflow/example_dags/example_sla_dag.py
[2024-10-16T16:39:08.124+0000] {logging_mixin.py:190} INFO - [2024-10-16T16:39:08.123+0000] {dag.py:3239} INFO - Sync 1 DAGs
[2024-10-16T16:39:08.156+0000] {logging_mixin.py:190} INFO - [2024-10-16T16:39:08.156+0000] {dag.py:4180} INFO - Setting next_dagrun for example_sla_dag to 2024-10-16 16:36:00+00:00, run_after=2024-10-16 16:38:00+00:00
[2024-10-16T16:39:08.178+0000] {processor.py:208} INFO - Processing /home/airflow/.local/lib/python3.12/site-packages/airflow/example_dags/example_sla_dag.py took 0.101 seconds
[2024-10-16T16:39:38.593+0000] {processor.py:186} INFO - Started process (PID=284) to work on /home/airflow/.local/lib/python3.12/site-packages/airflow/example_dags/example_sla_dag.py
[2024-10-16T16:39:38.594+0000] {processor.py:914} INFO - Processing file /home/airflow/.local/lib/python3.12/site-packages/airflow/example_dags/example_sla_dag.py for tasks to queue
[2024-10-16T16:39:38.597+0000] {logging_mixin.py:190} INFO - [2024-10-16T16:39:38.597+0000] {dagbag.py:588} INFO - Filling up the DagBag from /home/airflow/.local/lib/python3.12/site-packages/airflow/example_dags/example_sla_dag.py
[2024-10-16T16:39:38.608+0000] {processor.py:925} INFO - DAG(s) 'example_sla_dag' retrieved from /home/airflow/.local/lib/python3.12/site-packages/airflow/example_dags/example_sla_dag.py
[2024-10-16T16:39:38.630+0000] {logging_mixin.py:190} INFO - [2024-10-16T16:39:38.630+0000] {dag.py:3239} INFO - Sync 1 DAGs
[2024-10-16T16:39:38.661+0000] {logging_mixin.py:190} INFO - [2024-10-16T16:39:38.661+0000] {dag.py:4180} INFO - Setting next_dagrun for example_sla_dag to 2024-10-16 16:36:00+00:00, run_after=2024-10-16 16:38:00+00:00
[2024-10-16T16:39:38.684+0000] {processor.py:208} INFO - Processing /home/airflow/.local/lib/python3.12/site-packages/airflow/example_dags/example_sla_dag.py took 0.097 seconds
[2024-10-16T16:40:09.158+0000] {processor.py:186} INFO - Started process (PID=347) to work on /home/airflow/.local/lib/python3.12/site-packages/airflow/example_dags/example_sla_dag.py
[2024-10-16T16:40:09.160+0000] {processor.py:914} INFO - Processing file /home/airflow/.local/lib/python3.12/site-packages/airflow/example_dags/example_sla_dag.py for tasks to queue
[2024-10-16T16:40:09.162+0000] {logging_mixin.py:190} INFO - [2024-10-16T16:40:09.162+0000] {dagbag.py:588} INFO - Filling up the DagBag from /home/airflow/.local/lib/python3.12/site-packages/airflow/example_dags/example_sla_dag.py
[2024-10-16T16:40:09.178+0000] {processor.py:925} INFO - DAG(s) 'example_sla_dag' retrieved from /home/airflow/.local/lib/python3.12/site-packages/airflow/example_dags/example_sla_dag.py
[2024-10-16T16:40:09.207+0000] {logging_mixin.py:190} INFO - [2024-10-16T16:40:09.206+0000] {dag.py:3239} INFO - Sync 1 DAGs
[2024-10-16T16:40:09.242+0000] {logging_mixin.py:190} INFO - [2024-10-16T16:40:09.242+0000] {dag.py:4180} INFO - Setting next_dagrun for example_sla_dag to 2024-10-16 16:38:00+00:00, run_after=2024-10-16 16:40:00+00:00
[2024-10-16T16:40:09.265+0000] {processor.py:208} INFO - Processing /home/airflow/.local/lib/python3.12/site-packages/airflow/example_dags/example_sla_dag.py took 0.115 seconds
[2024-10-16T16:40:39.637+0000] {processor.py:186} INFO - Started process (PID=409) to work on /home/airflow/.local/lib/python3.12/site-packages/airflow/example_dags/example_sla_dag.py
[2024-10-16T16:40:39.638+0000] {processor.py:914} INFO - Processing file /home/airflow/.local/lib/python3.12/site-packages/airflow/example_dags/example_sla_dag.py for tasks to queue
[2024-10-16T16:40:39.641+0000] {logging_mixin.py:190} INFO - [2024-10-16T16:40:39.640+0000] {dagbag.py:588} INFO - Filling up the DagBag from /home/airflow/.local/lib/python3.12/site-packages/airflow/example_dags/example_sla_dag.py
[2024-10-16T16:40:39.652+0000] {processor.py:925} INFO - DAG(s) 'example_sla_dag' retrieved from /home/airflow/.local/lib/python3.12/site-packages/airflow/example_dags/example_sla_dag.py
[2024-10-16T16:40:39.673+0000] {logging_mixin.py:190} INFO - [2024-10-16T16:40:39.672+0000] {dag.py:3239} INFO - Sync 1 DAGs
[2024-10-16T16:40:39.704+0000] {logging_mixin.py:190} INFO - [2024-10-16T16:40:39.703+0000] {dag.py:4180} INFO - Setting next_dagrun for example_sla_dag to 2024-10-16 16:38:00+00:00, run_after=2024-10-16 16:40:00+00:00
[2024-10-16T16:40:39.725+0000] {processor.py:208} INFO - Processing /home/airflow/.local/lib/python3.12/site-packages/airflow/example_dags/example_sla_dag.py took 0.094 seconds
[2024-10-16T16:41:10.187+0000] {processor.py:186} INFO - Started process (PID=471) to work on /home/airflow/.local/lib/python3.12/site-packages/airflow/example_dags/example_sla_dag.py
[2024-10-16T16:41:10.188+0000] {processor.py:914} INFO - Processing file /home/airflow/.local/lib/python3.12/site-packages/airflow/example_dags/example_sla_dag.py for tasks to queue
[2024-10-16T16:41:10.190+0000] {logging_mixin.py:190} INFO - [2024-10-16T16:41:10.190+0000] {dagbag.py:588} INFO - Filling up the DagBag from /home/airflow/.local/lib/python3.12/site-packages/airflow/example_dags/example_sla_dag.py
[2024-10-16T16:41:10.202+0000] {processor.py:925} INFO - DAG(s) 'example_sla_dag' retrieved from /home/airflow/.local/lib/python3.12/site-packages/airflow/example_dags/example_sla_dag.py
[2024-10-16T16:41:10.225+0000] {logging_mixin.py:190} INFO - [2024-10-16T16:41:10.225+0000] {dag.py:3239} INFO - Sync 1 DAGs
[2024-10-16T16:41:10.261+0000] {logging_mixin.py:190} INFO - [2024-10-16T16:41:10.261+0000] {dag.py:4180} INFO - Setting next_dagrun for example_sla_dag to 2024-10-16 16:38:00+00:00, run_after=2024-10-16 16:40:00+00:00
[2024-10-16T16:41:10.286+0000] {processor.py:208} INFO - Processing /home/airflow/.local/lib/python3.12/site-packages/airflow/example_dags/example_sla_dag.py took 0.107 seconds
[2024-10-16T16:41:40.633+0000] {processor.py:186} INFO - Started process (PID=532) to work on /home/airflow/.local/lib/python3.12/site-packages/airflow/example_dags/example_sla_dag.py
[2024-10-16T16:41:40.634+0000] {processor.py:914} INFO - Processing file /home/airflow/.local/lib/python3.12/site-packages/airflow/example_dags/example_sla_dag.py for tasks to queue
[2024-10-16T16:41:40.636+0000] {logging_mixin.py:190} INFO - [2024-10-16T16:41:40.636+0000] {dagbag.py:588} INFO - Filling up the DagBag from /home/airflow/.local/lib/python3.12/site-packages/airflow/example_dags/example_sla_dag.py
[2024-10-16T16:41:40.648+0000] {processor.py:925} INFO - DAG(s) 'example_sla_dag' retrieved from /home/airflow/.local/lib/python3.12/site-packages/airflow/example_dags/example_sla_dag.py
[2024-10-16T16:41:40.670+0000] {logging_mixin.py:190} INFO - [2024-10-16T16:41:40.670+0000] {dag.py:3239} INFO - Sync 1 DAGs
[2024-10-16T16:41:40.700+0000] {logging_mixin.py:190} INFO - [2024-10-16T16:41:40.700+0000] {dag.py:4180} INFO - Setting next_dagrun for example_sla_dag to 2024-10-16 16:38:00+00:00, run_after=2024-10-16 16:40:00+00:00
[2024-10-16T16:41:40.724+0000] {processor.py:208} INFO - Processing /home/airflow/.local/lib/python3.12/site-packages/airflow/example_dags/example_sla_dag.py took 0.098 seconds
[2024-10-16T16:42:10.904+0000] {processor.py:186} INFO - Started process (PID=594) to work on /home/airflow/.local/lib/python3.12/site-packages/airflow/example_dags/example_sla_dag.py
[2024-10-16T16:42:10.905+0000] {processor.py:914} INFO - Processing file /home/airflow/.local/lib/python3.12/site-packages/airflow/example_dags/example_sla_dag.py for tasks to queue
[2024-10-16T16:42:10.908+0000] {logging_mixin.py:190} INFO - [2024-10-16T16:42:10.908+0000] {dagbag.py:588} INFO - Filling up the DagBag from /home/airflow/.local/lib/python3.12/site-packages/airflow/example_dags/example_sla_dag.py
[2024-10-16T16:42:10.919+0000] {processor.py:925} INFO - DAG(s) 'example_sla_dag' retrieved from /home/airflow/.local/lib/python3.12/site-packages/airflow/example_dags/example_sla_dag.py
[2024-10-16T16:42:10.942+0000] {logging_mixin.py:190} INFO - [2024-10-16T16:42:10.941+0000] {dag.py:3239} INFO - Sync 1 DAGs
[2024-10-16T16:42:10.972+0000] {logging_mixin.py:190} INFO - [2024-10-16T16:42:10.972+0000] {dag.py:4180} INFO - Setting next_dagrun for example_sla_dag to 2024-10-16 16:40:00+00:00, run_after=2024-10-16 16:42:00+00:00
[2024-10-16T16:42:10.994+0000] {processor.py:208} INFO - Processing /home/airflow/.local/lib/python3.12/site-packages/airflow/example_dags/example_sla_dag.py took 0.097 seconds
[2024-10-16T16:42:41.207+0000] {processor.py:186} INFO - Started process (PID=657) to work on /home/airflow/.local/lib/python3.12/site-packages/airflow/example_dags/example_sla_dag.py
[2024-10-16T16:42:41.209+0000] {processor.py:914} INFO - Processing file /home/airflow/.local/lib/python3.12/site-packages/airflow/example_dags/example_sla_dag.py for tasks to queue
[2024-10-16T16:42:41.211+0000] {logging_mixin.py:190} INFO - [2024-10-16T16:42:41.211+0000] {dagbag.py:588} INFO - Filling up the DagBag from /home/airflow/.local/lib/python3.12/site-packages/airflow/example_dags/example_sla_dag.py
[2024-10-16T16:42:41.222+0000] {processor.py:925} INFO - DAG(s) 'example_sla_dag' retrieved from /home/airflow/.local/lib/python3.12/site-packages/airflow/example_dags/example_sla_dag.py
[2024-10-16T16:42:41.244+0000] {logging_mixin.py:190} INFO - [2024-10-16T16:42:41.243+0000] {dag.py:3239} INFO - Sync 1 DAGs
[2024-10-16T16:42:41.274+0000] {logging_mixin.py:190} INFO - [2024-10-16T16:42:41.273+0000] {dag.py:4180} INFO - Setting next_dagrun for example_sla_dag to 2024-10-16 16:40:00+00:00, run_after=2024-10-16 16:42:00+00:00
[2024-10-16T16:42:41.294+0000] {processor.py:208} INFO - Processing /home/airflow/.local/lib/python3.12/site-packages/airflow/example_dags/example_sla_dag.py took 0.093 seconds
[2024-10-16T17:21:24.222+0000] {processor.py:186} INFO - Started process (PID=89) to work on /home/airflow/.local/lib/python3.12/site-packages/airflow/example_dags/example_sla_dag.py
[2024-10-16T17:21:24.223+0000] {processor.py:914} INFO - Processing file /home/airflow/.local/lib/python3.12/site-packages/airflow/example_dags/example_sla_dag.py for tasks to queue
[2024-10-16T17:21:24.226+0000] {logging_mixin.py:190} INFO - [2024-10-16T17:21:24.225+0000] {dagbag.py:588} INFO - Filling up the DagBag from /home/airflow/.local/lib/python3.12/site-packages/airflow/example_dags/example_sla_dag.py
[2024-10-16T17:21:24.237+0000] {processor.py:925} INFO - DAG(s) 'example_sla_dag' retrieved from /home/airflow/.local/lib/python3.12/site-packages/airflow/example_dags/example_sla_dag.py
[2024-10-16T17:21:24.265+0000] {logging_mixin.py:190} INFO - [2024-10-16T17:21:24.265+0000] {dag.py:3239} INFO - Sync 1 DAGs
[2024-10-16T17:21:24.298+0000] {logging_mixin.py:190} INFO - [2024-10-16T17:21:24.298+0000] {dag.py:4180} INFO - Setting next_dagrun for example_sla_dag to 2024-10-16 17:18:00+00:00, run_after=2024-10-16 17:20:00+00:00
[2024-10-16T17:21:24.321+0000] {processor.py:208} INFO - Processing /home/airflow/.local/lib/python3.12/site-packages/airflow/example_dags/example_sla_dag.py took 0.106 seconds
[2024-10-16T17:21:54.995+0000] {processor.py:186} INFO - Started process (PID=151) to work on /home/airflow/.local/lib/python3.12/site-packages/airflow/example_dags/example_sla_dag.py
[2024-10-16T17:21:54.997+0000] {processor.py:914} INFO - Processing file /home/airflow/.local/lib/python3.12/site-packages/airflow/example_dags/example_sla_dag.py for tasks to queue
[2024-10-16T17:21:54.999+0000] {logging_mixin.py:190} INFO - [2024-10-16T17:21:54.999+0000] {dagbag.py:588} INFO - Filling up the DagBag from /home/airflow/.local/lib/python3.12/site-packages/airflow/example_dags/example_sla_dag.py
[2024-10-16T17:21:55.010+0000] {processor.py:925} INFO - DAG(s) 'example_sla_dag' retrieved from /home/airflow/.local/lib/python3.12/site-packages/airflow/example_dags/example_sla_dag.py
[2024-10-16T17:21:55.031+0000] {logging_mixin.py:190} INFO - [2024-10-16T17:21:55.031+0000] {dag.py:3239} INFO - Sync 1 DAGs
[2024-10-16T17:21:55.061+0000] {logging_mixin.py:190} INFO - [2024-10-16T17:21:55.061+0000] {dag.py:4180} INFO - Setting next_dagrun for example_sla_dag to 2024-10-16 17:18:00+00:00, run_after=2024-10-16 17:20:00+00:00
[2024-10-16T17:21:55.086+0000] {processor.py:208} INFO - Processing /home/airflow/.local/lib/python3.12/site-packages/airflow/example_dags/example_sla_dag.py took 0.098 seconds
[2024-10-16T17:22:26.093+0000] {processor.py:186} INFO - Started process (PID=213) to work on /home/airflow/.local/lib/python3.12/site-packages/airflow/example_dags/example_sla_dag.py
[2024-10-16T17:22:26.094+0000] {processor.py:914} INFO - Processing file /home/airflow/.local/lib/python3.12/site-packages/airflow/example_dags/example_sla_dag.py for tasks to queue
[2024-10-16T17:22:26.096+0000] {logging_mixin.py:190} INFO - [2024-10-16T17:22:26.096+0000] {dagbag.py:588} INFO - Filling up the DagBag from /home/airflow/.local/lib/python3.12/site-packages/airflow/example_dags/example_sla_dag.py
[2024-10-16T17:22:26.108+0000] {processor.py:925} INFO - DAG(s) 'example_sla_dag' retrieved from /home/airflow/.local/lib/python3.12/site-packages/airflow/example_dags/example_sla_dag.py
[2024-10-16T17:22:26.130+0000] {logging_mixin.py:190} INFO - [2024-10-16T17:22:26.129+0000] {dag.py:3239} INFO - Sync 1 DAGs
[2024-10-16T17:22:26.165+0000] {logging_mixin.py:190} INFO - [2024-10-16T17:22:26.164+0000] {dag.py:4180} INFO - Setting next_dagrun for example_sla_dag to 2024-10-16 17:20:00+00:00, run_after=2024-10-16 17:22:00+00:00
[2024-10-16T17:22:26.188+0000] {processor.py:208} INFO - Processing /home/airflow/.local/lib/python3.12/site-packages/airflow/example_dags/example_sla_dag.py took 0.102 seconds
[2024-10-16T17:22:56.691+0000] {processor.py:186} INFO - Started process (PID=275) to work on /home/airflow/.local/lib/python3.12/site-packages/airflow/example_dags/example_sla_dag.py
[2024-10-16T17:22:56.692+0000] {processor.py:914} INFO - Processing file /home/airflow/.local/lib/python3.12/site-packages/airflow/example_dags/example_sla_dag.py for tasks to queue
[2024-10-16T17:22:56.695+0000] {logging_mixin.py:190} INFO - [2024-10-16T17:22:56.695+0000] {dagbag.py:588} INFO - Filling up the DagBag from /home/airflow/.local/lib/python3.12/site-packages/airflow/example_dags/example_sla_dag.py
[2024-10-16T17:22:56.707+0000] {processor.py:925} INFO - DAG(s) 'example_sla_dag' retrieved from /home/airflow/.local/lib/python3.12/site-packages/airflow/example_dags/example_sla_dag.py
[2024-10-16T17:22:56.731+0000] {logging_mixin.py:190} INFO - [2024-10-16T17:22:56.731+0000] {dag.py:3239} INFO - Sync 1 DAGs
[2024-10-16T17:22:56.768+0000] {logging_mixin.py:190} INFO - [2024-10-16T17:22:56.768+0000] {dag.py:4180} INFO - Setting next_dagrun for example_sla_dag to 2024-10-16 17:20:00+00:00, run_after=2024-10-16 17:22:00+00:00
[2024-10-16T17:22:56.791+0000] {processor.py:208} INFO - Processing /home/airflow/.local/lib/python3.12/site-packages/airflow/example_dags/example_sla_dag.py took 0.107 seconds
[2024-10-16T17:23:27.395+0000] {processor.py:186} INFO - Started process (PID=337) to work on /home/airflow/.local/lib/python3.12/site-packages/airflow/example_dags/example_sla_dag.py
[2024-10-16T17:23:27.396+0000] {processor.py:914} INFO - Processing file /home/airflow/.local/lib/python3.12/site-packages/airflow/example_dags/example_sla_dag.py for tasks to queue
[2024-10-16T17:23:27.399+0000] {logging_mixin.py:190} INFO - [2024-10-16T17:23:27.399+0000] {dagbag.py:588} INFO - Filling up the DagBag from /home/airflow/.local/lib/python3.12/site-packages/airflow/example_dags/example_sla_dag.py
[2024-10-16T17:23:27.411+0000] {processor.py:925} INFO - DAG(s) 'example_sla_dag' retrieved from /home/airflow/.local/lib/python3.12/site-packages/airflow/example_dags/example_sla_dag.py
[2024-10-16T17:23:27.433+0000] {logging_mixin.py:190} INFO - [2024-10-16T17:23:27.433+0000] {dag.py:3239} INFO - Sync 1 DAGs
[2024-10-16T17:23:27.466+0000] {logging_mixin.py:190} INFO - [2024-10-16T17:23:27.466+0000] {dag.py:4180} INFO - Setting next_dagrun for example_sla_dag to 2024-10-16 17:20:00+00:00, run_after=2024-10-16 17:22:00+00:00
[2024-10-16T17:23:27.488+0000] {processor.py:208} INFO - Processing /home/airflow/.local/lib/python3.12/site-packages/airflow/example_dags/example_sla_dag.py took 0.099 seconds
[2024-10-16T17:23:57.874+0000] {processor.py:186} INFO - Started process (PID=399) to work on /home/airflow/.local/lib/python3.12/site-packages/airflow/example_dags/example_sla_dag.py
[2024-10-16T17:23:57.875+0000] {processor.py:914} INFO - Processing file /home/airflow/.local/lib/python3.12/site-packages/airflow/example_dags/example_sla_dag.py for tasks to queue
[2024-10-16T17:23:57.878+0000] {logging_mixin.py:190} INFO - [2024-10-16T17:23:57.877+0000] {dagbag.py:588} INFO - Filling up the DagBag from /home/airflow/.local/lib/python3.12/site-packages/airflow/example_dags/example_sla_dag.py
[2024-10-16T17:23:57.888+0000] {processor.py:925} INFO - DAG(s) 'example_sla_dag' retrieved from /home/airflow/.local/lib/python3.12/site-packages/airflow/example_dags/example_sla_dag.py
[2024-10-16T17:23:57.909+0000] {logging_mixin.py:190} INFO - [2024-10-16T17:23:57.909+0000] {dag.py:3239} INFO - Sync 1 DAGs
[2024-10-16T17:23:57.939+0000] {logging_mixin.py:190} INFO - [2024-10-16T17:23:57.939+0000] {dag.py:4180} INFO - Setting next_dagrun for example_sla_dag to 2024-10-16 17:20:00+00:00, run_after=2024-10-16 17:22:00+00:00
[2024-10-16T17:23:57.963+0000] {processor.py:208} INFO - Processing /home/airflow/.local/lib/python3.12/site-packages/airflow/example_dags/example_sla_dag.py took 0.095 seconds
[2024-10-16T17:24:28.312+0000] {processor.py:186} INFO - Started process (PID=461) to work on /home/airflow/.local/lib/python3.12/site-packages/airflow/example_dags/example_sla_dag.py
[2024-10-16T17:24:28.314+0000] {processor.py:914} INFO - Processing file /home/airflow/.local/lib/python3.12/site-packages/airflow/example_dags/example_sla_dag.py for tasks to queue
[2024-10-16T17:24:28.317+0000] {logging_mixin.py:190} INFO - [2024-10-16T17:24:28.316+0000] {dagbag.py:588} INFO - Filling up the DagBag from /home/airflow/.local/lib/python3.12/site-packages/airflow/example_dags/example_sla_dag.py
[2024-10-16T17:24:28.329+0000] {processor.py:925} INFO - DAG(s) 'example_sla_dag' retrieved from /home/airflow/.local/lib/python3.12/site-packages/airflow/example_dags/example_sla_dag.py
[2024-10-16T17:24:28.350+0000] {logging_mixin.py:190} INFO - [2024-10-16T17:24:28.350+0000] {dag.py:3239} INFO - Sync 1 DAGs
[2024-10-16T17:24:28.380+0000] {logging_mixin.py:190} INFO - [2024-10-16T17:24:28.380+0000] {dag.py:4180} INFO - Setting next_dagrun for example_sla_dag to 2024-10-16 17:22:00+00:00, run_after=2024-10-16 17:24:00+00:00
[2024-10-16T17:24:28.404+0000] {processor.py:208} INFO - Processing /home/airflow/.local/lib/python3.12/site-packages/airflow/example_dags/example_sla_dag.py took 0.098 seconds
[2024-10-16T17:24:58.730+0000] {processor.py:186} INFO - Started process (PID=523) to work on /home/airflow/.local/lib/python3.12/site-packages/airflow/example_dags/example_sla_dag.py
[2024-10-16T17:24:58.731+0000] {processor.py:914} INFO - Processing file /home/airflow/.local/lib/python3.12/site-packages/airflow/example_dags/example_sla_dag.py for tasks to queue
[2024-10-16T17:24:58.733+0000] {logging_mixin.py:190} INFO - [2024-10-16T17:24:58.733+0000] {dagbag.py:588} INFO - Filling up the DagBag from /home/airflow/.local/lib/python3.12/site-packages/airflow/example_dags/example_sla_dag.py
[2024-10-16T17:24:58.744+0000] {processor.py:925} INFO - DAG(s) 'example_sla_dag' retrieved from /home/airflow/.local/lib/python3.12/site-packages/airflow/example_dags/example_sla_dag.py
[2024-10-16T17:24:58.766+0000] {logging_mixin.py:190} INFO - [2024-10-16T17:24:58.766+0000] {dag.py:3239} INFO - Sync 1 DAGs
[2024-10-16T17:24:58.796+0000] {logging_mixin.py:190} INFO - [2024-10-16T17:24:58.796+0000] {dag.py:4180} INFO - Setting next_dagrun for example_sla_dag to 2024-10-16 17:22:00+00:00, run_after=2024-10-16 17:24:00+00:00
[2024-10-16T17:24:58.818+0000] {processor.py:208} INFO - Processing /home/airflow/.local/lib/python3.12/site-packages/airflow/example_dags/example_sla_dag.py took 0.095 seconds
[2024-10-16T17:25:30.231+0000] {processor.py:186} INFO - Started process (PID=585) to work on /home/airflow/.local/lib/python3.12/site-packages/airflow/example_dags/example_sla_dag.py
[2024-10-16T17:25:30.233+0000] {processor.py:914} INFO - Processing file /home/airflow/.local/lib/python3.12/site-packages/airflow/example_dags/example_sla_dag.py for tasks to queue
[2024-10-16T17:25:30.237+0000] {logging_mixin.py:190} INFO - [2024-10-16T17:25:30.236+0000] {dagbag.py:588} INFO - Filling up the DagBag from /home/airflow/.local/lib/python3.12/site-packages/airflow/example_dags/example_sla_dag.py
[2024-10-16T17:25:30.258+0000] {processor.py:925} INFO - DAG(s) 'example_sla_dag' retrieved from /home/airflow/.local/lib/python3.12/site-packages/airflow/example_dags/example_sla_dag.py
[2024-10-16T17:25:30.295+0000] {logging_mixin.py:190} INFO - [2024-10-16T17:25:30.295+0000] {dag.py:3239} INFO - Sync 1 DAGs
[2024-10-16T17:25:30.365+0000] {logging_mixin.py:190} INFO - [2024-10-16T17:25:30.365+0000] {dag.py:4180} INFO - Setting next_dagrun for example_sla_dag to 2024-10-16 17:22:00+00:00, run_after=2024-10-16 17:24:00+00:00
[2024-10-16T17:25:30.404+0000] {processor.py:208} INFO - Processing /home/airflow/.local/lib/python3.12/site-packages/airflow/example_dags/example_sla_dag.py took 0.189 seconds
[2024-10-16T17:26:00.512+0000] {processor.py:186} INFO - Started process (PID=647) to work on /home/airflow/.local/lib/python3.12/site-packages/airflow/example_dags/example_sla_dag.py
[2024-10-16T17:26:00.513+0000] {processor.py:914} INFO - Processing file /home/airflow/.local/lib/python3.12/site-packages/airflow/example_dags/example_sla_dag.py for tasks to queue
[2024-10-16T17:26:00.516+0000] {logging_mixin.py:190} INFO - [2024-10-16T17:26:00.515+0000] {dagbag.py:588} INFO - Filling up the DagBag from /home/airflow/.local/lib/python3.12/site-packages/airflow/example_dags/example_sla_dag.py
[2024-10-16T17:26:00.528+0000] {processor.py:925} INFO - DAG(s) 'example_sla_dag' retrieved from /home/airflow/.local/lib/python3.12/site-packages/airflow/example_dags/example_sla_dag.py
[2024-10-16T17:26:00.548+0000] {logging_mixin.py:190} INFO - [2024-10-16T17:26:00.548+0000] {dag.py:3239} INFO - Sync 1 DAGs
[2024-10-16T17:26:00.578+0000] {logging_mixin.py:190} INFO - [2024-10-16T17:26:00.578+0000] {dag.py:4180} INFO - Setting next_dagrun for example_sla_dag to 2024-10-16 17:24:00+00:00, run_after=2024-10-16 17:26:00+00:00
[2024-10-16T17:26:00.601+0000] {processor.py:208} INFO - Processing /home/airflow/.local/lib/python3.12/site-packages/airflow/example_dags/example_sla_dag.py took 0.097 seconds
[2024-10-16T17:26:31.232+0000] {processor.py:186} INFO - Started process (PID=709) to work on /home/airflow/.local/lib/python3.12/site-packages/airflow/example_dags/example_sla_dag.py
[2024-10-16T17:26:31.233+0000] {processor.py:914} INFO - Processing file /home/airflow/.local/lib/python3.12/site-packages/airflow/example_dags/example_sla_dag.py for tasks to queue
[2024-10-16T17:26:31.236+0000] {logging_mixin.py:190} INFO - [2024-10-16T17:26:31.235+0000] {dagbag.py:588} INFO - Filling up the DagBag from /home/airflow/.local/lib/python3.12/site-packages/airflow/example_dags/example_sla_dag.py
[2024-10-16T17:26:31.248+0000] {processor.py:925} INFO - DAG(s) 'example_sla_dag' retrieved from /home/airflow/.local/lib/python3.12/site-packages/airflow/example_dags/example_sla_dag.py
[2024-10-16T17:26:31.271+0000] {logging_mixin.py:190} INFO - [2024-10-16T17:26:31.270+0000] {dag.py:3239} INFO - Sync 1 DAGs
[2024-10-16T17:26:31.302+0000] {logging_mixin.py:190} INFO - [2024-10-16T17:26:31.302+0000] {dag.py:4180} INFO - Setting next_dagrun for example_sla_dag to 2024-10-16 17:24:00+00:00, run_after=2024-10-16 17:26:00+00:00
[2024-10-16T17:26:31.326+0000] {processor.py:208} INFO - Processing /home/airflow/.local/lib/python3.12/site-packages/airflow/example_dags/example_sla_dag.py took 0.102 seconds
[2024-10-16T17:27:01.814+0000] {processor.py:186} INFO - Started process (PID=771) to work on /home/airflow/.local/lib/python3.12/site-packages/airflow/example_dags/example_sla_dag.py
[2024-10-16T17:27:01.815+0000] {processor.py:914} INFO - Processing file /home/airflow/.local/lib/python3.12/site-packages/airflow/example_dags/example_sla_dag.py for tasks to queue
[2024-10-16T17:27:01.819+0000] {logging_mixin.py:190} INFO - [2024-10-16T17:27:01.818+0000] {dagbag.py:588} INFO - Filling up the DagBag from /home/airflow/.local/lib/python3.12/site-packages/airflow/example_dags/example_sla_dag.py
[2024-10-16T17:27:01.835+0000] {processor.py:925} INFO - DAG(s) 'example_sla_dag' retrieved from /home/airflow/.local/lib/python3.12/site-packages/airflow/example_dags/example_sla_dag.py
[2024-10-16T17:27:01.865+0000] {logging_mixin.py:190} INFO - [2024-10-16T17:27:01.864+0000] {dag.py:3239} INFO - Sync 1 DAGs
[2024-10-16T17:27:01.903+0000] {logging_mixin.py:190} INFO - [2024-10-16T17:27:01.902+0000] {dag.py:4180} INFO - Setting next_dagrun for example_sla_dag to 2024-10-16 17:24:00+00:00, run_after=2024-10-16 17:26:00+00:00
[2024-10-16T17:27:01.926+0000] {processor.py:208} INFO - Processing /home/airflow/.local/lib/python3.12/site-packages/airflow/example_dags/example_sla_dag.py took 0.120 seconds
[2024-10-16T17:27:32.151+0000] {processor.py:186} INFO - Started process (PID=833) to work on /home/airflow/.local/lib/python3.12/site-packages/airflow/example_dags/example_sla_dag.py
[2024-10-16T17:27:32.152+0000] {processor.py:914} INFO - Processing file /home/airflow/.local/lib/python3.12/site-packages/airflow/example_dags/example_sla_dag.py for tasks to queue
[2024-10-16T17:27:32.155+0000] {logging_mixin.py:190} INFO - [2024-10-16T17:27:32.155+0000] {dagbag.py:588} INFO - Filling up the DagBag from /home/airflow/.local/lib/python3.12/site-packages/airflow/example_dags/example_sla_dag.py
[2024-10-16T17:27:32.166+0000] {processor.py:925} INFO - DAG(s) 'example_sla_dag' retrieved from /home/airflow/.local/lib/python3.12/site-packages/airflow/example_dags/example_sla_dag.py
[2024-10-16T17:27:32.188+0000] {logging_mixin.py:190} INFO - [2024-10-16T17:27:32.187+0000] {dag.py:3239} INFO - Sync 1 DAGs
[2024-10-16T17:27:32.220+0000] {logging_mixin.py:190} INFO - [2024-10-16T17:27:32.219+0000] {dag.py:4180} INFO - Setting next_dagrun for example_sla_dag to 2024-10-16 17:24:00+00:00, run_after=2024-10-16 17:26:00+00:00
[2024-10-16T17:27:32.242+0000] {processor.py:208} INFO - Processing /home/airflow/.local/lib/python3.12/site-packages/airflow/example_dags/example_sla_dag.py took 0.097 seconds
[2024-10-16T17:28:02.717+0000] {processor.py:186} INFO - Started process (PID=895) to work on /home/airflow/.local/lib/python3.12/site-packages/airflow/example_dags/example_sla_dag.py
[2024-10-16T17:28:02.719+0000] {processor.py:914} INFO - Processing file /home/airflow/.local/lib/python3.12/site-packages/airflow/example_dags/example_sla_dag.py for tasks to queue
[2024-10-16T17:28:02.721+0000] {logging_mixin.py:190} INFO - [2024-10-16T17:28:02.721+0000] {dagbag.py:588} INFO - Filling up the DagBag from /home/airflow/.local/lib/python3.12/site-packages/airflow/example_dags/example_sla_dag.py
[2024-10-16T17:28:02.733+0000] {processor.py:925} INFO - DAG(s) 'example_sla_dag' retrieved from /home/airflow/.local/lib/python3.12/site-packages/airflow/example_dags/example_sla_dag.py
[2024-10-16T17:28:02.755+0000] {logging_mixin.py:190} INFO - [2024-10-16T17:28:02.755+0000] {dag.py:3239} INFO - Sync 1 DAGs
[2024-10-16T17:28:02.787+0000] {logging_mixin.py:190} INFO - [2024-10-16T17:28:02.787+0000] {dag.py:4180} INFO - Setting next_dagrun for example_sla_dag to 2024-10-16 17:26:00+00:00, run_after=2024-10-16 17:28:00+00:00
[2024-10-16T17:28:02.810+0000] {processor.py:208} INFO - Processing /home/airflow/.local/lib/python3.12/site-packages/airflow/example_dags/example_sla_dag.py took 0.099 seconds
[2024-10-16T17:28:33.325+0000] {processor.py:186} INFO - Started process (PID=957) to work on /home/airflow/.local/lib/python3.12/site-packages/airflow/example_dags/example_sla_dag.py
[2024-10-16T17:28:33.326+0000] {processor.py:914} INFO - Processing file /home/airflow/.local/lib/python3.12/site-packages/airflow/example_dags/example_sla_dag.py for tasks to queue
[2024-10-16T17:28:33.329+0000] {logging_mixin.py:190} INFO - [2024-10-16T17:28:33.329+0000] {dagbag.py:588} INFO - Filling up the DagBag from /home/airflow/.local/lib/python3.12/site-packages/airflow/example_dags/example_sla_dag.py
[2024-10-16T17:28:33.340+0000] {processor.py:925} INFO - DAG(s) 'example_sla_dag' retrieved from /home/airflow/.local/lib/python3.12/site-packages/airflow/example_dags/example_sla_dag.py
[2024-10-16T17:28:33.362+0000] {logging_mixin.py:190} INFO - [2024-10-16T17:28:33.362+0000] {dag.py:3239} INFO - Sync 1 DAGs
[2024-10-16T17:28:33.393+0000] {logging_mixin.py:190} INFO - [2024-10-16T17:28:33.393+0000] {dag.py:4180} INFO - Setting next_dagrun for example_sla_dag to 2024-10-16 17:26:00+00:00, run_after=2024-10-16 17:28:00+00:00
[2024-10-16T17:28:33.413+0000] {processor.py:208} INFO - Processing /home/airflow/.local/lib/python3.12/site-packages/airflow/example_dags/example_sla_dag.py took 0.095 seconds
[2024-10-16T17:29:03.747+0000] {processor.py:186} INFO - Started process (PID=1019) to work on /home/airflow/.local/lib/python3.12/site-packages/airflow/example_dags/example_sla_dag.py
[2024-10-16T17:29:03.748+0000] {processor.py:914} INFO - Processing file /home/airflow/.local/lib/python3.12/site-packages/airflow/example_dags/example_sla_dag.py for tasks to queue
[2024-10-16T17:29:03.751+0000] {logging_mixin.py:190} INFO - [2024-10-16T17:29:03.751+0000] {dagbag.py:588} INFO - Filling up the DagBag from /home/airflow/.local/lib/python3.12/site-packages/airflow/example_dags/example_sla_dag.py
[2024-10-16T17:29:03.762+0000] {processor.py:925} INFO - DAG(s) 'example_sla_dag' retrieved from /home/airflow/.local/lib/python3.12/site-packages/airflow/example_dags/example_sla_dag.py
[2024-10-16T17:29:03.784+0000] {logging_mixin.py:190} INFO - [2024-10-16T17:29:03.784+0000] {dag.py:3239} INFO - Sync 1 DAGs
[2024-10-16T17:29:03.815+0000] {logging_mixin.py:190} INFO - [2024-10-16T17:29:03.815+0000] {dag.py:4180} INFO - Setting next_dagrun for example_sla_dag to 2024-10-16 17:26:00+00:00, run_after=2024-10-16 17:28:00+00:00
[2024-10-16T17:29:03.839+0000] {processor.py:208} INFO - Processing /home/airflow/.local/lib/python3.12/site-packages/airflow/example_dags/example_sla_dag.py took 0.098 seconds
[2024-10-16T17:29:34.269+0000] {processor.py:186} INFO - Started process (PID=1081) to work on /home/airflow/.local/lib/python3.12/site-packages/airflow/example_dags/example_sla_dag.py
[2024-10-16T17:29:34.270+0000] {processor.py:914} INFO - Processing file /home/airflow/.local/lib/python3.12/site-packages/airflow/example_dags/example_sla_dag.py for tasks to queue
[2024-10-16T17:29:34.273+0000] {logging_mixin.py:190} INFO - [2024-10-16T17:29:34.273+0000] {dagbag.py:588} INFO - Filling up the DagBag from /home/airflow/.local/lib/python3.12/site-packages/airflow/example_dags/example_sla_dag.py
[2024-10-16T17:29:34.284+0000] {processor.py:925} INFO - DAG(s) 'example_sla_dag' retrieved from /home/airflow/.local/lib/python3.12/site-packages/airflow/example_dags/example_sla_dag.py
[2024-10-16T17:29:34.307+0000] {logging_mixin.py:190} INFO - [2024-10-16T17:29:34.307+0000] {dag.py:3239} INFO - Sync 1 DAGs
[2024-10-16T17:29:34.338+0000] {logging_mixin.py:190} INFO - [2024-10-16T17:29:34.337+0000] {dag.py:4180} INFO - Setting next_dagrun for example_sla_dag to 2024-10-16 17:26:00+00:00, run_after=2024-10-16 17:28:00+00:00
[2024-10-16T17:29:34.360+0000] {processor.py:208} INFO - Processing /home/airflow/.local/lib/python3.12/site-packages/airflow/example_dags/example_sla_dag.py took 0.097 seconds
[2024-10-16T17:30:04.649+0000] {processor.py:186} INFO - Started process (PID=1143) to work on /home/airflow/.local/lib/python3.12/site-packages/airflow/example_dags/example_sla_dag.py
[2024-10-16T17:30:04.650+0000] {processor.py:914} INFO - Processing file /home/airflow/.local/lib/python3.12/site-packages/airflow/example_dags/example_sla_dag.py for tasks to queue
[2024-10-16T17:30:04.653+0000] {logging_mixin.py:190} INFO - [2024-10-16T17:30:04.652+0000] {dagbag.py:588} INFO - Filling up the DagBag from /home/airflow/.local/lib/python3.12/site-packages/airflow/example_dags/example_sla_dag.py
[2024-10-16T17:30:04.664+0000] {processor.py:925} INFO - DAG(s) 'example_sla_dag' retrieved from /home/airflow/.local/lib/python3.12/site-packages/airflow/example_dags/example_sla_dag.py
[2024-10-16T17:30:04.688+0000] {logging_mixin.py:190} INFO - [2024-10-16T17:30:04.688+0000] {dag.py:3239} INFO - Sync 1 DAGs
[2024-10-16T17:30:04.719+0000] {logging_mixin.py:190} INFO - [2024-10-16T17:30:04.719+0000] {dag.py:4180} INFO - Setting next_dagrun for example_sla_dag to 2024-10-16 17:28:00+00:00, run_after=2024-10-16 17:30:00+00:00
[2024-10-16T17:30:04.742+0000] {processor.py:208} INFO - Processing /home/airflow/.local/lib/python3.12/site-packages/airflow/example_dags/example_sla_dag.py took 0.100 seconds
