[2024-10-16T16:38:07.737+0000] {processor.py:186} INFO - Started process (PID=101) to work on /home/airflow/.local/lib/python3.12/site-packages/airflow/example_dags/example_branch_python_dop_operator_3.py
[2024-10-16T16:38:07.738+0000] {processor.py:914} INFO - Processing file /home/airflow/.local/lib/python3.12/site-packages/airflow/example_dags/example_branch_python_dop_operator_3.py for tasks to queue
[2024-10-16T16:38:07.741+0000] {logging_mixin.py:190} INFO - [2024-10-16T16:38:07.741+0000] {dagbag.py:588} INFO - Filling up the DagBag from /home/airflow/.local/lib/python3.12/site-packages/airflow/example_dags/example_branch_python_dop_operator_3.py
[2024-10-16T16:38:07.780+0000] {processor.py:925} INFO - DAG(s) 'example_branch_dop_operator_v3' retrieved from /home/airflow/.local/lib/python3.12/site-packages/airflow/example_dags/example_branch_python_dop_operator_3.py
[2024-10-16T16:38:08.209+0000] {logging_mixin.py:190} INFO - [2024-10-16T16:38:08.209+0000] {override.py:1900} INFO - Created Permission View: can delete on DAG:example_branch_dop_operator_v3
[2024-10-16T16:38:08.425+0000] {logging_mixin.py:190} INFO - [2024-10-16T16:38:08.423+0000] {override.py:1900} INFO - Created Permission View: can edit on DAG:example_branch_dop_operator_v3
[2024-10-16T16:38:08.608+0000] {logging_mixin.py:190} INFO - [2024-10-16T16:38:08.607+0000] {override.py:1900} INFO - Created Permission View: can read on DAG:example_branch_dop_operator_v3
[2024-10-16T16:38:09.247+0000] {logging_mixin.py:190} INFO - [2024-10-16T16:38:09.246+0000] {override.py:1900} INFO - Created Permission View: menu access on DAG Run:example_branch_dop_operator_v3
[2024-10-16T16:38:09.320+0000] {logging_mixin.py:190} INFO - [2024-10-16T16:38:09.320+0000] {override.py:1900} INFO - Created Permission View: can create on DAG Run:example_branch_dop_operator_v3
[2024-10-16T16:38:09.338+0000] {logging_mixin.py:190} INFO - [2024-10-16T16:38:09.337+0000] {override.py:1900} INFO - Created Permission View: can delete on DAG Run:example_branch_dop_operator_v3
[2024-10-16T16:38:09.357+0000] {logging_mixin.py:190} INFO - [2024-10-16T16:38:09.357+0000] {override.py:1900} INFO - Created Permission View: can read on DAG Run:example_branch_dop_operator_v3
[2024-10-16T16:38:09.358+0000] {logging_mixin.py:190} INFO - [2024-10-16T16:38:09.358+0000] {dag.py:3239} INFO - Sync 1 DAGs
[2024-10-16T16:38:09.375+0000] {logging_mixin.py:190} INFO - [2024-10-16T16:38:09.374+0000] {dag.py:3262} INFO - Creating ORM DAG for example_branch_dop_operator_v3
[2024-10-16T16:38:09.398+0000] {logging_mixin.py:190} INFO - [2024-10-16T16:38:09.397+0000] {dag.py:4180} INFO - Setting next_dagrun for example_branch_dop_operator_v3 to 2024-10-16 16:37:00+00:00, run_after=2024-10-16 16:38:00+00:00
[2024-10-16T16:38:09.425+0000] {processor.py:208} INFO - Processing /home/airflow/.local/lib/python3.12/site-packages/airflow/example_dags/example_branch_python_dop_operator_3.py took 1.695 seconds
[2024-10-16T16:38:39.673+0000] {processor.py:186} INFO - Started process (PID=163) to work on /home/airflow/.local/lib/python3.12/site-packages/airflow/example_dags/example_branch_python_dop_operator_3.py
[2024-10-16T16:38:39.674+0000] {processor.py:914} INFO - Processing file /home/airflow/.local/lib/python3.12/site-packages/airflow/example_dags/example_branch_python_dop_operator_3.py for tasks to queue
[2024-10-16T16:38:39.678+0000] {logging_mixin.py:190} INFO - [2024-10-16T16:38:39.678+0000] {dagbag.py:588} INFO - Filling up the DagBag from /home/airflow/.local/lib/python3.12/site-packages/airflow/example_dags/example_branch_python_dop_operator_3.py
[2024-10-16T16:38:39.690+0000] {processor.py:925} INFO - DAG(s) 'example_branch_dop_operator_v3' retrieved from /home/airflow/.local/lib/python3.12/site-packages/airflow/example_dags/example_branch_python_dop_operator_3.py
[2024-10-16T16:38:39.714+0000] {logging_mixin.py:190} INFO - [2024-10-16T16:38:39.713+0000] {dag.py:3239} INFO - Sync 1 DAGs
[2024-10-16T16:38:39.748+0000] {logging_mixin.py:190} INFO - [2024-10-16T16:38:39.748+0000] {dag.py:4180} INFO - Setting next_dagrun for example_branch_dop_operator_v3 to 2024-10-16 16:37:00+00:00, run_after=2024-10-16 16:38:00+00:00
[2024-10-16T16:38:39.772+0000] {processor.py:208} INFO - Processing /home/airflow/.local/lib/python3.12/site-packages/airflow/example_dags/example_branch_python_dop_operator_3.py took 0.106 seconds
[2024-10-16T16:39:10.235+0000] {processor.py:186} INFO - Started process (PID=225) to work on /home/airflow/.local/lib/python3.12/site-packages/airflow/example_dags/example_branch_python_dop_operator_3.py
[2024-10-16T16:39:10.237+0000] {processor.py:914} INFO - Processing file /home/airflow/.local/lib/python3.12/site-packages/airflow/example_dags/example_branch_python_dop_operator_3.py for tasks to queue
[2024-10-16T16:39:10.240+0000] {logging_mixin.py:190} INFO - [2024-10-16T16:39:10.239+0000] {dagbag.py:588} INFO - Filling up the DagBag from /home/airflow/.local/lib/python3.12/site-packages/airflow/example_dags/example_branch_python_dop_operator_3.py
[2024-10-16T16:39:10.251+0000] {processor.py:925} INFO - DAG(s) 'example_branch_dop_operator_v3' retrieved from /home/airflow/.local/lib/python3.12/site-packages/airflow/example_dags/example_branch_python_dop_operator_3.py
[2024-10-16T16:39:10.273+0000] {logging_mixin.py:190} INFO - [2024-10-16T16:39:10.273+0000] {dag.py:3239} INFO - Sync 1 DAGs
[2024-10-16T16:39:10.305+0000] {logging_mixin.py:190} INFO - [2024-10-16T16:39:10.305+0000] {dag.py:4180} INFO - Setting next_dagrun for example_branch_dop_operator_v3 to 2024-10-16 16:38:00+00:00, run_after=2024-10-16 16:39:00+00:00
[2024-10-16T16:39:10.327+0000] {processor.py:208} INFO - Processing /home/airflow/.local/lib/python3.12/site-packages/airflow/example_dags/example_branch_python_dop_operator_3.py took 0.098 seconds
[2024-10-16T16:39:40.743+0000] {processor.py:186} INFO - Started process (PID=287) to work on /home/airflow/.local/lib/python3.12/site-packages/airflow/example_dags/example_branch_python_dop_operator_3.py
[2024-10-16T16:39:40.744+0000] {processor.py:914} INFO - Processing file /home/airflow/.local/lib/python3.12/site-packages/airflow/example_dags/example_branch_python_dop_operator_3.py for tasks to queue
[2024-10-16T16:39:40.747+0000] {logging_mixin.py:190} INFO - [2024-10-16T16:39:40.747+0000] {dagbag.py:588} INFO - Filling up the DagBag from /home/airflow/.local/lib/python3.12/site-packages/airflow/example_dags/example_branch_python_dop_operator_3.py
[2024-10-16T16:39:40.758+0000] {processor.py:925} INFO - DAG(s) 'example_branch_dop_operator_v3' retrieved from /home/airflow/.local/lib/python3.12/site-packages/airflow/example_dags/example_branch_python_dop_operator_3.py
[2024-10-16T16:39:40.781+0000] {logging_mixin.py:190} INFO - [2024-10-16T16:39:40.781+0000] {dag.py:3239} INFO - Sync 1 DAGs
[2024-10-16T16:39:40.812+0000] {logging_mixin.py:190} INFO - [2024-10-16T16:39:40.812+0000] {dag.py:4180} INFO - Setting next_dagrun for example_branch_dop_operator_v3 to 2024-10-16 16:38:00+00:00, run_after=2024-10-16 16:39:00+00:00
[2024-10-16T16:39:40.835+0000] {processor.py:208} INFO - Processing /home/airflow/.local/lib/python3.12/site-packages/airflow/example_dags/example_branch_python_dop_operator_3.py took 0.099 seconds
[2024-10-16T16:40:11.360+0000] {processor.py:186} INFO - Started process (PID=350) to work on /home/airflow/.local/lib/python3.12/site-packages/airflow/example_dags/example_branch_python_dop_operator_3.py
[2024-10-16T16:40:11.361+0000] {processor.py:914} INFO - Processing file /home/airflow/.local/lib/python3.12/site-packages/airflow/example_dags/example_branch_python_dop_operator_3.py for tasks to queue
[2024-10-16T16:40:11.365+0000] {logging_mixin.py:190} INFO - [2024-10-16T16:40:11.364+0000] {dagbag.py:588} INFO - Filling up the DagBag from /home/airflow/.local/lib/python3.12/site-packages/airflow/example_dags/example_branch_python_dop_operator_3.py
[2024-10-16T16:40:11.375+0000] {processor.py:925} INFO - DAG(s) 'example_branch_dop_operator_v3' retrieved from /home/airflow/.local/lib/python3.12/site-packages/airflow/example_dags/example_branch_python_dop_operator_3.py
[2024-10-16T16:40:11.398+0000] {logging_mixin.py:190} INFO - [2024-10-16T16:40:11.398+0000] {dag.py:3239} INFO - Sync 1 DAGs
[2024-10-16T16:40:11.430+0000] {logging_mixin.py:190} INFO - [2024-10-16T16:40:11.429+0000] {dag.py:4180} INFO - Setting next_dagrun for example_branch_dop_operator_v3 to 2024-10-16 16:39:00+00:00, run_after=2024-10-16 16:40:00+00:00
[2024-10-16T16:40:11.457+0000] {processor.py:208} INFO - Processing /home/airflow/.local/lib/python3.12/site-packages/airflow/example_dags/example_branch_python_dop_operator_3.py took 0.103 seconds
[2024-10-16T16:40:41.817+0000] {processor.py:186} INFO - Started process (PID=412) to work on /home/airflow/.local/lib/python3.12/site-packages/airflow/example_dags/example_branch_python_dop_operator_3.py
[2024-10-16T16:40:41.818+0000] {processor.py:914} INFO - Processing file /home/airflow/.local/lib/python3.12/site-packages/airflow/example_dags/example_branch_python_dop_operator_3.py for tasks to queue
[2024-10-16T16:40:41.821+0000] {logging_mixin.py:190} INFO - [2024-10-16T16:40:41.821+0000] {dagbag.py:588} INFO - Filling up the DagBag from /home/airflow/.local/lib/python3.12/site-packages/airflow/example_dags/example_branch_python_dop_operator_3.py
[2024-10-16T16:40:41.832+0000] {processor.py:925} INFO - DAG(s) 'example_branch_dop_operator_v3' retrieved from /home/airflow/.local/lib/python3.12/site-packages/airflow/example_dags/example_branch_python_dop_operator_3.py
[2024-10-16T16:40:41.854+0000] {logging_mixin.py:190} INFO - [2024-10-16T16:40:41.853+0000] {dag.py:3239} INFO - Sync 1 DAGs
[2024-10-16T16:40:41.886+0000] {logging_mixin.py:190} INFO - [2024-10-16T16:40:41.886+0000] {dag.py:4180} INFO - Setting next_dagrun for example_branch_dop_operator_v3 to 2024-10-16 16:39:00+00:00, run_after=2024-10-16 16:40:00+00:00
[2024-10-16T16:40:41.907+0000] {processor.py:208} INFO - Processing /home/airflow/.local/lib/python3.12/site-packages/airflow/example_dags/example_branch_python_dop_operator_3.py took 0.096 seconds
[2024-10-16T16:41:12.438+0000] {processor.py:186} INFO - Started process (PID=474) to work on /home/airflow/.local/lib/python3.12/site-packages/airflow/example_dags/example_branch_python_dop_operator_3.py
[2024-10-16T16:41:12.439+0000] {processor.py:914} INFO - Processing file /home/airflow/.local/lib/python3.12/site-packages/airflow/example_dags/example_branch_python_dop_operator_3.py for tasks to queue
[2024-10-16T16:41:12.443+0000] {logging_mixin.py:190} INFO - [2024-10-16T16:41:12.443+0000] {dagbag.py:588} INFO - Filling up the DagBag from /home/airflow/.local/lib/python3.12/site-packages/airflow/example_dags/example_branch_python_dop_operator_3.py
[2024-10-16T16:41:12.466+0000] {processor.py:925} INFO - DAG(s) 'example_branch_dop_operator_v3' retrieved from /home/airflow/.local/lib/python3.12/site-packages/airflow/example_dags/example_branch_python_dop_operator_3.py
[2024-10-16T16:41:12.495+0000] {logging_mixin.py:190} INFO - [2024-10-16T16:41:12.495+0000] {dag.py:3239} INFO - Sync 1 DAGs
[2024-10-16T16:41:12.550+0000] {logging_mixin.py:190} INFO - [2024-10-16T16:41:12.550+0000] {dag.py:4180} INFO - Setting next_dagrun for example_branch_dop_operator_v3 to 2024-10-16 16:40:00+00:00, run_after=2024-10-16 16:41:00+00:00
[2024-10-16T16:41:12.583+0000] {processor.py:208} INFO - Processing /home/airflow/.local/lib/python3.12/site-packages/airflow/example_dags/example_branch_python_dop_operator_3.py took 0.158 seconds
[2024-10-16T16:41:42.792+0000] {processor.py:186} INFO - Started process (PID=536) to work on /home/airflow/.local/lib/python3.12/site-packages/airflow/example_dags/example_branch_python_dop_operator_3.py
[2024-10-16T16:41:42.794+0000] {processor.py:914} INFO - Processing file /home/airflow/.local/lib/python3.12/site-packages/airflow/example_dags/example_branch_python_dop_operator_3.py for tasks to queue
[2024-10-16T16:41:42.796+0000] {logging_mixin.py:190} INFO - [2024-10-16T16:41:42.796+0000] {dagbag.py:588} INFO - Filling up the DagBag from /home/airflow/.local/lib/python3.12/site-packages/airflow/example_dags/example_branch_python_dop_operator_3.py
[2024-10-16T16:41:42.808+0000] {processor.py:925} INFO - DAG(s) 'example_branch_dop_operator_v3' retrieved from /home/airflow/.local/lib/python3.12/site-packages/airflow/example_dags/example_branch_python_dop_operator_3.py
[2024-10-16T16:41:42.832+0000] {logging_mixin.py:190} INFO - [2024-10-16T16:41:42.832+0000] {dag.py:3239} INFO - Sync 1 DAGs
[2024-10-16T16:41:42.865+0000] {logging_mixin.py:190} INFO - [2024-10-16T16:41:42.865+0000] {dag.py:4180} INFO - Setting next_dagrun for example_branch_dop_operator_v3 to 2024-10-16 16:40:00+00:00, run_after=2024-10-16 16:41:00+00:00
[2024-10-16T16:41:42.891+0000] {processor.py:208} INFO - Processing /home/airflow/.local/lib/python3.12/site-packages/airflow/example_dags/example_branch_python_dop_operator_3.py took 0.106 seconds
[2024-10-16T16:42:13.257+0000] {processor.py:186} INFO - Started process (PID=598) to work on /home/airflow/.local/lib/python3.12/site-packages/airflow/example_dags/example_branch_python_dop_operator_3.py
[2024-10-16T16:42:13.259+0000] {processor.py:914} INFO - Processing file /home/airflow/.local/lib/python3.12/site-packages/airflow/example_dags/example_branch_python_dop_operator_3.py for tasks to queue
[2024-10-16T16:42:13.264+0000] {logging_mixin.py:190} INFO - [2024-10-16T16:42:13.263+0000] {dagbag.py:588} INFO - Filling up the DagBag from /home/airflow/.local/lib/python3.12/site-packages/airflow/example_dags/example_branch_python_dop_operator_3.py
[2024-10-16T16:42:13.274+0000] {processor.py:925} INFO - DAG(s) 'example_branch_dop_operator_v3' retrieved from /home/airflow/.local/lib/python3.12/site-packages/airflow/example_dags/example_branch_python_dop_operator_3.py
[2024-10-16T16:42:13.297+0000] {logging_mixin.py:190} INFO - [2024-10-16T16:42:13.297+0000] {dag.py:3239} INFO - Sync 1 DAGs
[2024-10-16T16:42:13.337+0000] {logging_mixin.py:190} INFO - [2024-10-16T16:42:13.337+0000] {dag.py:4180} INFO - Setting next_dagrun for example_branch_dop_operator_v3 to 2024-10-16 16:41:00+00:00, run_after=2024-10-16 16:42:00+00:00
[2024-10-16T16:42:13.363+0000] {processor.py:208} INFO - Processing /home/airflow/.local/lib/python3.12/site-packages/airflow/example_dags/example_branch_python_dop_operator_3.py took 0.124 seconds
[2024-10-16T16:42:43.499+0000] {processor.py:186} INFO - Started process (PID=660) to work on /home/airflow/.local/lib/python3.12/site-packages/airflow/example_dags/example_branch_python_dop_operator_3.py
[2024-10-16T16:42:43.500+0000] {processor.py:914} INFO - Processing file /home/airflow/.local/lib/python3.12/site-packages/airflow/example_dags/example_branch_python_dop_operator_3.py for tasks to queue
[2024-10-16T16:42:43.503+0000] {logging_mixin.py:190} INFO - [2024-10-16T16:42:43.503+0000] {dagbag.py:588} INFO - Filling up the DagBag from /home/airflow/.local/lib/python3.12/site-packages/airflow/example_dags/example_branch_python_dop_operator_3.py
[2024-10-16T16:42:43.514+0000] {processor.py:925} INFO - DAG(s) 'example_branch_dop_operator_v3' retrieved from /home/airflow/.local/lib/python3.12/site-packages/airflow/example_dags/example_branch_python_dop_operator_3.py
[2024-10-16T16:42:43.536+0000] {logging_mixin.py:190} INFO - [2024-10-16T16:42:43.536+0000] {dag.py:3239} INFO - Sync 1 DAGs
[2024-10-16T16:42:43.569+0000] {logging_mixin.py:190} INFO - [2024-10-16T16:42:43.569+0000] {dag.py:4180} INFO - Setting next_dagrun for example_branch_dop_operator_v3 to 2024-10-16 16:41:00+00:00, run_after=2024-10-16 16:42:00+00:00
[2024-10-16T16:42:43.593+0000] {processor.py:208} INFO - Processing /home/airflow/.local/lib/python3.12/site-packages/airflow/example_dags/example_branch_python_dop_operator_3.py took 0.101 seconds
[2024-10-16T17:21:24.512+0000] {processor.py:186} INFO - Started process (PID=92) to work on /home/airflow/.local/lib/python3.12/site-packages/airflow/example_dags/example_branch_python_dop_operator_3.py
[2024-10-16T17:21:24.513+0000] {processor.py:914} INFO - Processing file /home/airflow/.local/lib/python3.12/site-packages/airflow/example_dags/example_branch_python_dop_operator_3.py for tasks to queue
[2024-10-16T17:21:24.517+0000] {logging_mixin.py:190} INFO - [2024-10-16T17:21:24.517+0000] {dagbag.py:588} INFO - Filling up the DagBag from /home/airflow/.local/lib/python3.12/site-packages/airflow/example_dags/example_branch_python_dop_operator_3.py
[2024-10-16T17:21:24.530+0000] {processor.py:925} INFO - DAG(s) 'example_branch_dop_operator_v3' retrieved from /home/airflow/.local/lib/python3.12/site-packages/airflow/example_dags/example_branch_python_dop_operator_3.py
[2024-10-16T17:21:24.560+0000] {logging_mixin.py:190} INFO - [2024-10-16T17:21:24.559+0000] {dag.py:3239} INFO - Sync 1 DAGs
[2024-10-16T17:21:24.599+0000] {logging_mixin.py:190} INFO - [2024-10-16T17:21:24.599+0000] {dag.py:4180} INFO - Setting next_dagrun for example_branch_dop_operator_v3 to 2024-10-16 17:20:00+00:00, run_after=2024-10-16 17:21:00+00:00
[2024-10-16T17:21:24.629+0000] {processor.py:208} INFO - Processing /home/airflow/.local/lib/python3.12/site-packages/airflow/example_dags/example_branch_python_dop_operator_3.py took 0.126 seconds
[2024-10-16T17:21:55.234+0000] {processor.py:186} INFO - Started process (PID=154) to work on /home/airflow/.local/lib/python3.12/site-packages/airflow/example_dags/example_branch_python_dop_operator_3.py
[2024-10-16T17:21:55.235+0000] {processor.py:914} INFO - Processing file /home/airflow/.local/lib/python3.12/site-packages/airflow/example_dags/example_branch_python_dop_operator_3.py for tasks to queue
[2024-10-16T17:21:55.238+0000] {logging_mixin.py:190} INFO - [2024-10-16T17:21:55.238+0000] {dagbag.py:588} INFO - Filling up the DagBag from /home/airflow/.local/lib/python3.12/site-packages/airflow/example_dags/example_branch_python_dop_operator_3.py
[2024-10-16T17:21:55.250+0000] {processor.py:925} INFO - DAG(s) 'example_branch_dop_operator_v3' retrieved from /home/airflow/.local/lib/python3.12/site-packages/airflow/example_dags/example_branch_python_dop_operator_3.py
[2024-10-16T17:21:55.273+0000] {logging_mixin.py:190} INFO - [2024-10-16T17:21:55.273+0000] {dag.py:3239} INFO - Sync 1 DAGs
[2024-10-16T17:21:55.305+0000] {logging_mixin.py:190} INFO - [2024-10-16T17:21:55.305+0000] {dag.py:4180} INFO - Setting next_dagrun for example_branch_dop_operator_v3 to 2024-10-16 17:20:00+00:00, run_after=2024-10-16 17:21:00+00:00
[2024-10-16T17:21:55.330+0000] {processor.py:208} INFO - Processing /home/airflow/.local/lib/python3.12/site-packages/airflow/example_dags/example_branch_python_dop_operator_3.py took 0.103 seconds
[2024-10-16T17:22:26.288+0000] {processor.py:186} INFO - Started process (PID=216) to work on /home/airflow/.local/lib/python3.12/site-packages/airflow/example_dags/example_branch_python_dop_operator_3.py
[2024-10-16T17:22:26.290+0000] {processor.py:914} INFO - Processing file /home/airflow/.local/lib/python3.12/site-packages/airflow/example_dags/example_branch_python_dop_operator_3.py for tasks to queue
[2024-10-16T17:22:26.292+0000] {logging_mixin.py:190} INFO - [2024-10-16T17:22:26.292+0000] {dagbag.py:588} INFO - Filling up the DagBag from /home/airflow/.local/lib/python3.12/site-packages/airflow/example_dags/example_branch_python_dop_operator_3.py
[2024-10-16T17:22:26.304+0000] {processor.py:925} INFO - DAG(s) 'example_branch_dop_operator_v3' retrieved from /home/airflow/.local/lib/python3.12/site-packages/airflow/example_dags/example_branch_python_dop_operator_3.py
[2024-10-16T17:22:26.326+0000] {logging_mixin.py:190} INFO - [2024-10-16T17:22:26.325+0000] {dag.py:3239} INFO - Sync 1 DAGs
[2024-10-16T17:22:26.360+0000] {logging_mixin.py:190} INFO - [2024-10-16T17:22:26.360+0000] {dag.py:4180} INFO - Setting next_dagrun for example_branch_dop_operator_v3 to 2024-10-16 17:21:00+00:00, run_after=2024-10-16 17:22:00+00:00
[2024-10-16T17:22:26.382+0000] {processor.py:208} INFO - Processing /home/airflow/.local/lib/python3.12/site-packages/airflow/example_dags/example_branch_python_dop_operator_3.py took 0.101 seconds
[2024-10-16T17:22:56.927+0000] {processor.py:186} INFO - Started process (PID=278) to work on /home/airflow/.local/lib/python3.12/site-packages/airflow/example_dags/example_branch_python_dop_operator_3.py
[2024-10-16T17:22:56.928+0000] {processor.py:914} INFO - Processing file /home/airflow/.local/lib/python3.12/site-packages/airflow/example_dags/example_branch_python_dop_operator_3.py for tasks to queue
[2024-10-16T17:22:56.932+0000] {logging_mixin.py:190} INFO - [2024-10-16T17:22:56.931+0000] {dagbag.py:588} INFO - Filling up the DagBag from /home/airflow/.local/lib/python3.12/site-packages/airflow/example_dags/example_branch_python_dop_operator_3.py
[2024-10-16T17:22:56.946+0000] {processor.py:925} INFO - DAG(s) 'example_branch_dop_operator_v3' retrieved from /home/airflow/.local/lib/python3.12/site-packages/airflow/example_dags/example_branch_python_dop_operator_3.py
[2024-10-16T17:22:56.978+0000] {logging_mixin.py:190} INFO - [2024-10-16T17:22:56.978+0000] {dag.py:3239} INFO - Sync 1 DAGs
[2024-10-16T17:22:57.025+0000] {logging_mixin.py:190} INFO - [2024-10-16T17:22:57.025+0000] {dag.py:4180} INFO - Setting next_dagrun for example_branch_dop_operator_v3 to 2024-10-16 17:21:00+00:00, run_after=2024-10-16 17:22:00+00:00
[2024-10-16T17:22:57.055+0000] {processor.py:208} INFO - Processing /home/airflow/.local/lib/python3.12/site-packages/airflow/example_dags/example_branch_python_dop_operator_3.py took 0.135 seconds
[2024-10-16T17:23:27.589+0000] {processor.py:186} INFO - Started process (PID=340) to work on /home/airflow/.local/lib/python3.12/site-packages/airflow/example_dags/example_branch_python_dop_operator_3.py
[2024-10-16T17:23:27.590+0000] {processor.py:914} INFO - Processing file /home/airflow/.local/lib/python3.12/site-packages/airflow/example_dags/example_branch_python_dop_operator_3.py for tasks to queue
[2024-10-16T17:23:27.593+0000] {logging_mixin.py:190} INFO - [2024-10-16T17:23:27.593+0000] {dagbag.py:588} INFO - Filling up the DagBag from /home/airflow/.local/lib/python3.12/site-packages/airflow/example_dags/example_branch_python_dop_operator_3.py
[2024-10-16T17:23:27.605+0000] {processor.py:925} INFO - DAG(s) 'example_branch_dop_operator_v3' retrieved from /home/airflow/.local/lib/python3.12/site-packages/airflow/example_dags/example_branch_python_dop_operator_3.py
[2024-10-16T17:23:27.628+0000] {logging_mixin.py:190} INFO - [2024-10-16T17:23:27.627+0000] {dag.py:3239} INFO - Sync 1 DAGs
[2024-10-16T17:23:27.661+0000] {logging_mixin.py:190} INFO - [2024-10-16T17:23:27.661+0000] {dag.py:4180} INFO - Setting next_dagrun for example_branch_dop_operator_v3 to 2024-10-16 17:22:00+00:00, run_after=2024-10-16 17:23:00+00:00
[2024-10-16T17:23:27.684+0000] {processor.py:208} INFO - Processing /home/airflow/.local/lib/python3.12/site-packages/airflow/example_dags/example_branch_python_dop_operator_3.py took 0.101 seconds
[2024-10-16T17:23:58.141+0000] {processor.py:186} INFO - Started process (PID=402) to work on /home/airflow/.local/lib/python3.12/site-packages/airflow/example_dags/example_branch_python_dop_operator_3.py
[2024-10-16T17:23:58.142+0000] {processor.py:914} INFO - Processing file /home/airflow/.local/lib/python3.12/site-packages/airflow/example_dags/example_branch_python_dop_operator_3.py for tasks to queue
[2024-10-16T17:23:58.144+0000] {logging_mixin.py:190} INFO - [2024-10-16T17:23:58.144+0000] {dagbag.py:588} INFO - Filling up the DagBag from /home/airflow/.local/lib/python3.12/site-packages/airflow/example_dags/example_branch_python_dop_operator_3.py
[2024-10-16T17:23:58.156+0000] {processor.py:925} INFO - DAG(s) 'example_branch_dop_operator_v3' retrieved from /home/airflow/.local/lib/python3.12/site-packages/airflow/example_dags/example_branch_python_dop_operator_3.py
[2024-10-16T17:23:58.179+0000] {logging_mixin.py:190} INFO - [2024-10-16T17:23:58.179+0000] {dag.py:3239} INFO - Sync 1 DAGs
[2024-10-16T17:23:58.210+0000] {logging_mixin.py:190} INFO - [2024-10-16T17:23:58.210+0000] {dag.py:4180} INFO - Setting next_dagrun for example_branch_dop_operator_v3 to 2024-10-16 17:22:00+00:00, run_after=2024-10-16 17:23:00+00:00
[2024-10-16T17:23:58.233+0000] {processor.py:208} INFO - Processing /home/airflow/.local/lib/python3.12/site-packages/airflow/example_dags/example_branch_python_dop_operator_3.py took 0.098 seconds
[2024-10-16T17:24:28.569+0000] {processor.py:186} INFO - Started process (PID=464) to work on /home/airflow/.local/lib/python3.12/site-packages/airflow/example_dags/example_branch_python_dop_operator_3.py
[2024-10-16T17:24:28.570+0000] {processor.py:914} INFO - Processing file /home/airflow/.local/lib/python3.12/site-packages/airflow/example_dags/example_branch_python_dop_operator_3.py for tasks to queue
[2024-10-16T17:24:28.572+0000] {logging_mixin.py:190} INFO - [2024-10-16T17:24:28.572+0000] {dagbag.py:588} INFO - Filling up the DagBag from /home/airflow/.local/lib/python3.12/site-packages/airflow/example_dags/example_branch_python_dop_operator_3.py
[2024-10-16T17:24:28.585+0000] {processor.py:925} INFO - DAG(s) 'example_branch_dop_operator_v3' retrieved from /home/airflow/.local/lib/python3.12/site-packages/airflow/example_dags/example_branch_python_dop_operator_3.py
[2024-10-16T17:24:28.608+0000] {logging_mixin.py:190} INFO - [2024-10-16T17:24:28.608+0000] {dag.py:3239} INFO - Sync 1 DAGs
[2024-10-16T17:24:28.642+0000] {logging_mixin.py:190} INFO - [2024-10-16T17:24:28.642+0000] {dag.py:4180} INFO - Setting next_dagrun for example_branch_dop_operator_v3 to 2024-10-16 17:23:00+00:00, run_after=2024-10-16 17:24:00+00:00
[2024-10-16T17:24:28.667+0000] {processor.py:208} INFO - Processing /home/airflow/.local/lib/python3.12/site-packages/airflow/example_dags/example_branch_python_dop_operator_3.py took 0.105 seconds
[2024-10-16T17:24:58.977+0000] {processor.py:186} INFO - Started process (PID=526) to work on /home/airflow/.local/lib/python3.12/site-packages/airflow/example_dags/example_branch_python_dop_operator_3.py
[2024-10-16T17:24:58.978+0000] {processor.py:914} INFO - Processing file /home/airflow/.local/lib/python3.12/site-packages/airflow/example_dags/example_branch_python_dop_operator_3.py for tasks to queue
[2024-10-16T17:24:58.981+0000] {logging_mixin.py:190} INFO - [2024-10-16T17:24:58.981+0000] {dagbag.py:588} INFO - Filling up the DagBag from /home/airflow/.local/lib/python3.12/site-packages/airflow/example_dags/example_branch_python_dop_operator_3.py
[2024-10-16T17:24:58.993+0000] {processor.py:925} INFO - DAG(s) 'example_branch_dop_operator_v3' retrieved from /home/airflow/.local/lib/python3.12/site-packages/airflow/example_dags/example_branch_python_dop_operator_3.py
[2024-10-16T17:24:59.019+0000] {logging_mixin.py:190} INFO - [2024-10-16T17:24:59.018+0000] {dag.py:3239} INFO - Sync 1 DAGs
[2024-10-16T17:24:59.052+0000] {logging_mixin.py:190} INFO - [2024-10-16T17:24:59.052+0000] {dag.py:4180} INFO - Setting next_dagrun for example_branch_dop_operator_v3 to 2024-10-16 17:23:00+00:00, run_after=2024-10-16 17:24:00+00:00
[2024-10-16T17:24:59.074+0000] {processor.py:208} INFO - Processing /home/airflow/.local/lib/python3.12/site-packages/airflow/example_dags/example_branch_python_dop_operator_3.py took 0.103 seconds
[2024-10-16T17:25:30.590+0000] {processor.py:186} INFO - Started process (PID=588) to work on /home/airflow/.local/lib/python3.12/site-packages/airflow/example_dags/example_branch_python_dop_operator_3.py
[2024-10-16T17:25:30.591+0000] {processor.py:914} INFO - Processing file /home/airflow/.local/lib/python3.12/site-packages/airflow/example_dags/example_branch_python_dop_operator_3.py for tasks to queue
[2024-10-16T17:25:30.595+0000] {logging_mixin.py:190} INFO - [2024-10-16T17:25:30.595+0000] {dagbag.py:588} INFO - Filling up the DagBag from /home/airflow/.local/lib/python3.12/site-packages/airflow/example_dags/example_branch_python_dop_operator_3.py
[2024-10-16T17:25:30.612+0000] {processor.py:925} INFO - DAG(s) 'example_branch_dop_operator_v3' retrieved from /home/airflow/.local/lib/python3.12/site-packages/airflow/example_dags/example_branch_python_dop_operator_3.py
[2024-10-16T17:25:30.638+0000] {logging_mixin.py:190} INFO - [2024-10-16T17:25:30.637+0000] {dag.py:3239} INFO - Sync 1 DAGs
[2024-10-16T17:25:30.687+0000] {logging_mixin.py:190} INFO - [2024-10-16T17:25:30.687+0000] {dag.py:4180} INFO - Setting next_dagrun for example_branch_dop_operator_v3 to 2024-10-16 17:24:00+00:00, run_after=2024-10-16 17:25:00+00:00
[2024-10-16T17:25:30.730+0000] {processor.py:208} INFO - Processing /home/airflow/.local/lib/python3.12/site-packages/airflow/example_dags/example_branch_python_dop_operator_3.py took 0.154 seconds
[2024-10-16T17:26:00.937+0000] {processor.py:186} INFO - Started process (PID=650) to work on /home/airflow/.local/lib/python3.12/site-packages/airflow/example_dags/example_branch_python_dop_operator_3.py
[2024-10-16T17:26:00.938+0000] {processor.py:914} INFO - Processing file /home/airflow/.local/lib/python3.12/site-packages/airflow/example_dags/example_branch_python_dop_operator_3.py for tasks to queue
[2024-10-16T17:26:00.941+0000] {logging_mixin.py:190} INFO - [2024-10-16T17:26:00.941+0000] {dagbag.py:588} INFO - Filling up the DagBag from /home/airflow/.local/lib/python3.12/site-packages/airflow/example_dags/example_branch_python_dop_operator_3.py
[2024-10-16T17:26:00.952+0000] {processor.py:925} INFO - DAG(s) 'example_branch_dop_operator_v3' retrieved from /home/airflow/.local/lib/python3.12/site-packages/airflow/example_dags/example_branch_python_dop_operator_3.py
[2024-10-16T17:26:00.975+0000] {logging_mixin.py:190} INFO - [2024-10-16T17:26:00.975+0000] {dag.py:3239} INFO - Sync 1 DAGs
[2024-10-16T17:26:01.006+0000] {logging_mixin.py:190} INFO - [2024-10-16T17:26:01.006+0000] {dag.py:4180} INFO - Setting next_dagrun for example_branch_dop_operator_v3 to 2024-10-16 17:25:00+00:00, run_after=2024-10-16 17:26:00+00:00
[2024-10-16T17:26:01.029+0000] {processor.py:208} INFO - Processing /home/airflow/.local/lib/python3.12/site-packages/airflow/example_dags/example_branch_python_dop_operator_3.py took 0.099 seconds
[2024-10-16T17:26:31.460+0000] {processor.py:186} INFO - Started process (PID=712) to work on /home/airflow/.local/lib/python3.12/site-packages/airflow/example_dags/example_branch_python_dop_operator_3.py
[2024-10-16T17:26:31.461+0000] {processor.py:914} INFO - Processing file /home/airflow/.local/lib/python3.12/site-packages/airflow/example_dags/example_branch_python_dop_operator_3.py for tasks to queue
[2024-10-16T17:26:31.463+0000] {logging_mixin.py:190} INFO - [2024-10-16T17:26:31.463+0000] {dagbag.py:588} INFO - Filling up the DagBag from /home/airflow/.local/lib/python3.12/site-packages/airflow/example_dags/example_branch_python_dop_operator_3.py
[2024-10-16T17:26:31.475+0000] {processor.py:925} INFO - DAG(s) 'example_branch_dop_operator_v3' retrieved from /home/airflow/.local/lib/python3.12/site-packages/airflow/example_dags/example_branch_python_dop_operator_3.py
[2024-10-16T17:26:31.498+0000] {logging_mixin.py:190} INFO - [2024-10-16T17:26:31.498+0000] {dag.py:3239} INFO - Sync 1 DAGs
[2024-10-16T17:26:31.529+0000] {logging_mixin.py:190} INFO - [2024-10-16T17:26:31.529+0000] {dag.py:4180} INFO - Setting next_dagrun for example_branch_dop_operator_v3 to 2024-10-16 17:25:00+00:00, run_after=2024-10-16 17:26:00+00:00
[2024-10-16T17:26:31.551+0000] {processor.py:208} INFO - Processing /home/airflow/.local/lib/python3.12/site-packages/airflow/example_dags/example_branch_python_dop_operator_3.py took 0.098 seconds
[2024-10-16T17:27:02.034+0000] {processor.py:186} INFO - Started process (PID=774) to work on /home/airflow/.local/lib/python3.12/site-packages/airflow/example_dags/example_branch_python_dop_operator_3.py
[2024-10-16T17:27:02.035+0000] {processor.py:914} INFO - Processing file /home/airflow/.local/lib/python3.12/site-packages/airflow/example_dags/example_branch_python_dop_operator_3.py for tasks to queue
[2024-10-16T17:27:02.037+0000] {logging_mixin.py:190} INFO - [2024-10-16T17:27:02.037+0000] {dagbag.py:588} INFO - Filling up the DagBag from /home/airflow/.local/lib/python3.12/site-packages/airflow/example_dags/example_branch_python_dop_operator_3.py
[2024-10-16T17:27:02.049+0000] {processor.py:925} INFO - DAG(s) 'example_branch_dop_operator_v3' retrieved from /home/airflow/.local/lib/python3.12/site-packages/airflow/example_dags/example_branch_python_dop_operator_3.py
[2024-10-16T17:27:02.071+0000] {logging_mixin.py:190} INFO - [2024-10-16T17:27:02.071+0000] {dag.py:3239} INFO - Sync 1 DAGs
[2024-10-16T17:27:02.106+0000] {logging_mixin.py:190} INFO - [2024-10-16T17:27:02.106+0000] {dag.py:4180} INFO - Setting next_dagrun for example_branch_dop_operator_v3 to 2024-10-16 17:26:00+00:00, run_after=2024-10-16 17:27:00+00:00
[2024-10-16T17:27:02.131+0000] {processor.py:208} INFO - Processing /home/airflow/.local/lib/python3.12/site-packages/airflow/example_dags/example_branch_python_dop_operator_3.py took 0.104 seconds
[2024-10-16T17:27:32.412+0000] {processor.py:186} INFO - Started process (PID=836) to work on /home/airflow/.local/lib/python3.12/site-packages/airflow/example_dags/example_branch_python_dop_operator_3.py
[2024-10-16T17:27:32.413+0000] {processor.py:914} INFO - Processing file /home/airflow/.local/lib/python3.12/site-packages/airflow/example_dags/example_branch_python_dop_operator_3.py for tasks to queue
[2024-10-16T17:27:32.415+0000] {logging_mixin.py:190} INFO - [2024-10-16T17:27:32.415+0000] {dagbag.py:588} INFO - Filling up the DagBag from /home/airflow/.local/lib/python3.12/site-packages/airflow/example_dags/example_branch_python_dop_operator_3.py
[2024-10-16T17:27:32.427+0000] {processor.py:925} INFO - DAG(s) 'example_branch_dop_operator_v3' retrieved from /home/airflow/.local/lib/python3.12/site-packages/airflow/example_dags/example_branch_python_dop_operator_3.py
[2024-10-16T17:27:32.449+0000] {logging_mixin.py:190} INFO - [2024-10-16T17:27:32.448+0000] {dag.py:3239} INFO - Sync 1 DAGs
[2024-10-16T17:27:32.483+0000] {logging_mixin.py:190} INFO - [2024-10-16T17:27:32.483+0000] {dag.py:4180} INFO - Setting next_dagrun for example_branch_dop_operator_v3 to 2024-10-16 17:26:00+00:00, run_after=2024-10-16 17:27:00+00:00
[2024-10-16T17:27:32.505+0000] {processor.py:208} INFO - Processing /home/airflow/.local/lib/python3.12/site-packages/airflow/example_dags/example_branch_python_dop_operator_3.py took 0.099 seconds
[2024-10-16T17:28:02.972+0000] {processor.py:186} INFO - Started process (PID=898) to work on /home/airflow/.local/lib/python3.12/site-packages/airflow/example_dags/example_branch_python_dop_operator_3.py
[2024-10-16T17:28:02.974+0000] {processor.py:914} INFO - Processing file /home/airflow/.local/lib/python3.12/site-packages/airflow/example_dags/example_branch_python_dop_operator_3.py for tasks to queue
[2024-10-16T17:28:02.978+0000] {logging_mixin.py:190} INFO - [2024-10-16T17:28:02.978+0000] {dagbag.py:588} INFO - Filling up the DagBag from /home/airflow/.local/lib/python3.12/site-packages/airflow/example_dags/example_branch_python_dop_operator_3.py
[2024-10-16T17:28:02.992+0000] {processor.py:925} INFO - DAG(s) 'example_branch_dop_operator_v3' retrieved from /home/airflow/.local/lib/python3.12/site-packages/airflow/example_dags/example_branch_python_dop_operator_3.py
[2024-10-16T17:28:03.016+0000] {logging_mixin.py:190} INFO - [2024-10-16T17:28:03.016+0000] {dag.py:3239} INFO - Sync 1 DAGs
[2024-10-16T17:28:03.054+0000] {logging_mixin.py:190} INFO - [2024-10-16T17:28:03.054+0000] {dag.py:4180} INFO - Setting next_dagrun for example_branch_dop_operator_v3 to 2024-10-16 17:27:00+00:00, run_after=2024-10-16 17:28:00+00:00
[2024-10-16T17:28:03.080+0000] {processor.py:208} INFO - Processing /home/airflow/.local/lib/python3.12/site-packages/airflow/example_dags/example_branch_python_dop_operator_3.py took 0.120 seconds
[2024-10-16T17:28:33.605+0000] {processor.py:186} INFO - Started process (PID=960) to work on /home/airflow/.local/lib/python3.12/site-packages/airflow/example_dags/example_branch_python_dop_operator_3.py
[2024-10-16T17:28:33.607+0000] {processor.py:914} INFO - Processing file /home/airflow/.local/lib/python3.12/site-packages/airflow/example_dags/example_branch_python_dop_operator_3.py for tasks to queue
[2024-10-16T17:28:33.609+0000] {logging_mixin.py:190} INFO - [2024-10-16T17:28:33.609+0000] {dagbag.py:588} INFO - Filling up the DagBag from /home/airflow/.local/lib/python3.12/site-packages/airflow/example_dags/example_branch_python_dop_operator_3.py
[2024-10-16T17:28:33.620+0000] {processor.py:925} INFO - DAG(s) 'example_branch_dop_operator_v3' retrieved from /home/airflow/.local/lib/python3.12/site-packages/airflow/example_dags/example_branch_python_dop_operator_3.py
[2024-10-16T17:28:33.643+0000] {logging_mixin.py:190} INFO - [2024-10-16T17:28:33.643+0000] {dag.py:3239} INFO - Sync 1 DAGs
[2024-10-16T17:28:33.674+0000] {logging_mixin.py:190} INFO - [2024-10-16T17:28:33.673+0000] {dag.py:4180} INFO - Setting next_dagrun for example_branch_dop_operator_v3 to 2024-10-16 17:27:00+00:00, run_after=2024-10-16 17:28:00+00:00
[2024-10-16T17:28:33.696+0000] {processor.py:208} INFO - Processing /home/airflow/.local/lib/python3.12/site-packages/airflow/example_dags/example_branch_python_dop_operator_3.py took 0.097 seconds
[2024-10-16T17:29:04.031+0000] {processor.py:186} INFO - Started process (PID=1022) to work on /home/airflow/.local/lib/python3.12/site-packages/airflow/example_dags/example_branch_python_dop_operator_3.py
[2024-10-16T17:29:04.032+0000] {processor.py:914} INFO - Processing file /home/airflow/.local/lib/python3.12/site-packages/airflow/example_dags/example_branch_python_dop_operator_3.py for tasks to queue
[2024-10-16T17:29:04.036+0000] {logging_mixin.py:190} INFO - [2024-10-16T17:29:04.035+0000] {dagbag.py:588} INFO - Filling up the DagBag from /home/airflow/.local/lib/python3.12/site-packages/airflow/example_dags/example_branch_python_dop_operator_3.py
[2024-10-16T17:29:04.049+0000] {processor.py:925} INFO - DAG(s) 'example_branch_dop_operator_v3' retrieved from /home/airflow/.local/lib/python3.12/site-packages/airflow/example_dags/example_branch_python_dop_operator_3.py
[2024-10-16T17:29:04.074+0000] {logging_mixin.py:190} INFO - [2024-10-16T17:29:04.073+0000] {dag.py:3239} INFO - Sync 1 DAGs
[2024-10-16T17:29:04.107+0000] {logging_mixin.py:190} INFO - [2024-10-16T17:29:04.107+0000] {dag.py:4180} INFO - Setting next_dagrun for example_branch_dop_operator_v3 to 2024-10-16 17:28:00+00:00, run_after=2024-10-16 17:29:00+00:00
[2024-10-16T17:29:04.131+0000] {processor.py:208} INFO - Processing /home/airflow/.local/lib/python3.12/site-packages/airflow/example_dags/example_branch_python_dop_operator_3.py took 0.108 seconds
[2024-10-16T17:29:34.683+0000] {processor.py:186} INFO - Started process (PID=1084) to work on /home/airflow/.local/lib/python3.12/site-packages/airflow/example_dags/example_branch_python_dop_operator_3.py
[2024-10-16T17:29:34.685+0000] {processor.py:914} INFO - Processing file /home/airflow/.local/lib/python3.12/site-packages/airflow/example_dags/example_branch_python_dop_operator_3.py for tasks to queue
[2024-10-16T17:29:34.687+0000] {logging_mixin.py:190} INFO - [2024-10-16T17:29:34.687+0000] {dagbag.py:588} INFO - Filling up the DagBag from /home/airflow/.local/lib/python3.12/site-packages/airflow/example_dags/example_branch_python_dop_operator_3.py
[2024-10-16T17:29:34.700+0000] {processor.py:925} INFO - DAG(s) 'example_branch_dop_operator_v3' retrieved from /home/airflow/.local/lib/python3.12/site-packages/airflow/example_dags/example_branch_python_dop_operator_3.py
[2024-10-16T17:29:34.724+0000] {logging_mixin.py:190} INFO - [2024-10-16T17:29:34.723+0000] {dag.py:3239} INFO - Sync 1 DAGs
[2024-10-16T17:29:34.755+0000] {logging_mixin.py:190} INFO - [2024-10-16T17:29:34.755+0000] {dag.py:4180} INFO - Setting next_dagrun for example_branch_dop_operator_v3 to 2024-10-16 17:28:00+00:00, run_after=2024-10-16 17:29:00+00:00
[2024-10-16T17:29:34.777+0000] {processor.py:208} INFO - Processing /home/airflow/.local/lib/python3.12/site-packages/airflow/example_dags/example_branch_python_dop_operator_3.py took 0.101 seconds
[2024-10-16T17:30:04.826+0000] {processor.py:186} INFO - Started process (PID=1146) to work on /home/airflow/.local/lib/python3.12/site-packages/airflow/example_dags/example_branch_python_dop_operator_3.py
[2024-10-16T17:30:04.827+0000] {processor.py:914} INFO - Processing file /home/airflow/.local/lib/python3.12/site-packages/airflow/example_dags/example_branch_python_dop_operator_3.py for tasks to queue
[2024-10-16T17:30:04.830+0000] {logging_mixin.py:190} INFO - [2024-10-16T17:30:04.830+0000] {dagbag.py:588} INFO - Filling up the DagBag from /home/airflow/.local/lib/python3.12/site-packages/airflow/example_dags/example_branch_python_dop_operator_3.py
[2024-10-16T17:30:04.842+0000] {processor.py:925} INFO - DAG(s) 'example_branch_dop_operator_v3' retrieved from /home/airflow/.local/lib/python3.12/site-packages/airflow/example_dags/example_branch_python_dop_operator_3.py
[2024-10-16T17:30:04.865+0000] {logging_mixin.py:190} INFO - [2024-10-16T17:30:04.865+0000] {dag.py:3239} INFO - Sync 1 DAGs
[2024-10-16T17:30:04.897+0000] {logging_mixin.py:190} INFO - [2024-10-16T17:30:04.897+0000] {dag.py:4180} INFO - Setting next_dagrun for example_branch_dop_operator_v3 to 2024-10-16 17:29:00+00:00, run_after=2024-10-16 17:30:00+00:00
[2024-10-16T17:30:04.922+0000] {processor.py:208} INFO - Processing /home/airflow/.local/lib/python3.12/site-packages/airflow/example_dags/example_branch_python_dop_operator_3.py took 0.103 seconds
