[2024-10-16T16:38:09.462+0000] {processor.py:186} INFO - Started process (PID=102) to work on /home/airflow/.local/lib/python3.12/site-packages/airflow/example_dags/example_inlet_event_extra.py
[2024-10-16T16:38:09.464+0000] {processor.py:914} INFO - Processing file /home/airflow/.local/lib/python3.12/site-packages/airflow/example_dags/example_inlet_event_extra.py for tasks to queue
[2024-10-16T16:38:09.466+0000] {logging_mixin.py:190} INFO - [2024-10-16T16:38:09.466+0000] {dagbag.py:588} INFO - Filling up the DagBag from /home/airflow/.local/lib/python3.12/site-packages/airflow/example_dags/example_inlet_event_extra.py
[2024-10-16T16:38:09.663+0000] {processor.py:925} INFO - DAG(s) 'read_dataset_event_from_classic', 'read_dataset_event' retrieved from /home/airflow/.local/lib/python3.12/site-packages/airflow/example_dags/example_inlet_event_extra.py
[2024-10-16T16:38:09.796+0000] {logging_mixin.py:190} INFO - [2024-10-16T16:38:09.795+0000] {override.py:1900} INFO - Created Permission View: can delete on DAG:read_dataset_event_from_classic
[2024-10-16T16:38:09.817+0000] {logging_mixin.py:190} INFO - [2024-10-16T16:38:09.817+0000] {override.py:1900} INFO - Created Permission View: can edit on DAG:read_dataset_event_from_classic
[2024-10-16T16:38:09.836+0000] {logging_mixin.py:190} INFO - [2024-10-16T16:38:09.836+0000] {override.py:1900} INFO - Created Permission View: can read on DAG:read_dataset_event_from_classic
[2024-10-16T16:38:09.865+0000] {logging_mixin.py:190} INFO - [2024-10-16T16:38:09.865+0000] {override.py:1900} INFO - Created Permission View: menu access on DAG Run:read_dataset_event_from_classic
[2024-10-16T16:38:09.875+0000] {logging_mixin.py:190} INFO - [2024-10-16T16:38:09.874+0000] {override.py:1900} INFO - Created Permission View: can create on DAG Run:read_dataset_event_from_classic
[2024-10-16T16:38:09.889+0000] {logging_mixin.py:190} INFO - [2024-10-16T16:38:09.888+0000] {override.py:1900} INFO - Created Permission View: can delete on DAG Run:read_dataset_event_from_classic
[2024-10-16T16:38:09.909+0000] {logging_mixin.py:190} INFO - [2024-10-16T16:38:09.909+0000] {override.py:1900} INFO - Created Permission View: can read on DAG Run:read_dataset_event_from_classic
[2024-10-16T16:38:09.931+0000] {logging_mixin.py:190} INFO - [2024-10-16T16:38:09.931+0000] {override.py:1900} INFO - Created Permission View: can delete on DAG:read_dataset_event
[2024-10-16T16:38:09.949+0000] {logging_mixin.py:190} INFO - [2024-10-16T16:38:09.948+0000] {override.py:1900} INFO - Created Permission View: can edit on DAG:read_dataset_event
[2024-10-16T16:38:09.966+0000] {logging_mixin.py:190} INFO - [2024-10-16T16:38:09.966+0000] {override.py:1900} INFO - Created Permission View: can read on DAG:read_dataset_event
[2024-10-16T16:38:09.988+0000] {logging_mixin.py:190} INFO - [2024-10-16T16:38:09.987+0000] {override.py:1900} INFO - Created Permission View: menu access on DAG Run:read_dataset_event
[2024-10-16T16:38:10.006+0000] {logging_mixin.py:190} INFO - [2024-10-16T16:38:10.006+0000] {override.py:1900} INFO - Created Permission View: can create on DAG Run:read_dataset_event
[2024-10-16T16:38:10.015+0000] {logging_mixin.py:190} INFO - [2024-10-16T16:38:10.015+0000] {override.py:1900} INFO - Created Permission View: can delete on DAG Run:read_dataset_event
[2024-10-16T16:38:10.033+0000] {logging_mixin.py:190} INFO - [2024-10-16T16:38:10.032+0000] {override.py:1900} INFO - Created Permission View: can read on DAG Run:read_dataset_event
[2024-10-16T16:38:10.034+0000] {logging_mixin.py:190} INFO - [2024-10-16T16:38:10.033+0000] {dag.py:3239} INFO - Sync 2 DAGs
[2024-10-16T16:38:10.049+0000] {logging_mixin.py:190} INFO - [2024-10-16T16:38:10.049+0000] {dag.py:3262} INFO - Creating ORM DAG for read_dataset_event_from_classic
[2024-10-16T16:38:10.050+0000] {logging_mixin.py:190} INFO - [2024-10-16T16:38:10.050+0000] {dag.py:3262} INFO - Creating ORM DAG for read_dataset_event
[2024-10-16T16:38:10.064+0000] {logging_mixin.py:190} INFO - [2024-10-16T16:38:10.064+0000] {dag.py:4180} INFO - Setting next_dagrun for read_dataset_event to 2024-10-15 00:00:00+00:00, run_after=2024-10-16 00:00:00+00:00
[2024-10-16T16:38:10.067+0000] {logging_mixin.py:190} INFO - [2024-10-16T16:38:10.067+0000] {dag.py:4180} INFO - Setting next_dagrun for read_dataset_event_from_classic to 2024-10-15 00:00:00+00:00, run_after=2024-10-16 00:00:00+00:00
[2024-10-16T16:38:10.098+0000] {processor.py:208} INFO - Processing /home/airflow/.local/lib/python3.12/site-packages/airflow/example_dags/example_inlet_event_extra.py took 0.642 seconds
[2024-10-16T16:38:40.822+0000] {processor.py:186} INFO - Started process (PID=164) to work on /home/airflow/.local/lib/python3.12/site-packages/airflow/example_dags/example_inlet_event_extra.py
[2024-10-16T16:38:40.823+0000] {processor.py:914} INFO - Processing file /home/airflow/.local/lib/python3.12/site-packages/airflow/example_dags/example_inlet_event_extra.py for tasks to queue
[2024-10-16T16:38:40.827+0000] {logging_mixin.py:190} INFO - [2024-10-16T16:38:40.827+0000] {dagbag.py:588} INFO - Filling up the DagBag from /home/airflow/.local/lib/python3.12/site-packages/airflow/example_dags/example_inlet_event_extra.py
[2024-10-16T16:38:41.005+0000] {processor.py:925} INFO - DAG(s) 'read_dataset_event_from_classic', 'read_dataset_event' retrieved from /home/airflow/.local/lib/python3.12/site-packages/airflow/example_dags/example_inlet_event_extra.py
[2024-10-16T16:38:41.031+0000] {logging_mixin.py:190} INFO - [2024-10-16T16:38:41.031+0000] {dag.py:3239} INFO - Sync 2 DAGs
[2024-10-16T16:38:41.063+0000] {logging_mixin.py:190} INFO - [2024-10-16T16:38:41.063+0000] {dag.py:4180} INFO - Setting next_dagrun for read_dataset_event to 2024-10-15 00:00:00+00:00, run_after=2024-10-16 00:00:00+00:00
[2024-10-16T16:38:41.070+0000] {logging_mixin.py:190} INFO - [2024-10-16T16:38:41.070+0000] {dag.py:4180} INFO - Setting next_dagrun for read_dataset_event_from_classic to 2024-10-15 00:00:00+00:00, run_after=2024-10-16 00:00:00+00:00
[2024-10-16T16:38:41.092+0000] {processor.py:208} INFO - Processing /home/airflow/.local/lib/python3.12/site-packages/airflow/example_dags/example_inlet_event_extra.py took 0.276 seconds
[2024-10-16T16:39:11.419+0000] {processor.py:186} INFO - Started process (PID=226) to work on /home/airflow/.local/lib/python3.12/site-packages/airflow/example_dags/example_inlet_event_extra.py
[2024-10-16T16:39:11.423+0000] {processor.py:914} INFO - Processing file /home/airflow/.local/lib/python3.12/site-packages/airflow/example_dags/example_inlet_event_extra.py for tasks to queue
[2024-10-16T16:39:11.429+0000] {logging_mixin.py:190} INFO - [2024-10-16T16:39:11.428+0000] {dagbag.py:588} INFO - Filling up the DagBag from /home/airflow/.local/lib/python3.12/site-packages/airflow/example_dags/example_inlet_event_extra.py
[2024-10-16T16:39:11.708+0000] {processor.py:925} INFO - DAG(s) 'read_dataset_event_from_classic', 'read_dataset_event' retrieved from /home/airflow/.local/lib/python3.12/site-packages/airflow/example_dags/example_inlet_event_extra.py
[2024-10-16T16:39:11.736+0000] {logging_mixin.py:190} INFO - [2024-10-16T16:39:11.736+0000] {dag.py:3239} INFO - Sync 2 DAGs
[2024-10-16T16:39:11.769+0000] {logging_mixin.py:190} INFO - [2024-10-16T16:39:11.768+0000] {dag.py:4180} INFO - Setting next_dagrun for read_dataset_event to 2024-10-15 00:00:00+00:00, run_after=2024-10-16 00:00:00+00:00
[2024-10-16T16:39:11.775+0000] {logging_mixin.py:190} INFO - [2024-10-16T16:39:11.775+0000] {dag.py:4180} INFO - Setting next_dagrun for read_dataset_event_from_classic to 2024-10-15 00:00:00+00:00, run_after=2024-10-16 00:00:00+00:00
[2024-10-16T16:39:11.796+0000] {processor.py:208} INFO - Processing /home/airflow/.local/lib/python3.12/site-packages/airflow/example_dags/example_inlet_event_extra.py took 0.390 seconds
[2024-10-16T16:39:41.889+0000] {processor.py:186} INFO - Started process (PID=288) to work on /home/airflow/.local/lib/python3.12/site-packages/airflow/example_dags/example_inlet_event_extra.py
[2024-10-16T16:39:41.891+0000] {processor.py:914} INFO - Processing file /home/airflow/.local/lib/python3.12/site-packages/airflow/example_dags/example_inlet_event_extra.py for tasks to queue
[2024-10-16T16:39:41.894+0000] {logging_mixin.py:190} INFO - [2024-10-16T16:39:41.893+0000] {dagbag.py:588} INFO - Filling up the DagBag from /home/airflow/.local/lib/python3.12/site-packages/airflow/example_dags/example_inlet_event_extra.py
[2024-10-16T16:39:42.180+0000] {processor.py:925} INFO - DAG(s) 'read_dataset_event', 'read_dataset_event_from_classic' retrieved from /home/airflow/.local/lib/python3.12/site-packages/airflow/example_dags/example_inlet_event_extra.py
[2024-10-16T16:39:42.224+0000] {logging_mixin.py:190} INFO - [2024-10-16T16:39:42.224+0000] {dag.py:3239} INFO - Sync 2 DAGs
[2024-10-16T16:39:42.298+0000] {logging_mixin.py:190} INFO - [2024-10-16T16:39:42.297+0000] {dag.py:4180} INFO - Setting next_dagrun for read_dataset_event to 2024-10-15 00:00:00+00:00, run_after=2024-10-16 00:00:00+00:00
[2024-10-16T16:39:42.310+0000] {logging_mixin.py:190} INFO - [2024-10-16T16:39:42.310+0000] {dag.py:4180} INFO - Setting next_dagrun for read_dataset_event_from_classic to 2024-10-15 00:00:00+00:00, run_after=2024-10-16 00:00:00+00:00
[2024-10-16T16:39:42.339+0000] {processor.py:208} INFO - Processing /home/airflow/.local/lib/python3.12/site-packages/airflow/example_dags/example_inlet_event_extra.py took 0.458 seconds
[2024-10-16T16:40:12.504+0000] {processor.py:186} INFO - Started process (PID=351) to work on /home/airflow/.local/lib/python3.12/site-packages/airflow/example_dags/example_inlet_event_extra.py
[2024-10-16T16:40:12.505+0000] {processor.py:914} INFO - Processing file /home/airflow/.local/lib/python3.12/site-packages/airflow/example_dags/example_inlet_event_extra.py for tasks to queue
[2024-10-16T16:40:12.508+0000] {logging_mixin.py:190} INFO - [2024-10-16T16:40:12.508+0000] {dagbag.py:588} INFO - Filling up the DagBag from /home/airflow/.local/lib/python3.12/site-packages/airflow/example_dags/example_inlet_event_extra.py
[2024-10-16T16:40:12.681+0000] {processor.py:925} INFO - DAG(s) 'read_dataset_event', 'read_dataset_event_from_classic' retrieved from /home/airflow/.local/lib/python3.12/site-packages/airflow/example_dags/example_inlet_event_extra.py
[2024-10-16T16:40:12.705+0000] {logging_mixin.py:190} INFO - [2024-10-16T16:40:12.704+0000] {dag.py:3239} INFO - Sync 2 DAGs
[2024-10-16T16:40:12.736+0000] {logging_mixin.py:190} INFO - [2024-10-16T16:40:12.735+0000] {dag.py:4180} INFO - Setting next_dagrun for read_dataset_event to 2024-10-15 00:00:00+00:00, run_after=2024-10-16 00:00:00+00:00
[2024-10-16T16:40:12.745+0000] {logging_mixin.py:190} INFO - [2024-10-16T16:40:12.745+0000] {dag.py:4180} INFO - Setting next_dagrun for read_dataset_event_from_classic to 2024-10-15 00:00:00+00:00, run_after=2024-10-16 00:00:00+00:00
[2024-10-16T16:40:12.767+0000] {processor.py:208} INFO - Processing /home/airflow/.local/lib/python3.12/site-packages/airflow/example_dags/example_inlet_event_extra.py took 0.270 seconds
[2024-10-16T16:40:42.958+0000] {processor.py:186} INFO - Started process (PID=413) to work on /home/airflow/.local/lib/python3.12/site-packages/airflow/example_dags/example_inlet_event_extra.py
[2024-10-16T16:40:42.960+0000] {processor.py:914} INFO - Processing file /home/airflow/.local/lib/python3.12/site-packages/airflow/example_dags/example_inlet_event_extra.py for tasks to queue
[2024-10-16T16:40:42.963+0000] {logging_mixin.py:190} INFO - [2024-10-16T16:40:42.963+0000] {dagbag.py:588} INFO - Filling up the DagBag from /home/airflow/.local/lib/python3.12/site-packages/airflow/example_dags/example_inlet_event_extra.py
[2024-10-16T16:40:43.142+0000] {processor.py:925} INFO - DAG(s) 'read_dataset_event_from_classic', 'read_dataset_event' retrieved from /home/airflow/.local/lib/python3.12/site-packages/airflow/example_dags/example_inlet_event_extra.py
[2024-10-16T16:40:43.167+0000] {logging_mixin.py:190} INFO - [2024-10-16T16:40:43.167+0000] {dag.py:3239} INFO - Sync 2 DAGs
[2024-10-16T16:40:43.201+0000] {logging_mixin.py:190} INFO - [2024-10-16T16:40:43.201+0000] {dag.py:4180} INFO - Setting next_dagrun for read_dataset_event to 2024-10-15 00:00:00+00:00, run_after=2024-10-16 00:00:00+00:00
[2024-10-16T16:40:43.209+0000] {logging_mixin.py:190} INFO - [2024-10-16T16:40:43.209+0000] {dag.py:4180} INFO - Setting next_dagrun for read_dataset_event_from_classic to 2024-10-15 00:00:00+00:00, run_after=2024-10-16 00:00:00+00:00
[2024-10-16T16:40:43.237+0000] {processor.py:208} INFO - Processing /home/airflow/.local/lib/python3.12/site-packages/airflow/example_dags/example_inlet_event_extra.py took 0.288 seconds
[2024-10-16T16:41:13.635+0000] {processor.py:186} INFO - Started process (PID=475) to work on /home/airflow/.local/lib/python3.12/site-packages/airflow/example_dags/example_inlet_event_extra.py
[2024-10-16T16:41:13.636+0000] {processor.py:914} INFO - Processing file /home/airflow/.local/lib/python3.12/site-packages/airflow/example_dags/example_inlet_event_extra.py for tasks to queue
[2024-10-16T16:41:13.639+0000] {logging_mixin.py:190} INFO - [2024-10-16T16:41:13.639+0000] {dagbag.py:588} INFO - Filling up the DagBag from /home/airflow/.local/lib/python3.12/site-packages/airflow/example_dags/example_inlet_event_extra.py
[2024-10-16T16:41:13.834+0000] {processor.py:925} INFO - DAG(s) 'read_dataset_event_from_classic', 'read_dataset_event' retrieved from /home/airflow/.local/lib/python3.12/site-packages/airflow/example_dags/example_inlet_event_extra.py
[2024-10-16T16:41:13.860+0000] {logging_mixin.py:190} INFO - [2024-10-16T16:41:13.860+0000] {dag.py:3239} INFO - Sync 2 DAGs
[2024-10-16T16:41:13.893+0000] {logging_mixin.py:190} INFO - [2024-10-16T16:41:13.893+0000] {dag.py:4180} INFO - Setting next_dagrun for read_dataset_event to 2024-10-15 00:00:00+00:00, run_after=2024-10-16 00:00:00+00:00
[2024-10-16T16:41:13.900+0000] {logging_mixin.py:190} INFO - [2024-10-16T16:41:13.899+0000] {dag.py:4180} INFO - Setting next_dagrun for read_dataset_event_from_classic to 2024-10-15 00:00:00+00:00, run_after=2024-10-16 00:00:00+00:00
[2024-10-16T16:41:13.919+0000] {processor.py:208} INFO - Processing /home/airflow/.local/lib/python3.12/site-packages/airflow/example_dags/example_inlet_event_extra.py took 0.291 seconds
[2024-10-16T16:41:44.080+0000] {processor.py:186} INFO - Started process (PID=539) to work on /home/airflow/.local/lib/python3.12/site-packages/airflow/example_dags/example_inlet_event_extra.py
[2024-10-16T16:41:44.081+0000] {processor.py:914} INFO - Processing file /home/airflow/.local/lib/python3.12/site-packages/airflow/example_dags/example_inlet_event_extra.py for tasks to queue
[2024-10-16T16:41:44.085+0000] {logging_mixin.py:190} INFO - [2024-10-16T16:41:44.084+0000] {dagbag.py:588} INFO - Filling up the DagBag from /home/airflow/.local/lib/python3.12/site-packages/airflow/example_dags/example_inlet_event_extra.py
[2024-10-16T16:41:44.266+0000] {processor.py:925} INFO - DAG(s) 'read_dataset_event_from_classic', 'read_dataset_event' retrieved from /home/airflow/.local/lib/python3.12/site-packages/airflow/example_dags/example_inlet_event_extra.py
[2024-10-16T16:41:44.294+0000] {logging_mixin.py:190} INFO - [2024-10-16T16:41:44.293+0000] {dag.py:3239} INFO - Sync 2 DAGs
[2024-10-16T16:41:44.340+0000] {logging_mixin.py:190} INFO - [2024-10-16T16:41:44.339+0000] {dag.py:4180} INFO - Setting next_dagrun for read_dataset_event to 2024-10-15 00:00:00+00:00, run_after=2024-10-16 00:00:00+00:00
[2024-10-16T16:41:44.346+0000] {logging_mixin.py:190} INFO - [2024-10-16T16:41:44.346+0000] {dag.py:4180} INFO - Setting next_dagrun for read_dataset_event_from_classic to 2024-10-15 00:00:00+00:00, run_after=2024-10-16 00:00:00+00:00
[2024-10-16T16:41:44.378+0000] {processor.py:208} INFO - Processing /home/airflow/.local/lib/python3.12/site-packages/airflow/example_dags/example_inlet_event_extra.py took 0.307 seconds
[2024-10-16T16:42:14.810+0000] {processor.py:186} INFO - Started process (PID=603) to work on /home/airflow/.local/lib/python3.12/site-packages/airflow/example_dags/example_inlet_event_extra.py
[2024-10-16T16:42:14.811+0000] {processor.py:914} INFO - Processing file /home/airflow/.local/lib/python3.12/site-packages/airflow/example_dags/example_inlet_event_extra.py for tasks to queue
[2024-10-16T16:42:14.814+0000] {logging_mixin.py:190} INFO - [2024-10-16T16:42:14.814+0000] {dagbag.py:588} INFO - Filling up the DagBag from /home/airflow/.local/lib/python3.12/site-packages/airflow/example_dags/example_inlet_event_extra.py
[2024-10-16T16:42:15.026+0000] {processor.py:925} INFO - DAG(s) 'read_dataset_event', 'read_dataset_event_from_classic' retrieved from /home/airflow/.local/lib/python3.12/site-packages/airflow/example_dags/example_inlet_event_extra.py
[2024-10-16T16:42:15.050+0000] {logging_mixin.py:190} INFO - [2024-10-16T16:42:15.050+0000] {dag.py:3239} INFO - Sync 2 DAGs
[2024-10-16T16:42:15.086+0000] {logging_mixin.py:190} INFO - [2024-10-16T16:42:15.086+0000] {dag.py:4180} INFO - Setting next_dagrun for read_dataset_event to 2024-10-15 00:00:00+00:00, run_after=2024-10-16 00:00:00+00:00
[2024-10-16T16:42:15.093+0000] {logging_mixin.py:190} INFO - [2024-10-16T16:42:15.092+0000] {dag.py:4180} INFO - Setting next_dagrun for read_dataset_event_from_classic to 2024-10-15 00:00:00+00:00, run_after=2024-10-16 00:00:00+00:00
[2024-10-16T16:42:15.114+0000] {processor.py:208} INFO - Processing /home/airflow/.local/lib/python3.12/site-packages/airflow/example_dags/example_inlet_event_extra.py took 0.312 seconds
[2024-10-16T16:42:45.181+0000] {processor.py:186} INFO - Started process (PID=666) to work on /home/airflow/.local/lib/python3.12/site-packages/airflow/example_dags/example_inlet_event_extra.py
[2024-10-16T16:42:45.182+0000] {processor.py:914} INFO - Processing file /home/airflow/.local/lib/python3.12/site-packages/airflow/example_dags/example_inlet_event_extra.py for tasks to queue
[2024-10-16T16:42:45.185+0000] {logging_mixin.py:190} INFO - [2024-10-16T16:42:45.185+0000] {dagbag.py:588} INFO - Filling up the DagBag from /home/airflow/.local/lib/python3.12/site-packages/airflow/example_dags/example_inlet_event_extra.py
[2024-10-16T16:42:45.351+0000] {processor.py:925} INFO - DAG(s) 'read_dataset_event_from_classic', 'read_dataset_event' retrieved from /home/airflow/.local/lib/python3.12/site-packages/airflow/example_dags/example_inlet_event_extra.py
[2024-10-16T16:42:45.375+0000] {logging_mixin.py:190} INFO - [2024-10-16T16:42:45.375+0000] {dag.py:3239} INFO - Sync 2 DAGs
[2024-10-16T16:42:45.405+0000] {logging_mixin.py:190} INFO - [2024-10-16T16:42:45.405+0000] {dag.py:4180} INFO - Setting next_dagrun for read_dataset_event to 2024-10-15 00:00:00+00:00, run_after=2024-10-16 00:00:00+00:00
[2024-10-16T16:42:45.414+0000] {logging_mixin.py:190} INFO - [2024-10-16T16:42:45.414+0000] {dag.py:4180} INFO - Setting next_dagrun for read_dataset_event_from_classic to 2024-10-15 00:00:00+00:00, run_after=2024-10-16 00:00:00+00:00
[2024-10-16T16:42:45.434+0000] {processor.py:208} INFO - Processing /home/airflow/.local/lib/python3.12/site-packages/airflow/example_dags/example_inlet_event_extra.py took 0.260 seconds
[2024-10-16T17:21:24.535+0000] {processor.py:186} INFO - Started process (PID=93) to work on /home/airflow/.local/lib/python3.12/site-packages/airflow/example_dags/example_inlet_event_extra.py
[2024-10-16T17:21:24.537+0000] {processor.py:914} INFO - Processing file /home/airflow/.local/lib/python3.12/site-packages/airflow/example_dags/example_inlet_event_extra.py for tasks to queue
[2024-10-16T17:21:24.540+0000] {logging_mixin.py:190} INFO - [2024-10-16T17:21:24.539+0000] {dagbag.py:588} INFO - Filling up the DagBag from /home/airflow/.local/lib/python3.12/site-packages/airflow/example_dags/example_inlet_event_extra.py
[2024-10-16T17:21:24.758+0000] {processor.py:925} INFO - DAG(s) 'read_dataset_event_from_classic', 'read_dataset_event' retrieved from /home/airflow/.local/lib/python3.12/site-packages/airflow/example_dags/example_inlet_event_extra.py
[2024-10-16T17:21:24.794+0000] {logging_mixin.py:190} INFO - [2024-10-16T17:21:24.793+0000] {dag.py:3239} INFO - Sync 2 DAGs
[2024-10-16T17:21:24.833+0000] {logging_mixin.py:190} INFO - [2024-10-16T17:21:24.832+0000] {dag.py:4180} INFO - Setting next_dagrun for read_dataset_event to 2024-10-15 00:00:00+00:00, run_after=2024-10-16 00:00:00+00:00
[2024-10-16T17:21:24.841+0000] {logging_mixin.py:190} INFO - [2024-10-16T17:21:24.841+0000] {dag.py:4180} INFO - Setting next_dagrun for read_dataset_event_from_classic to 2024-10-15 00:00:00+00:00, run_after=2024-10-16 00:00:00+00:00
[2024-10-16T17:21:24.863+0000] {processor.py:208} INFO - Processing /home/airflow/.local/lib/python3.12/site-packages/airflow/example_dags/example_inlet_event_extra.py took 0.335 seconds
[2024-10-16T17:21:55.275+0000] {processor.py:186} INFO - Started process (PID=155) to work on /home/airflow/.local/lib/python3.12/site-packages/airflow/example_dags/example_inlet_event_extra.py
[2024-10-16T17:21:55.276+0000] {processor.py:914} INFO - Processing file /home/airflow/.local/lib/python3.12/site-packages/airflow/example_dags/example_inlet_event_extra.py for tasks to queue
[2024-10-16T17:21:55.278+0000] {logging_mixin.py:190} INFO - [2024-10-16T17:21:55.278+0000] {dagbag.py:588} INFO - Filling up the DagBag from /home/airflow/.local/lib/python3.12/site-packages/airflow/example_dags/example_inlet_event_extra.py
[2024-10-16T17:21:55.495+0000] {processor.py:925} INFO - DAG(s) 'read_dataset_event', 'read_dataset_event_from_classic' retrieved from /home/airflow/.local/lib/python3.12/site-packages/airflow/example_dags/example_inlet_event_extra.py
[2024-10-16T17:21:55.523+0000] {logging_mixin.py:190} INFO - [2024-10-16T17:21:55.523+0000] {dag.py:3239} INFO - Sync 2 DAGs
[2024-10-16T17:21:55.552+0000] {logging_mixin.py:190} INFO - [2024-10-16T17:21:55.552+0000] {dag.py:4180} INFO - Setting next_dagrun for read_dataset_event to 2024-10-15 00:00:00+00:00, run_after=2024-10-16 00:00:00+00:00
[2024-10-16T17:21:55.558+0000] {logging_mixin.py:190} INFO - [2024-10-16T17:21:55.558+0000] {dag.py:4180} INFO - Setting next_dagrun for read_dataset_event_from_classic to 2024-10-15 00:00:00+00:00, run_after=2024-10-16 00:00:00+00:00
[2024-10-16T17:21:55.577+0000] {processor.py:208} INFO - Processing /home/airflow/.local/lib/python3.12/site-packages/airflow/example_dags/example_inlet_event_extra.py took 0.309 seconds
[2024-10-16T17:22:26.370+0000] {processor.py:186} INFO - Started process (PID=217) to work on /home/airflow/.local/lib/python3.12/site-packages/airflow/example_dags/example_inlet_event_extra.py
[2024-10-16T17:22:26.371+0000] {processor.py:914} INFO - Processing file /home/airflow/.local/lib/python3.12/site-packages/airflow/example_dags/example_inlet_event_extra.py for tasks to queue
[2024-10-16T17:22:26.374+0000] {logging_mixin.py:190} INFO - [2024-10-16T17:22:26.373+0000] {dagbag.py:588} INFO - Filling up the DagBag from /home/airflow/.local/lib/python3.12/site-packages/airflow/example_dags/example_inlet_event_extra.py
[2024-10-16T17:22:26.550+0000] {processor.py:925} INFO - DAG(s) 'read_dataset_event_from_classic', 'read_dataset_event' retrieved from /home/airflow/.local/lib/python3.12/site-packages/airflow/example_dags/example_inlet_event_extra.py
[2024-10-16T17:22:26.575+0000] {logging_mixin.py:190} INFO - [2024-10-16T17:22:26.574+0000] {dag.py:3239} INFO - Sync 2 DAGs
[2024-10-16T17:22:26.603+0000] {logging_mixin.py:190} INFO - [2024-10-16T17:22:26.603+0000] {dag.py:4180} INFO - Setting next_dagrun for read_dataset_event to 2024-10-15 00:00:00+00:00, run_after=2024-10-16 00:00:00+00:00
[2024-10-16T17:22:26.609+0000] {logging_mixin.py:190} INFO - [2024-10-16T17:22:26.609+0000] {dag.py:4180} INFO - Setting next_dagrun for read_dataset_event_from_classic to 2024-10-15 00:00:00+00:00, run_after=2024-10-16 00:00:00+00:00
[2024-10-16T17:22:26.628+0000] {processor.py:208} INFO - Processing /home/airflow/.local/lib/python3.12/site-packages/airflow/example_dags/example_inlet_event_extra.py took 0.264 seconds
[2024-10-16T17:22:57.092+0000] {processor.py:186} INFO - Started process (PID=280) to work on /home/airflow/.local/lib/python3.12/site-packages/airflow/example_dags/example_inlet_event_extra.py
[2024-10-16T17:22:57.093+0000] {processor.py:914} INFO - Processing file /home/airflow/.local/lib/python3.12/site-packages/airflow/example_dags/example_inlet_event_extra.py for tasks to queue
[2024-10-16T17:22:57.096+0000] {logging_mixin.py:190} INFO - [2024-10-16T17:22:57.096+0000] {dagbag.py:588} INFO - Filling up the DagBag from /home/airflow/.local/lib/python3.12/site-packages/airflow/example_dags/example_inlet_event_extra.py
[2024-10-16T17:22:57.309+0000] {processor.py:925} INFO - DAG(s) 'read_dataset_event_from_classic', 'read_dataset_event' retrieved from /home/airflow/.local/lib/python3.12/site-packages/airflow/example_dags/example_inlet_event_extra.py
[2024-10-16T17:22:57.338+0000] {logging_mixin.py:190} INFO - [2024-10-16T17:22:57.338+0000] {dag.py:3239} INFO - Sync 2 DAGs
[2024-10-16T17:22:57.369+0000] {logging_mixin.py:190} INFO - [2024-10-16T17:22:57.369+0000] {dag.py:4180} INFO - Setting next_dagrun for read_dataset_event to 2024-10-15 00:00:00+00:00, run_after=2024-10-16 00:00:00+00:00
[2024-10-16T17:22:57.376+0000] {logging_mixin.py:190} INFO - [2024-10-16T17:22:57.376+0000] {dag.py:4180} INFO - Setting next_dagrun for read_dataset_event_from_classic to 2024-10-15 00:00:00+00:00, run_after=2024-10-16 00:00:00+00:00
[2024-10-16T17:22:57.394+0000] {processor.py:208} INFO - Processing /home/airflow/.local/lib/python3.12/site-packages/airflow/example_dags/example_inlet_event_extra.py took 0.309 seconds
[2024-10-16T17:23:27.673+0000] {processor.py:186} INFO - Started process (PID=341) to work on /home/airflow/.local/lib/python3.12/site-packages/airflow/example_dags/example_inlet_event_extra.py
[2024-10-16T17:23:27.675+0000] {processor.py:914} INFO - Processing file /home/airflow/.local/lib/python3.12/site-packages/airflow/example_dags/example_inlet_event_extra.py for tasks to queue
[2024-10-16T17:23:27.679+0000] {logging_mixin.py:190} INFO - [2024-10-16T17:23:27.678+0000] {dagbag.py:588} INFO - Filling up the DagBag from /home/airflow/.local/lib/python3.12/site-packages/airflow/example_dags/example_inlet_event_extra.py
[2024-10-16T17:23:27.861+0000] {processor.py:925} INFO - DAG(s) 'read_dataset_event_from_classic', 'read_dataset_event' retrieved from /home/airflow/.local/lib/python3.12/site-packages/airflow/example_dags/example_inlet_event_extra.py
[2024-10-16T17:23:27.889+0000] {logging_mixin.py:190} INFO - [2024-10-16T17:23:27.889+0000] {dag.py:3239} INFO - Sync 2 DAGs
[2024-10-16T17:23:27.920+0000] {logging_mixin.py:190} INFO - [2024-10-16T17:23:27.920+0000] {dag.py:4180} INFO - Setting next_dagrun for read_dataset_event to 2024-10-15 00:00:00+00:00, run_after=2024-10-16 00:00:00+00:00
[2024-10-16T17:23:27.929+0000] {logging_mixin.py:190} INFO - [2024-10-16T17:23:27.928+0000] {dag.py:4180} INFO - Setting next_dagrun for read_dataset_event_from_classic to 2024-10-15 00:00:00+00:00, run_after=2024-10-16 00:00:00+00:00
[2024-10-16T17:23:27.949+0000] {processor.py:208} INFO - Processing /home/airflow/.local/lib/python3.12/site-packages/airflow/example_dags/example_inlet_event_extra.py took 0.282 seconds
[2024-10-16T17:23:58.292+0000] {processor.py:186} INFO - Started process (PID=404) to work on /home/airflow/.local/lib/python3.12/site-packages/airflow/example_dags/example_inlet_event_extra.py
[2024-10-16T17:23:58.294+0000] {processor.py:914} INFO - Processing file /home/airflow/.local/lib/python3.12/site-packages/airflow/example_dags/example_inlet_event_extra.py for tasks to queue
[2024-10-16T17:23:58.298+0000] {logging_mixin.py:190} INFO - [2024-10-16T17:23:58.298+0000] {dagbag.py:588} INFO - Filling up the DagBag from /home/airflow/.local/lib/python3.12/site-packages/airflow/example_dags/example_inlet_event_extra.py
[2024-10-16T17:23:58.477+0000] {processor.py:925} INFO - DAG(s) 'read_dataset_event_from_classic', 'read_dataset_event' retrieved from /home/airflow/.local/lib/python3.12/site-packages/airflow/example_dags/example_inlet_event_extra.py
[2024-10-16T17:23:58.503+0000] {logging_mixin.py:190} INFO - [2024-10-16T17:23:58.502+0000] {dag.py:3239} INFO - Sync 2 DAGs
[2024-10-16T17:23:58.533+0000] {logging_mixin.py:190} INFO - [2024-10-16T17:23:58.533+0000] {dag.py:4180} INFO - Setting next_dagrun for read_dataset_event to 2024-10-15 00:00:00+00:00, run_after=2024-10-16 00:00:00+00:00
[2024-10-16T17:23:58.539+0000] {logging_mixin.py:190} INFO - [2024-10-16T17:23:58.539+0000] {dag.py:4180} INFO - Setting next_dagrun for read_dataset_event_from_classic to 2024-10-15 00:00:00+00:00, run_after=2024-10-16 00:00:00+00:00
[2024-10-16T17:23:58.557+0000] {processor.py:208} INFO - Processing /home/airflow/.local/lib/python3.12/site-packages/airflow/example_dags/example_inlet_event_extra.py took 0.277 seconds
[2024-10-16T17:24:28.715+0000] {processor.py:186} INFO - Started process (PID=466) to work on /home/airflow/.local/lib/python3.12/site-packages/airflow/example_dags/example_inlet_event_extra.py
[2024-10-16T17:24:28.717+0000] {processor.py:914} INFO - Processing file /home/airflow/.local/lib/python3.12/site-packages/airflow/example_dags/example_inlet_event_extra.py for tasks to queue
[2024-10-16T17:24:28.721+0000] {logging_mixin.py:190} INFO - [2024-10-16T17:24:28.720+0000] {dagbag.py:588} INFO - Filling up the DagBag from /home/airflow/.local/lib/python3.12/site-packages/airflow/example_dags/example_inlet_event_extra.py
[2024-10-16T17:24:28.912+0000] {processor.py:925} INFO - DAG(s) 'read_dataset_event', 'read_dataset_event_from_classic' retrieved from /home/airflow/.local/lib/python3.12/site-packages/airflow/example_dags/example_inlet_event_extra.py
[2024-10-16T17:24:28.937+0000] {logging_mixin.py:190} INFO - [2024-10-16T17:24:28.937+0000] {dag.py:3239} INFO - Sync 2 DAGs
[2024-10-16T17:24:28.971+0000] {logging_mixin.py:190} INFO - [2024-10-16T17:24:28.971+0000] {dag.py:4180} INFO - Setting next_dagrun for read_dataset_event to 2024-10-15 00:00:00+00:00, run_after=2024-10-16 00:00:00+00:00
[2024-10-16T17:24:28.978+0000] {logging_mixin.py:190} INFO - [2024-10-16T17:24:28.977+0000] {dag.py:4180} INFO - Setting next_dagrun for read_dataset_event_from_classic to 2024-10-15 00:00:00+00:00, run_after=2024-10-16 00:00:00+00:00
[2024-10-16T17:24:28.997+0000] {processor.py:208} INFO - Processing /home/airflow/.local/lib/python3.12/site-packages/airflow/example_dags/example_inlet_event_extra.py took 0.292 seconds
[2024-10-16T17:24:59.109+0000] {processor.py:186} INFO - Started process (PID=528) to work on /home/airflow/.local/lib/python3.12/site-packages/airflow/example_dags/example_inlet_event_extra.py
[2024-10-16T17:24:59.111+0000] {processor.py:914} INFO - Processing file /home/airflow/.local/lib/python3.12/site-packages/airflow/example_dags/example_inlet_event_extra.py for tasks to queue
[2024-10-16T17:24:59.116+0000] {logging_mixin.py:190} INFO - [2024-10-16T17:24:59.115+0000] {dagbag.py:588} INFO - Filling up the DagBag from /home/airflow/.local/lib/python3.12/site-packages/airflow/example_dags/example_inlet_event_extra.py
[2024-10-16T17:24:59.282+0000] {processor.py:925} INFO - DAG(s) 'read_dataset_event', 'read_dataset_event_from_classic' retrieved from /home/airflow/.local/lib/python3.12/site-packages/airflow/example_dags/example_inlet_event_extra.py
[2024-10-16T17:24:59.305+0000] {logging_mixin.py:190} INFO - [2024-10-16T17:24:59.305+0000] {dag.py:3239} INFO - Sync 2 DAGs
[2024-10-16T17:24:59.337+0000] {logging_mixin.py:190} INFO - [2024-10-16T17:24:59.337+0000] {dag.py:4180} INFO - Setting next_dagrun for read_dataset_event to 2024-10-15 00:00:00+00:00, run_after=2024-10-16 00:00:00+00:00
[2024-10-16T17:24:59.343+0000] {logging_mixin.py:190} INFO - [2024-10-16T17:24:59.343+0000] {dag.py:4180} INFO - Setting next_dagrun for read_dataset_event_from_classic to 2024-10-15 00:00:00+00:00, run_after=2024-10-16 00:00:00+00:00
[2024-10-16T17:24:59.362+0000] {processor.py:208} INFO - Processing /home/airflow/.local/lib/python3.12/site-packages/airflow/example_dags/example_inlet_event_extra.py took 0.259 seconds
[2024-10-16T17:25:30.811+0000] {processor.py:186} INFO - Started process (PID=590) to work on /home/airflow/.local/lib/python3.12/site-packages/airflow/example_dags/example_inlet_event_extra.py
[2024-10-16T17:25:30.822+0000] {processor.py:914} INFO - Processing file /home/airflow/.local/lib/python3.12/site-packages/airflow/example_dags/example_inlet_event_extra.py for tasks to queue
[2024-10-16T17:25:30.829+0000] {logging_mixin.py:190} INFO - [2024-10-16T17:25:30.828+0000] {dagbag.py:588} INFO - Filling up the DagBag from /home/airflow/.local/lib/python3.12/site-packages/airflow/example_dags/example_inlet_event_extra.py
[2024-10-16T17:25:31.176+0000] {processor.py:925} INFO - DAG(s) 'read_dataset_event_from_classic', 'read_dataset_event' retrieved from /home/airflow/.local/lib/python3.12/site-packages/airflow/example_dags/example_inlet_event_extra.py
[2024-10-16T17:25:31.223+0000] {logging_mixin.py:190} INFO - [2024-10-16T17:25:31.222+0000] {dag.py:3239} INFO - Sync 2 DAGs
[2024-10-16T17:25:31.278+0000] {logging_mixin.py:190} INFO - [2024-10-16T17:25:31.277+0000] {dag.py:4180} INFO - Setting next_dagrun for read_dataset_event to 2024-10-15 00:00:00+00:00, run_after=2024-10-16 00:00:00+00:00
[2024-10-16T17:25:31.289+0000] {logging_mixin.py:190} INFO - [2024-10-16T17:25:31.289+0000] {dag.py:4180} INFO - Setting next_dagrun for read_dataset_event_from_classic to 2024-10-15 00:00:00+00:00, run_after=2024-10-16 00:00:00+00:00
[2024-10-16T17:25:31.317+0000] {processor.py:208} INFO - Processing /home/airflow/.local/lib/python3.12/site-packages/airflow/example_dags/example_inlet_event_extra.py took 0.516 seconds
[2024-10-16T17:26:02.281+0000] {processor.py:186} INFO - Started process (PID=653) to work on /home/airflow/.local/lib/python3.12/site-packages/airflow/example_dags/example_inlet_event_extra.py
[2024-10-16T17:26:02.283+0000] {processor.py:914} INFO - Processing file /home/airflow/.local/lib/python3.12/site-packages/airflow/example_dags/example_inlet_event_extra.py for tasks to queue
[2024-10-16T17:26:02.286+0000] {logging_mixin.py:190} INFO - [2024-10-16T17:26:02.285+0000] {dagbag.py:588} INFO - Filling up the DagBag from /home/airflow/.local/lib/python3.12/site-packages/airflow/example_dags/example_inlet_event_extra.py
[2024-10-16T17:26:02.461+0000] {processor.py:925} INFO - DAG(s) 'read_dataset_event', 'read_dataset_event_from_classic' retrieved from /home/airflow/.local/lib/python3.12/site-packages/airflow/example_dags/example_inlet_event_extra.py
[2024-10-16T17:26:02.486+0000] {logging_mixin.py:190} INFO - [2024-10-16T17:26:02.485+0000] {dag.py:3239} INFO - Sync 2 DAGs
[2024-10-16T17:26:02.516+0000] {logging_mixin.py:190} INFO - [2024-10-16T17:26:02.515+0000] {dag.py:4180} INFO - Setting next_dagrun for read_dataset_event to 2024-10-15 00:00:00+00:00, run_after=2024-10-16 00:00:00+00:00
[2024-10-16T17:26:02.522+0000] {logging_mixin.py:190} INFO - [2024-10-16T17:26:02.522+0000] {dag.py:4180} INFO - Setting next_dagrun for read_dataset_event_from_classic to 2024-10-15 00:00:00+00:00, run_after=2024-10-16 00:00:00+00:00
[2024-10-16T17:26:02.541+0000] {processor.py:208} INFO - Processing /home/airflow/.local/lib/python3.12/site-packages/airflow/example_dags/example_inlet_event_extra.py took 0.272 seconds
[2024-10-16T17:26:32.653+0000] {processor.py:186} INFO - Started process (PID=715) to work on /home/airflow/.local/lib/python3.12/site-packages/airflow/example_dags/example_inlet_event_extra.py
[2024-10-16T17:26:32.654+0000] {processor.py:914} INFO - Processing file /home/airflow/.local/lib/python3.12/site-packages/airflow/example_dags/example_inlet_event_extra.py for tasks to queue
[2024-10-16T17:26:32.657+0000] {logging_mixin.py:190} INFO - [2024-10-16T17:26:32.657+0000] {dagbag.py:588} INFO - Filling up the DagBag from /home/airflow/.local/lib/python3.12/site-packages/airflow/example_dags/example_inlet_event_extra.py
[2024-10-16T17:26:32.829+0000] {processor.py:925} INFO - DAG(s) 'read_dataset_event', 'read_dataset_event_from_classic' retrieved from /home/airflow/.local/lib/python3.12/site-packages/airflow/example_dags/example_inlet_event_extra.py
[2024-10-16T17:26:32.852+0000] {logging_mixin.py:190} INFO - [2024-10-16T17:26:32.852+0000] {dag.py:3239} INFO - Sync 2 DAGs
[2024-10-16T17:26:32.884+0000] {logging_mixin.py:190} INFO - [2024-10-16T17:26:32.884+0000] {dag.py:4180} INFO - Setting next_dagrun for read_dataset_event to 2024-10-15 00:00:00+00:00, run_after=2024-10-16 00:00:00+00:00
[2024-10-16T17:26:32.892+0000] {logging_mixin.py:190} INFO - [2024-10-16T17:26:32.892+0000] {dag.py:4180} INFO - Setting next_dagrun for read_dataset_event_from_classic to 2024-10-15 00:00:00+00:00, run_after=2024-10-16 00:00:00+00:00
[2024-10-16T17:26:32.912+0000] {processor.py:208} INFO - Processing /home/airflow/.local/lib/python3.12/site-packages/airflow/example_dags/example_inlet_event_extra.py took 0.266 seconds
[2024-10-16T17:27:03.289+0000] {processor.py:186} INFO - Started process (PID=777) to work on /home/airflow/.local/lib/python3.12/site-packages/airflow/example_dags/example_inlet_event_extra.py
[2024-10-16T17:27:03.290+0000] {processor.py:914} INFO - Processing file /home/airflow/.local/lib/python3.12/site-packages/airflow/example_dags/example_inlet_event_extra.py for tasks to queue
[2024-10-16T17:27:03.294+0000] {logging_mixin.py:190} INFO - [2024-10-16T17:27:03.293+0000] {dagbag.py:588} INFO - Filling up the DagBag from /home/airflow/.local/lib/python3.12/site-packages/airflow/example_dags/example_inlet_event_extra.py
[2024-10-16T17:27:03.469+0000] {processor.py:925} INFO - DAG(s) 'read_dataset_event', 'read_dataset_event_from_classic' retrieved from /home/airflow/.local/lib/python3.12/site-packages/airflow/example_dags/example_inlet_event_extra.py
[2024-10-16T17:27:03.495+0000] {logging_mixin.py:190} INFO - [2024-10-16T17:27:03.494+0000] {dag.py:3239} INFO - Sync 2 DAGs
[2024-10-16T17:27:03.536+0000] {logging_mixin.py:190} INFO - [2024-10-16T17:27:03.535+0000] {dag.py:4180} INFO - Setting next_dagrun for read_dataset_event to 2024-10-15 00:00:00+00:00, run_after=2024-10-16 00:00:00+00:00
[2024-10-16T17:27:03.543+0000] {logging_mixin.py:190} INFO - [2024-10-16T17:27:03.543+0000] {dag.py:4180} INFO - Setting next_dagrun for read_dataset_event_from_classic to 2024-10-15 00:00:00+00:00, run_after=2024-10-16 00:00:00+00:00
[2024-10-16T17:27:03.564+0000] {processor.py:208} INFO - Processing /home/airflow/.local/lib/python3.12/site-packages/airflow/example_dags/example_inlet_event_extra.py took 0.281 seconds
[2024-10-16T17:27:33.696+0000] {processor.py:186} INFO - Started process (PID=839) to work on /home/airflow/.local/lib/python3.12/site-packages/airflow/example_dags/example_inlet_event_extra.py
[2024-10-16T17:27:33.697+0000] {processor.py:914} INFO - Processing file /home/airflow/.local/lib/python3.12/site-packages/airflow/example_dags/example_inlet_event_extra.py for tasks to queue
[2024-10-16T17:27:33.700+0000] {logging_mixin.py:190} INFO - [2024-10-16T17:27:33.700+0000] {dagbag.py:588} INFO - Filling up the DagBag from /home/airflow/.local/lib/python3.12/site-packages/airflow/example_dags/example_inlet_event_extra.py
[2024-10-16T17:27:33.886+0000] {processor.py:925} INFO - DAG(s) 'read_dataset_event', 'read_dataset_event_from_classic' retrieved from /home/airflow/.local/lib/python3.12/site-packages/airflow/example_dags/example_inlet_event_extra.py
[2024-10-16T17:27:33.930+0000] {logging_mixin.py:190} INFO - [2024-10-16T17:27:33.929+0000] {dag.py:3239} INFO - Sync 2 DAGs
[2024-10-16T17:27:33.961+0000] {logging_mixin.py:190} INFO - [2024-10-16T17:27:33.960+0000] {dag.py:4180} INFO - Setting next_dagrun for read_dataset_event to 2024-10-15 00:00:00+00:00, run_after=2024-10-16 00:00:00+00:00
[2024-10-16T17:27:33.969+0000] {logging_mixin.py:190} INFO - [2024-10-16T17:27:33.969+0000] {dag.py:4180} INFO - Setting next_dagrun for read_dataset_event_from_classic to 2024-10-15 00:00:00+00:00, run_after=2024-10-16 00:00:00+00:00
[2024-10-16T17:27:33.993+0000] {processor.py:208} INFO - Processing /home/airflow/.local/lib/python3.12/site-packages/airflow/example_dags/example_inlet_event_extra.py took 0.304 seconds
[2024-10-16T17:28:04.201+0000] {processor.py:186} INFO - Started process (PID=901) to work on /home/airflow/.local/lib/python3.12/site-packages/airflow/example_dags/example_inlet_event_extra.py
[2024-10-16T17:28:04.202+0000] {processor.py:914} INFO - Processing file /home/airflow/.local/lib/python3.12/site-packages/airflow/example_dags/example_inlet_event_extra.py for tasks to queue
[2024-10-16T17:28:04.206+0000] {logging_mixin.py:190} INFO - [2024-10-16T17:28:04.205+0000] {dagbag.py:588} INFO - Filling up the DagBag from /home/airflow/.local/lib/python3.12/site-packages/airflow/example_dags/example_inlet_event_extra.py
[2024-10-16T17:28:04.388+0000] {processor.py:925} INFO - DAG(s) 'read_dataset_event_from_classic', 'read_dataset_event' retrieved from /home/airflow/.local/lib/python3.12/site-packages/airflow/example_dags/example_inlet_event_extra.py
[2024-10-16T17:28:04.415+0000] {logging_mixin.py:190} INFO - [2024-10-16T17:28:04.415+0000] {dag.py:3239} INFO - Sync 2 DAGs
[2024-10-16T17:28:04.453+0000] {logging_mixin.py:190} INFO - [2024-10-16T17:28:04.453+0000] {dag.py:4180} INFO - Setting next_dagrun for read_dataset_event to 2024-10-15 00:00:00+00:00, run_after=2024-10-16 00:00:00+00:00
[2024-10-16T17:28:04.461+0000] {logging_mixin.py:190} INFO - [2024-10-16T17:28:04.461+0000] {dag.py:4180} INFO - Setting next_dagrun for read_dataset_event_from_classic to 2024-10-15 00:00:00+00:00, run_after=2024-10-16 00:00:00+00:00
[2024-10-16T17:28:04.483+0000] {processor.py:208} INFO - Processing /home/airflow/.local/lib/python3.12/site-packages/airflow/example_dags/example_inlet_event_extra.py took 0.288 seconds
[2024-10-16T17:28:34.757+0000] {processor.py:186} INFO - Started process (PID=963) to work on /home/airflow/.local/lib/python3.12/site-packages/airflow/example_dags/example_inlet_event_extra.py
[2024-10-16T17:28:34.759+0000] {processor.py:914} INFO - Processing file /home/airflow/.local/lib/python3.12/site-packages/airflow/example_dags/example_inlet_event_extra.py for tasks to queue
[2024-10-16T17:28:34.762+0000] {logging_mixin.py:190} INFO - [2024-10-16T17:28:34.761+0000] {dagbag.py:588} INFO - Filling up the DagBag from /home/airflow/.local/lib/python3.12/site-packages/airflow/example_dags/example_inlet_event_extra.py
[2024-10-16T17:28:34.935+0000] {processor.py:925} INFO - DAG(s) 'read_dataset_event_from_classic', 'read_dataset_event' retrieved from /home/airflow/.local/lib/python3.12/site-packages/airflow/example_dags/example_inlet_event_extra.py
[2024-10-16T17:28:34.961+0000] {logging_mixin.py:190} INFO - [2024-10-16T17:28:34.961+0000] {dag.py:3239} INFO - Sync 2 DAGs
[2024-10-16T17:28:34.994+0000] {logging_mixin.py:190} INFO - [2024-10-16T17:28:34.993+0000] {dag.py:4180} INFO - Setting next_dagrun for read_dataset_event to 2024-10-15 00:00:00+00:00, run_after=2024-10-16 00:00:00+00:00
[2024-10-16T17:28:35.000+0000] {logging_mixin.py:190} INFO - [2024-10-16T17:28:35.000+0000] {dag.py:4180} INFO - Setting next_dagrun for read_dataset_event_from_classic to 2024-10-15 00:00:00+00:00, run_after=2024-10-16 00:00:00+00:00
[2024-10-16T17:28:35.019+0000] {processor.py:208} INFO - Processing /home/airflow/.local/lib/python3.12/site-packages/airflow/example_dags/example_inlet_event_extra.py took 0.270 seconds
[2024-10-16T17:29:05.354+0000] {processor.py:186} INFO - Started process (PID=1025) to work on /home/airflow/.local/lib/python3.12/site-packages/airflow/example_dags/example_inlet_event_extra.py
[2024-10-16T17:29:05.355+0000] {processor.py:914} INFO - Processing file /home/airflow/.local/lib/python3.12/site-packages/airflow/example_dags/example_inlet_event_extra.py for tasks to queue
[2024-10-16T17:29:05.359+0000] {logging_mixin.py:190} INFO - [2024-10-16T17:29:05.358+0000] {dagbag.py:588} INFO - Filling up the DagBag from /home/airflow/.local/lib/python3.12/site-packages/airflow/example_dags/example_inlet_event_extra.py
[2024-10-16T17:29:05.528+0000] {processor.py:925} INFO - DAG(s) 'read_dataset_event', 'read_dataset_event_from_classic' retrieved from /home/airflow/.local/lib/python3.12/site-packages/airflow/example_dags/example_inlet_event_extra.py
[2024-10-16T17:29:05.553+0000] {logging_mixin.py:190} INFO - [2024-10-16T17:29:05.552+0000] {dag.py:3239} INFO - Sync 2 DAGs
[2024-10-16T17:29:05.585+0000] {logging_mixin.py:190} INFO - [2024-10-16T17:29:05.585+0000] {dag.py:4180} INFO - Setting next_dagrun for read_dataset_event to 2024-10-15 00:00:00+00:00, run_after=2024-10-16 00:00:00+00:00
[2024-10-16T17:29:05.592+0000] {logging_mixin.py:190} INFO - [2024-10-16T17:29:05.592+0000] {dag.py:4180} INFO - Setting next_dagrun for read_dataset_event_from_classic to 2024-10-15 00:00:00+00:00, run_after=2024-10-16 00:00:00+00:00
[2024-10-16T17:29:05.611+0000] {processor.py:208} INFO - Processing /home/airflow/.local/lib/python3.12/site-packages/airflow/example_dags/example_inlet_event_extra.py took 0.267 seconds
[2024-10-16T17:29:35.829+0000] {processor.py:186} INFO - Started process (PID=1087) to work on /home/airflow/.local/lib/python3.12/site-packages/airflow/example_dags/example_inlet_event_extra.py
[2024-10-16T17:29:35.830+0000] {processor.py:914} INFO - Processing file /home/airflow/.local/lib/python3.12/site-packages/airflow/example_dags/example_inlet_event_extra.py for tasks to queue
[2024-10-16T17:29:35.833+0000] {logging_mixin.py:190} INFO - [2024-10-16T17:29:35.832+0000] {dagbag.py:588} INFO - Filling up the DagBag from /home/airflow/.local/lib/python3.12/site-packages/airflow/example_dags/example_inlet_event_extra.py
[2024-10-16T17:29:36.003+0000] {processor.py:925} INFO - DAG(s) 'read_dataset_event_from_classic', 'read_dataset_event' retrieved from /home/airflow/.local/lib/python3.12/site-packages/airflow/example_dags/example_inlet_event_extra.py
[2024-10-16T17:29:36.028+0000] {logging_mixin.py:190} INFO - [2024-10-16T17:29:36.028+0000] {dag.py:3239} INFO - Sync 2 DAGs
[2024-10-16T17:29:36.059+0000] {logging_mixin.py:190} INFO - [2024-10-16T17:29:36.059+0000] {dag.py:4180} INFO - Setting next_dagrun for read_dataset_event to 2024-10-15 00:00:00+00:00, run_after=2024-10-16 00:00:00+00:00
[2024-10-16T17:29:36.066+0000] {logging_mixin.py:190} INFO - [2024-10-16T17:29:36.065+0000] {dag.py:4180} INFO - Setting next_dagrun for read_dataset_event_from_classic to 2024-10-15 00:00:00+00:00, run_after=2024-10-16 00:00:00+00:00
[2024-10-16T17:29:36.087+0000] {processor.py:208} INFO - Processing /home/airflow/.local/lib/python3.12/site-packages/airflow/example_dags/example_inlet_event_extra.py took 0.265 seconds
[2024-10-16T17:30:06.185+0000] {processor.py:186} INFO - Started process (PID=1151) to work on /home/airflow/.local/lib/python3.12/site-packages/airflow/example_dags/example_inlet_event_extra.py
[2024-10-16T17:30:06.186+0000] {processor.py:914} INFO - Processing file /home/airflow/.local/lib/python3.12/site-packages/airflow/example_dags/example_inlet_event_extra.py for tasks to queue
[2024-10-16T17:30:06.189+0000] {logging_mixin.py:190} INFO - [2024-10-16T17:30:06.189+0000] {dagbag.py:588} INFO - Filling up the DagBag from /home/airflow/.local/lib/python3.12/site-packages/airflow/example_dags/example_inlet_event_extra.py
[2024-10-16T17:30:06.379+0000] {processor.py:925} INFO - DAG(s) 'read_dataset_event', 'read_dataset_event_from_classic' retrieved from /home/airflow/.local/lib/python3.12/site-packages/airflow/example_dags/example_inlet_event_extra.py
[2024-10-16T17:30:06.402+0000] {logging_mixin.py:190} INFO - [2024-10-16T17:30:06.401+0000] {dag.py:3239} INFO - Sync 2 DAGs
[2024-10-16T17:30:06.438+0000] {logging_mixin.py:190} INFO - [2024-10-16T17:30:06.438+0000] {dag.py:4180} INFO - Setting next_dagrun for read_dataset_event to 2024-10-15 00:00:00+00:00, run_after=2024-10-16 00:00:00+00:00
[2024-10-16T17:30:06.446+0000] {logging_mixin.py:190} INFO - [2024-10-16T17:30:06.445+0000] {dag.py:4180} INFO - Setting next_dagrun for read_dataset_event_from_classic to 2024-10-15 00:00:00+00:00, run_after=2024-10-16 00:00:00+00:00
[2024-10-16T17:30:06.465+0000] {processor.py:208} INFO - Processing /home/airflow/.local/lib/python3.12/site-packages/airflow/example_dags/example_inlet_event_extra.py took 0.287 seconds
