[2024-10-16T16:38:11.977+0000] {processor.py:186} INFO - Started process (PID=115) to work on /home/airflow/.local/lib/python3.12/site-packages/airflow/example_dags/example_skip_dag.py
[2024-10-16T16:38:11.978+0000] {processor.py:914} INFO - Processing file /home/airflow/.local/lib/python3.12/site-packages/airflow/example_dags/example_skip_dag.py for tasks to queue
[2024-10-16T16:38:11.988+0000] {logging_mixin.py:190} INFO - [2024-10-16T16:38:11.986+0000] {dagbag.py:588} INFO - Filling up the DagBag from /home/airflow/.local/lib/python3.12/site-packages/airflow/example_dags/example_skip_dag.py
[2024-10-16T16:38:12.006+0000] {processor.py:925} INFO - DAG(s) 'example_skip_dag' retrieved from /home/airflow/.local/lib/python3.12/site-packages/airflow/example_dags/example_skip_dag.py
[2024-10-16T16:38:12.212+0000] {logging_mixin.py:190} INFO - [2024-10-16T16:38:12.211+0000] {override.py:1900} INFO - Created Permission View: can delete on DAG:example_skip_dag
[2024-10-16T16:38:12.234+0000] {logging_mixin.py:190} INFO - [2024-10-16T16:38:12.234+0000] {override.py:1900} INFO - Created Permission View: can edit on DAG:example_skip_dag
[2024-10-16T16:38:12.244+0000] {logging_mixin.py:190} INFO - [2024-10-16T16:38:12.243+0000] {override.py:1900} INFO - Created Permission View: can read on DAG:example_skip_dag
[2024-10-16T16:38:12.255+0000] {logging_mixin.py:190} INFO - [2024-10-16T16:38:12.254+0000] {override.py:1900} INFO - Created Permission View: menu access on DAG Run:example_skip_dag
[2024-10-16T16:38:12.269+0000] {logging_mixin.py:190} INFO - [2024-10-16T16:38:12.268+0000] {override.py:1900} INFO - Created Permission View: can create on DAG Run:example_skip_dag
[2024-10-16T16:38:12.279+0000] {logging_mixin.py:190} INFO - [2024-10-16T16:38:12.278+0000] {override.py:1900} INFO - Created Permission View: can delete on DAG Run:example_skip_dag
[2024-10-16T16:38:12.287+0000] {logging_mixin.py:190} INFO - [2024-10-16T16:38:12.286+0000] {override.py:1900} INFO - Created Permission View: can read on DAG Run:example_skip_dag
[2024-10-16T16:38:12.288+0000] {logging_mixin.py:190} INFO - [2024-10-16T16:38:12.287+0000] {dag.py:3239} INFO - Sync 1 DAGs
[2024-10-16T16:38:12.312+0000] {logging_mixin.py:190} INFO - [2024-10-16T16:38:12.311+0000] {dag.py:3262} INFO - Creating ORM DAG for example_skip_dag
[2024-10-16T16:38:12.324+0000] {logging_mixin.py:190} INFO - [2024-10-16T16:38:12.324+0000] {dag.py:4180} INFO - Setting next_dagrun for example_skip_dag to 2024-10-15 00:00:00+00:00, run_after=2024-10-16 00:00:00+00:00
[2024-10-16T16:38:12.361+0000] {processor.py:208} INFO - Processing /home/airflow/.local/lib/python3.12/site-packages/airflow/example_dags/example_skip_dag.py took 0.393 seconds
[2024-10-16T16:38:42.840+0000] {processor.py:186} INFO - Started process (PID=177) to work on /home/airflow/.local/lib/python3.12/site-packages/airflow/example_dags/example_skip_dag.py
[2024-10-16T16:38:42.843+0000] {processor.py:914} INFO - Processing file /home/airflow/.local/lib/python3.12/site-packages/airflow/example_dags/example_skip_dag.py for tasks to queue
[2024-10-16T16:38:42.846+0000] {logging_mixin.py:190} INFO - [2024-10-16T16:38:42.845+0000] {dagbag.py:588} INFO - Filling up the DagBag from /home/airflow/.local/lib/python3.12/site-packages/airflow/example_dags/example_skip_dag.py
[2024-10-16T16:38:42.854+0000] {processor.py:925} INFO - DAG(s) 'example_skip_dag' retrieved from /home/airflow/.local/lib/python3.12/site-packages/airflow/example_dags/example_skip_dag.py
[2024-10-16T16:38:42.882+0000] {logging_mixin.py:190} INFO - [2024-10-16T16:38:42.882+0000] {dag.py:3239} INFO - Sync 1 DAGs
[2024-10-16T16:38:42.918+0000] {logging_mixin.py:190} INFO - [2024-10-16T16:38:42.918+0000] {dag.py:4180} INFO - Setting next_dagrun for example_skip_dag to 2024-10-15 00:00:00+00:00, run_after=2024-10-16 00:00:00+00:00
[2024-10-16T16:38:42.947+0000] {processor.py:208} INFO - Processing /home/airflow/.local/lib/python3.12/site-packages/airflow/example_dags/example_skip_dag.py took 0.114 seconds
[2024-10-16T16:39:13.610+0000] {processor.py:186} INFO - Started process (PID=239) to work on /home/airflow/.local/lib/python3.12/site-packages/airflow/example_dags/example_skip_dag.py
[2024-10-16T16:39:13.611+0000] {processor.py:914} INFO - Processing file /home/airflow/.local/lib/python3.12/site-packages/airflow/example_dags/example_skip_dag.py for tasks to queue
[2024-10-16T16:39:13.614+0000] {logging_mixin.py:190} INFO - [2024-10-16T16:39:13.614+0000] {dagbag.py:588} INFO - Filling up the DagBag from /home/airflow/.local/lib/python3.12/site-packages/airflow/example_dags/example_skip_dag.py
[2024-10-16T16:39:13.622+0000] {processor.py:925} INFO - DAG(s) 'example_skip_dag' retrieved from /home/airflow/.local/lib/python3.12/site-packages/airflow/example_dags/example_skip_dag.py
[2024-10-16T16:39:13.650+0000] {logging_mixin.py:190} INFO - [2024-10-16T16:39:13.649+0000] {dag.py:3239} INFO - Sync 1 DAGs
[2024-10-16T16:39:13.680+0000] {logging_mixin.py:190} INFO - [2024-10-16T16:39:13.679+0000] {dag.py:4180} INFO - Setting next_dagrun for example_skip_dag to 2024-10-15 00:00:00+00:00, run_after=2024-10-16 00:00:00+00:00
[2024-10-16T16:39:13.704+0000] {processor.py:208} INFO - Processing /home/airflow/.local/lib/python3.12/site-packages/airflow/example_dags/example_skip_dag.py took 0.101 seconds
[2024-10-16T16:39:44.031+0000] {processor.py:186} INFO - Started process (PID=301) to work on /home/airflow/.local/lib/python3.12/site-packages/airflow/example_dags/example_skip_dag.py
[2024-10-16T16:39:44.032+0000] {processor.py:914} INFO - Processing file /home/airflow/.local/lib/python3.12/site-packages/airflow/example_dags/example_skip_dag.py for tasks to queue
[2024-10-16T16:39:44.035+0000] {logging_mixin.py:190} INFO - [2024-10-16T16:39:44.035+0000] {dagbag.py:588} INFO - Filling up the DagBag from /home/airflow/.local/lib/python3.12/site-packages/airflow/example_dags/example_skip_dag.py
[2024-10-16T16:39:44.044+0000] {processor.py:925} INFO - DAG(s) 'example_skip_dag' retrieved from /home/airflow/.local/lib/python3.12/site-packages/airflow/example_dags/example_skip_dag.py
[2024-10-16T16:39:44.070+0000] {logging_mixin.py:190} INFO - [2024-10-16T16:39:44.069+0000] {dag.py:3239} INFO - Sync 1 DAGs
[2024-10-16T16:39:44.097+0000] {logging_mixin.py:190} INFO - [2024-10-16T16:39:44.097+0000] {dag.py:4180} INFO - Setting next_dagrun for example_skip_dag to 2024-10-15 00:00:00+00:00, run_after=2024-10-16 00:00:00+00:00
[2024-10-16T16:39:44.120+0000] {processor.py:208} INFO - Processing /home/airflow/.local/lib/python3.12/site-packages/airflow/example_dags/example_skip_dag.py took 0.095 seconds
[2024-10-16T16:40:14.472+0000] {processor.py:186} INFO - Started process (PID=364) to work on /home/airflow/.local/lib/python3.12/site-packages/airflow/example_dags/example_skip_dag.py
[2024-10-16T16:40:14.473+0000] {processor.py:914} INFO - Processing file /home/airflow/.local/lib/python3.12/site-packages/airflow/example_dags/example_skip_dag.py for tasks to queue
[2024-10-16T16:40:14.476+0000] {logging_mixin.py:190} INFO - [2024-10-16T16:40:14.475+0000] {dagbag.py:588} INFO - Filling up the DagBag from /home/airflow/.local/lib/python3.12/site-packages/airflow/example_dags/example_skip_dag.py
[2024-10-16T16:40:14.487+0000] {processor.py:925} INFO - DAG(s) 'example_skip_dag' retrieved from /home/airflow/.local/lib/python3.12/site-packages/airflow/example_dags/example_skip_dag.py
[2024-10-16T16:40:14.513+0000] {logging_mixin.py:190} INFO - [2024-10-16T16:40:14.513+0000] {dag.py:3239} INFO - Sync 1 DAGs
[2024-10-16T16:40:14.543+0000] {logging_mixin.py:190} INFO - [2024-10-16T16:40:14.542+0000] {dag.py:4180} INFO - Setting next_dagrun for example_skip_dag to 2024-10-15 00:00:00+00:00, run_after=2024-10-16 00:00:00+00:00
[2024-10-16T16:40:14.563+0000] {processor.py:208} INFO - Processing /home/airflow/.local/lib/python3.12/site-packages/airflow/example_dags/example_skip_dag.py took 0.097 seconds
[2024-10-16T16:40:45.009+0000] {processor.py:186} INFO - Started process (PID=426) to work on /home/airflow/.local/lib/python3.12/site-packages/airflow/example_dags/example_skip_dag.py
[2024-10-16T16:40:45.010+0000] {processor.py:914} INFO - Processing file /home/airflow/.local/lib/python3.12/site-packages/airflow/example_dags/example_skip_dag.py for tasks to queue
[2024-10-16T16:40:45.013+0000] {logging_mixin.py:190} INFO - [2024-10-16T16:40:45.013+0000] {dagbag.py:588} INFO - Filling up the DagBag from /home/airflow/.local/lib/python3.12/site-packages/airflow/example_dags/example_skip_dag.py
[2024-10-16T16:40:45.022+0000] {processor.py:925} INFO - DAG(s) 'example_skip_dag' retrieved from /home/airflow/.local/lib/python3.12/site-packages/airflow/example_dags/example_skip_dag.py
[2024-10-16T16:40:45.047+0000] {logging_mixin.py:190} INFO - [2024-10-16T16:40:45.046+0000] {dag.py:3239} INFO - Sync 1 DAGs
[2024-10-16T16:40:45.076+0000] {logging_mixin.py:190} INFO - [2024-10-16T16:40:45.076+0000] {dag.py:4180} INFO - Setting next_dagrun for example_skip_dag to 2024-10-15 00:00:00+00:00, run_after=2024-10-16 00:00:00+00:00
[2024-10-16T16:40:45.098+0000] {processor.py:208} INFO - Processing /home/airflow/.local/lib/python3.12/site-packages/airflow/example_dags/example_skip_dag.py took 0.095 seconds
[2024-10-16T16:41:15.723+0000] {processor.py:186} INFO - Started process (PID=488) to work on /home/airflow/.local/lib/python3.12/site-packages/airflow/example_dags/example_skip_dag.py
[2024-10-16T16:41:15.725+0000] {processor.py:914} INFO - Processing file /home/airflow/.local/lib/python3.12/site-packages/airflow/example_dags/example_skip_dag.py for tasks to queue
[2024-10-16T16:41:15.727+0000] {logging_mixin.py:190} INFO - [2024-10-16T16:41:15.727+0000] {dagbag.py:588} INFO - Filling up the DagBag from /home/airflow/.local/lib/python3.12/site-packages/airflow/example_dags/example_skip_dag.py
[2024-10-16T16:41:15.736+0000] {processor.py:925} INFO - DAG(s) 'example_skip_dag' retrieved from /home/airflow/.local/lib/python3.12/site-packages/airflow/example_dags/example_skip_dag.py
[2024-10-16T16:41:15.766+0000] {logging_mixin.py:190} INFO - [2024-10-16T16:41:15.766+0000] {dag.py:3239} INFO - Sync 1 DAGs
[2024-10-16T16:41:15.797+0000] {logging_mixin.py:190} INFO - [2024-10-16T16:41:15.796+0000] {dag.py:4180} INFO - Setting next_dagrun for example_skip_dag to 2024-10-15 00:00:00+00:00, run_after=2024-10-16 00:00:00+00:00
[2024-10-16T16:41:15.825+0000] {processor.py:208} INFO - Processing /home/airflow/.local/lib/python3.12/site-packages/airflow/example_dags/example_skip_dag.py took 0.109 seconds
[2024-10-16T16:41:45.964+0000] {processor.py:186} INFO - Started process (PID=550) to work on /home/airflow/.local/lib/python3.12/site-packages/airflow/example_dags/example_skip_dag.py
[2024-10-16T16:41:45.966+0000] {processor.py:914} INFO - Processing file /home/airflow/.local/lib/python3.12/site-packages/airflow/example_dags/example_skip_dag.py for tasks to queue
[2024-10-16T16:41:45.970+0000] {logging_mixin.py:190} INFO - [2024-10-16T16:41:45.969+0000] {dagbag.py:588} INFO - Filling up the DagBag from /home/airflow/.local/lib/python3.12/site-packages/airflow/example_dags/example_skip_dag.py
[2024-10-16T16:41:45.978+0000] {processor.py:925} INFO - DAG(s) 'example_skip_dag' retrieved from /home/airflow/.local/lib/python3.12/site-packages/airflow/example_dags/example_skip_dag.py
[2024-10-16T16:41:46.002+0000] {logging_mixin.py:190} INFO - [2024-10-16T16:41:46.002+0000] {dag.py:3239} INFO - Sync 1 DAGs
[2024-10-16T16:41:46.030+0000] {logging_mixin.py:190} INFO - [2024-10-16T16:41:46.030+0000] {dag.py:4180} INFO - Setting next_dagrun for example_skip_dag to 2024-10-15 00:00:00+00:00, run_after=2024-10-16 00:00:00+00:00
[2024-10-16T16:41:46.052+0000] {processor.py:208} INFO - Processing /home/airflow/.local/lib/python3.12/site-packages/airflow/example_dags/example_skip_dag.py took 0.094 seconds
[2024-10-16T16:42:16.546+0000] {processor.py:186} INFO - Started process (PID=612) to work on /home/airflow/.local/lib/python3.12/site-packages/airflow/example_dags/example_skip_dag.py
[2024-10-16T16:42:16.547+0000] {processor.py:914} INFO - Processing file /home/airflow/.local/lib/python3.12/site-packages/airflow/example_dags/example_skip_dag.py for tasks to queue
[2024-10-16T16:42:16.549+0000] {logging_mixin.py:190} INFO - [2024-10-16T16:42:16.549+0000] {dagbag.py:588} INFO - Filling up the DagBag from /home/airflow/.local/lib/python3.12/site-packages/airflow/example_dags/example_skip_dag.py
[2024-10-16T16:42:16.558+0000] {processor.py:925} INFO - DAG(s) 'example_skip_dag' retrieved from /home/airflow/.local/lib/python3.12/site-packages/airflow/example_dags/example_skip_dag.py
[2024-10-16T16:42:16.585+0000] {logging_mixin.py:190} INFO - [2024-10-16T16:42:16.584+0000] {dag.py:3239} INFO - Sync 1 DAGs
[2024-10-16T16:42:16.612+0000] {logging_mixin.py:190} INFO - [2024-10-16T16:42:16.612+0000] {dag.py:4180} INFO - Setting next_dagrun for example_skip_dag to 2024-10-15 00:00:00+00:00, run_after=2024-10-16 00:00:00+00:00
[2024-10-16T16:42:16.634+0000] {processor.py:208} INFO - Processing /home/airflow/.local/lib/python3.12/site-packages/airflow/example_dags/example_skip_dag.py took 0.095 seconds
[2024-10-16T16:42:46.860+0000] {processor.py:186} INFO - Started process (PID=674) to work on /home/airflow/.local/lib/python3.12/site-packages/airflow/example_dags/example_skip_dag.py
[2024-10-16T16:42:46.861+0000] {processor.py:914} INFO - Processing file /home/airflow/.local/lib/python3.12/site-packages/airflow/example_dags/example_skip_dag.py for tasks to queue
[2024-10-16T16:42:46.864+0000] {logging_mixin.py:190} INFO - [2024-10-16T16:42:46.864+0000] {dagbag.py:588} INFO - Filling up the DagBag from /home/airflow/.local/lib/python3.12/site-packages/airflow/example_dags/example_skip_dag.py
[2024-10-16T16:42:46.873+0000] {processor.py:925} INFO - DAG(s) 'example_skip_dag' retrieved from /home/airflow/.local/lib/python3.12/site-packages/airflow/example_dags/example_skip_dag.py
[2024-10-16T16:42:46.897+0000] {logging_mixin.py:190} INFO - [2024-10-16T16:42:46.897+0000] {dag.py:3239} INFO - Sync 1 DAGs
[2024-10-16T16:42:46.924+0000] {logging_mixin.py:190} INFO - [2024-10-16T16:42:46.924+0000] {dag.py:4180} INFO - Setting next_dagrun for example_skip_dag to 2024-10-15 00:00:00+00:00, run_after=2024-10-16 00:00:00+00:00
[2024-10-16T16:42:46.944+0000] {processor.py:208} INFO - Processing /home/airflow/.local/lib/python3.12/site-packages/airflow/example_dags/example_skip_dag.py took 0.091 seconds
[2024-10-16T17:21:25.814+0000] {processor.py:186} INFO - Started process (PID=106) to work on /home/airflow/.local/lib/python3.12/site-packages/airflow/example_dags/example_skip_dag.py
[2024-10-16T17:21:25.815+0000] {processor.py:914} INFO - Processing file /home/airflow/.local/lib/python3.12/site-packages/airflow/example_dags/example_skip_dag.py for tasks to queue
[2024-10-16T17:21:25.818+0000] {logging_mixin.py:190} INFO - [2024-10-16T17:21:25.818+0000] {dagbag.py:588} INFO - Filling up the DagBag from /home/airflow/.local/lib/python3.12/site-packages/airflow/example_dags/example_skip_dag.py
[2024-10-16T17:21:25.826+0000] {processor.py:925} INFO - DAG(s) 'example_skip_dag' retrieved from /home/airflow/.local/lib/python3.12/site-packages/airflow/example_dags/example_skip_dag.py
[2024-10-16T17:21:25.854+0000] {logging_mixin.py:190} INFO - [2024-10-16T17:21:25.854+0000] {dag.py:3239} INFO - Sync 1 DAGs
[2024-10-16T17:21:25.885+0000] {logging_mixin.py:190} INFO - [2024-10-16T17:21:25.885+0000] {dag.py:4180} INFO - Setting next_dagrun for example_skip_dag to 2024-10-15 00:00:00+00:00, run_after=2024-10-16 00:00:00+00:00
[2024-10-16T17:21:25.913+0000] {processor.py:208} INFO - Processing /home/airflow/.local/lib/python3.12/site-packages/airflow/example_dags/example_skip_dag.py took 0.106 seconds
[2024-10-16T17:21:56.307+0000] {processor.py:186} INFO - Started process (PID=168) to work on /home/airflow/.local/lib/python3.12/site-packages/airflow/example_dags/example_skip_dag.py
[2024-10-16T17:21:56.308+0000] {processor.py:914} INFO - Processing file /home/airflow/.local/lib/python3.12/site-packages/airflow/example_dags/example_skip_dag.py for tasks to queue
[2024-10-16T17:21:56.311+0000] {logging_mixin.py:190} INFO - [2024-10-16T17:21:56.310+0000] {dagbag.py:588} INFO - Filling up the DagBag from /home/airflow/.local/lib/python3.12/site-packages/airflow/example_dags/example_skip_dag.py
[2024-10-16T17:21:56.320+0000] {processor.py:925} INFO - DAG(s) 'example_skip_dag' retrieved from /home/airflow/.local/lib/python3.12/site-packages/airflow/example_dags/example_skip_dag.py
[2024-10-16T17:21:56.346+0000] {logging_mixin.py:190} INFO - [2024-10-16T17:21:56.345+0000] {dag.py:3239} INFO - Sync 1 DAGs
[2024-10-16T17:21:56.375+0000] {logging_mixin.py:190} INFO - [2024-10-16T17:21:56.375+0000] {dag.py:4180} INFO - Setting next_dagrun for example_skip_dag to 2024-10-15 00:00:00+00:00, run_after=2024-10-16 00:00:00+00:00
[2024-10-16T17:21:56.400+0000] {processor.py:208} INFO - Processing /home/airflow/.local/lib/python3.12/site-packages/airflow/example_dags/example_skip_dag.py took 0.100 seconds
[2024-10-16T17:22:27.580+0000] {processor.py:186} INFO - Started process (PID=230) to work on /home/airflow/.local/lib/python3.12/site-packages/airflow/example_dags/example_skip_dag.py
[2024-10-16T17:22:27.581+0000] {processor.py:914} INFO - Processing file /home/airflow/.local/lib/python3.12/site-packages/airflow/example_dags/example_skip_dag.py for tasks to queue
[2024-10-16T17:22:27.585+0000] {logging_mixin.py:190} INFO - [2024-10-16T17:22:27.584+0000] {dagbag.py:588} INFO - Filling up the DagBag from /home/airflow/.local/lib/python3.12/site-packages/airflow/example_dags/example_skip_dag.py
[2024-10-16T17:22:27.596+0000] {processor.py:925} INFO - DAG(s) 'example_skip_dag' retrieved from /home/airflow/.local/lib/python3.12/site-packages/airflow/example_dags/example_skip_dag.py
[2024-10-16T17:22:27.622+0000] {logging_mixin.py:190} INFO - [2024-10-16T17:22:27.622+0000] {dag.py:3239} INFO - Sync 1 DAGs
[2024-10-16T17:22:27.653+0000] {logging_mixin.py:190} INFO - [2024-10-16T17:22:27.652+0000] {dag.py:4180} INFO - Setting next_dagrun for example_skip_dag to 2024-10-15 00:00:00+00:00, run_after=2024-10-16 00:00:00+00:00
[2024-10-16T17:22:27.678+0000] {processor.py:208} INFO - Processing /home/airflow/.local/lib/python3.12/site-packages/airflow/example_dags/example_skip_dag.py took 0.108 seconds
[2024-10-16T17:22:58.171+0000] {processor.py:186} INFO - Started process (PID=292) to work on /home/airflow/.local/lib/python3.12/site-packages/airflow/example_dags/example_skip_dag.py
[2024-10-16T17:22:58.172+0000] {processor.py:914} INFO - Processing file /home/airflow/.local/lib/python3.12/site-packages/airflow/example_dags/example_skip_dag.py for tasks to queue
[2024-10-16T17:22:58.176+0000] {logging_mixin.py:190} INFO - [2024-10-16T17:22:58.175+0000] {dagbag.py:588} INFO - Filling up the DagBag from /home/airflow/.local/lib/python3.12/site-packages/airflow/example_dags/example_skip_dag.py
[2024-10-16T17:22:58.188+0000] {processor.py:925} INFO - DAG(s) 'example_skip_dag' retrieved from /home/airflow/.local/lib/python3.12/site-packages/airflow/example_dags/example_skip_dag.py
[2024-10-16T17:22:58.219+0000] {logging_mixin.py:190} INFO - [2024-10-16T17:22:58.218+0000] {dag.py:3239} INFO - Sync 1 DAGs
[2024-10-16T17:22:58.250+0000] {logging_mixin.py:190} INFO - [2024-10-16T17:22:58.250+0000] {dag.py:4180} INFO - Setting next_dagrun for example_skip_dag to 2024-10-15 00:00:00+00:00, run_after=2024-10-16 00:00:00+00:00
[2024-10-16T17:22:58.274+0000] {processor.py:208} INFO - Processing /home/airflow/.local/lib/python3.12/site-packages/airflow/example_dags/example_skip_dag.py took 0.111 seconds
[2024-10-16T17:23:28.908+0000] {processor.py:186} INFO - Started process (PID=354) to work on /home/airflow/.local/lib/python3.12/site-packages/airflow/example_dags/example_skip_dag.py
[2024-10-16T17:23:28.909+0000] {processor.py:914} INFO - Processing file /home/airflow/.local/lib/python3.12/site-packages/airflow/example_dags/example_skip_dag.py for tasks to queue
[2024-10-16T17:23:28.912+0000] {logging_mixin.py:190} INFO - [2024-10-16T17:23:28.912+0000] {dagbag.py:588} INFO - Filling up the DagBag from /home/airflow/.local/lib/python3.12/site-packages/airflow/example_dags/example_skip_dag.py
[2024-10-16T17:23:28.924+0000] {processor.py:925} INFO - DAG(s) 'example_skip_dag' retrieved from /home/airflow/.local/lib/python3.12/site-packages/airflow/example_dags/example_skip_dag.py
[2024-10-16T17:23:28.969+0000] {logging_mixin.py:190} INFO - [2024-10-16T17:23:28.969+0000] {dag.py:3239} INFO - Sync 1 DAGs
[2024-10-16T17:23:29.007+0000] {logging_mixin.py:190} INFO - [2024-10-16T17:23:29.006+0000] {dag.py:4180} INFO - Setting next_dagrun for example_skip_dag to 2024-10-15 00:00:00+00:00, run_after=2024-10-16 00:00:00+00:00
[2024-10-16T17:23:29.035+0000] {processor.py:208} INFO - Processing /home/airflow/.local/lib/python3.12/site-packages/airflow/example_dags/example_skip_dag.py took 0.136 seconds
[2024-10-16T17:23:59.293+0000] {processor.py:186} INFO - Started process (PID=416) to work on /home/airflow/.local/lib/python3.12/site-packages/airflow/example_dags/example_skip_dag.py
[2024-10-16T17:23:59.294+0000] {processor.py:914} INFO - Processing file /home/airflow/.local/lib/python3.12/site-packages/airflow/example_dags/example_skip_dag.py for tasks to queue
[2024-10-16T17:23:59.297+0000] {logging_mixin.py:190} INFO - [2024-10-16T17:23:59.297+0000] {dagbag.py:588} INFO - Filling up the DagBag from /home/airflow/.local/lib/python3.12/site-packages/airflow/example_dags/example_skip_dag.py
[2024-10-16T17:23:59.305+0000] {processor.py:925} INFO - DAG(s) 'example_skip_dag' retrieved from /home/airflow/.local/lib/python3.12/site-packages/airflow/example_dags/example_skip_dag.py
[2024-10-16T17:23:59.328+0000] {logging_mixin.py:190} INFO - [2024-10-16T17:23:59.328+0000] {dag.py:3239} INFO - Sync 1 DAGs
[2024-10-16T17:23:59.356+0000] {logging_mixin.py:190} INFO - [2024-10-16T17:23:59.355+0000] {dag.py:4180} INFO - Setting next_dagrun for example_skip_dag to 2024-10-15 00:00:00+00:00, run_after=2024-10-16 00:00:00+00:00
[2024-10-16T17:23:59.377+0000] {processor.py:208} INFO - Processing /home/airflow/.local/lib/python3.12/site-packages/airflow/example_dags/example_skip_dag.py took 0.090 seconds
[2024-10-16T17:24:29.807+0000] {processor.py:186} INFO - Started process (PID=478) to work on /home/airflow/.local/lib/python3.12/site-packages/airflow/example_dags/example_skip_dag.py
[2024-10-16T17:24:29.808+0000] {processor.py:914} INFO - Processing file /home/airflow/.local/lib/python3.12/site-packages/airflow/example_dags/example_skip_dag.py for tasks to queue
[2024-10-16T17:24:29.810+0000] {logging_mixin.py:190} INFO - [2024-10-16T17:24:29.810+0000] {dagbag.py:588} INFO - Filling up the DagBag from /home/airflow/.local/lib/python3.12/site-packages/airflow/example_dags/example_skip_dag.py
[2024-10-16T17:24:29.819+0000] {processor.py:925} INFO - DAG(s) 'example_skip_dag' retrieved from /home/airflow/.local/lib/python3.12/site-packages/airflow/example_dags/example_skip_dag.py
[2024-10-16T17:24:29.844+0000] {logging_mixin.py:190} INFO - [2024-10-16T17:24:29.843+0000] {dag.py:3239} INFO - Sync 1 DAGs
[2024-10-16T17:24:29.871+0000] {logging_mixin.py:190} INFO - [2024-10-16T17:24:29.871+0000] {dag.py:4180} INFO - Setting next_dagrun for example_skip_dag to 2024-10-15 00:00:00+00:00, run_after=2024-10-16 00:00:00+00:00
[2024-10-16T17:24:29.893+0000] {processor.py:208} INFO - Processing /home/airflow/.local/lib/python3.12/site-packages/airflow/example_dags/example_skip_dag.py took 0.093 seconds
[2024-10-16T17:25:00.235+0000] {processor.py:186} INFO - Started process (PID=540) to work on /home/airflow/.local/lib/python3.12/site-packages/airflow/example_dags/example_skip_dag.py
[2024-10-16T17:25:00.236+0000] {processor.py:914} INFO - Processing file /home/airflow/.local/lib/python3.12/site-packages/airflow/example_dags/example_skip_dag.py for tasks to queue
[2024-10-16T17:25:00.239+0000] {logging_mixin.py:190} INFO - [2024-10-16T17:25:00.238+0000] {dagbag.py:588} INFO - Filling up the DagBag from /home/airflow/.local/lib/python3.12/site-packages/airflow/example_dags/example_skip_dag.py
[2024-10-16T17:25:00.247+0000] {processor.py:925} INFO - DAG(s) 'example_skip_dag' retrieved from /home/airflow/.local/lib/python3.12/site-packages/airflow/example_dags/example_skip_dag.py
[2024-10-16T17:25:00.270+0000] {logging_mixin.py:190} INFO - [2024-10-16T17:25:00.270+0000] {dag.py:3239} INFO - Sync 1 DAGs
[2024-10-16T17:25:00.296+0000] {logging_mixin.py:190} INFO - [2024-10-16T17:25:00.296+0000] {dag.py:4180} INFO - Setting next_dagrun for example_skip_dag to 2024-10-15 00:00:00+00:00, run_after=2024-10-16 00:00:00+00:00
[2024-10-16T17:25:00.320+0000] {processor.py:208} INFO - Processing /home/airflow/.local/lib/python3.12/site-packages/airflow/example_dags/example_skip_dag.py took 0.092 seconds
[2024-10-16T17:25:32.361+0000] {processor.py:186} INFO - Started process (PID=602) to work on /home/airflow/.local/lib/python3.12/site-packages/airflow/example_dags/example_skip_dag.py
[2024-10-16T17:25:32.363+0000] {processor.py:914} INFO - Processing file /home/airflow/.local/lib/python3.12/site-packages/airflow/example_dags/example_skip_dag.py for tasks to queue
[2024-10-16T17:25:32.367+0000] {logging_mixin.py:190} INFO - [2024-10-16T17:25:32.366+0000] {dagbag.py:588} INFO - Filling up the DagBag from /home/airflow/.local/lib/python3.12/site-packages/airflow/example_dags/example_skip_dag.py
[2024-10-16T17:25:32.386+0000] {processor.py:925} INFO - DAG(s) 'example_skip_dag' retrieved from /home/airflow/.local/lib/python3.12/site-packages/airflow/example_dags/example_skip_dag.py
[2024-10-16T17:25:32.435+0000] {logging_mixin.py:190} INFO - [2024-10-16T17:25:32.435+0000] {dag.py:3239} INFO - Sync 1 DAGs
[2024-10-16T17:25:32.490+0000] {logging_mixin.py:190} INFO - [2024-10-16T17:25:32.489+0000] {dag.py:4180} INFO - Setting next_dagrun for example_skip_dag to 2024-10-15 00:00:00+00:00, run_after=2024-10-16 00:00:00+00:00
[2024-10-16T17:25:32.526+0000] {processor.py:208} INFO - Processing /home/airflow/.local/lib/python3.12/site-packages/airflow/example_dags/example_skip_dag.py took 0.172 seconds
[2024-10-16T17:26:03.182+0000] {processor.py:186} INFO - Started process (PID=664) to work on /home/airflow/.local/lib/python3.12/site-packages/airflow/example_dags/example_skip_dag.py
[2024-10-16T17:26:03.183+0000] {processor.py:914} INFO - Processing file /home/airflow/.local/lib/python3.12/site-packages/airflow/example_dags/example_skip_dag.py for tasks to queue
[2024-10-16T17:26:03.186+0000] {logging_mixin.py:190} INFO - [2024-10-16T17:26:03.186+0000] {dagbag.py:588} INFO - Filling up the DagBag from /home/airflow/.local/lib/python3.12/site-packages/airflow/example_dags/example_skip_dag.py
[2024-10-16T17:26:03.195+0000] {processor.py:925} INFO - DAG(s) 'example_skip_dag' retrieved from /home/airflow/.local/lib/python3.12/site-packages/airflow/example_dags/example_skip_dag.py
[2024-10-16T17:26:03.220+0000] {logging_mixin.py:190} INFO - [2024-10-16T17:26:03.220+0000] {dag.py:3239} INFO - Sync 1 DAGs
[2024-10-16T17:26:03.249+0000] {logging_mixin.py:190} INFO - [2024-10-16T17:26:03.248+0000] {dag.py:4180} INFO - Setting next_dagrun for example_skip_dag to 2024-10-15 00:00:00+00:00, run_after=2024-10-16 00:00:00+00:00
[2024-10-16T17:26:03.272+0000] {processor.py:208} INFO - Processing /home/airflow/.local/lib/python3.12/site-packages/airflow/example_dags/example_skip_dag.py took 0.096 seconds
[2024-10-16T17:26:33.526+0000] {processor.py:186} INFO - Started process (PID=726) to work on /home/airflow/.local/lib/python3.12/site-packages/airflow/example_dags/example_skip_dag.py
[2024-10-16T17:26:33.527+0000] {processor.py:914} INFO - Processing file /home/airflow/.local/lib/python3.12/site-packages/airflow/example_dags/example_skip_dag.py for tasks to queue
[2024-10-16T17:26:33.529+0000] {logging_mixin.py:190} INFO - [2024-10-16T17:26:33.529+0000] {dagbag.py:588} INFO - Filling up the DagBag from /home/airflow/.local/lib/python3.12/site-packages/airflow/example_dags/example_skip_dag.py
[2024-10-16T17:26:33.538+0000] {processor.py:925} INFO - DAG(s) 'example_skip_dag' retrieved from /home/airflow/.local/lib/python3.12/site-packages/airflow/example_dags/example_skip_dag.py
[2024-10-16T17:26:33.562+0000] {logging_mixin.py:190} INFO - [2024-10-16T17:26:33.562+0000] {dag.py:3239} INFO - Sync 1 DAGs
[2024-10-16T17:26:33.589+0000] {logging_mixin.py:190} INFO - [2024-10-16T17:26:33.589+0000] {dag.py:4180} INFO - Setting next_dagrun for example_skip_dag to 2024-10-15 00:00:00+00:00, run_after=2024-10-16 00:00:00+00:00
[2024-10-16T17:26:33.613+0000] {processor.py:208} INFO - Processing /home/airflow/.local/lib/python3.12/site-packages/airflow/example_dags/example_skip_dag.py took 0.094 seconds
[2024-10-16T17:27:04.169+0000] {processor.py:186} INFO - Started process (PID=788) to work on /home/airflow/.local/lib/python3.12/site-packages/airflow/example_dags/example_skip_dag.py
[2024-10-16T17:27:04.170+0000] {processor.py:914} INFO - Processing file /home/airflow/.local/lib/python3.12/site-packages/airflow/example_dags/example_skip_dag.py for tasks to queue
[2024-10-16T17:27:04.172+0000] {logging_mixin.py:190} INFO - [2024-10-16T17:27:04.172+0000] {dagbag.py:588} INFO - Filling up the DagBag from /home/airflow/.local/lib/python3.12/site-packages/airflow/example_dags/example_skip_dag.py
[2024-10-16T17:27:04.181+0000] {processor.py:925} INFO - DAG(s) 'example_skip_dag' retrieved from /home/airflow/.local/lib/python3.12/site-packages/airflow/example_dags/example_skip_dag.py
[2024-10-16T17:27:04.205+0000] {logging_mixin.py:190} INFO - [2024-10-16T17:27:04.204+0000] {dag.py:3239} INFO - Sync 1 DAGs
[2024-10-16T17:27:04.232+0000] {logging_mixin.py:190} INFO - [2024-10-16T17:27:04.232+0000] {dag.py:4180} INFO - Setting next_dagrun for example_skip_dag to 2024-10-15 00:00:00+00:00, run_after=2024-10-16 00:00:00+00:00
[2024-10-16T17:27:04.254+0000] {processor.py:208} INFO - Processing /home/airflow/.local/lib/python3.12/site-packages/airflow/example_dags/example_skip_dag.py took 0.094 seconds
[2024-10-16T17:27:34.652+0000] {processor.py:186} INFO - Started process (PID=850) to work on /home/airflow/.local/lib/python3.12/site-packages/airflow/example_dags/example_skip_dag.py
[2024-10-16T17:27:34.653+0000] {processor.py:914} INFO - Processing file /home/airflow/.local/lib/python3.12/site-packages/airflow/example_dags/example_skip_dag.py for tasks to queue
[2024-10-16T17:27:34.656+0000] {logging_mixin.py:190} INFO - [2024-10-16T17:27:34.656+0000] {dagbag.py:588} INFO - Filling up the DagBag from /home/airflow/.local/lib/python3.12/site-packages/airflow/example_dags/example_skip_dag.py
[2024-10-16T17:27:34.665+0000] {processor.py:925} INFO - DAG(s) 'example_skip_dag' retrieved from /home/airflow/.local/lib/python3.12/site-packages/airflow/example_dags/example_skip_dag.py
[2024-10-16T17:27:34.691+0000] {logging_mixin.py:190} INFO - [2024-10-16T17:27:34.691+0000] {dag.py:3239} INFO - Sync 1 DAGs
[2024-10-16T17:27:34.719+0000] {logging_mixin.py:190} INFO - [2024-10-16T17:27:34.719+0000] {dag.py:4180} INFO - Setting next_dagrun for example_skip_dag to 2024-10-15 00:00:00+00:00, run_after=2024-10-16 00:00:00+00:00
[2024-10-16T17:27:34.740+0000] {processor.py:208} INFO - Processing /home/airflow/.local/lib/python3.12/site-packages/airflow/example_dags/example_skip_dag.py took 0.095 seconds
[2024-10-16T17:28:05.079+0000] {processor.py:186} INFO - Started process (PID=912) to work on /home/airflow/.local/lib/python3.12/site-packages/airflow/example_dags/example_skip_dag.py
[2024-10-16T17:28:05.081+0000] {processor.py:914} INFO - Processing file /home/airflow/.local/lib/python3.12/site-packages/airflow/example_dags/example_skip_dag.py for tasks to queue
[2024-10-16T17:28:05.084+0000] {logging_mixin.py:190} INFO - [2024-10-16T17:28:05.084+0000] {dagbag.py:588} INFO - Filling up the DagBag from /home/airflow/.local/lib/python3.12/site-packages/airflow/example_dags/example_skip_dag.py
[2024-10-16T17:28:05.095+0000] {processor.py:925} INFO - DAG(s) 'example_skip_dag' retrieved from /home/airflow/.local/lib/python3.12/site-packages/airflow/example_dags/example_skip_dag.py
[2024-10-16T17:28:05.122+0000] {logging_mixin.py:190} INFO - [2024-10-16T17:28:05.122+0000] {dag.py:3239} INFO - Sync 1 DAGs
[2024-10-16T17:28:05.151+0000] {logging_mixin.py:190} INFO - [2024-10-16T17:28:05.151+0000] {dag.py:4180} INFO - Setting next_dagrun for example_skip_dag to 2024-10-15 00:00:00+00:00, run_after=2024-10-16 00:00:00+00:00
[2024-10-16T17:28:05.174+0000] {processor.py:208} INFO - Processing /home/airflow/.local/lib/python3.12/site-packages/airflow/example_dags/example_skip_dag.py took 0.102 seconds
[2024-10-16T17:28:35.532+0000] {processor.py:186} INFO - Started process (PID=974) to work on /home/airflow/.local/lib/python3.12/site-packages/airflow/example_dags/example_skip_dag.py
[2024-10-16T17:28:35.534+0000] {processor.py:914} INFO - Processing file /home/airflow/.local/lib/python3.12/site-packages/airflow/example_dags/example_skip_dag.py for tasks to queue
[2024-10-16T17:28:35.537+0000] {logging_mixin.py:190} INFO - [2024-10-16T17:28:35.536+0000] {dagbag.py:588} INFO - Filling up the DagBag from /home/airflow/.local/lib/python3.12/site-packages/airflow/example_dags/example_skip_dag.py
[2024-10-16T17:28:35.547+0000] {processor.py:925} INFO - DAG(s) 'example_skip_dag' retrieved from /home/airflow/.local/lib/python3.12/site-packages/airflow/example_dags/example_skip_dag.py
[2024-10-16T17:28:35.573+0000] {logging_mixin.py:190} INFO - [2024-10-16T17:28:35.572+0000] {dag.py:3239} INFO - Sync 1 DAGs
[2024-10-16T17:28:35.605+0000] {logging_mixin.py:190} INFO - [2024-10-16T17:28:35.604+0000] {dag.py:4180} INFO - Setting next_dagrun for example_skip_dag to 2024-10-15 00:00:00+00:00, run_after=2024-10-16 00:00:00+00:00
[2024-10-16T17:28:35.637+0000] {processor.py:208} INFO - Processing /home/airflow/.local/lib/python3.12/site-packages/airflow/example_dags/example_skip_dag.py took 0.113 seconds
[2024-10-16T17:29:06.075+0000] {processor.py:186} INFO - Started process (PID=1035) to work on /home/airflow/.local/lib/python3.12/site-packages/airflow/example_dags/example_skip_dag.py
[2024-10-16T17:29:06.076+0000] {processor.py:914} INFO - Processing file /home/airflow/.local/lib/python3.12/site-packages/airflow/example_dags/example_skip_dag.py for tasks to queue
[2024-10-16T17:29:06.079+0000] {logging_mixin.py:190} INFO - [2024-10-16T17:29:06.078+0000] {dagbag.py:588} INFO - Filling up the DagBag from /home/airflow/.local/lib/python3.12/site-packages/airflow/example_dags/example_skip_dag.py
[2024-10-16T17:29:06.089+0000] {processor.py:925} INFO - DAG(s) 'example_skip_dag' retrieved from /home/airflow/.local/lib/python3.12/site-packages/airflow/example_dags/example_skip_dag.py
[2024-10-16T17:29:06.117+0000] {logging_mixin.py:190} INFO - [2024-10-16T17:29:06.117+0000] {dag.py:3239} INFO - Sync 1 DAGs
[2024-10-16T17:29:06.148+0000] {logging_mixin.py:190} INFO - [2024-10-16T17:29:06.147+0000] {dag.py:4180} INFO - Setting next_dagrun for example_skip_dag to 2024-10-15 00:00:00+00:00, run_after=2024-10-16 00:00:00+00:00
[2024-10-16T17:29:06.171+0000] {processor.py:208} INFO - Processing /home/airflow/.local/lib/python3.12/site-packages/airflow/example_dags/example_skip_dag.py took 0.104 seconds
[2024-10-16T17:29:36.589+0000] {processor.py:186} INFO - Started process (PID=1098) to work on /home/airflow/.local/lib/python3.12/site-packages/airflow/example_dags/example_skip_dag.py
[2024-10-16T17:29:36.590+0000] {processor.py:914} INFO - Processing file /home/airflow/.local/lib/python3.12/site-packages/airflow/example_dags/example_skip_dag.py for tasks to queue
[2024-10-16T17:29:36.593+0000] {logging_mixin.py:190} INFO - [2024-10-16T17:29:36.593+0000] {dagbag.py:588} INFO - Filling up the DagBag from /home/airflow/.local/lib/python3.12/site-packages/airflow/example_dags/example_skip_dag.py
[2024-10-16T17:29:36.602+0000] {processor.py:925} INFO - DAG(s) 'example_skip_dag' retrieved from /home/airflow/.local/lib/python3.12/site-packages/airflow/example_dags/example_skip_dag.py
[2024-10-16T17:29:36.630+0000] {logging_mixin.py:190} INFO - [2024-10-16T17:29:36.630+0000] {dag.py:3239} INFO - Sync 1 DAGs
[2024-10-16T17:29:36.657+0000] {logging_mixin.py:190} INFO - [2024-10-16T17:29:36.656+0000] {dag.py:4180} INFO - Setting next_dagrun for example_skip_dag to 2024-10-15 00:00:00+00:00, run_after=2024-10-16 00:00:00+00:00
[2024-10-16T17:29:36.677+0000] {processor.py:208} INFO - Processing /home/airflow/.local/lib/python3.12/site-packages/airflow/example_dags/example_skip_dag.py took 0.095 seconds
[2024-10-16T17:30:06.829+0000] {processor.py:186} INFO - Started process (PID=1159) to work on /home/airflow/.local/lib/python3.12/site-packages/airflow/example_dags/example_skip_dag.py
[2024-10-16T17:30:06.830+0000] {processor.py:914} INFO - Processing file /home/airflow/.local/lib/python3.12/site-packages/airflow/example_dags/example_skip_dag.py for tasks to queue
[2024-10-16T17:30:06.833+0000] {logging_mixin.py:190} INFO - [2024-10-16T17:30:06.832+0000] {dagbag.py:588} INFO - Filling up the DagBag from /home/airflow/.local/lib/python3.12/site-packages/airflow/example_dags/example_skip_dag.py
[2024-10-16T17:30:06.843+0000] {processor.py:925} INFO - DAG(s) 'example_skip_dag' retrieved from /home/airflow/.local/lib/python3.12/site-packages/airflow/example_dags/example_skip_dag.py
[2024-10-16T17:30:06.871+0000] {logging_mixin.py:190} INFO - [2024-10-16T17:30:06.870+0000] {dag.py:3239} INFO - Sync 1 DAGs
[2024-10-16T17:30:06.898+0000] {logging_mixin.py:190} INFO - [2024-10-16T17:30:06.898+0000] {dag.py:4180} INFO - Setting next_dagrun for example_skip_dag to 2024-10-15 00:00:00+00:00, run_after=2024-10-16 00:00:00+00:00
[2024-10-16T17:30:06.922+0000] {processor.py:208} INFO - Processing /home/airflow/.local/lib/python3.12/site-packages/airflow/example_dags/example_skip_dag.py took 0.100 seconds
