[2024-10-16T16:38:13.973+0000] {processor.py:186} INFO - Started process (PID=120) to work on /home/airflow/.local/lib/python3.12/site-packages/airflow/example_dags/example_nested_branch_dag.py
[2024-10-16T16:38:13.975+0000] {processor.py:914} INFO - Processing file /home/airflow/.local/lib/python3.12/site-packages/airflow/example_dags/example_nested_branch_dag.py for tasks to queue
[2024-10-16T16:38:13.978+0000] {logging_mixin.py:190} INFO - [2024-10-16T16:38:13.978+0000] {dagbag.py:588} INFO - Filling up the DagBag from /home/airflow/.local/lib/python3.12/site-packages/airflow/example_dags/example_nested_branch_dag.py
[2024-10-16T16:38:13.997+0000] {processor.py:925} INFO - DAG(s) 'example_nested_branch_dag' retrieved from /home/airflow/.local/lib/python3.12/site-packages/airflow/example_dags/example_nested_branch_dag.py
[2024-10-16T16:38:14.220+0000] {logging_mixin.py:190} INFO - [2024-10-16T16:38:14.218+0000] {override.py:1900} INFO - Created Permission View: can delete on DAG:example_nested_branch_dag
[2024-10-16T16:38:14.281+0000] {logging_mixin.py:190} INFO - [2024-10-16T16:38:14.281+0000] {override.py:1900} INFO - Created Permission View: can edit on DAG:example_nested_branch_dag
[2024-10-16T16:38:14.340+0000] {logging_mixin.py:190} INFO - [2024-10-16T16:38:14.339+0000] {override.py:1900} INFO - Created Permission View: can read on DAG:example_nested_branch_dag
[2024-10-16T16:38:14.439+0000] {logging_mixin.py:190} INFO - [2024-10-16T16:38:14.439+0000] {override.py:1900} INFO - Created Permission View: menu access on DAG Run:example_nested_branch_dag
[2024-10-16T16:38:14.488+0000] {logging_mixin.py:190} INFO - [2024-10-16T16:38:14.488+0000] {override.py:1900} INFO - Created Permission View: can create on DAG Run:example_nested_branch_dag
[2024-10-16T16:38:14.552+0000] {logging_mixin.py:190} INFO - [2024-10-16T16:38:14.551+0000] {override.py:1900} INFO - Created Permission View: can delete on DAG Run:example_nested_branch_dag
[2024-10-16T16:38:14.608+0000] {logging_mixin.py:190} INFO - [2024-10-16T16:38:14.608+0000] {override.py:1900} INFO - Created Permission View: can read on DAG Run:example_nested_branch_dag
[2024-10-16T16:38:14.609+0000] {logging_mixin.py:190} INFO - [2024-10-16T16:38:14.609+0000] {dag.py:3239} INFO - Sync 1 DAGs
[2024-10-16T16:38:14.632+0000] {logging_mixin.py:190} INFO - [2024-10-16T16:38:14.632+0000] {dag.py:3262} INFO - Creating ORM DAG for example_nested_branch_dag
[2024-10-16T16:38:14.650+0000] {logging_mixin.py:190} INFO - [2024-10-16T16:38:14.649+0000] {dag.py:4180} INFO - Setting next_dagrun for example_nested_branch_dag to 2024-10-15 00:00:00+00:00, run_after=2024-10-16 00:00:00+00:00
[2024-10-16T16:38:14.719+0000] {processor.py:208} INFO - Processing /home/airflow/.local/lib/python3.12/site-packages/airflow/example_dags/example_nested_branch_dag.py took 0.755 seconds
[2024-10-16T16:38:45.271+0000] {processor.py:186} INFO - Started process (PID=182) to work on /home/airflow/.local/lib/python3.12/site-packages/airflow/example_dags/example_nested_branch_dag.py
[2024-10-16T16:38:45.273+0000] {processor.py:914} INFO - Processing file /home/airflow/.local/lib/python3.12/site-packages/airflow/example_dags/example_nested_branch_dag.py for tasks to queue
[2024-10-16T16:38:45.276+0000] {logging_mixin.py:190} INFO - [2024-10-16T16:38:45.276+0000] {dagbag.py:588} INFO - Filling up the DagBag from /home/airflow/.local/lib/python3.12/site-packages/airflow/example_dags/example_nested_branch_dag.py
[2024-10-16T16:38:45.292+0000] {processor.py:925} INFO - DAG(s) 'example_nested_branch_dag' retrieved from /home/airflow/.local/lib/python3.12/site-packages/airflow/example_dags/example_nested_branch_dag.py
[2024-10-16T16:38:45.325+0000] {logging_mixin.py:190} INFO - [2024-10-16T16:38:45.325+0000] {dag.py:3239} INFO - Sync 1 DAGs
[2024-10-16T16:38:45.374+0000] {logging_mixin.py:190} INFO - [2024-10-16T16:38:45.373+0000] {dag.py:4180} INFO - Setting next_dagrun for example_nested_branch_dag to 2024-10-15 00:00:00+00:00, run_after=2024-10-16 00:00:00+00:00
[2024-10-16T16:38:45.404+0000] {processor.py:208} INFO - Processing /home/airflow/.local/lib/python3.12/site-packages/airflow/example_dags/example_nested_branch_dag.py took 0.144 seconds
[2024-10-16T16:39:15.949+0000] {processor.py:186} INFO - Started process (PID=244) to work on /home/airflow/.local/lib/python3.12/site-packages/airflow/example_dags/example_nested_branch_dag.py
[2024-10-16T16:39:15.950+0000] {processor.py:914} INFO - Processing file /home/airflow/.local/lib/python3.12/site-packages/airflow/example_dags/example_nested_branch_dag.py for tasks to queue
[2024-10-16T16:39:15.953+0000] {logging_mixin.py:190} INFO - [2024-10-16T16:39:15.952+0000] {dagbag.py:588} INFO - Filling up the DagBag from /home/airflow/.local/lib/python3.12/site-packages/airflow/example_dags/example_nested_branch_dag.py
[2024-10-16T16:39:15.968+0000] {processor.py:925} INFO - DAG(s) 'example_nested_branch_dag' retrieved from /home/airflow/.local/lib/python3.12/site-packages/airflow/example_dags/example_nested_branch_dag.py
[2024-10-16T16:39:15.997+0000] {logging_mixin.py:190} INFO - [2024-10-16T16:39:15.997+0000] {dag.py:3239} INFO - Sync 1 DAGs
[2024-10-16T16:39:16.029+0000] {logging_mixin.py:190} INFO - [2024-10-16T16:39:16.028+0000] {dag.py:4180} INFO - Setting next_dagrun for example_nested_branch_dag to 2024-10-15 00:00:00+00:00, run_after=2024-10-16 00:00:00+00:00
[2024-10-16T16:39:16.054+0000] {processor.py:208} INFO - Processing /home/airflow/.local/lib/python3.12/site-packages/airflow/example_dags/example_nested_branch_dag.py took 0.113 seconds
[2024-10-16T16:39:46.288+0000] {processor.py:186} INFO - Started process (PID=306) to work on /home/airflow/.local/lib/python3.12/site-packages/airflow/example_dags/example_nested_branch_dag.py
[2024-10-16T16:39:46.289+0000] {processor.py:914} INFO - Processing file /home/airflow/.local/lib/python3.12/site-packages/airflow/example_dags/example_nested_branch_dag.py for tasks to queue
[2024-10-16T16:39:46.292+0000] {logging_mixin.py:190} INFO - [2024-10-16T16:39:46.291+0000] {dagbag.py:588} INFO - Filling up the DagBag from /home/airflow/.local/lib/python3.12/site-packages/airflow/example_dags/example_nested_branch_dag.py
[2024-10-16T16:39:46.305+0000] {processor.py:925} INFO - DAG(s) 'example_nested_branch_dag' retrieved from /home/airflow/.local/lib/python3.12/site-packages/airflow/example_dags/example_nested_branch_dag.py
[2024-10-16T16:39:46.332+0000] {logging_mixin.py:190} INFO - [2024-10-16T16:39:46.332+0000] {dag.py:3239} INFO - Sync 1 DAGs
[2024-10-16T16:39:46.365+0000] {logging_mixin.py:190} INFO - [2024-10-16T16:39:46.364+0000] {dag.py:4180} INFO - Setting next_dagrun for example_nested_branch_dag to 2024-10-15 00:00:00+00:00, run_after=2024-10-16 00:00:00+00:00
[2024-10-16T16:39:46.391+0000] {processor.py:208} INFO - Processing /home/airflow/.local/lib/python3.12/site-packages/airflow/example_dags/example_nested_branch_dag.py took 0.113 seconds
[2024-10-16T16:40:16.767+0000] {processor.py:186} INFO - Started process (PID=369) to work on /home/airflow/.local/lib/python3.12/site-packages/airflow/example_dags/example_nested_branch_dag.py
[2024-10-16T16:40:16.768+0000] {processor.py:914} INFO - Processing file /home/airflow/.local/lib/python3.12/site-packages/airflow/example_dags/example_nested_branch_dag.py for tasks to queue
[2024-10-16T16:40:16.771+0000] {logging_mixin.py:190} INFO - [2024-10-16T16:40:16.770+0000] {dagbag.py:588} INFO - Filling up the DagBag from /home/airflow/.local/lib/python3.12/site-packages/airflow/example_dags/example_nested_branch_dag.py
[2024-10-16T16:40:16.785+0000] {processor.py:925} INFO - DAG(s) 'example_nested_branch_dag' retrieved from /home/airflow/.local/lib/python3.12/site-packages/airflow/example_dags/example_nested_branch_dag.py
[2024-10-16T16:40:16.814+0000] {logging_mixin.py:190} INFO - [2024-10-16T16:40:16.814+0000] {dag.py:3239} INFO - Sync 1 DAGs
[2024-10-16T16:40:16.846+0000] {logging_mixin.py:190} INFO - [2024-10-16T16:40:16.845+0000] {dag.py:4180} INFO - Setting next_dagrun for example_nested_branch_dag to 2024-10-15 00:00:00+00:00, run_after=2024-10-16 00:00:00+00:00
[2024-10-16T16:40:16.873+0000] {processor.py:208} INFO - Processing /home/airflow/.local/lib/python3.12/site-packages/airflow/example_dags/example_nested_branch_dag.py took 0.113 seconds
[2024-10-16T16:40:47.313+0000] {processor.py:186} INFO - Started process (PID=431) to work on /home/airflow/.local/lib/python3.12/site-packages/airflow/example_dags/example_nested_branch_dag.py
[2024-10-16T16:40:47.314+0000] {processor.py:914} INFO - Processing file /home/airflow/.local/lib/python3.12/site-packages/airflow/example_dags/example_nested_branch_dag.py for tasks to queue
[2024-10-16T16:40:47.317+0000] {logging_mixin.py:190} INFO - [2024-10-16T16:40:47.316+0000] {dagbag.py:588} INFO - Filling up the DagBag from /home/airflow/.local/lib/python3.12/site-packages/airflow/example_dags/example_nested_branch_dag.py
[2024-10-16T16:40:47.329+0000] {processor.py:925} INFO - DAG(s) 'example_nested_branch_dag' retrieved from /home/airflow/.local/lib/python3.12/site-packages/airflow/example_dags/example_nested_branch_dag.py
[2024-10-16T16:40:47.357+0000] {logging_mixin.py:190} INFO - [2024-10-16T16:40:47.356+0000] {dag.py:3239} INFO - Sync 1 DAGs
[2024-10-16T16:40:47.391+0000] {logging_mixin.py:190} INFO - [2024-10-16T16:40:47.390+0000] {dag.py:4180} INFO - Setting next_dagrun for example_nested_branch_dag to 2024-10-15 00:00:00+00:00, run_after=2024-10-16 00:00:00+00:00
[2024-10-16T16:40:47.417+0000] {processor.py:208} INFO - Processing /home/airflow/.local/lib/python3.12/site-packages/airflow/example_dags/example_nested_branch_dag.py took 0.115 seconds
[2024-10-16T16:41:18.010+0000] {processor.py:186} INFO - Started process (PID=493) to work on /home/airflow/.local/lib/python3.12/site-packages/airflow/example_dags/example_nested_branch_dag.py
[2024-10-16T16:41:18.011+0000] {processor.py:914} INFO - Processing file /home/airflow/.local/lib/python3.12/site-packages/airflow/example_dags/example_nested_branch_dag.py for tasks to queue
[2024-10-16T16:41:18.013+0000] {logging_mixin.py:190} INFO - [2024-10-16T16:41:18.013+0000] {dagbag.py:588} INFO - Filling up the DagBag from /home/airflow/.local/lib/python3.12/site-packages/airflow/example_dags/example_nested_branch_dag.py
[2024-10-16T16:41:18.026+0000] {processor.py:925} INFO - DAG(s) 'example_nested_branch_dag' retrieved from /home/airflow/.local/lib/python3.12/site-packages/airflow/example_dags/example_nested_branch_dag.py
[2024-10-16T16:41:18.052+0000] {logging_mixin.py:190} INFO - [2024-10-16T16:41:18.052+0000] {dag.py:3239} INFO - Sync 1 DAGs
[2024-10-16T16:41:18.082+0000] {logging_mixin.py:190} INFO - [2024-10-16T16:41:18.081+0000] {dag.py:4180} INFO - Setting next_dagrun for example_nested_branch_dag to 2024-10-15 00:00:00+00:00, run_after=2024-10-16 00:00:00+00:00
[2024-10-16T16:41:18.104+0000] {processor.py:208} INFO - Processing /home/airflow/.local/lib/python3.12/site-packages/airflow/example_dags/example_nested_branch_dag.py took 0.100 seconds
[2024-10-16T16:41:48.271+0000] {processor.py:186} INFO - Started process (PID=555) to work on /home/airflow/.local/lib/python3.12/site-packages/airflow/example_dags/example_nested_branch_dag.py
[2024-10-16T16:41:48.272+0000] {processor.py:914} INFO - Processing file /home/airflow/.local/lib/python3.12/site-packages/airflow/example_dags/example_nested_branch_dag.py for tasks to queue
[2024-10-16T16:41:48.275+0000] {logging_mixin.py:190} INFO - [2024-10-16T16:41:48.275+0000] {dagbag.py:588} INFO - Filling up the DagBag from /home/airflow/.local/lib/python3.12/site-packages/airflow/example_dags/example_nested_branch_dag.py
[2024-10-16T16:41:48.288+0000] {processor.py:925} INFO - DAG(s) 'example_nested_branch_dag' retrieved from /home/airflow/.local/lib/python3.12/site-packages/airflow/example_dags/example_nested_branch_dag.py
[2024-10-16T16:41:48.316+0000] {logging_mixin.py:190} INFO - [2024-10-16T16:41:48.316+0000] {dag.py:3239} INFO - Sync 1 DAGs
[2024-10-16T16:41:48.350+0000] {logging_mixin.py:190} INFO - [2024-10-16T16:41:48.350+0000] {dag.py:4180} INFO - Setting next_dagrun for example_nested_branch_dag to 2024-10-15 00:00:00+00:00, run_after=2024-10-16 00:00:00+00:00
[2024-10-16T16:41:48.378+0000] {processor.py:208} INFO - Processing /home/airflow/.local/lib/python3.12/site-packages/airflow/example_dags/example_nested_branch_dag.py took 0.113 seconds
[2024-10-16T16:42:18.790+0000] {processor.py:186} INFO - Started process (PID=617) to work on /home/airflow/.local/lib/python3.12/site-packages/airflow/example_dags/example_nested_branch_dag.py
[2024-10-16T16:42:18.792+0000] {processor.py:914} INFO - Processing file /home/airflow/.local/lib/python3.12/site-packages/airflow/example_dags/example_nested_branch_dag.py for tasks to queue
[2024-10-16T16:42:18.795+0000] {logging_mixin.py:190} INFO - [2024-10-16T16:42:18.795+0000] {dagbag.py:588} INFO - Filling up the DagBag from /home/airflow/.local/lib/python3.12/site-packages/airflow/example_dags/example_nested_branch_dag.py
[2024-10-16T16:42:18.810+0000] {processor.py:925} INFO - DAG(s) 'example_nested_branch_dag' retrieved from /home/airflow/.local/lib/python3.12/site-packages/airflow/example_dags/example_nested_branch_dag.py
[2024-10-16T16:42:18.837+0000] {logging_mixin.py:190} INFO - [2024-10-16T16:42:18.837+0000] {dag.py:3239} INFO - Sync 1 DAGs
[2024-10-16T16:42:18.868+0000] {logging_mixin.py:190} INFO - [2024-10-16T16:42:18.868+0000] {dag.py:4180} INFO - Setting next_dagrun for example_nested_branch_dag to 2024-10-15 00:00:00+00:00, run_after=2024-10-16 00:00:00+00:00
[2024-10-16T16:42:18.896+0000] {processor.py:208} INFO - Processing /home/airflow/.local/lib/python3.12/site-packages/airflow/example_dags/example_nested_branch_dag.py took 0.113 seconds
[2024-10-16T16:42:49.136+0000] {processor.py:186} INFO - Started process (PID=679) to work on /home/airflow/.local/lib/python3.12/site-packages/airflow/example_dags/example_nested_branch_dag.py
[2024-10-16T16:42:49.137+0000] {processor.py:914} INFO - Processing file /home/airflow/.local/lib/python3.12/site-packages/airflow/example_dags/example_nested_branch_dag.py for tasks to queue
[2024-10-16T16:42:49.141+0000] {logging_mixin.py:190} INFO - [2024-10-16T16:42:49.140+0000] {dagbag.py:588} INFO - Filling up the DagBag from /home/airflow/.local/lib/python3.12/site-packages/airflow/example_dags/example_nested_branch_dag.py
[2024-10-16T16:42:49.161+0000] {processor.py:925} INFO - DAG(s) 'example_nested_branch_dag' retrieved from /home/airflow/.local/lib/python3.12/site-packages/airflow/example_dags/example_nested_branch_dag.py
[2024-10-16T16:42:49.194+0000] {logging_mixin.py:190} INFO - [2024-10-16T16:42:49.194+0000] {dag.py:3239} INFO - Sync 1 DAGs
[2024-10-16T16:42:49.231+0000] {logging_mixin.py:190} INFO - [2024-10-16T16:42:49.230+0000] {dag.py:4180} INFO - Setting next_dagrun for example_nested_branch_dag to 2024-10-15 00:00:00+00:00, run_after=2024-10-16 00:00:00+00:00
[2024-10-16T16:42:49.259+0000] {processor.py:208} INFO - Processing /home/airflow/.local/lib/python3.12/site-packages/airflow/example_dags/example_nested_branch_dag.py took 0.133 seconds
[2024-10-16T17:21:26.297+0000] {processor.py:186} INFO - Started process (PID=111) to work on /home/airflow/.local/lib/python3.12/site-packages/airflow/example_dags/example_nested_branch_dag.py
[2024-10-16T17:21:26.298+0000] {processor.py:914} INFO - Processing file /home/airflow/.local/lib/python3.12/site-packages/airflow/example_dags/example_nested_branch_dag.py for tasks to queue
[2024-10-16T17:21:26.302+0000] {logging_mixin.py:190} INFO - [2024-10-16T17:21:26.301+0000] {dagbag.py:588} INFO - Filling up the DagBag from /home/airflow/.local/lib/python3.12/site-packages/airflow/example_dags/example_nested_branch_dag.py
[2024-10-16T17:21:26.320+0000] {processor.py:925} INFO - DAG(s) 'example_nested_branch_dag' retrieved from /home/airflow/.local/lib/python3.12/site-packages/airflow/example_dags/example_nested_branch_dag.py
[2024-10-16T17:21:26.347+0000] {logging_mixin.py:190} INFO - [2024-10-16T17:21:26.346+0000] {dag.py:3239} INFO - Sync 1 DAGs
[2024-10-16T17:21:26.386+0000] {logging_mixin.py:190} INFO - [2024-10-16T17:21:26.385+0000] {dag.py:4180} INFO - Setting next_dagrun for example_nested_branch_dag to 2024-10-15 00:00:00+00:00, run_after=2024-10-16 00:00:00+00:00
[2024-10-16T17:21:26.411+0000] {processor.py:208} INFO - Processing /home/airflow/.local/lib/python3.12/site-packages/airflow/example_dags/example_nested_branch_dag.py took 0.121 seconds
[2024-10-16T17:21:56.789+0000] {processor.py:186} INFO - Started process (PID=174) to work on /home/airflow/.local/lib/python3.12/site-packages/airflow/example_dags/example_nested_branch_dag.py
[2024-10-16T17:21:56.790+0000] {processor.py:914} INFO - Processing file /home/airflow/.local/lib/python3.12/site-packages/airflow/example_dags/example_nested_branch_dag.py for tasks to queue
[2024-10-16T17:21:56.794+0000] {logging_mixin.py:190} INFO - [2024-10-16T17:21:56.793+0000] {dagbag.py:588} INFO - Filling up the DagBag from /home/airflow/.local/lib/python3.12/site-packages/airflow/example_dags/example_nested_branch_dag.py
[2024-10-16T17:21:56.812+0000] {processor.py:925} INFO - DAG(s) 'example_nested_branch_dag' retrieved from /home/airflow/.local/lib/python3.12/site-packages/airflow/example_dags/example_nested_branch_dag.py
[2024-10-16T17:21:56.838+0000] {logging_mixin.py:190} INFO - [2024-10-16T17:21:56.838+0000] {dag.py:3239} INFO - Sync 1 DAGs
[2024-10-16T17:21:56.876+0000] {logging_mixin.py:190} INFO - [2024-10-16T17:21:56.875+0000] {dag.py:4180} INFO - Setting next_dagrun for example_nested_branch_dag to 2024-10-15 00:00:00+00:00, run_after=2024-10-16 00:00:00+00:00
[2024-10-16T17:21:56.899+0000] {processor.py:208} INFO - Processing /home/airflow/.local/lib/python3.12/site-packages/airflow/example_dags/example_nested_branch_dag.py took 0.121 seconds
[2024-10-16T17:22:27.916+0000] {processor.py:186} INFO - Started process (PID=235) to work on /home/airflow/.local/lib/python3.12/site-packages/airflow/example_dags/example_nested_branch_dag.py
[2024-10-16T17:22:27.917+0000] {processor.py:914} INFO - Processing file /home/airflow/.local/lib/python3.12/site-packages/airflow/example_dags/example_nested_branch_dag.py for tasks to queue
[2024-10-16T17:22:27.922+0000] {logging_mixin.py:190} INFO - [2024-10-16T17:22:27.921+0000] {dagbag.py:588} INFO - Filling up the DagBag from /home/airflow/.local/lib/python3.12/site-packages/airflow/example_dags/example_nested_branch_dag.py
[2024-10-16T17:22:27.952+0000] {processor.py:925} INFO - DAG(s) 'example_nested_branch_dag' retrieved from /home/airflow/.local/lib/python3.12/site-packages/airflow/example_dags/example_nested_branch_dag.py
[2024-10-16T17:22:28.026+0000] {logging_mixin.py:190} INFO - [2024-10-16T17:22:28.026+0000] {dag.py:3239} INFO - Sync 1 DAGs
[2024-10-16T17:22:28.069+0000] {logging_mixin.py:190} INFO - [2024-10-16T17:22:28.069+0000] {dag.py:4180} INFO - Setting next_dagrun for example_nested_branch_dag to 2024-10-15 00:00:00+00:00, run_after=2024-10-16 00:00:00+00:00
[2024-10-16T17:22:28.100+0000] {processor.py:208} INFO - Processing /home/airflow/.local/lib/python3.12/site-packages/airflow/example_dags/example_nested_branch_dag.py took 0.194 seconds
[2024-10-16T17:22:58.592+0000] {processor.py:186} INFO - Started process (PID=297) to work on /home/airflow/.local/lib/python3.12/site-packages/airflow/example_dags/example_nested_branch_dag.py
[2024-10-16T17:22:58.593+0000] {processor.py:914} INFO - Processing file /home/airflow/.local/lib/python3.12/site-packages/airflow/example_dags/example_nested_branch_dag.py for tasks to queue
[2024-10-16T17:22:58.595+0000] {logging_mixin.py:190} INFO - [2024-10-16T17:22:58.595+0000] {dagbag.py:588} INFO - Filling up the DagBag from /home/airflow/.local/lib/python3.12/site-packages/airflow/example_dags/example_nested_branch_dag.py
[2024-10-16T17:22:58.612+0000] {processor.py:925} INFO - DAG(s) 'example_nested_branch_dag' retrieved from /home/airflow/.local/lib/python3.12/site-packages/airflow/example_dags/example_nested_branch_dag.py
[2024-10-16T17:22:58.655+0000] {logging_mixin.py:190} INFO - [2024-10-16T17:22:58.655+0000] {dag.py:3239} INFO - Sync 1 DAGs
[2024-10-16T17:22:58.703+0000] {logging_mixin.py:190} INFO - [2024-10-16T17:22:58.702+0000] {dag.py:4180} INFO - Setting next_dagrun for example_nested_branch_dag to 2024-10-15 00:00:00+00:00, run_after=2024-10-16 00:00:00+00:00
[2024-10-16T17:22:58.740+0000] {processor.py:208} INFO - Processing /home/airflow/.local/lib/python3.12/site-packages/airflow/example_dags/example_nested_branch_dag.py took 0.156 seconds
[2024-10-16T17:23:29.250+0000] {processor.py:186} INFO - Started process (PID=359) to work on /home/airflow/.local/lib/python3.12/site-packages/airflow/example_dags/example_nested_branch_dag.py
[2024-10-16T17:23:29.252+0000] {processor.py:914} INFO - Processing file /home/airflow/.local/lib/python3.12/site-packages/airflow/example_dags/example_nested_branch_dag.py for tasks to queue
[2024-10-16T17:23:29.254+0000] {logging_mixin.py:190} INFO - [2024-10-16T17:23:29.254+0000] {dagbag.py:588} INFO - Filling up the DagBag from /home/airflow/.local/lib/python3.12/site-packages/airflow/example_dags/example_nested_branch_dag.py
[2024-10-16T17:23:29.267+0000] {processor.py:925} INFO - DAG(s) 'example_nested_branch_dag' retrieved from /home/airflow/.local/lib/python3.12/site-packages/airflow/example_dags/example_nested_branch_dag.py
[2024-10-16T17:23:29.292+0000] {logging_mixin.py:190} INFO - [2024-10-16T17:23:29.292+0000] {dag.py:3239} INFO - Sync 1 DAGs
[2024-10-16T17:23:29.326+0000] {logging_mixin.py:190} INFO - [2024-10-16T17:23:29.326+0000] {dag.py:4180} INFO - Setting next_dagrun for example_nested_branch_dag to 2024-10-15 00:00:00+00:00, run_after=2024-10-16 00:00:00+00:00
[2024-10-16T17:23:29.362+0000] {processor.py:208} INFO - Processing /home/airflow/.local/lib/python3.12/site-packages/airflow/example_dags/example_nested_branch_dag.py took 0.118 seconds
[2024-10-16T17:23:59.732+0000] {processor.py:186} INFO - Started process (PID=421) to work on /home/airflow/.local/lib/python3.12/site-packages/airflow/example_dags/example_nested_branch_dag.py
[2024-10-16T17:23:59.733+0000] {processor.py:914} INFO - Processing file /home/airflow/.local/lib/python3.12/site-packages/airflow/example_dags/example_nested_branch_dag.py for tasks to queue
[2024-10-16T17:23:59.736+0000] {logging_mixin.py:190} INFO - [2024-10-16T17:23:59.735+0000] {dagbag.py:588} INFO - Filling up the DagBag from /home/airflow/.local/lib/python3.12/site-packages/airflow/example_dags/example_nested_branch_dag.py
[2024-10-16T17:23:59.748+0000] {processor.py:925} INFO - DAG(s) 'example_nested_branch_dag' retrieved from /home/airflow/.local/lib/python3.12/site-packages/airflow/example_dags/example_nested_branch_dag.py
[2024-10-16T17:23:59.773+0000] {logging_mixin.py:190} INFO - [2024-10-16T17:23:59.773+0000] {dag.py:3239} INFO - Sync 1 DAGs
[2024-10-16T17:23:59.806+0000] {logging_mixin.py:190} INFO - [2024-10-16T17:23:59.806+0000] {dag.py:4180} INFO - Setting next_dagrun for example_nested_branch_dag to 2024-10-15 00:00:00+00:00, run_after=2024-10-16 00:00:00+00:00
[2024-10-16T17:23:59.832+0000] {processor.py:208} INFO - Processing /home/airflow/.local/lib/python3.12/site-packages/airflow/example_dags/example_nested_branch_dag.py took 0.107 seconds
[2024-10-16T17:24:30.157+0000] {processor.py:186} INFO - Started process (PID=483) to work on /home/airflow/.local/lib/python3.12/site-packages/airflow/example_dags/example_nested_branch_dag.py
[2024-10-16T17:24:30.158+0000] {processor.py:914} INFO - Processing file /home/airflow/.local/lib/python3.12/site-packages/airflow/example_dags/example_nested_branch_dag.py for tasks to queue
[2024-10-16T17:24:30.161+0000] {logging_mixin.py:190} INFO - [2024-10-16T17:24:30.160+0000] {dagbag.py:588} INFO - Filling up the DagBag from /home/airflow/.local/lib/python3.12/site-packages/airflow/example_dags/example_nested_branch_dag.py
[2024-10-16T17:24:30.174+0000] {processor.py:925} INFO - DAG(s) 'example_nested_branch_dag' retrieved from /home/airflow/.local/lib/python3.12/site-packages/airflow/example_dags/example_nested_branch_dag.py
[2024-10-16T17:24:30.200+0000] {logging_mixin.py:190} INFO - [2024-10-16T17:24:30.200+0000] {dag.py:3239} INFO - Sync 1 DAGs
[2024-10-16T17:24:30.228+0000] {logging_mixin.py:190} INFO - [2024-10-16T17:24:30.228+0000] {dag.py:4180} INFO - Setting next_dagrun for example_nested_branch_dag to 2024-10-15 00:00:00+00:00, run_after=2024-10-16 00:00:00+00:00
[2024-10-16T17:24:30.252+0000] {processor.py:208} INFO - Processing /home/airflow/.local/lib/python3.12/site-packages/airflow/example_dags/example_nested_branch_dag.py took 0.101 seconds
[2024-10-16T17:25:00.620+0000] {processor.py:186} INFO - Started process (PID=545) to work on /home/airflow/.local/lib/python3.12/site-packages/airflow/example_dags/example_nested_branch_dag.py
[2024-10-16T17:25:00.621+0000] {processor.py:914} INFO - Processing file /home/airflow/.local/lib/python3.12/site-packages/airflow/example_dags/example_nested_branch_dag.py for tasks to queue
[2024-10-16T17:25:00.624+0000] {logging_mixin.py:190} INFO - [2024-10-16T17:25:00.623+0000] {dagbag.py:588} INFO - Filling up the DagBag from /home/airflow/.local/lib/python3.12/site-packages/airflow/example_dags/example_nested_branch_dag.py
[2024-10-16T17:25:00.637+0000] {processor.py:925} INFO - DAG(s) 'example_nested_branch_dag' retrieved from /home/airflow/.local/lib/python3.12/site-packages/airflow/example_dags/example_nested_branch_dag.py
[2024-10-16T17:25:00.664+0000] {logging_mixin.py:190} INFO - [2024-10-16T17:25:00.664+0000] {dag.py:3239} INFO - Sync 1 DAGs
[2024-10-16T17:25:00.693+0000] {logging_mixin.py:190} INFO - [2024-10-16T17:25:00.693+0000] {dag.py:4180} INFO - Setting next_dagrun for example_nested_branch_dag to 2024-10-15 00:00:00+00:00, run_after=2024-10-16 00:00:00+00:00
[2024-10-16T17:25:00.716+0000] {processor.py:208} INFO - Processing /home/airflow/.local/lib/python3.12/site-packages/airflow/example_dags/example_nested_branch_dag.py took 0.103 seconds
[2024-10-16T17:25:32.878+0000] {processor.py:186} INFO - Started process (PID=607) to work on /home/airflow/.local/lib/python3.12/site-packages/airflow/example_dags/example_nested_branch_dag.py
[2024-10-16T17:25:32.879+0000] {processor.py:914} INFO - Processing file /home/airflow/.local/lib/python3.12/site-packages/airflow/example_dags/example_nested_branch_dag.py for tasks to queue
[2024-10-16T17:25:32.882+0000] {logging_mixin.py:190} INFO - [2024-10-16T17:25:32.882+0000] {dagbag.py:588} INFO - Filling up the DagBag from /home/airflow/.local/lib/python3.12/site-packages/airflow/example_dags/example_nested_branch_dag.py
[2024-10-16T17:25:32.896+0000] {processor.py:925} INFO - DAG(s) 'example_nested_branch_dag' retrieved from /home/airflow/.local/lib/python3.12/site-packages/airflow/example_dags/example_nested_branch_dag.py
[2024-10-16T17:25:32.929+0000] {logging_mixin.py:190} INFO - [2024-10-16T17:25:32.929+0000] {dag.py:3239} INFO - Sync 1 DAGs
[2024-10-16T17:25:32.965+0000] {logging_mixin.py:190} INFO - [2024-10-16T17:25:32.965+0000] {dag.py:4180} INFO - Setting next_dagrun for example_nested_branch_dag to 2024-10-15 00:00:00+00:00, run_after=2024-10-16 00:00:00+00:00
[2024-10-16T17:25:32.997+0000] {processor.py:208} INFO - Processing /home/airflow/.local/lib/python3.12/site-packages/airflow/example_dags/example_nested_branch_dag.py took 0.128 seconds
[2024-10-16T17:26:03.585+0000] {processor.py:186} INFO - Started process (PID=669) to work on /home/airflow/.local/lib/python3.12/site-packages/airflow/example_dags/example_nested_branch_dag.py
[2024-10-16T17:26:03.586+0000] {processor.py:914} INFO - Processing file /home/airflow/.local/lib/python3.12/site-packages/airflow/example_dags/example_nested_branch_dag.py for tasks to queue
[2024-10-16T17:26:03.588+0000] {logging_mixin.py:190} INFO - [2024-10-16T17:26:03.588+0000] {dagbag.py:588} INFO - Filling up the DagBag from /home/airflow/.local/lib/python3.12/site-packages/airflow/example_dags/example_nested_branch_dag.py
[2024-10-16T17:26:03.601+0000] {processor.py:925} INFO - DAG(s) 'example_nested_branch_dag' retrieved from /home/airflow/.local/lib/python3.12/site-packages/airflow/example_dags/example_nested_branch_dag.py
[2024-10-16T17:26:03.626+0000] {logging_mixin.py:190} INFO - [2024-10-16T17:26:03.626+0000] {dag.py:3239} INFO - Sync 1 DAGs
[2024-10-16T17:26:03.656+0000] {logging_mixin.py:190} INFO - [2024-10-16T17:26:03.656+0000] {dag.py:4180} INFO - Setting next_dagrun for example_nested_branch_dag to 2024-10-15 00:00:00+00:00, run_after=2024-10-16 00:00:00+00:00
[2024-10-16T17:26:03.678+0000] {processor.py:208} INFO - Processing /home/airflow/.local/lib/python3.12/site-packages/airflow/example_dags/example_nested_branch_dag.py took 0.101 seconds
[2024-10-16T17:26:33.937+0000] {processor.py:186} INFO - Started process (PID=731) to work on /home/airflow/.local/lib/python3.12/site-packages/airflow/example_dags/example_nested_branch_dag.py
[2024-10-16T17:26:33.938+0000] {processor.py:914} INFO - Processing file /home/airflow/.local/lib/python3.12/site-packages/airflow/example_dags/example_nested_branch_dag.py for tasks to queue
[2024-10-16T17:26:33.941+0000] {logging_mixin.py:190} INFO - [2024-10-16T17:26:33.941+0000] {dagbag.py:588} INFO - Filling up the DagBag from /home/airflow/.local/lib/python3.12/site-packages/airflow/example_dags/example_nested_branch_dag.py
[2024-10-16T17:26:33.954+0000] {processor.py:925} INFO - DAG(s) 'example_nested_branch_dag' retrieved from /home/airflow/.local/lib/python3.12/site-packages/airflow/example_dags/example_nested_branch_dag.py
[2024-10-16T17:26:33.982+0000] {logging_mixin.py:190} INFO - [2024-10-16T17:26:33.981+0000] {dag.py:3239} INFO - Sync 1 DAGs
[2024-10-16T17:26:34.012+0000] {logging_mixin.py:190} INFO - [2024-10-16T17:26:34.012+0000] {dag.py:4180} INFO - Setting next_dagrun for example_nested_branch_dag to 2024-10-15 00:00:00+00:00, run_after=2024-10-16 00:00:00+00:00
[2024-10-16T17:26:34.037+0000] {processor.py:208} INFO - Processing /home/airflow/.local/lib/python3.12/site-packages/airflow/example_dags/example_nested_branch_dag.py took 0.107 seconds
[2024-10-16T17:27:04.584+0000] {processor.py:186} INFO - Started process (PID=793) to work on /home/airflow/.local/lib/python3.12/site-packages/airflow/example_dags/example_nested_branch_dag.py
[2024-10-16T17:27:04.585+0000] {processor.py:914} INFO - Processing file /home/airflow/.local/lib/python3.12/site-packages/airflow/example_dags/example_nested_branch_dag.py for tasks to queue
[2024-10-16T17:27:04.588+0000] {logging_mixin.py:190} INFO - [2024-10-16T17:27:04.587+0000] {dagbag.py:588} INFO - Filling up the DagBag from /home/airflow/.local/lib/python3.12/site-packages/airflow/example_dags/example_nested_branch_dag.py
[2024-10-16T17:27:04.601+0000] {processor.py:925} INFO - DAG(s) 'example_nested_branch_dag' retrieved from /home/airflow/.local/lib/python3.12/site-packages/airflow/example_dags/example_nested_branch_dag.py
[2024-10-16T17:27:04.626+0000] {logging_mixin.py:190} INFO - [2024-10-16T17:27:04.626+0000] {dag.py:3239} INFO - Sync 1 DAGs
[2024-10-16T17:27:04.656+0000] {logging_mixin.py:190} INFO - [2024-10-16T17:27:04.655+0000] {dag.py:4180} INFO - Setting next_dagrun for example_nested_branch_dag to 2024-10-15 00:00:00+00:00, run_after=2024-10-16 00:00:00+00:00
[2024-10-16T17:27:04.679+0000] {processor.py:208} INFO - Processing /home/airflow/.local/lib/python3.12/site-packages/airflow/example_dags/example_nested_branch_dag.py took 0.102 seconds
[2024-10-16T17:27:35.180+0000] {processor.py:186} INFO - Started process (PID=855) to work on /home/airflow/.local/lib/python3.12/site-packages/airflow/example_dags/example_nested_branch_dag.py
[2024-10-16T17:27:35.181+0000] {processor.py:914} INFO - Processing file /home/airflow/.local/lib/python3.12/site-packages/airflow/example_dags/example_nested_branch_dag.py for tasks to queue
[2024-10-16T17:27:35.184+0000] {logging_mixin.py:190} INFO - [2024-10-16T17:27:35.183+0000] {dagbag.py:588} INFO - Filling up the DagBag from /home/airflow/.local/lib/python3.12/site-packages/airflow/example_dags/example_nested_branch_dag.py
[2024-10-16T17:27:35.197+0000] {processor.py:925} INFO - DAG(s) 'example_nested_branch_dag' retrieved from /home/airflow/.local/lib/python3.12/site-packages/airflow/example_dags/example_nested_branch_dag.py
[2024-10-16T17:27:35.225+0000] {logging_mixin.py:190} INFO - [2024-10-16T17:27:35.225+0000] {dag.py:3239} INFO - Sync 1 DAGs
[2024-10-16T17:27:35.259+0000] {logging_mixin.py:190} INFO - [2024-10-16T17:27:35.258+0000] {dag.py:4180} INFO - Setting next_dagrun for example_nested_branch_dag to 2024-10-15 00:00:00+00:00, run_after=2024-10-16 00:00:00+00:00
[2024-10-16T17:27:35.283+0000] {processor.py:208} INFO - Processing /home/airflow/.local/lib/python3.12/site-packages/airflow/example_dags/example_nested_branch_dag.py took 0.110 seconds
[2024-10-16T17:28:05.606+0000] {processor.py:186} INFO - Started process (PID=917) to work on /home/airflow/.local/lib/python3.12/site-packages/airflow/example_dags/example_nested_branch_dag.py
[2024-10-16T17:28:05.607+0000] {processor.py:914} INFO - Processing file /home/airflow/.local/lib/python3.12/site-packages/airflow/example_dags/example_nested_branch_dag.py for tasks to queue
[2024-10-16T17:28:05.609+0000] {logging_mixin.py:190} INFO - [2024-10-16T17:28:05.609+0000] {dagbag.py:588} INFO - Filling up the DagBag from /home/airflow/.local/lib/python3.12/site-packages/airflow/example_dags/example_nested_branch_dag.py
[2024-10-16T17:28:05.622+0000] {processor.py:925} INFO - DAG(s) 'example_nested_branch_dag' retrieved from /home/airflow/.local/lib/python3.12/site-packages/airflow/example_dags/example_nested_branch_dag.py
[2024-10-16T17:28:05.648+0000] {logging_mixin.py:190} INFO - [2024-10-16T17:28:05.648+0000] {dag.py:3239} INFO - Sync 1 DAGs
[2024-10-16T17:28:05.677+0000] {logging_mixin.py:190} INFO - [2024-10-16T17:28:05.677+0000] {dag.py:4180} INFO - Setting next_dagrun for example_nested_branch_dag to 2024-10-15 00:00:00+00:00, run_after=2024-10-16 00:00:00+00:00
[2024-10-16T17:28:05.700+0000] {processor.py:208} INFO - Processing /home/airflow/.local/lib/python3.12/site-packages/airflow/example_dags/example_nested_branch_dag.py took 0.101 seconds
[2024-10-16T17:28:36.021+0000] {processor.py:186} INFO - Started process (PID=979) to work on /home/airflow/.local/lib/python3.12/site-packages/airflow/example_dags/example_nested_branch_dag.py
[2024-10-16T17:28:36.022+0000] {processor.py:914} INFO - Processing file /home/airflow/.local/lib/python3.12/site-packages/airflow/example_dags/example_nested_branch_dag.py for tasks to queue
[2024-10-16T17:28:36.024+0000] {logging_mixin.py:190} INFO - [2024-10-16T17:28:36.024+0000] {dagbag.py:588} INFO - Filling up the DagBag from /home/airflow/.local/lib/python3.12/site-packages/airflow/example_dags/example_nested_branch_dag.py
[2024-10-16T17:28:36.039+0000] {processor.py:925} INFO - DAG(s) 'example_nested_branch_dag' retrieved from /home/airflow/.local/lib/python3.12/site-packages/airflow/example_dags/example_nested_branch_dag.py
[2024-10-16T17:28:36.070+0000] {logging_mixin.py:190} INFO - [2024-10-16T17:28:36.070+0000] {dag.py:3239} INFO - Sync 1 DAGs
[2024-10-16T17:28:36.102+0000] {logging_mixin.py:190} INFO - [2024-10-16T17:28:36.102+0000] {dag.py:4180} INFO - Setting next_dagrun for example_nested_branch_dag to 2024-10-15 00:00:00+00:00, run_after=2024-10-16 00:00:00+00:00
[2024-10-16T17:28:36.128+0000] {processor.py:208} INFO - Processing /home/airflow/.local/lib/python3.12/site-packages/airflow/example_dags/example_nested_branch_dag.py took 0.115 seconds
[2024-10-16T17:29:06.617+0000] {processor.py:186} INFO - Started process (PID=1041) to work on /home/airflow/.local/lib/python3.12/site-packages/airflow/example_dags/example_nested_branch_dag.py
[2024-10-16T17:29:06.618+0000] {processor.py:914} INFO - Processing file /home/airflow/.local/lib/python3.12/site-packages/airflow/example_dags/example_nested_branch_dag.py for tasks to queue
[2024-10-16T17:29:06.620+0000] {logging_mixin.py:190} INFO - [2024-10-16T17:29:06.620+0000] {dagbag.py:588} INFO - Filling up the DagBag from /home/airflow/.local/lib/python3.12/site-packages/airflow/example_dags/example_nested_branch_dag.py
[2024-10-16T17:29:06.633+0000] {processor.py:925} INFO - DAG(s) 'example_nested_branch_dag' retrieved from /home/airflow/.local/lib/python3.12/site-packages/airflow/example_dags/example_nested_branch_dag.py
[2024-10-16T17:29:06.659+0000] {logging_mixin.py:190} INFO - [2024-10-16T17:29:06.658+0000] {dag.py:3239} INFO - Sync 1 DAGs
[2024-10-16T17:29:06.686+0000] {logging_mixin.py:190} INFO - [2024-10-16T17:29:06.686+0000] {dag.py:4180} INFO - Setting next_dagrun for example_nested_branch_dag to 2024-10-15 00:00:00+00:00, run_after=2024-10-16 00:00:00+00:00
[2024-10-16T17:29:06.708+0000] {processor.py:208} INFO - Processing /home/airflow/.local/lib/python3.12/site-packages/airflow/example_dags/example_nested_branch_dag.py took 0.099 seconds
[2024-10-16T17:29:37.040+0000] {processor.py:186} INFO - Started process (PID=1103) to work on /home/airflow/.local/lib/python3.12/site-packages/airflow/example_dags/example_nested_branch_dag.py
[2024-10-16T17:29:37.042+0000] {processor.py:914} INFO - Processing file /home/airflow/.local/lib/python3.12/site-packages/airflow/example_dags/example_nested_branch_dag.py for tasks to queue
[2024-10-16T17:29:37.045+0000] {logging_mixin.py:190} INFO - [2024-10-16T17:29:37.044+0000] {dagbag.py:588} INFO - Filling up the DagBag from /home/airflow/.local/lib/python3.12/site-packages/airflow/example_dags/example_nested_branch_dag.py
[2024-10-16T17:29:37.061+0000] {processor.py:925} INFO - DAG(s) 'example_nested_branch_dag' retrieved from /home/airflow/.local/lib/python3.12/site-packages/airflow/example_dags/example_nested_branch_dag.py
[2024-10-16T17:29:37.087+0000] {logging_mixin.py:190} INFO - [2024-10-16T17:29:37.087+0000] {dag.py:3239} INFO - Sync 1 DAGs
[2024-10-16T17:29:37.116+0000] {logging_mixin.py:190} INFO - [2024-10-16T17:29:37.115+0000] {dag.py:4180} INFO - Setting next_dagrun for example_nested_branch_dag to 2024-10-15 00:00:00+00:00, run_after=2024-10-16 00:00:00+00:00
[2024-10-16T17:29:37.136+0000] {processor.py:208} INFO - Processing /home/airflow/.local/lib/python3.12/site-packages/airflow/example_dags/example_nested_branch_dag.py took 0.103 seconds
[2024-10-16T17:30:07.574+0000] {processor.py:186} INFO - Started process (PID=1165) to work on /home/airflow/.local/lib/python3.12/site-packages/airflow/example_dags/example_nested_branch_dag.py
[2024-10-16T17:30:07.575+0000] {processor.py:914} INFO - Processing file /home/airflow/.local/lib/python3.12/site-packages/airflow/example_dags/example_nested_branch_dag.py for tasks to queue
[2024-10-16T17:30:07.578+0000] {logging_mixin.py:190} INFO - [2024-10-16T17:30:07.577+0000] {dagbag.py:588} INFO - Filling up the DagBag from /home/airflow/.local/lib/python3.12/site-packages/airflow/example_dags/example_nested_branch_dag.py
[2024-10-16T17:30:07.591+0000] {processor.py:925} INFO - DAG(s) 'example_nested_branch_dag' retrieved from /home/airflow/.local/lib/python3.12/site-packages/airflow/example_dags/example_nested_branch_dag.py
[2024-10-16T17:30:07.622+0000] {logging_mixin.py:190} INFO - [2024-10-16T17:30:07.622+0000] {dag.py:3239} INFO - Sync 1 DAGs
[2024-10-16T17:30:07.651+0000] {logging_mixin.py:190} INFO - [2024-10-16T17:30:07.651+0000] {dag.py:4180} INFO - Setting next_dagrun for example_nested_branch_dag to 2024-10-15 00:00:00+00:00, run_after=2024-10-16 00:00:00+00:00
[2024-10-16T17:30:07.675+0000] {processor.py:208} INFO - Processing /home/airflow/.local/lib/python3.12/site-packages/airflow/example_dags/example_nested_branch_dag.py took 0.108 seconds
