[2024-10-16T16:38:06.241+0000] {processor.py:186} INFO - Started process (PID=97) to work on /home/airflow/.local/lib/python3.12/site-packages/airflow/example_dags/example_subdag_operator.py
[2024-10-16T16:38:06.242+0000] {processor.py:914} INFO - Processing file /home/airflow/.local/lib/python3.12/site-packages/airflow/example_dags/example_subdag_operator.py for tasks to queue
[2024-10-16T16:38:06.245+0000] {logging_mixin.py:190} INFO - [2024-10-16T16:38:06.245+0000] {dagbag.py:588} INFO - Filling up the DagBag from /home/airflow/.local/lib/python3.12/site-packages/airflow/example_dags/example_subdag_operator.py
[2024-10-16T16:38:06.276+0000] {processor.py:925} INFO - DAG(s) 'example_subdag_operator.section-1', 'example_subdag_operator.section-2', 'example_subdag_operator' retrieved from /home/airflow/.local/lib/python3.12/site-packages/airflow/example_dags/example_subdag_operator.py
[2024-10-16T16:38:06.418+0000] {logging_mixin.py:190} INFO - [2024-10-16T16:38:06.417+0000] {override.py:1900} INFO - Created Permission View: can delete on DAG:example_subdag_operator
[2024-10-16T16:38:06.431+0000] {logging_mixin.py:190} INFO - [2024-10-16T16:38:06.430+0000] {override.py:1900} INFO - Created Permission View: can edit on DAG:example_subdag_operator
[2024-10-16T16:38:06.439+0000] {logging_mixin.py:190} INFO - [2024-10-16T16:38:06.439+0000] {override.py:1900} INFO - Created Permission View: can read on DAG:example_subdag_operator
[2024-10-16T16:38:06.449+0000] {logging_mixin.py:190} INFO - [2024-10-16T16:38:06.448+0000] {override.py:1900} INFO - Created Permission View: menu access on DAG Run:example_subdag_operator
[2024-10-16T16:38:06.458+0000] {logging_mixin.py:190} INFO - [2024-10-16T16:38:06.458+0000] {override.py:1900} INFO - Created Permission View: can create on DAG Run:example_subdag_operator
[2024-10-16T16:38:06.469+0000] {logging_mixin.py:190} INFO - [2024-10-16T16:38:06.468+0000] {override.py:1900} INFO - Created Permission View: can delete on DAG Run:example_subdag_operator
[2024-10-16T16:38:06.479+0000] {logging_mixin.py:190} INFO - [2024-10-16T16:38:06.479+0000] {override.py:1900} INFO - Created Permission View: can read on DAG Run:example_subdag_operator
[2024-10-16T16:38:06.480+0000] {logging_mixin.py:190} INFO - [2024-10-16T16:38:06.480+0000] {dag.py:3239} INFO - Sync 3 DAGs
[2024-10-16T16:38:06.499+0000] {logging_mixin.py:190} INFO - [2024-10-16T16:38:06.499+0000] {dag.py:3262} INFO - Creating ORM DAG for example_subdag_operator.section-2
[2024-10-16T16:38:06.500+0000] {logging_mixin.py:190} INFO - [2024-10-16T16:38:06.500+0000] {dag.py:3262} INFO - Creating ORM DAG for example_subdag_operator.section-1
[2024-10-16T16:38:06.501+0000] {logging_mixin.py:190} INFO - [2024-10-16T16:38:06.501+0000] {dag.py:3262} INFO - Creating ORM DAG for example_subdag_operator
[2024-10-16T16:38:06.515+0000] {logging_mixin.py:190} INFO - [2024-10-16T16:38:06.514+0000] {dag.py:4180} INFO - Setting next_dagrun for example_subdag_operator to 2022-01-01 00:00:00+00:00, run_after=2022-01-01 00:00:00+00:00
[2024-10-16T16:38:06.516+0000] {logging_mixin.py:190} INFO - [2024-10-16T16:38:06.516+0000] {dag.py:4180} INFO - Setting next_dagrun for example_subdag_operator.section-1 to None, run_after=None
[2024-10-16T16:38:06.517+0000] {logging_mixin.py:190} INFO - [2024-10-16T16:38:06.517+0000] {dag.py:4180} INFO - Setting next_dagrun for example_subdag_operator.section-2 to None, run_after=None
[2024-10-16T16:38:06.531+0000] {logging_mixin.py:190} INFO - [2024-10-16T16:38:06.530+0000] {dag.py:3239} INFO - Sync 2 DAGs
[2024-10-16T16:38:06.538+0000] {logging_mixin.py:190} INFO - [2024-10-16T16:38:06.537+0000] {dag.py:4180} INFO - Setting next_dagrun for example_subdag_operator.section-1 to None, run_after=None
[2024-10-16T16:38:06.543+0000] {logging_mixin.py:190} INFO - [2024-10-16T16:38:06.542+0000] {dag.py:4180} INFO - Setting next_dagrun for example_subdag_operator.section-2 to None, run_after=None
[2024-10-16T16:38:06.557+0000] {processor.py:208} INFO - Processing /home/airflow/.local/lib/python3.12/site-packages/airflow/example_dags/example_subdag_operator.py took 0.323 seconds
[2024-10-16T16:38:37.361+0000] {processor.py:186} INFO - Started process (PID=159) to work on /home/airflow/.local/lib/python3.12/site-packages/airflow/example_dags/example_subdag_operator.py
[2024-10-16T16:38:37.362+0000] {processor.py:914} INFO - Processing file /home/airflow/.local/lib/python3.12/site-packages/airflow/example_dags/example_subdag_operator.py for tasks to queue
[2024-10-16T16:38:37.365+0000] {logging_mixin.py:190} INFO - [2024-10-16T16:38:37.364+0000] {dagbag.py:588} INFO - Filling up the DagBag from /home/airflow/.local/lib/python3.12/site-packages/airflow/example_dags/example_subdag_operator.py
[2024-10-16T16:38:37.413+0000] {processor.py:925} INFO - DAG(s) 'example_subdag_operator.section-1', 'example_subdag_operator.section-2', 'example_subdag_operator' retrieved from /home/airflow/.local/lib/python3.12/site-packages/airflow/example_dags/example_subdag_operator.py
[2024-10-16T16:38:37.461+0000] {logging_mixin.py:190} INFO - [2024-10-16T16:38:37.460+0000] {dag.py:3239} INFO - Sync 3 DAGs
[2024-10-16T16:38:37.528+0000] {logging_mixin.py:190} INFO - [2024-10-16T16:38:37.527+0000] {dag.py:4180} INFO - Setting next_dagrun for example_subdag_operator to 2022-01-01 00:00:00+00:00, run_after=2022-01-01 00:00:00+00:00
[2024-10-16T16:38:37.536+0000] {logging_mixin.py:190} INFO - [2024-10-16T16:38:37.536+0000] {dag.py:4180} INFO - Setting next_dagrun for example_subdag_operator.section-1 to None, run_after=None
[2024-10-16T16:38:37.542+0000] {logging_mixin.py:190} INFO - [2024-10-16T16:38:37.542+0000] {dag.py:4180} INFO - Setting next_dagrun for example_subdag_operator.section-2 to None, run_after=None
[2024-10-16T16:38:37.561+0000] {logging_mixin.py:190} INFO - [2024-10-16T16:38:37.561+0000] {dag.py:3239} INFO - Sync 2 DAGs
[2024-10-16T16:38:37.575+0000] {logging_mixin.py:190} INFO - [2024-10-16T16:38:37.575+0000] {dag.py:4180} INFO - Setting next_dagrun for example_subdag_operator.section-1 to None, run_after=None
[2024-10-16T16:38:37.576+0000] {logging_mixin.py:190} INFO - [2024-10-16T16:38:37.576+0000] {dag.py:4180} INFO - Setting next_dagrun for example_subdag_operator.section-2 to None, run_after=None
[2024-10-16T16:38:37.605+0000] {processor.py:208} INFO - Processing /home/airflow/.local/lib/python3.12/site-packages/airflow/example_dags/example_subdag_operator.py took 0.251 seconds
[2024-10-16T16:39:07.950+0000] {processor.py:186} INFO - Started process (PID=221) to work on /home/airflow/.local/lib/python3.12/site-packages/airflow/example_dags/example_subdag_operator.py
[2024-10-16T16:39:07.951+0000] {processor.py:914} INFO - Processing file /home/airflow/.local/lib/python3.12/site-packages/airflow/example_dags/example_subdag_operator.py for tasks to queue
[2024-10-16T16:39:07.954+0000] {logging_mixin.py:190} INFO - [2024-10-16T16:39:07.954+0000] {dagbag.py:588} INFO - Filling up the DagBag from /home/airflow/.local/lib/python3.12/site-packages/airflow/example_dags/example_subdag_operator.py
[2024-10-16T16:39:07.996+0000] {processor.py:925} INFO - DAG(s) 'example_subdag_operator.section-1', 'example_subdag_operator.section-2', 'example_subdag_operator' retrieved from /home/airflow/.local/lib/python3.12/site-packages/airflow/example_dags/example_subdag_operator.py
[2024-10-16T16:39:08.017+0000] {logging_mixin.py:190} INFO - [2024-10-16T16:39:08.016+0000] {dag.py:3239} INFO - Sync 3 DAGs
[2024-10-16T16:39:08.045+0000] {logging_mixin.py:190} INFO - [2024-10-16T16:39:08.045+0000] {dag.py:4180} INFO - Setting next_dagrun for example_subdag_operator to 2022-01-01 00:00:00+00:00, run_after=2022-01-01 00:00:00+00:00
[2024-10-16T16:39:08.050+0000] {logging_mixin.py:190} INFO - [2024-10-16T16:39:08.050+0000] {dag.py:4180} INFO - Setting next_dagrun for example_subdag_operator.section-1 to None, run_after=None
[2024-10-16T16:39:08.053+0000] {logging_mixin.py:190} INFO - [2024-10-16T16:39:08.053+0000] {dag.py:4180} INFO - Setting next_dagrun for example_subdag_operator.section-2 to None, run_after=None
[2024-10-16T16:39:08.065+0000] {logging_mixin.py:190} INFO - [2024-10-16T16:39:08.065+0000] {dag.py:3239} INFO - Sync 2 DAGs
[2024-10-16T16:39:08.074+0000] {logging_mixin.py:190} INFO - [2024-10-16T16:39:08.074+0000] {dag.py:4180} INFO - Setting next_dagrun for example_subdag_operator.section-1 to None, run_after=None
[2024-10-16T16:39:08.075+0000] {logging_mixin.py:190} INFO - [2024-10-16T16:39:08.075+0000] {dag.py:4180} INFO - Setting next_dagrun for example_subdag_operator.section-2 to None, run_after=None
[2024-10-16T16:39:08.089+0000] {processor.py:208} INFO - Processing /home/airflow/.local/lib/python3.12/site-packages/airflow/example_dags/example_subdag_operator.py took 0.147 seconds
[2024-10-16T16:39:38.490+0000] {processor.py:186} INFO - Started process (PID=283) to work on /home/airflow/.local/lib/python3.12/site-packages/airflow/example_dags/example_subdag_operator.py
[2024-10-16T16:39:38.491+0000] {processor.py:914} INFO - Processing file /home/airflow/.local/lib/python3.12/site-packages/airflow/example_dags/example_subdag_operator.py for tasks to queue
[2024-10-16T16:39:38.494+0000] {logging_mixin.py:190} INFO - [2024-10-16T16:39:38.493+0000] {dagbag.py:588} INFO - Filling up the DagBag from /home/airflow/.local/lib/python3.12/site-packages/airflow/example_dags/example_subdag_operator.py
[2024-10-16T16:39:38.522+0000] {processor.py:925} INFO - DAG(s) 'example_subdag_operator.section-1', 'example_subdag_operator.section-2', 'example_subdag_operator' retrieved from /home/airflow/.local/lib/python3.12/site-packages/airflow/example_dags/example_subdag_operator.py
[2024-10-16T16:39:38.542+0000] {logging_mixin.py:190} INFO - [2024-10-16T16:39:38.541+0000] {dag.py:3239} INFO - Sync 3 DAGs
[2024-10-16T16:39:38.571+0000] {logging_mixin.py:190} INFO - [2024-10-16T16:39:38.571+0000] {dag.py:4180} INFO - Setting next_dagrun for example_subdag_operator to 2022-01-01 00:00:00+00:00, run_after=2022-01-01 00:00:00+00:00
[2024-10-16T16:39:38.577+0000] {logging_mixin.py:190} INFO - [2024-10-16T16:39:38.576+0000] {dag.py:4180} INFO - Setting next_dagrun for example_subdag_operator.section-1 to None, run_after=None
[2024-10-16T16:39:38.579+0000] {logging_mixin.py:190} INFO - [2024-10-16T16:39:38.579+0000] {dag.py:4180} INFO - Setting next_dagrun for example_subdag_operator.section-2 to None, run_after=None
[2024-10-16T16:39:38.590+0000] {logging_mixin.py:190} INFO - [2024-10-16T16:39:38.589+0000] {dag.py:3239} INFO - Sync 2 DAGs
[2024-10-16T16:39:38.597+0000] {logging_mixin.py:190} INFO - [2024-10-16T16:39:38.597+0000] {dag.py:4180} INFO - Setting next_dagrun for example_subdag_operator.section-1 to None, run_after=None
[2024-10-16T16:39:38.598+0000] {logging_mixin.py:190} INFO - [2024-10-16T16:39:38.597+0000] {dag.py:4180} INFO - Setting next_dagrun for example_subdag_operator.section-2 to None, run_after=None
[2024-10-16T16:39:38.610+0000] {processor.py:208} INFO - Processing /home/airflow/.local/lib/python3.12/site-packages/airflow/example_dags/example_subdag_operator.py took 0.128 seconds
[2024-10-16T16:40:09.157+0000] {processor.py:186} INFO - Started process (PID=346) to work on /home/airflow/.local/lib/python3.12/site-packages/airflow/example_dags/example_subdag_operator.py
[2024-10-16T16:40:09.158+0000] {processor.py:914} INFO - Processing file /home/airflow/.local/lib/python3.12/site-packages/airflow/example_dags/example_subdag_operator.py for tasks to queue
[2024-10-16T16:40:09.161+0000] {logging_mixin.py:190} INFO - [2024-10-16T16:40:09.160+0000] {dagbag.py:588} INFO - Filling up the DagBag from /home/airflow/.local/lib/python3.12/site-packages/airflow/example_dags/example_subdag_operator.py
[2024-10-16T16:40:09.199+0000] {processor.py:925} INFO - DAG(s) 'example_subdag_operator.section-1', 'example_subdag_operator.section-2', 'example_subdag_operator' retrieved from /home/airflow/.local/lib/python3.12/site-packages/airflow/example_dags/example_subdag_operator.py
[2024-10-16T16:40:09.219+0000] {logging_mixin.py:190} INFO - [2024-10-16T16:40:09.219+0000] {dag.py:3239} INFO - Sync 3 DAGs
[2024-10-16T16:40:09.251+0000] {logging_mixin.py:190} INFO - [2024-10-16T16:40:09.251+0000] {dag.py:4180} INFO - Setting next_dagrun for example_subdag_operator to 2022-01-01 00:00:00+00:00, run_after=2022-01-01 00:00:00+00:00
[2024-10-16T16:40:09.257+0000] {logging_mixin.py:190} INFO - [2024-10-16T16:40:09.257+0000] {dag.py:4180} INFO - Setting next_dagrun for example_subdag_operator.section-1 to None, run_after=None
[2024-10-16T16:40:09.260+0000] {logging_mixin.py:190} INFO - [2024-10-16T16:40:09.259+0000] {dag.py:4180} INFO - Setting next_dagrun for example_subdag_operator.section-2 to None, run_after=None
[2024-10-16T16:40:09.268+0000] {logging_mixin.py:190} INFO - [2024-10-16T16:40:09.267+0000] {dag.py:3239} INFO - Sync 2 DAGs
[2024-10-16T16:40:09.276+0000] {logging_mixin.py:190} INFO - [2024-10-16T16:40:09.275+0000] {dag.py:4180} INFO - Setting next_dagrun for example_subdag_operator.section-1 to None, run_after=None
[2024-10-16T16:40:09.277+0000] {logging_mixin.py:190} INFO - [2024-10-16T16:40:09.276+0000] {dag.py:4180} INFO - Setting next_dagrun for example_subdag_operator.section-2 to None, run_after=None
[2024-10-16T16:40:09.290+0000] {processor.py:208} INFO - Processing /home/airflow/.local/lib/python3.12/site-packages/airflow/example_dags/example_subdag_operator.py took 0.141 seconds
[2024-10-16T16:40:39.636+0000] {processor.py:186} INFO - Started process (PID=408) to work on /home/airflow/.local/lib/python3.12/site-packages/airflow/example_dags/example_subdag_operator.py
[2024-10-16T16:40:39.638+0000] {processor.py:914} INFO - Processing file /home/airflow/.local/lib/python3.12/site-packages/airflow/example_dags/example_subdag_operator.py for tasks to queue
[2024-10-16T16:40:39.641+0000] {logging_mixin.py:190} INFO - [2024-10-16T16:40:39.640+0000] {dagbag.py:588} INFO - Filling up the DagBag from /home/airflow/.local/lib/python3.12/site-packages/airflow/example_dags/example_subdag_operator.py
[2024-10-16T16:40:39.670+0000] {processor.py:925} INFO - DAG(s) 'example_subdag_operator.section-1', 'example_subdag_operator.section-2', 'example_subdag_operator' retrieved from /home/airflow/.local/lib/python3.12/site-packages/airflow/example_dags/example_subdag_operator.py
[2024-10-16T16:40:39.689+0000] {logging_mixin.py:190} INFO - [2024-10-16T16:40:39.688+0000] {dag.py:3239} INFO - Sync 3 DAGs
[2024-10-16T16:40:39.718+0000] {logging_mixin.py:190} INFO - [2024-10-16T16:40:39.717+0000] {dag.py:4180} INFO - Setting next_dagrun for example_subdag_operator to 2022-01-01 00:00:00+00:00, run_after=2022-01-01 00:00:00+00:00
[2024-10-16T16:40:39.723+0000] {logging_mixin.py:190} INFO - [2024-10-16T16:40:39.723+0000] {dag.py:4180} INFO - Setting next_dagrun for example_subdag_operator.section-1 to None, run_after=None
[2024-10-16T16:40:39.725+0000] {logging_mixin.py:190} INFO - [2024-10-16T16:40:39.725+0000] {dag.py:4180} INFO - Setting next_dagrun for example_subdag_operator.section-2 to None, run_after=None
[2024-10-16T16:40:39.736+0000] {logging_mixin.py:190} INFO - [2024-10-16T16:40:39.735+0000] {dag.py:3239} INFO - Sync 2 DAGs
[2024-10-16T16:40:39.744+0000] {logging_mixin.py:190} INFO - [2024-10-16T16:40:39.744+0000] {dag.py:4180} INFO - Setting next_dagrun for example_subdag_operator.section-1 to None, run_after=None
[2024-10-16T16:40:39.744+0000] {logging_mixin.py:190} INFO - [2024-10-16T16:40:39.744+0000] {dag.py:4180} INFO - Setting next_dagrun for example_subdag_operator.section-2 to None, run_after=None
[2024-10-16T16:40:39.757+0000] {processor.py:208} INFO - Processing /home/airflow/.local/lib/python3.12/site-packages/airflow/example_dags/example_subdag_operator.py took 0.128 seconds
[2024-10-16T16:41:10.185+0000] {processor.py:186} INFO - Started process (PID=470) to work on /home/airflow/.local/lib/python3.12/site-packages/airflow/example_dags/example_subdag_operator.py
[2024-10-16T16:41:10.186+0000] {processor.py:914} INFO - Processing file /home/airflow/.local/lib/python3.12/site-packages/airflow/example_dags/example_subdag_operator.py for tasks to queue
[2024-10-16T16:41:10.189+0000] {logging_mixin.py:190} INFO - [2024-10-16T16:41:10.189+0000] {dagbag.py:588} INFO - Filling up the DagBag from /home/airflow/.local/lib/python3.12/site-packages/airflow/example_dags/example_subdag_operator.py
[2024-10-16T16:41:10.221+0000] {processor.py:925} INFO - DAG(s) 'example_subdag_operator.section-1', 'example_subdag_operator.section-2', 'example_subdag_operator' retrieved from /home/airflow/.local/lib/python3.12/site-packages/airflow/example_dags/example_subdag_operator.py
[2024-10-16T16:41:10.241+0000] {logging_mixin.py:190} INFO - [2024-10-16T16:41:10.241+0000] {dag.py:3239} INFO - Sync 3 DAGs
[2024-10-16T16:41:10.277+0000] {logging_mixin.py:190} INFO - [2024-10-16T16:41:10.276+0000] {dag.py:4180} INFO - Setting next_dagrun for example_subdag_operator to 2022-01-01 00:00:00+00:00, run_after=2022-01-01 00:00:00+00:00
[2024-10-16T16:41:10.283+0000] {logging_mixin.py:190} INFO - [2024-10-16T16:41:10.283+0000] {dag.py:4180} INFO - Setting next_dagrun for example_subdag_operator.section-1 to None, run_after=None
[2024-10-16T16:41:10.286+0000] {logging_mixin.py:190} INFO - [2024-10-16T16:41:10.286+0000] {dag.py:4180} INFO - Setting next_dagrun for example_subdag_operator.section-2 to None, run_after=None
[2024-10-16T16:41:10.297+0000] {logging_mixin.py:190} INFO - [2024-10-16T16:41:10.297+0000] {dag.py:3239} INFO - Sync 2 DAGs
[2024-10-16T16:41:10.310+0000] {logging_mixin.py:190} INFO - [2024-10-16T16:41:10.310+0000] {dag.py:4180} INFO - Setting next_dagrun for example_subdag_operator.section-1 to None, run_after=None
[2024-10-16T16:41:10.311+0000] {logging_mixin.py:190} INFO - [2024-10-16T16:41:10.311+0000] {dag.py:4180} INFO - Setting next_dagrun for example_subdag_operator.section-2 to None, run_after=None
[2024-10-16T16:41:10.325+0000] {processor.py:208} INFO - Processing /home/airflow/.local/lib/python3.12/site-packages/airflow/example_dags/example_subdag_operator.py took 0.148 seconds
[2024-10-16T16:41:40.771+0000] {processor.py:186} INFO - Started process (PID=533) to work on /home/airflow/.local/lib/python3.12/site-packages/airflow/example_dags/example_subdag_operator.py
[2024-10-16T16:41:40.772+0000] {processor.py:914} INFO - Processing file /home/airflow/.local/lib/python3.12/site-packages/airflow/example_dags/example_subdag_operator.py for tasks to queue
[2024-10-16T16:41:40.774+0000] {logging_mixin.py:190} INFO - [2024-10-16T16:41:40.774+0000] {dagbag.py:588} INFO - Filling up the DagBag from /home/airflow/.local/lib/python3.12/site-packages/airflow/example_dags/example_subdag_operator.py
[2024-10-16T16:41:40.802+0000] {processor.py:925} INFO - DAG(s) 'example_subdag_operator.section-1', 'example_subdag_operator.section-2', 'example_subdag_operator' retrieved from /home/airflow/.local/lib/python3.12/site-packages/airflow/example_dags/example_subdag_operator.py
[2024-10-16T16:41:40.821+0000] {logging_mixin.py:190} INFO - [2024-10-16T16:41:40.820+0000] {dag.py:3239} INFO - Sync 3 DAGs
[2024-10-16T16:41:40.847+0000] {logging_mixin.py:190} INFO - [2024-10-16T16:41:40.847+0000] {dag.py:4180} INFO - Setting next_dagrun for example_subdag_operator to 2022-01-01 00:00:00+00:00, run_after=2022-01-01 00:00:00+00:00
[2024-10-16T16:41:40.852+0000] {logging_mixin.py:190} INFO - [2024-10-16T16:41:40.852+0000] {dag.py:4180} INFO - Setting next_dagrun for example_subdag_operator.section-1 to None, run_after=None
[2024-10-16T16:41:40.854+0000] {logging_mixin.py:190} INFO - [2024-10-16T16:41:40.854+0000] {dag.py:4180} INFO - Setting next_dagrun for example_subdag_operator.section-2 to None, run_after=None
[2024-10-16T16:41:40.863+0000] {logging_mixin.py:190} INFO - [2024-10-16T16:41:40.863+0000] {dag.py:3239} INFO - Sync 2 DAGs
[2024-10-16T16:41:40.871+0000] {logging_mixin.py:190} INFO - [2024-10-16T16:41:40.871+0000] {dag.py:4180} INFO - Setting next_dagrun for example_subdag_operator.section-1 to None, run_after=None
[2024-10-16T16:41:40.872+0000] {logging_mixin.py:190} INFO - [2024-10-16T16:41:40.872+0000] {dag.py:4180} INFO - Setting next_dagrun for example_subdag_operator.section-2 to None, run_after=None
[2024-10-16T16:41:40.887+0000] {processor.py:208} INFO - Processing /home/airflow/.local/lib/python3.12/site-packages/airflow/example_dags/example_subdag_operator.py took 0.123 seconds
[2024-10-16T16:42:11.044+0000] {processor.py:186} INFO - Started process (PID=595) to work on /home/airflow/.local/lib/python3.12/site-packages/airflow/example_dags/example_subdag_operator.py
[2024-10-16T16:42:11.045+0000] {processor.py:914} INFO - Processing file /home/airflow/.local/lib/python3.12/site-packages/airflow/example_dags/example_subdag_operator.py for tasks to queue
[2024-10-16T16:42:11.048+0000] {logging_mixin.py:190} INFO - [2024-10-16T16:42:11.048+0000] {dagbag.py:588} INFO - Filling up the DagBag from /home/airflow/.local/lib/python3.12/site-packages/airflow/example_dags/example_subdag_operator.py
[2024-10-16T16:42:11.077+0000] {processor.py:925} INFO - DAG(s) 'example_subdag_operator.section-1', 'example_subdag_operator.section-2', 'example_subdag_operator' retrieved from /home/airflow/.local/lib/python3.12/site-packages/airflow/example_dags/example_subdag_operator.py
[2024-10-16T16:42:11.096+0000] {logging_mixin.py:190} INFO - [2024-10-16T16:42:11.096+0000] {dag.py:3239} INFO - Sync 3 DAGs
[2024-10-16T16:42:11.123+0000] {logging_mixin.py:190} INFO - [2024-10-16T16:42:11.123+0000] {dag.py:4180} INFO - Setting next_dagrun for example_subdag_operator to 2022-01-01 00:00:00+00:00, run_after=2022-01-01 00:00:00+00:00
[2024-10-16T16:42:11.128+0000] {logging_mixin.py:190} INFO - [2024-10-16T16:42:11.128+0000] {dag.py:4180} INFO - Setting next_dagrun for example_subdag_operator.section-1 to None, run_after=None
[2024-10-16T16:42:11.130+0000] {logging_mixin.py:190} INFO - [2024-10-16T16:42:11.130+0000] {dag.py:4180} INFO - Setting next_dagrun for example_subdag_operator.section-2 to None, run_after=None
[2024-10-16T16:42:11.138+0000] {logging_mixin.py:190} INFO - [2024-10-16T16:42:11.138+0000] {dag.py:3239} INFO - Sync 2 DAGs
[2024-10-16T16:42:11.145+0000] {logging_mixin.py:190} INFO - [2024-10-16T16:42:11.145+0000] {dag.py:4180} INFO - Setting next_dagrun for example_subdag_operator.section-1 to None, run_after=None
[2024-10-16T16:42:11.146+0000] {logging_mixin.py:190} INFO - [2024-10-16T16:42:11.146+0000] {dag.py:4180} INFO - Setting next_dagrun for example_subdag_operator.section-2 to None, run_after=None
[2024-10-16T16:42:11.160+0000] {processor.py:208} INFO - Processing /home/airflow/.local/lib/python3.12/site-packages/airflow/example_dags/example_subdag_operator.py took 0.123 seconds
[2024-10-16T16:42:41.207+0000] {processor.py:186} INFO - Started process (PID=656) to work on /home/airflow/.local/lib/python3.12/site-packages/airflow/example_dags/example_subdag_operator.py
[2024-10-16T16:42:41.209+0000] {processor.py:914} INFO - Processing file /home/airflow/.local/lib/python3.12/site-packages/airflow/example_dags/example_subdag_operator.py for tasks to queue
[2024-10-16T16:42:41.211+0000] {logging_mixin.py:190} INFO - [2024-10-16T16:42:41.211+0000] {dagbag.py:588} INFO - Filling up the DagBag from /home/airflow/.local/lib/python3.12/site-packages/airflow/example_dags/example_subdag_operator.py
[2024-10-16T16:42:41.240+0000] {processor.py:925} INFO - DAG(s) 'example_subdag_operator.section-1', 'example_subdag_operator.section-2', 'example_subdag_operator' retrieved from /home/airflow/.local/lib/python3.12/site-packages/airflow/example_dags/example_subdag_operator.py
[2024-10-16T16:42:41.259+0000] {logging_mixin.py:190} INFO - [2024-10-16T16:42:41.258+0000] {dag.py:3239} INFO - Sync 3 DAGs
[2024-10-16T16:42:41.287+0000] {logging_mixin.py:190} INFO - [2024-10-16T16:42:41.287+0000] {dag.py:4180} INFO - Setting next_dagrun for example_subdag_operator to 2022-01-01 00:00:00+00:00, run_after=2022-01-01 00:00:00+00:00
[2024-10-16T16:42:41.292+0000] {logging_mixin.py:190} INFO - [2024-10-16T16:42:41.291+0000] {dag.py:4180} INFO - Setting next_dagrun for example_subdag_operator.section-1 to None, run_after=None
[2024-10-16T16:42:41.294+0000] {logging_mixin.py:190} INFO - [2024-10-16T16:42:41.293+0000] {dag.py:4180} INFO - Setting next_dagrun for example_subdag_operator.section-2 to None, run_after=None
[2024-10-16T16:42:41.303+0000] {logging_mixin.py:190} INFO - [2024-10-16T16:42:41.303+0000] {dag.py:3239} INFO - Sync 2 DAGs
[2024-10-16T16:42:41.311+0000] {logging_mixin.py:190} INFO - [2024-10-16T16:42:41.311+0000] {dag.py:4180} INFO - Setting next_dagrun for example_subdag_operator.section-1 to None, run_after=None
[2024-10-16T16:42:41.312+0000] {logging_mixin.py:190} INFO - [2024-10-16T16:42:41.312+0000] {dag.py:4180} INFO - Setting next_dagrun for example_subdag_operator.section-2 to None, run_after=None
[2024-10-16T16:42:41.327+0000] {processor.py:208} INFO - Processing /home/airflow/.local/lib/python3.12/site-packages/airflow/example_dags/example_subdag_operator.py took 0.126 seconds
[2024-10-16T17:21:24.020+0000] {processor.py:186} INFO - Started process (PID=88) to work on /home/airflow/.local/lib/python3.12/site-packages/airflow/example_dags/example_subdag_operator.py
[2024-10-16T17:21:24.021+0000] {processor.py:914} INFO - Processing file /home/airflow/.local/lib/python3.12/site-packages/airflow/example_dags/example_subdag_operator.py for tasks to queue
[2024-10-16T17:21:24.025+0000] {logging_mixin.py:190} INFO - [2024-10-16T17:21:24.024+0000] {dagbag.py:588} INFO - Filling up the DagBag from /home/airflow/.local/lib/python3.12/site-packages/airflow/example_dags/example_subdag_operator.py
[2024-10-16T17:21:24.059+0000] {processor.py:925} INFO - DAG(s) 'example_subdag_operator.section-1', 'example_subdag_operator.section-2', 'example_subdag_operator' retrieved from /home/airflow/.local/lib/python3.12/site-packages/airflow/example_dags/example_subdag_operator.py
[2024-10-16T17:21:24.084+0000] {logging_mixin.py:190} INFO - [2024-10-16T17:21:24.084+0000] {dag.py:3239} INFO - Sync 3 DAGs
[2024-10-16T17:21:24.124+0000] {logging_mixin.py:190} INFO - [2024-10-16T17:21:24.124+0000] {dag.py:4180} INFO - Setting next_dagrun for example_subdag_operator to 2022-01-01 00:00:00+00:00, run_after=2022-01-01 00:00:00+00:00
[2024-10-16T17:21:24.130+0000] {logging_mixin.py:190} INFO - [2024-10-16T17:21:24.129+0000] {dag.py:4180} INFO - Setting next_dagrun for example_subdag_operator.section-1 to None, run_after=None
[2024-10-16T17:21:24.132+0000] {logging_mixin.py:190} INFO - [2024-10-16T17:21:24.131+0000] {dag.py:4180} INFO - Setting next_dagrun for example_subdag_operator.section-2 to None, run_after=None
[2024-10-16T17:21:24.142+0000] {logging_mixin.py:190} INFO - [2024-10-16T17:21:24.142+0000] {dag.py:3239} INFO - Sync 2 DAGs
[2024-10-16T17:21:24.150+0000] {logging_mixin.py:190} INFO - [2024-10-16T17:21:24.150+0000] {dag.py:4180} INFO - Setting next_dagrun for example_subdag_operator.section-1 to None, run_after=None
[2024-10-16T17:21:24.151+0000] {logging_mixin.py:190} INFO - [2024-10-16T17:21:24.151+0000] {dag.py:4180} INFO - Setting next_dagrun for example_subdag_operator.section-2 to None, run_after=None
[2024-10-16T17:21:24.175+0000] {processor.py:208} INFO - Processing /home/airflow/.local/lib/python3.12/site-packages/airflow/example_dags/example_subdag_operator.py took 0.162 seconds
[2024-10-16T17:21:54.952+0000] {processor.py:186} INFO - Started process (PID=150) to work on /home/airflow/.local/lib/python3.12/site-packages/airflow/example_dags/example_subdag_operator.py
[2024-10-16T17:21:54.953+0000] {processor.py:914} INFO - Processing file /home/airflow/.local/lib/python3.12/site-packages/airflow/example_dags/example_subdag_operator.py for tasks to queue
[2024-10-16T17:21:54.956+0000] {logging_mixin.py:190} INFO - [2024-10-16T17:21:54.956+0000] {dagbag.py:588} INFO - Filling up the DagBag from /home/airflow/.local/lib/python3.12/site-packages/airflow/example_dags/example_subdag_operator.py
[2024-10-16T17:21:54.984+0000] {processor.py:925} INFO - DAG(s) 'example_subdag_operator.section-1', 'example_subdag_operator.section-2', 'example_subdag_operator' retrieved from /home/airflow/.local/lib/python3.12/site-packages/airflow/example_dags/example_subdag_operator.py
[2024-10-16T17:21:55.005+0000] {logging_mixin.py:190} INFO - [2024-10-16T17:21:55.005+0000] {dag.py:3239} INFO - Sync 3 DAGs
[2024-10-16T17:21:55.035+0000] {logging_mixin.py:190} INFO - [2024-10-16T17:21:55.034+0000] {dag.py:4180} INFO - Setting next_dagrun for example_subdag_operator to 2022-01-01 00:00:00+00:00, run_after=2022-01-01 00:00:00+00:00
[2024-10-16T17:21:55.040+0000] {logging_mixin.py:190} INFO - [2024-10-16T17:21:55.040+0000] {dag.py:4180} INFO - Setting next_dagrun for example_subdag_operator.section-1 to None, run_after=None
[2024-10-16T17:21:55.042+0000] {logging_mixin.py:190} INFO - [2024-10-16T17:21:55.042+0000] {dag.py:4180} INFO - Setting next_dagrun for example_subdag_operator.section-2 to None, run_after=None
[2024-10-16T17:21:55.052+0000] {logging_mixin.py:190} INFO - [2024-10-16T17:21:55.052+0000] {dag.py:3239} INFO - Sync 2 DAGs
[2024-10-16T17:21:55.059+0000] {logging_mixin.py:190} INFO - [2024-10-16T17:21:55.059+0000] {dag.py:4180} INFO - Setting next_dagrun for example_subdag_operator.section-1 to None, run_after=None
[2024-10-16T17:21:55.060+0000] {logging_mixin.py:190} INFO - [2024-10-16T17:21:55.060+0000] {dag.py:4180} INFO - Setting next_dagrun for example_subdag_operator.section-2 to None, run_after=None
[2024-10-16T17:21:55.073+0000] {processor.py:208} INFO - Processing /home/airflow/.local/lib/python3.12/site-packages/airflow/example_dags/example_subdag_operator.py took 0.128 seconds
[2024-10-16T17:22:25.973+0000] {processor.py:186} INFO - Started process (PID=212) to work on /home/airflow/.local/lib/python3.12/site-packages/airflow/example_dags/example_subdag_operator.py
[2024-10-16T17:22:25.974+0000] {processor.py:914} INFO - Processing file /home/airflow/.local/lib/python3.12/site-packages/airflow/example_dags/example_subdag_operator.py for tasks to queue
[2024-10-16T17:22:25.977+0000] {logging_mixin.py:190} INFO - [2024-10-16T17:22:25.977+0000] {dagbag.py:588} INFO - Filling up the DagBag from /home/airflow/.local/lib/python3.12/site-packages/airflow/example_dags/example_subdag_operator.py
[2024-10-16T17:22:26.005+0000] {processor.py:925} INFO - DAG(s) 'example_subdag_operator.section-1', 'example_subdag_operator.section-2', 'example_subdag_operator' retrieved from /home/airflow/.local/lib/python3.12/site-packages/airflow/example_dags/example_subdag_operator.py
[2024-10-16T17:22:26.025+0000] {logging_mixin.py:190} INFO - [2024-10-16T17:22:26.024+0000] {dag.py:3239} INFO - Sync 3 DAGs
[2024-10-16T17:22:26.087+0000] {logging_mixin.py:190} INFO - [2024-10-16T17:22:26.086+0000] {dag.py:4180} INFO - Setting next_dagrun for example_subdag_operator to 2022-01-01 00:00:00+00:00, run_after=2022-01-01 00:00:00+00:00
[2024-10-16T17:22:26.092+0000] {logging_mixin.py:190} INFO - [2024-10-16T17:22:26.092+0000] {dag.py:4180} INFO - Setting next_dagrun for example_subdag_operator.section-1 to None, run_after=None
[2024-10-16T17:22:26.094+0000] {logging_mixin.py:190} INFO - [2024-10-16T17:22:26.094+0000] {dag.py:4180} INFO - Setting next_dagrun for example_subdag_operator.section-2 to None, run_after=None
[2024-10-16T17:22:26.102+0000] {logging_mixin.py:190} INFO - [2024-10-16T17:22:26.102+0000] {dag.py:3239} INFO - Sync 2 DAGs
[2024-10-16T17:22:26.109+0000] {logging_mixin.py:190} INFO - [2024-10-16T17:22:26.109+0000] {dag.py:4180} INFO - Setting next_dagrun for example_subdag_operator.section-1 to None, run_after=None
[2024-10-16T17:22:26.110+0000] {logging_mixin.py:190} INFO - [2024-10-16T17:22:26.110+0000] {dag.py:4180} INFO - Setting next_dagrun for example_subdag_operator.section-2 to None, run_after=None
[2024-10-16T17:22:26.123+0000] {processor.py:208} INFO - Processing /home/airflow/.local/lib/python3.12/site-packages/airflow/example_dags/example_subdag_operator.py took 0.157 seconds
[2024-10-16T17:22:56.600+0000] {processor.py:186} INFO - Started process (PID=274) to work on /home/airflow/.local/lib/python3.12/site-packages/airflow/example_dags/example_subdag_operator.py
[2024-10-16T17:22:56.601+0000] {processor.py:914} INFO - Processing file /home/airflow/.local/lib/python3.12/site-packages/airflow/example_dags/example_subdag_operator.py for tasks to queue
[2024-10-16T17:22:56.604+0000] {logging_mixin.py:190} INFO - [2024-10-16T17:22:56.604+0000] {dagbag.py:588} INFO - Filling up the DagBag from /home/airflow/.local/lib/python3.12/site-packages/airflow/example_dags/example_subdag_operator.py
[2024-10-16T17:22:56.635+0000] {processor.py:925} INFO - DAG(s) 'example_subdag_operator.section-1', 'example_subdag_operator.section-2', 'example_subdag_operator' retrieved from /home/airflow/.local/lib/python3.12/site-packages/airflow/example_dags/example_subdag_operator.py
[2024-10-16T17:22:56.656+0000] {logging_mixin.py:190} INFO - [2024-10-16T17:22:56.656+0000] {dag.py:3239} INFO - Sync 3 DAGs
[2024-10-16T17:22:56.690+0000] {logging_mixin.py:190} INFO - [2024-10-16T17:22:56.689+0000] {dag.py:4180} INFO - Setting next_dagrun for example_subdag_operator to 2022-01-01 00:00:00+00:00, run_after=2022-01-01 00:00:00+00:00
[2024-10-16T17:22:56.695+0000] {logging_mixin.py:190} INFO - [2024-10-16T17:22:56.695+0000] {dag.py:4180} INFO - Setting next_dagrun for example_subdag_operator.section-1 to None, run_after=None
[2024-10-16T17:22:56.697+0000] {logging_mixin.py:190} INFO - [2024-10-16T17:22:56.697+0000] {dag.py:4180} INFO - Setting next_dagrun for example_subdag_operator.section-2 to None, run_after=None
[2024-10-16T17:22:56.706+0000] {logging_mixin.py:190} INFO - [2024-10-16T17:22:56.706+0000] {dag.py:3239} INFO - Sync 2 DAGs
[2024-10-16T17:22:56.715+0000] {logging_mixin.py:190} INFO - [2024-10-16T17:22:56.715+0000] {dag.py:4180} INFO - Setting next_dagrun for example_subdag_operator.section-1 to None, run_after=None
[2024-10-16T17:22:56.716+0000] {logging_mixin.py:190} INFO - [2024-10-16T17:22:56.716+0000] {dag.py:4180} INFO - Setting next_dagrun for example_subdag_operator.section-2 to None, run_after=None
[2024-10-16T17:22:56.730+0000] {processor.py:208} INFO - Processing /home/airflow/.local/lib/python3.12/site-packages/airflow/example_dags/example_subdag_operator.py took 0.138 seconds
[2024-10-16T17:23:27.305+0000] {processor.py:186} INFO - Started process (PID=336) to work on /home/airflow/.local/lib/python3.12/site-packages/airflow/example_dags/example_subdag_operator.py
[2024-10-16T17:23:27.306+0000] {processor.py:914} INFO - Processing file /home/airflow/.local/lib/python3.12/site-packages/airflow/example_dags/example_subdag_operator.py for tasks to queue
[2024-10-16T17:23:27.309+0000] {logging_mixin.py:190} INFO - [2024-10-16T17:23:27.309+0000] {dagbag.py:588} INFO - Filling up the DagBag from /home/airflow/.local/lib/python3.12/site-packages/airflow/example_dags/example_subdag_operator.py
[2024-10-16T17:23:27.340+0000] {processor.py:925} INFO - DAG(s) 'example_subdag_operator.section-1', 'example_subdag_operator.section-2', 'example_subdag_operator' retrieved from /home/airflow/.local/lib/python3.12/site-packages/airflow/example_dags/example_subdag_operator.py
[2024-10-16T17:23:27.359+0000] {logging_mixin.py:190} INFO - [2024-10-16T17:23:27.359+0000] {dag.py:3239} INFO - Sync 3 DAGs
[2024-10-16T17:23:27.390+0000] {logging_mixin.py:190} INFO - [2024-10-16T17:23:27.390+0000] {dag.py:4180} INFO - Setting next_dagrun for example_subdag_operator to 2022-01-01 00:00:00+00:00, run_after=2022-01-01 00:00:00+00:00
[2024-10-16T17:23:27.395+0000] {logging_mixin.py:190} INFO - [2024-10-16T17:23:27.395+0000] {dag.py:4180} INFO - Setting next_dagrun for example_subdag_operator.section-1 to None, run_after=None
[2024-10-16T17:23:27.397+0000] {logging_mixin.py:190} INFO - [2024-10-16T17:23:27.397+0000] {dag.py:4180} INFO - Setting next_dagrun for example_subdag_operator.section-2 to None, run_after=None
[2024-10-16T17:23:27.407+0000] {logging_mixin.py:190} INFO - [2024-10-16T17:23:27.406+0000] {dag.py:3239} INFO - Sync 2 DAGs
[2024-10-16T17:23:27.415+0000] {logging_mixin.py:190} INFO - [2024-10-16T17:23:27.414+0000] {dag.py:4180} INFO - Setting next_dagrun for example_subdag_operator.section-1 to None, run_after=None
[2024-10-16T17:23:27.416+0000] {logging_mixin.py:190} INFO - [2024-10-16T17:23:27.415+0000] {dag.py:4180} INFO - Setting next_dagrun for example_subdag_operator.section-2 to None, run_after=None
[2024-10-16T17:23:27.429+0000] {processor.py:208} INFO - Processing /home/airflow/.local/lib/python3.12/site-packages/airflow/example_dags/example_subdag_operator.py took 0.131 seconds
[2024-10-16T17:23:57.855+0000] {processor.py:186} INFO - Started process (PID=398) to work on /home/airflow/.local/lib/python3.12/site-packages/airflow/example_dags/example_subdag_operator.py
[2024-10-16T17:23:57.856+0000] {processor.py:914} INFO - Processing file /home/airflow/.local/lib/python3.12/site-packages/airflow/example_dags/example_subdag_operator.py for tasks to queue
[2024-10-16T17:23:57.859+0000] {logging_mixin.py:190} INFO - [2024-10-16T17:23:57.859+0000] {dagbag.py:588} INFO - Filling up the DagBag from /home/airflow/.local/lib/python3.12/site-packages/airflow/example_dags/example_subdag_operator.py
[2024-10-16T17:23:57.887+0000] {processor.py:925} INFO - DAG(s) 'example_subdag_operator.section-1', 'example_subdag_operator.section-2', 'example_subdag_operator' retrieved from /home/airflow/.local/lib/python3.12/site-packages/airflow/example_dags/example_subdag_operator.py
[2024-10-16T17:23:57.906+0000] {logging_mixin.py:190} INFO - [2024-10-16T17:23:57.905+0000] {dag.py:3239} INFO - Sync 3 DAGs
[2024-10-16T17:23:57.932+0000] {logging_mixin.py:190} INFO - [2024-10-16T17:23:57.932+0000] {dag.py:4180} INFO - Setting next_dagrun for example_subdag_operator to 2022-01-01 00:00:00+00:00, run_after=2022-01-01 00:00:00+00:00
[2024-10-16T17:23:57.937+0000] {logging_mixin.py:190} INFO - [2024-10-16T17:23:57.937+0000] {dag.py:4180} INFO - Setting next_dagrun for example_subdag_operator.section-1 to None, run_after=None
[2024-10-16T17:23:57.940+0000] {logging_mixin.py:190} INFO - [2024-10-16T17:23:57.940+0000] {dag.py:4180} INFO - Setting next_dagrun for example_subdag_operator.section-2 to None, run_after=None
[2024-10-16T17:23:57.948+0000] {logging_mixin.py:190} INFO - [2024-10-16T17:23:57.948+0000] {dag.py:3239} INFO - Sync 2 DAGs
[2024-10-16T17:23:57.955+0000] {logging_mixin.py:190} INFO - [2024-10-16T17:23:57.955+0000] {dag.py:4180} INFO - Setting next_dagrun for example_subdag_operator.section-1 to None, run_after=None
[2024-10-16T17:23:57.956+0000] {logging_mixin.py:190} INFO - [2024-10-16T17:23:57.956+0000] {dag.py:4180} INFO - Setting next_dagrun for example_subdag_operator.section-2 to None, run_after=None
[2024-10-16T17:23:57.973+0000] {processor.py:208} INFO - Processing /home/airflow/.local/lib/python3.12/site-packages/airflow/example_dags/example_subdag_operator.py took 0.125 seconds
[2024-10-16T17:24:28.296+0000] {processor.py:186} INFO - Started process (PID=460) to work on /home/airflow/.local/lib/python3.12/site-packages/airflow/example_dags/example_subdag_operator.py
[2024-10-16T17:24:28.297+0000] {processor.py:914} INFO - Processing file /home/airflow/.local/lib/python3.12/site-packages/airflow/example_dags/example_subdag_operator.py for tasks to queue
[2024-10-16T17:24:28.300+0000] {logging_mixin.py:190} INFO - [2024-10-16T17:24:28.300+0000] {dagbag.py:588} INFO - Filling up the DagBag from /home/airflow/.local/lib/python3.12/site-packages/airflow/example_dags/example_subdag_operator.py
[2024-10-16T17:24:28.330+0000] {processor.py:925} INFO - DAG(s) 'example_subdag_operator.section-1', 'example_subdag_operator.section-2', 'example_subdag_operator' retrieved from /home/airflow/.local/lib/python3.12/site-packages/airflow/example_dags/example_subdag_operator.py
[2024-10-16T17:24:28.349+0000] {logging_mixin.py:190} INFO - [2024-10-16T17:24:28.349+0000] {dag.py:3239} INFO - Sync 3 DAGs
[2024-10-16T17:24:28.376+0000] {logging_mixin.py:190} INFO - [2024-10-16T17:24:28.376+0000] {dag.py:4180} INFO - Setting next_dagrun for example_subdag_operator to 2022-01-01 00:00:00+00:00, run_after=2022-01-01 00:00:00+00:00
[2024-10-16T17:24:28.381+0000] {logging_mixin.py:190} INFO - [2024-10-16T17:24:28.380+0000] {dag.py:4180} INFO - Setting next_dagrun for example_subdag_operator.section-1 to None, run_after=None
[2024-10-16T17:24:28.382+0000] {logging_mixin.py:190} INFO - [2024-10-16T17:24:28.382+0000] {dag.py:4180} INFO - Setting next_dagrun for example_subdag_operator.section-2 to None, run_after=None
[2024-10-16T17:24:28.391+0000] {logging_mixin.py:190} INFO - [2024-10-16T17:24:28.391+0000] {dag.py:3239} INFO - Sync 2 DAGs
[2024-10-16T17:24:28.398+0000] {logging_mixin.py:190} INFO - [2024-10-16T17:24:28.398+0000] {dag.py:4180} INFO - Setting next_dagrun for example_subdag_operator.section-1 to None, run_after=None
[2024-10-16T17:24:28.400+0000] {logging_mixin.py:190} INFO - [2024-10-16T17:24:28.400+0000] {dag.py:4180} INFO - Setting next_dagrun for example_subdag_operator.section-2 to None, run_after=None
[2024-10-16T17:24:28.424+0000] {processor.py:208} INFO - Processing /home/airflow/.local/lib/python3.12/site-packages/airflow/example_dags/example_subdag_operator.py took 0.136 seconds
[2024-10-16T17:24:58.729+0000] {processor.py:186} INFO - Started process (PID=522) to work on /home/airflow/.local/lib/python3.12/site-packages/airflow/example_dags/example_subdag_operator.py
[2024-10-16T17:24:58.731+0000] {processor.py:914} INFO - Processing file /home/airflow/.local/lib/python3.12/site-packages/airflow/example_dags/example_subdag_operator.py for tasks to queue
[2024-10-16T17:24:58.733+0000] {logging_mixin.py:190} INFO - [2024-10-16T17:24:58.733+0000] {dagbag.py:588} INFO - Filling up the DagBag from /home/airflow/.local/lib/python3.12/site-packages/airflow/example_dags/example_subdag_operator.py
[2024-10-16T17:24:58.763+0000] {processor.py:925} INFO - DAG(s) 'example_subdag_operator.section-1', 'example_subdag_operator.section-2', 'example_subdag_operator' retrieved from /home/airflow/.local/lib/python3.12/site-packages/airflow/example_dags/example_subdag_operator.py
[2024-10-16T17:24:58.783+0000] {logging_mixin.py:190} INFO - [2024-10-16T17:24:58.782+0000] {dag.py:3239} INFO - Sync 3 DAGs
[2024-10-16T17:24:58.812+0000] {logging_mixin.py:190} INFO - [2024-10-16T17:24:58.811+0000] {dag.py:4180} INFO - Setting next_dagrun for example_subdag_operator to 2022-01-01 00:00:00+00:00, run_after=2022-01-01 00:00:00+00:00
[2024-10-16T17:24:58.816+0000] {logging_mixin.py:190} INFO - [2024-10-16T17:24:58.816+0000] {dag.py:4180} INFO - Setting next_dagrun for example_subdag_operator.section-1 to None, run_after=None
[2024-10-16T17:24:58.818+0000] {logging_mixin.py:190} INFO - [2024-10-16T17:24:58.818+0000] {dag.py:4180} INFO - Setting next_dagrun for example_subdag_operator.section-2 to None, run_after=None
[2024-10-16T17:24:58.827+0000] {logging_mixin.py:190} INFO - [2024-10-16T17:24:58.827+0000] {dag.py:3239} INFO - Sync 2 DAGs
[2024-10-16T17:24:58.836+0000] {logging_mixin.py:190} INFO - [2024-10-16T17:24:58.835+0000] {dag.py:4180} INFO - Setting next_dagrun for example_subdag_operator.section-1 to None, run_after=None
[2024-10-16T17:24:58.837+0000] {logging_mixin.py:190} INFO - [2024-10-16T17:24:58.836+0000] {dag.py:4180} INFO - Setting next_dagrun for example_subdag_operator.section-2 to None, run_after=None
[2024-10-16T17:24:58.851+0000] {processor.py:208} INFO - Processing /home/airflow/.local/lib/python3.12/site-packages/airflow/example_dags/example_subdag_operator.py took 0.128 seconds
[2024-10-16T17:25:30.017+0000] {processor.py:186} INFO - Started process (PID=584) to work on /home/airflow/.local/lib/python3.12/site-packages/airflow/example_dags/example_subdag_operator.py
[2024-10-16T17:25:30.018+0000] {processor.py:914} INFO - Processing file /home/airflow/.local/lib/python3.12/site-packages/airflow/example_dags/example_subdag_operator.py for tasks to queue
[2024-10-16T17:25:30.022+0000] {logging_mixin.py:190} INFO - [2024-10-16T17:25:30.021+0000] {dagbag.py:588} INFO - Filling up the DagBag from /home/airflow/.local/lib/python3.12/site-packages/airflow/example_dags/example_subdag_operator.py
[2024-10-16T17:25:30.086+0000] {processor.py:925} INFO - DAG(s) 'example_subdag_operator.section-1', 'example_subdag_operator.section-2', 'example_subdag_operator' retrieved from /home/airflow/.local/lib/python3.12/site-packages/airflow/example_dags/example_subdag_operator.py
[2024-10-16T17:25:30.162+0000] {logging_mixin.py:190} INFO - [2024-10-16T17:25:30.161+0000] {dag.py:3239} INFO - Sync 3 DAGs
[2024-10-16T17:25:30.243+0000] {logging_mixin.py:190} INFO - [2024-10-16T17:25:30.242+0000] {dag.py:4180} INFO - Setting next_dagrun for example_subdag_operator to 2022-01-01 00:00:00+00:00, run_after=2022-01-01 00:00:00+00:00
[2024-10-16T17:25:30.252+0000] {logging_mixin.py:190} INFO - [2024-10-16T17:25:30.251+0000] {dag.py:4180} INFO - Setting next_dagrun for example_subdag_operator.section-1 to None, run_after=None
[2024-10-16T17:25:30.256+0000] {logging_mixin.py:190} INFO - [2024-10-16T17:25:30.256+0000] {dag.py:4180} INFO - Setting next_dagrun for example_subdag_operator.section-2 to None, run_after=None
[2024-10-16T17:25:30.272+0000] {logging_mixin.py:190} INFO - [2024-10-16T17:25:30.271+0000] {dag.py:3239} INFO - Sync 2 DAGs
[2024-10-16T17:25:30.285+0000] {logging_mixin.py:190} INFO - [2024-10-16T17:25:30.284+0000] {dag.py:4180} INFO - Setting next_dagrun for example_subdag_operator.section-1 to None, run_after=None
[2024-10-16T17:25:30.286+0000] {logging_mixin.py:190} INFO - [2024-10-16T17:25:30.286+0000] {dag.py:4180} INFO - Setting next_dagrun for example_subdag_operator.section-2 to None, run_after=None
[2024-10-16T17:25:30.305+0000] {processor.py:208} INFO - Processing /home/airflow/.local/lib/python3.12/site-packages/airflow/example_dags/example_subdag_operator.py took 0.296 seconds
[2024-10-16T17:26:00.402+0000] {processor.py:186} INFO - Started process (PID=646) to work on /home/airflow/.local/lib/python3.12/site-packages/airflow/example_dags/example_subdag_operator.py
[2024-10-16T17:26:00.403+0000] {processor.py:914} INFO - Processing file /home/airflow/.local/lib/python3.12/site-packages/airflow/example_dags/example_subdag_operator.py for tasks to queue
[2024-10-16T17:26:00.406+0000] {logging_mixin.py:190} INFO - [2024-10-16T17:26:00.405+0000] {dagbag.py:588} INFO - Filling up the DagBag from /home/airflow/.local/lib/python3.12/site-packages/airflow/example_dags/example_subdag_operator.py
[2024-10-16T17:26:00.434+0000] {processor.py:925} INFO - DAG(s) 'example_subdag_operator.section-1', 'example_subdag_operator.section-2', 'example_subdag_operator' retrieved from /home/airflow/.local/lib/python3.12/site-packages/airflow/example_dags/example_subdag_operator.py
[2024-10-16T17:26:00.453+0000] {logging_mixin.py:190} INFO - [2024-10-16T17:26:00.452+0000] {dag.py:3239} INFO - Sync 3 DAGs
[2024-10-16T17:26:00.479+0000] {logging_mixin.py:190} INFO - [2024-10-16T17:26:00.479+0000] {dag.py:4180} INFO - Setting next_dagrun for example_subdag_operator to 2022-01-01 00:00:00+00:00, run_after=2022-01-01 00:00:00+00:00
[2024-10-16T17:26:00.484+0000] {logging_mixin.py:190} INFO - [2024-10-16T17:26:00.484+0000] {dag.py:4180} INFO - Setting next_dagrun for example_subdag_operator.section-1 to None, run_after=None
[2024-10-16T17:26:00.489+0000] {logging_mixin.py:190} INFO - [2024-10-16T17:26:00.488+0000] {dag.py:4180} INFO - Setting next_dagrun for example_subdag_operator.section-2 to None, run_after=None
[2024-10-16T17:26:00.498+0000] {logging_mixin.py:190} INFO - [2024-10-16T17:26:00.497+0000] {dag.py:3239} INFO - Sync 2 DAGs
[2024-10-16T17:26:00.505+0000] {logging_mixin.py:190} INFO - [2024-10-16T17:26:00.505+0000] {dag.py:4180} INFO - Setting next_dagrun for example_subdag_operator.section-1 to None, run_after=None
[2024-10-16T17:26:00.506+0000] {logging_mixin.py:190} INFO - [2024-10-16T17:26:00.506+0000] {dag.py:4180} INFO - Setting next_dagrun for example_subdag_operator.section-2 to None, run_after=None
[2024-10-16T17:26:00.519+0000] {processor.py:208} INFO - Processing /home/airflow/.local/lib/python3.12/site-packages/airflow/example_dags/example_subdag_operator.py took 0.124 seconds
[2024-10-16T17:26:31.176+0000] {processor.py:186} INFO - Started process (PID=708) to work on /home/airflow/.local/lib/python3.12/site-packages/airflow/example_dags/example_subdag_operator.py
[2024-10-16T17:26:31.178+0000] {processor.py:914} INFO - Processing file /home/airflow/.local/lib/python3.12/site-packages/airflow/example_dags/example_subdag_operator.py for tasks to queue
[2024-10-16T17:26:31.181+0000] {logging_mixin.py:190} INFO - [2024-10-16T17:26:31.180+0000] {dagbag.py:588} INFO - Filling up the DagBag from /home/airflow/.local/lib/python3.12/site-packages/airflow/example_dags/example_subdag_operator.py
[2024-10-16T17:26:31.212+0000] {processor.py:925} INFO - DAG(s) 'example_subdag_operator.section-1', 'example_subdag_operator.section-2', 'example_subdag_operator' retrieved from /home/airflow/.local/lib/python3.12/site-packages/airflow/example_dags/example_subdag_operator.py
[2024-10-16T17:26:31.233+0000] {logging_mixin.py:190} INFO - [2024-10-16T17:26:31.233+0000] {dag.py:3239} INFO - Sync 3 DAGs
[2024-10-16T17:26:31.261+0000] {logging_mixin.py:190} INFO - [2024-10-16T17:26:31.261+0000] {dag.py:4180} INFO - Setting next_dagrun for example_subdag_operator to 2022-01-01 00:00:00+00:00, run_after=2022-01-01 00:00:00+00:00
[2024-10-16T17:26:31.266+0000] {logging_mixin.py:190} INFO - [2024-10-16T17:26:31.266+0000] {dag.py:4180} INFO - Setting next_dagrun for example_subdag_operator.section-1 to None, run_after=None
[2024-10-16T17:26:31.269+0000] {logging_mixin.py:190} INFO - [2024-10-16T17:26:31.268+0000] {dag.py:4180} INFO - Setting next_dagrun for example_subdag_operator.section-2 to None, run_after=None
[2024-10-16T17:26:31.278+0000] {logging_mixin.py:190} INFO - [2024-10-16T17:26:31.277+0000] {dag.py:3239} INFO - Sync 2 DAGs
[2024-10-16T17:26:31.285+0000] {logging_mixin.py:190} INFO - [2024-10-16T17:26:31.285+0000] {dag.py:4180} INFO - Setting next_dagrun for example_subdag_operator.section-1 to None, run_after=None
[2024-10-16T17:26:31.286+0000] {logging_mixin.py:190} INFO - [2024-10-16T17:26:31.286+0000] {dag.py:4180} INFO - Setting next_dagrun for example_subdag_operator.section-2 to None, run_after=None
[2024-10-16T17:26:31.299+0000] {processor.py:208} INFO - Processing /home/airflow/.local/lib/python3.12/site-packages/airflow/example_dags/example_subdag_operator.py took 0.129 seconds
[2024-10-16T17:27:01.707+0000] {processor.py:186} INFO - Started process (PID=770) to work on /home/airflow/.local/lib/python3.12/site-packages/airflow/example_dags/example_subdag_operator.py
[2024-10-16T17:27:01.708+0000] {processor.py:914} INFO - Processing file /home/airflow/.local/lib/python3.12/site-packages/airflow/example_dags/example_subdag_operator.py for tasks to queue
[2024-10-16T17:27:01.711+0000] {logging_mixin.py:190} INFO - [2024-10-16T17:27:01.711+0000] {dagbag.py:588} INFO - Filling up the DagBag from /home/airflow/.local/lib/python3.12/site-packages/airflow/example_dags/example_subdag_operator.py
[2024-10-16T17:27:01.748+0000] {processor.py:925} INFO - DAG(s) 'example_subdag_operator.section-1', 'example_subdag_operator.section-2', 'example_subdag_operator' retrieved from /home/airflow/.local/lib/python3.12/site-packages/airflow/example_dags/example_subdag_operator.py
[2024-10-16T17:27:01.769+0000] {logging_mixin.py:190} INFO - [2024-10-16T17:27:01.769+0000] {dag.py:3239} INFO - Sync 3 DAGs
[2024-10-16T17:27:01.807+0000] {logging_mixin.py:190} INFO - [2024-10-16T17:27:01.806+0000] {dag.py:4180} INFO - Setting next_dagrun for example_subdag_operator to 2022-01-01 00:00:00+00:00, run_after=2022-01-01 00:00:00+00:00
[2024-10-16T17:27:01.812+0000] {logging_mixin.py:190} INFO - [2024-10-16T17:27:01.812+0000] {dag.py:4180} INFO - Setting next_dagrun for example_subdag_operator.section-1 to None, run_after=None
[2024-10-16T17:27:01.815+0000] {logging_mixin.py:190} INFO - [2024-10-16T17:27:01.814+0000] {dag.py:4180} INFO - Setting next_dagrun for example_subdag_operator.section-2 to None, run_after=None
[2024-10-16T17:27:01.828+0000] {logging_mixin.py:190} INFO - [2024-10-16T17:27:01.828+0000] {dag.py:3239} INFO - Sync 2 DAGs
[2024-10-16T17:27:01.839+0000] {logging_mixin.py:190} INFO - [2024-10-16T17:27:01.839+0000] {dag.py:4180} INFO - Setting next_dagrun for example_subdag_operator.section-1 to None, run_after=None
[2024-10-16T17:27:01.840+0000] {logging_mixin.py:190} INFO - [2024-10-16T17:27:01.840+0000] {dag.py:4180} INFO - Setting next_dagrun for example_subdag_operator.section-2 to None, run_after=None
[2024-10-16T17:27:01.859+0000] {processor.py:208} INFO - Processing /home/airflow/.local/lib/python3.12/site-packages/airflow/example_dags/example_subdag_operator.py took 0.160 seconds
[2024-10-16T17:27:32.130+0000] {processor.py:186} INFO - Started process (PID=832) to work on /home/airflow/.local/lib/python3.12/site-packages/airflow/example_dags/example_subdag_operator.py
[2024-10-16T17:27:32.131+0000] {processor.py:914} INFO - Processing file /home/airflow/.local/lib/python3.12/site-packages/airflow/example_dags/example_subdag_operator.py for tasks to queue
[2024-10-16T17:27:32.134+0000] {logging_mixin.py:190} INFO - [2024-10-16T17:27:32.134+0000] {dagbag.py:588} INFO - Filling up the DagBag from /home/airflow/.local/lib/python3.12/site-packages/airflow/example_dags/example_subdag_operator.py
[2024-10-16T17:27:32.161+0000] {processor.py:925} INFO - DAG(s) 'example_subdag_operator.section-1', 'example_subdag_operator.section-2', 'example_subdag_operator' retrieved from /home/airflow/.local/lib/python3.12/site-packages/airflow/example_dags/example_subdag_operator.py
[2024-10-16T17:27:32.180+0000] {logging_mixin.py:190} INFO - [2024-10-16T17:27:32.179+0000] {dag.py:3239} INFO - Sync 3 DAGs
[2024-10-16T17:27:32.209+0000] {logging_mixin.py:190} INFO - [2024-10-16T17:27:32.209+0000] {dag.py:4180} INFO - Setting next_dagrun for example_subdag_operator to 2022-01-01 00:00:00+00:00, run_after=2022-01-01 00:00:00+00:00
[2024-10-16T17:27:32.214+0000] {logging_mixin.py:190} INFO - [2024-10-16T17:27:32.213+0000] {dag.py:4180} INFO - Setting next_dagrun for example_subdag_operator.section-1 to None, run_after=None
[2024-10-16T17:27:32.216+0000] {logging_mixin.py:190} INFO - [2024-10-16T17:27:32.216+0000] {dag.py:4180} INFO - Setting next_dagrun for example_subdag_operator.section-2 to None, run_after=None
[2024-10-16T17:27:32.225+0000] {logging_mixin.py:190} INFO - [2024-10-16T17:27:32.224+0000] {dag.py:3239} INFO - Sync 2 DAGs
[2024-10-16T17:27:32.231+0000] {logging_mixin.py:190} INFO - [2024-10-16T17:27:32.231+0000] {dag.py:4180} INFO - Setting next_dagrun for example_subdag_operator.section-1 to None, run_after=None
[2024-10-16T17:27:32.232+0000] {logging_mixin.py:190} INFO - [2024-10-16T17:27:32.232+0000] {dag.py:4180} INFO - Setting next_dagrun for example_subdag_operator.section-2 to None, run_after=None
[2024-10-16T17:27:32.245+0000] {processor.py:208} INFO - Processing /home/airflow/.local/lib/python3.12/site-packages/airflow/example_dags/example_subdag_operator.py took 0.121 seconds
[2024-10-16T17:28:02.717+0000] {processor.py:186} INFO - Started process (PID=894) to work on /home/airflow/.local/lib/python3.12/site-packages/airflow/example_dags/example_subdag_operator.py
[2024-10-16T17:28:02.718+0000] {processor.py:914} INFO - Processing file /home/airflow/.local/lib/python3.12/site-packages/airflow/example_dags/example_subdag_operator.py for tasks to queue
[2024-10-16T17:28:02.721+0000] {logging_mixin.py:190} INFO - [2024-10-16T17:28:02.720+0000] {dagbag.py:588} INFO - Filling up the DagBag from /home/airflow/.local/lib/python3.12/site-packages/airflow/example_dags/example_subdag_operator.py
[2024-10-16T17:28:02.749+0000] {processor.py:925} INFO - DAG(s) 'example_subdag_operator.section-1', 'example_subdag_operator.section-2', 'example_subdag_operator' retrieved from /home/airflow/.local/lib/python3.12/site-packages/airflow/example_dags/example_subdag_operator.py
[2024-10-16T17:28:02.769+0000] {logging_mixin.py:190} INFO - [2024-10-16T17:28:02.768+0000] {dag.py:3239} INFO - Sync 3 DAGs
[2024-10-16T17:28:02.798+0000] {logging_mixin.py:190} INFO - [2024-10-16T17:28:02.797+0000] {dag.py:4180} INFO - Setting next_dagrun for example_subdag_operator to 2022-01-01 00:00:00+00:00, run_after=2022-01-01 00:00:00+00:00
[2024-10-16T17:28:02.803+0000] {logging_mixin.py:190} INFO - [2024-10-16T17:28:02.802+0000] {dag.py:4180} INFO - Setting next_dagrun for example_subdag_operator.section-1 to None, run_after=None
[2024-10-16T17:28:02.805+0000] {logging_mixin.py:190} INFO - [2024-10-16T17:28:02.804+0000] {dag.py:4180} INFO - Setting next_dagrun for example_subdag_operator.section-2 to None, run_after=None
[2024-10-16T17:28:02.814+0000] {logging_mixin.py:190} INFO - [2024-10-16T17:28:02.813+0000] {dag.py:3239} INFO - Sync 2 DAGs
[2024-10-16T17:28:02.823+0000] {logging_mixin.py:190} INFO - [2024-10-16T17:28:02.822+0000] {dag.py:4180} INFO - Setting next_dagrun for example_subdag_operator.section-1 to None, run_after=None
[2024-10-16T17:28:02.823+0000] {logging_mixin.py:190} INFO - [2024-10-16T17:28:02.823+0000] {dag.py:4180} INFO - Setting next_dagrun for example_subdag_operator.section-2 to None, run_after=None
[2024-10-16T17:28:02.838+0000] {processor.py:208} INFO - Processing /home/airflow/.local/lib/python3.12/site-packages/airflow/example_dags/example_subdag_operator.py took 0.128 seconds
[2024-10-16T17:28:33.164+0000] {processor.py:186} INFO - Started process (PID=956) to work on /home/airflow/.local/lib/python3.12/site-packages/airflow/example_dags/example_subdag_operator.py
[2024-10-16T17:28:33.165+0000] {processor.py:914} INFO - Processing file /home/airflow/.local/lib/python3.12/site-packages/airflow/example_dags/example_subdag_operator.py for tasks to queue
[2024-10-16T17:28:33.168+0000] {logging_mixin.py:190} INFO - [2024-10-16T17:28:33.168+0000] {dagbag.py:588} INFO - Filling up the DagBag from /home/airflow/.local/lib/python3.12/site-packages/airflow/example_dags/example_subdag_operator.py
[2024-10-16T17:28:33.197+0000] {processor.py:925} INFO - DAG(s) 'example_subdag_operator.section-1', 'example_subdag_operator.section-2', 'example_subdag_operator' retrieved from /home/airflow/.local/lib/python3.12/site-packages/airflow/example_dags/example_subdag_operator.py
[2024-10-16T17:28:33.215+0000] {logging_mixin.py:190} INFO - [2024-10-16T17:28:33.215+0000] {dag.py:3239} INFO - Sync 3 DAGs
[2024-10-16T17:28:33.242+0000] {logging_mixin.py:190} INFO - [2024-10-16T17:28:33.241+0000] {dag.py:4180} INFO - Setting next_dagrun for example_subdag_operator to 2022-01-01 00:00:00+00:00, run_after=2022-01-01 00:00:00+00:00
[2024-10-16T17:28:33.247+0000] {logging_mixin.py:190} INFO - [2024-10-16T17:28:33.246+0000] {dag.py:4180} INFO - Setting next_dagrun for example_subdag_operator.section-1 to None, run_after=None
[2024-10-16T17:28:33.249+0000] {logging_mixin.py:190} INFO - [2024-10-16T17:28:33.248+0000] {dag.py:4180} INFO - Setting next_dagrun for example_subdag_operator.section-2 to None, run_after=None
[2024-10-16T17:28:33.258+0000] {logging_mixin.py:190} INFO - [2024-10-16T17:28:33.257+0000] {dag.py:3239} INFO - Sync 2 DAGs
[2024-10-16T17:28:33.265+0000] {logging_mixin.py:190} INFO - [2024-10-16T17:28:33.265+0000] {dag.py:4180} INFO - Setting next_dagrun for example_subdag_operator.section-1 to None, run_after=None
[2024-10-16T17:28:33.266+0000] {logging_mixin.py:190} INFO - [2024-10-16T17:28:33.266+0000] {dag.py:4180} INFO - Setting next_dagrun for example_subdag_operator.section-2 to None, run_after=None
[2024-10-16T17:28:33.279+0000] {processor.py:208} INFO - Processing /home/airflow/.local/lib/python3.12/site-packages/airflow/example_dags/example_subdag_operator.py took 0.122 seconds
[2024-10-16T17:29:03.584+0000] {processor.py:186} INFO - Started process (PID=1018) to work on /home/airflow/.local/lib/python3.12/site-packages/airflow/example_dags/example_subdag_operator.py
[2024-10-16T17:29:03.585+0000] {processor.py:914} INFO - Processing file /home/airflow/.local/lib/python3.12/site-packages/airflow/example_dags/example_subdag_operator.py for tasks to queue
[2024-10-16T17:29:03.588+0000] {logging_mixin.py:190} INFO - [2024-10-16T17:29:03.588+0000] {dagbag.py:588} INFO - Filling up the DagBag from /home/airflow/.local/lib/python3.12/site-packages/airflow/example_dags/example_subdag_operator.py
[2024-10-16T17:29:03.618+0000] {processor.py:925} INFO - DAG(s) 'example_subdag_operator.section-1', 'example_subdag_operator.section-2', 'example_subdag_operator' retrieved from /home/airflow/.local/lib/python3.12/site-packages/airflow/example_dags/example_subdag_operator.py
[2024-10-16T17:29:03.637+0000] {logging_mixin.py:190} INFO - [2024-10-16T17:29:03.637+0000] {dag.py:3239} INFO - Sync 3 DAGs
[2024-10-16T17:29:03.664+0000] {logging_mixin.py:190} INFO - [2024-10-16T17:29:03.664+0000] {dag.py:4180} INFO - Setting next_dagrun for example_subdag_operator to 2022-01-01 00:00:00+00:00, run_after=2022-01-01 00:00:00+00:00
[2024-10-16T17:29:03.669+0000] {logging_mixin.py:190} INFO - [2024-10-16T17:29:03.669+0000] {dag.py:4180} INFO - Setting next_dagrun for example_subdag_operator.section-1 to None, run_after=None
[2024-10-16T17:29:03.671+0000] {logging_mixin.py:190} INFO - [2024-10-16T17:29:03.671+0000] {dag.py:4180} INFO - Setting next_dagrun for example_subdag_operator.section-2 to None, run_after=None
[2024-10-16T17:29:03.680+0000] {logging_mixin.py:190} INFO - [2024-10-16T17:29:03.680+0000] {dag.py:3239} INFO - Sync 2 DAGs
[2024-10-16T17:29:03.688+0000] {logging_mixin.py:190} INFO - [2024-10-16T17:29:03.687+0000] {dag.py:4180} INFO - Setting next_dagrun for example_subdag_operator.section-1 to None, run_after=None
[2024-10-16T17:29:03.688+0000] {logging_mixin.py:190} INFO - [2024-10-16T17:29:03.688+0000] {dag.py:4180} INFO - Setting next_dagrun for example_subdag_operator.section-2 to None, run_after=None
[2024-10-16T17:29:03.703+0000] {processor.py:208} INFO - Processing /home/airflow/.local/lib/python3.12/site-packages/airflow/example_dags/example_subdag_operator.py took 0.125 seconds
[2024-10-16T17:29:34.249+0000] {processor.py:186} INFO - Started process (PID=1080) to work on /home/airflow/.local/lib/python3.12/site-packages/airflow/example_dags/example_subdag_operator.py
[2024-10-16T17:29:34.251+0000] {processor.py:914} INFO - Processing file /home/airflow/.local/lib/python3.12/site-packages/airflow/example_dags/example_subdag_operator.py for tasks to queue
[2024-10-16T17:29:34.254+0000] {logging_mixin.py:190} INFO - [2024-10-16T17:29:34.253+0000] {dagbag.py:588} INFO - Filling up the DagBag from /home/airflow/.local/lib/python3.12/site-packages/airflow/example_dags/example_subdag_operator.py
[2024-10-16T17:29:34.281+0000] {processor.py:925} INFO - DAG(s) 'example_subdag_operator.section-1', 'example_subdag_operator.section-2', 'example_subdag_operator' retrieved from /home/airflow/.local/lib/python3.12/site-packages/airflow/example_dags/example_subdag_operator.py
[2024-10-16T17:29:34.300+0000] {logging_mixin.py:190} INFO - [2024-10-16T17:29:34.300+0000] {dag.py:3239} INFO - Sync 3 DAGs
[2024-10-16T17:29:34.328+0000] {logging_mixin.py:190} INFO - [2024-10-16T17:29:34.328+0000] {dag.py:4180} INFO - Setting next_dagrun for example_subdag_operator to 2022-01-01 00:00:00+00:00, run_after=2022-01-01 00:00:00+00:00
[2024-10-16T17:29:34.333+0000] {logging_mixin.py:190} INFO - [2024-10-16T17:29:34.333+0000] {dag.py:4180} INFO - Setting next_dagrun for example_subdag_operator.section-1 to None, run_after=None
[2024-10-16T17:29:34.335+0000] {logging_mixin.py:190} INFO - [2024-10-16T17:29:34.335+0000] {dag.py:4180} INFO - Setting next_dagrun for example_subdag_operator.section-2 to None, run_after=None
[2024-10-16T17:29:34.343+0000] {logging_mixin.py:190} INFO - [2024-10-16T17:29:34.343+0000] {dag.py:3239} INFO - Sync 2 DAGs
[2024-10-16T17:29:34.351+0000] {logging_mixin.py:190} INFO - [2024-10-16T17:29:34.350+0000] {dag.py:4180} INFO - Setting next_dagrun for example_subdag_operator.section-1 to None, run_after=None
[2024-10-16T17:29:34.352+0000] {logging_mixin.py:190} INFO - [2024-10-16T17:29:34.351+0000] {dag.py:4180} INFO - Setting next_dagrun for example_subdag_operator.section-2 to None, run_after=None
[2024-10-16T17:29:34.365+0000] {processor.py:208} INFO - Processing /home/airflow/.local/lib/python3.12/site-packages/airflow/example_dags/example_subdag_operator.py took 0.123 seconds
[2024-10-16T17:30:04.544+0000] {processor.py:186} INFO - Started process (PID=1142) to work on /home/airflow/.local/lib/python3.12/site-packages/airflow/example_dags/example_subdag_operator.py
[2024-10-16T17:30:04.545+0000] {processor.py:914} INFO - Processing file /home/airflow/.local/lib/python3.12/site-packages/airflow/example_dags/example_subdag_operator.py for tasks to queue
[2024-10-16T17:30:04.548+0000] {logging_mixin.py:190} INFO - [2024-10-16T17:30:04.548+0000] {dagbag.py:588} INFO - Filling up the DagBag from /home/airflow/.local/lib/python3.12/site-packages/airflow/example_dags/example_subdag_operator.py
[2024-10-16T17:30:04.576+0000] {processor.py:925} INFO - DAG(s) 'example_subdag_operator.section-1', 'example_subdag_operator.section-2', 'example_subdag_operator' retrieved from /home/airflow/.local/lib/python3.12/site-packages/airflow/example_dags/example_subdag_operator.py
[2024-10-16T17:30:04.595+0000] {logging_mixin.py:190} INFO - [2024-10-16T17:30:04.594+0000] {dag.py:3239} INFO - Sync 3 DAGs
[2024-10-16T17:30:04.625+0000] {logging_mixin.py:190} INFO - [2024-10-16T17:30:04.625+0000] {dag.py:4180} INFO - Setting next_dagrun for example_subdag_operator to 2022-01-01 00:00:00+00:00, run_after=2022-01-01 00:00:00+00:00
[2024-10-16T17:30:04.630+0000] {logging_mixin.py:190} INFO - [2024-10-16T17:30:04.630+0000] {dag.py:4180} INFO - Setting next_dagrun for example_subdag_operator.section-1 to None, run_after=None
[2024-10-16T17:30:04.633+0000] {logging_mixin.py:190} INFO - [2024-10-16T17:30:04.633+0000] {dag.py:4180} INFO - Setting next_dagrun for example_subdag_operator.section-2 to None, run_after=None
[2024-10-16T17:30:04.642+0000] {logging_mixin.py:190} INFO - [2024-10-16T17:30:04.642+0000] {dag.py:3239} INFO - Sync 2 DAGs
[2024-10-16T17:30:04.649+0000] {logging_mixin.py:190} INFO - [2024-10-16T17:30:04.648+0000] {dag.py:4180} INFO - Setting next_dagrun for example_subdag_operator.section-1 to None, run_after=None
[2024-10-16T17:30:04.650+0000] {logging_mixin.py:190} INFO - [2024-10-16T17:30:04.649+0000] {dag.py:4180} INFO - Setting next_dagrun for example_subdag_operator.section-2 to None, run_after=None
[2024-10-16T17:30:04.663+0000] {processor.py:208} INFO - Processing /home/airflow/.local/lib/python3.12/site-packages/airflow/example_dags/example_subdag_operator.py took 0.125 seconds
