[2024-10-16T16:38:01.441+0000] {processor.py:186} INFO - Started process (PID=78) to work on /home/airflow/.local/lib/python3.12/site-packages/airflow/example_dags/example_python_decorator.py
[2024-10-16T16:38:01.442+0000] {processor.py:914} INFO - Processing file /home/airflow/.local/lib/python3.12/site-packages/airflow/example_dags/example_python_decorator.py for tasks to queue
[2024-10-16T16:38:01.444+0000] {logging_mixin.py:190} INFO - [2024-10-16T16:38:01.444+0000] {dagbag.py:588} INFO - Filling up the DagBag from /home/airflow/.local/lib/python3.12/site-packages/airflow/example_dags/example_python_decorator.py
[2024-10-16T16:38:01.467+0000] {processor.py:925} INFO - DAG(s) 'example_python_decorator' retrieved from /home/airflow/.local/lib/python3.12/site-packages/airflow/example_dags/example_python_decorator.py
[2024-10-16T16:38:01.612+0000] {logging_mixin.py:190} INFO - [2024-10-16T16:38:01.612+0000] {override.py:1900} INFO - Created Permission View: can delete on DAG:example_python_decorator
[2024-10-16T16:38:01.636+0000] {logging_mixin.py:190} INFO - [2024-10-16T16:38:01.636+0000] {override.py:1900} INFO - Created Permission View: can edit on DAG:example_python_decorator
[2024-10-16T16:38:01.654+0000] {logging_mixin.py:190} INFO - [2024-10-16T16:38:01.654+0000] {override.py:1900} INFO - Created Permission View: can read on DAG:example_python_decorator
[2024-10-16T16:38:01.664+0000] {logging_mixin.py:190} INFO - [2024-10-16T16:38:01.664+0000] {override.py:1900} INFO - Created Permission View: menu access on DAG Run:example_python_decorator
[2024-10-16T16:38:01.679+0000] {logging_mixin.py:190} INFO - [2024-10-16T16:38:01.679+0000] {override.py:1900} INFO - Created Permission View: can create on DAG Run:example_python_decorator
[2024-10-16T16:38:01.695+0000] {logging_mixin.py:190} INFO - [2024-10-16T16:38:01.694+0000] {override.py:1900} INFO - Created Permission View: can delete on DAG Run:example_python_decorator
[2024-10-16T16:38:01.703+0000] {logging_mixin.py:190} INFO - [2024-10-16T16:38:01.703+0000] {override.py:1900} INFO - Created Permission View: can read on DAG Run:example_python_decorator
[2024-10-16T16:38:01.704+0000] {logging_mixin.py:190} INFO - [2024-10-16T16:38:01.704+0000] {dag.py:3239} INFO - Sync 1 DAGs
[2024-10-16T16:38:01.718+0000] {logging_mixin.py:190} INFO - [2024-10-16T16:38:01.718+0000] {dag.py:3262} INFO - Creating ORM DAG for example_python_decorator
[2024-10-16T16:38:01.719+0000] {logging_mixin.py:190} INFO - [2024-10-16T16:38:01.719+0000] {dag.py:4180} INFO - Setting next_dagrun for example_python_decorator to None, run_after=None
[2024-10-16T16:38:01.745+0000] {processor.py:208} INFO - Processing /home/airflow/.local/lib/python3.12/site-packages/airflow/example_dags/example_python_decorator.py took 0.311 seconds
[2024-10-16T16:38:32.613+0000] {processor.py:186} INFO - Started process (PID=140) to work on /home/airflow/.local/lib/python3.12/site-packages/airflow/example_dags/example_python_decorator.py
[2024-10-16T16:38:32.614+0000] {processor.py:914} INFO - Processing file /home/airflow/.local/lib/python3.12/site-packages/airflow/example_dags/example_python_decorator.py for tasks to queue
[2024-10-16T16:38:32.617+0000] {logging_mixin.py:190} INFO - [2024-10-16T16:38:32.617+0000] {dagbag.py:588} INFO - Filling up the DagBag from /home/airflow/.local/lib/python3.12/site-packages/airflow/example_dags/example_python_decorator.py
[2024-10-16T16:38:32.633+0000] {processor.py:925} INFO - DAG(s) 'example_python_decorator' retrieved from /home/airflow/.local/lib/python3.12/site-packages/airflow/example_dags/example_python_decorator.py
[2024-10-16T16:38:32.657+0000] {logging_mixin.py:190} INFO - [2024-10-16T16:38:32.657+0000] {dag.py:3239} INFO - Sync 1 DAGs
[2024-10-16T16:38:32.675+0000] {logging_mixin.py:190} INFO - [2024-10-16T16:38:32.674+0000] {dag.py:4180} INFO - Setting next_dagrun for example_python_decorator to None, run_after=None
[2024-10-16T16:38:32.695+0000] {processor.py:208} INFO - Processing /home/airflow/.local/lib/python3.12/site-packages/airflow/example_dags/example_python_decorator.py took 0.090 seconds
[2024-10-16T16:39:03.513+0000] {processor.py:186} INFO - Started process (PID=202) to work on /home/airflow/.local/lib/python3.12/site-packages/airflow/example_dags/example_python_decorator.py
[2024-10-16T16:39:03.514+0000] {processor.py:914} INFO - Processing file /home/airflow/.local/lib/python3.12/site-packages/airflow/example_dags/example_python_decorator.py for tasks to queue
[2024-10-16T16:39:03.517+0000] {logging_mixin.py:190} INFO - [2024-10-16T16:39:03.516+0000] {dagbag.py:588} INFO - Filling up the DagBag from /home/airflow/.local/lib/python3.12/site-packages/airflow/example_dags/example_python_decorator.py
[2024-10-16T16:39:03.533+0000] {processor.py:925} INFO - DAG(s) 'example_python_decorator' retrieved from /home/airflow/.local/lib/python3.12/site-packages/airflow/example_dags/example_python_decorator.py
[2024-10-16T16:39:03.558+0000] {logging_mixin.py:190} INFO - [2024-10-16T16:39:03.558+0000] {dag.py:3239} INFO - Sync 1 DAGs
[2024-10-16T16:39:03.575+0000] {logging_mixin.py:190} INFO - [2024-10-16T16:39:03.575+0000] {dag.py:4180} INFO - Setting next_dagrun for example_python_decorator to None, run_after=None
[2024-10-16T16:39:03.598+0000] {processor.py:208} INFO - Processing /home/airflow/.local/lib/python3.12/site-packages/airflow/example_dags/example_python_decorator.py took 0.092 seconds
[2024-10-16T16:39:33.983+0000] {processor.py:186} INFO - Started process (PID=264) to work on /home/airflow/.local/lib/python3.12/site-packages/airflow/example_dags/example_python_decorator.py
[2024-10-16T16:39:33.984+0000] {processor.py:914} INFO - Processing file /home/airflow/.local/lib/python3.12/site-packages/airflow/example_dags/example_python_decorator.py for tasks to queue
[2024-10-16T16:39:33.987+0000] {logging_mixin.py:190} INFO - [2024-10-16T16:39:33.986+0000] {dagbag.py:588} INFO - Filling up the DagBag from /home/airflow/.local/lib/python3.12/site-packages/airflow/example_dags/example_python_decorator.py
[2024-10-16T16:39:34.004+0000] {processor.py:925} INFO - DAG(s) 'example_python_decorator' retrieved from /home/airflow/.local/lib/python3.12/site-packages/airflow/example_dags/example_python_decorator.py
[2024-10-16T16:39:34.029+0000] {logging_mixin.py:190} INFO - [2024-10-16T16:39:34.028+0000] {dag.py:3239} INFO - Sync 1 DAGs
[2024-10-16T16:39:34.045+0000] {logging_mixin.py:190} INFO - [2024-10-16T16:39:34.045+0000] {dag.py:4180} INFO - Setting next_dagrun for example_python_decorator to None, run_after=None
[2024-10-16T16:39:34.067+0000] {processor.py:208} INFO - Processing /home/airflow/.local/lib/python3.12/site-packages/airflow/example_dags/example_python_decorator.py took 0.091 seconds
[2024-10-16T16:40:04.371+0000] {processor.py:186} INFO - Started process (PID=327) to work on /home/airflow/.local/lib/python3.12/site-packages/airflow/example_dags/example_python_decorator.py
[2024-10-16T16:40:04.373+0000] {processor.py:914} INFO - Processing file /home/airflow/.local/lib/python3.12/site-packages/airflow/example_dags/example_python_decorator.py for tasks to queue
[2024-10-16T16:40:04.375+0000] {logging_mixin.py:190} INFO - [2024-10-16T16:40:04.375+0000] {dagbag.py:588} INFO - Filling up the DagBag from /home/airflow/.local/lib/python3.12/site-packages/airflow/example_dags/example_python_decorator.py
[2024-10-16T16:40:04.394+0000] {processor.py:925} INFO - DAG(s) 'example_python_decorator' retrieved from /home/airflow/.local/lib/python3.12/site-packages/airflow/example_dags/example_python_decorator.py
[2024-10-16T16:40:04.419+0000] {logging_mixin.py:190} INFO - [2024-10-16T16:40:04.419+0000] {dag.py:3239} INFO - Sync 1 DAGs
[2024-10-16T16:40:04.437+0000] {logging_mixin.py:190} INFO - [2024-10-16T16:40:04.436+0000] {dag.py:4180} INFO - Setting next_dagrun for example_python_decorator to None, run_after=None
[2024-10-16T16:40:04.462+0000] {processor.py:208} INFO - Processing /home/airflow/.local/lib/python3.12/site-packages/airflow/example_dags/example_python_decorator.py took 0.097 seconds
[2024-10-16T16:40:34.843+0000] {processor.py:186} INFO - Started process (PID=389) to work on /home/airflow/.local/lib/python3.12/site-packages/airflow/example_dags/example_python_decorator.py
[2024-10-16T16:40:34.844+0000] {processor.py:914} INFO - Processing file /home/airflow/.local/lib/python3.12/site-packages/airflow/example_dags/example_python_decorator.py for tasks to queue
[2024-10-16T16:40:34.848+0000] {logging_mixin.py:190} INFO - [2024-10-16T16:40:34.847+0000] {dagbag.py:588} INFO - Filling up the DagBag from /home/airflow/.local/lib/python3.12/site-packages/airflow/example_dags/example_python_decorator.py
[2024-10-16T16:40:34.870+0000] {processor.py:925} INFO - DAG(s) 'example_python_decorator' retrieved from /home/airflow/.local/lib/python3.12/site-packages/airflow/example_dags/example_python_decorator.py
[2024-10-16T16:40:34.907+0000] {logging_mixin.py:190} INFO - [2024-10-16T16:40:34.907+0000] {dag.py:3239} INFO - Sync 1 DAGs
[2024-10-16T16:40:34.938+0000] {logging_mixin.py:190} INFO - [2024-10-16T16:40:34.938+0000] {dag.py:4180} INFO - Setting next_dagrun for example_python_decorator to None, run_after=None
[2024-10-16T16:40:34.971+0000] {processor.py:208} INFO - Processing /home/airflow/.local/lib/python3.12/site-packages/airflow/example_dags/example_python_decorator.py took 0.137 seconds
[2024-10-16T16:41:05.356+0000] {processor.py:186} INFO - Started process (PID=451) to work on /home/airflow/.local/lib/python3.12/site-packages/airflow/example_dags/example_python_decorator.py
[2024-10-16T16:41:05.357+0000] {processor.py:914} INFO - Processing file /home/airflow/.local/lib/python3.12/site-packages/airflow/example_dags/example_python_decorator.py for tasks to queue
[2024-10-16T16:41:05.359+0000] {logging_mixin.py:190} INFO - [2024-10-16T16:41:05.359+0000] {dagbag.py:588} INFO - Filling up the DagBag from /home/airflow/.local/lib/python3.12/site-packages/airflow/example_dags/example_python_decorator.py
[2024-10-16T16:41:05.375+0000] {processor.py:925} INFO - DAG(s) 'example_python_decorator' retrieved from /home/airflow/.local/lib/python3.12/site-packages/airflow/example_dags/example_python_decorator.py
[2024-10-16T16:41:05.399+0000] {logging_mixin.py:190} INFO - [2024-10-16T16:41:05.399+0000] {dag.py:3239} INFO - Sync 1 DAGs
[2024-10-16T16:41:05.417+0000] {logging_mixin.py:190} INFO - [2024-10-16T16:41:05.416+0000] {dag.py:4180} INFO - Setting next_dagrun for example_python_decorator to None, run_after=None
[2024-10-16T16:41:05.439+0000] {processor.py:208} INFO - Processing /home/airflow/.local/lib/python3.12/site-packages/airflow/example_dags/example_python_decorator.py took 0.090 seconds
[2024-10-16T16:41:36.048+0000] {processor.py:186} INFO - Started process (PID=513) to work on /home/airflow/.local/lib/python3.12/site-packages/airflow/example_dags/example_python_decorator.py
[2024-10-16T16:41:36.049+0000] {processor.py:914} INFO - Processing file /home/airflow/.local/lib/python3.12/site-packages/airflow/example_dags/example_python_decorator.py for tasks to queue
[2024-10-16T16:41:36.051+0000] {logging_mixin.py:190} INFO - [2024-10-16T16:41:36.051+0000] {dagbag.py:588} INFO - Filling up the DagBag from /home/airflow/.local/lib/python3.12/site-packages/airflow/example_dags/example_python_decorator.py
[2024-10-16T16:41:36.067+0000] {processor.py:925} INFO - DAG(s) 'example_python_decorator' retrieved from /home/airflow/.local/lib/python3.12/site-packages/airflow/example_dags/example_python_decorator.py
[2024-10-16T16:41:36.092+0000] {logging_mixin.py:190} INFO - [2024-10-16T16:41:36.092+0000] {dag.py:3239} INFO - Sync 1 DAGs
[2024-10-16T16:41:36.108+0000] {logging_mixin.py:190} INFO - [2024-10-16T16:41:36.108+0000] {dag.py:4180} INFO - Setting next_dagrun for example_python_decorator to None, run_after=None
[2024-10-16T16:41:36.130+0000] {processor.py:208} INFO - Processing /home/airflow/.local/lib/python3.12/site-packages/airflow/example_dags/example_python_decorator.py took 0.090 seconds
[2024-10-16T16:42:06.242+0000] {processor.py:186} INFO - Started process (PID=575) to work on /home/airflow/.local/lib/python3.12/site-packages/airflow/example_dags/example_python_decorator.py
[2024-10-16T16:42:06.243+0000] {processor.py:914} INFO - Processing file /home/airflow/.local/lib/python3.12/site-packages/airflow/example_dags/example_python_decorator.py for tasks to queue
[2024-10-16T16:42:06.246+0000] {logging_mixin.py:190} INFO - [2024-10-16T16:42:06.245+0000] {dagbag.py:588} INFO - Filling up the DagBag from /home/airflow/.local/lib/python3.12/site-packages/airflow/example_dags/example_python_decorator.py
[2024-10-16T16:42:06.263+0000] {processor.py:925} INFO - DAG(s) 'example_python_decorator' retrieved from /home/airflow/.local/lib/python3.12/site-packages/airflow/example_dags/example_python_decorator.py
[2024-10-16T16:42:06.288+0000] {logging_mixin.py:190} INFO - [2024-10-16T16:42:06.287+0000] {dag.py:3239} INFO - Sync 1 DAGs
[2024-10-16T16:42:06.305+0000] {logging_mixin.py:190} INFO - [2024-10-16T16:42:06.305+0000] {dag.py:4180} INFO - Setting next_dagrun for example_python_decorator to None, run_after=None
[2024-10-16T16:42:06.327+0000] {processor.py:208} INFO - Processing /home/airflow/.local/lib/python3.12/site-packages/airflow/example_dags/example_python_decorator.py took 0.091 seconds
[2024-10-16T16:42:36.777+0000] {processor.py:186} INFO - Started process (PID=637) to work on /home/airflow/.local/lib/python3.12/site-packages/airflow/example_dags/example_python_decorator.py
[2024-10-16T16:42:36.778+0000] {processor.py:914} INFO - Processing file /home/airflow/.local/lib/python3.12/site-packages/airflow/example_dags/example_python_decorator.py for tasks to queue
[2024-10-16T16:42:36.781+0000] {logging_mixin.py:190} INFO - [2024-10-16T16:42:36.780+0000] {dagbag.py:588} INFO - Filling up the DagBag from /home/airflow/.local/lib/python3.12/site-packages/airflow/example_dags/example_python_decorator.py
[2024-10-16T16:42:36.797+0000] {processor.py:925} INFO - DAG(s) 'example_python_decorator' retrieved from /home/airflow/.local/lib/python3.12/site-packages/airflow/example_dags/example_python_decorator.py
[2024-10-16T16:42:36.820+0000] {logging_mixin.py:190} INFO - [2024-10-16T16:42:36.820+0000] {dag.py:3239} INFO - Sync 1 DAGs
[2024-10-16T16:42:36.837+0000] {logging_mixin.py:190} INFO - [2024-10-16T16:42:36.837+0000] {dag.py:4180} INFO - Setting next_dagrun for example_python_decorator to None, run_after=None
[2024-10-16T16:42:36.864+0000] {processor.py:208} INFO - Processing /home/airflow/.local/lib/python3.12/site-packages/airflow/example_dags/example_python_decorator.py took 0.094 seconds
[2024-10-16T17:21:21.466+0000] {processor.py:186} INFO - Started process (PID=69) to work on /home/airflow/.local/lib/python3.12/site-packages/airflow/example_dags/example_python_decorator.py
[2024-10-16T17:21:21.468+0000] {processor.py:914} INFO - Processing file /home/airflow/.local/lib/python3.12/site-packages/airflow/example_dags/example_python_decorator.py for tasks to queue
[2024-10-16T17:21:21.477+0000] {logging_mixin.py:190} INFO - [2024-10-16T17:21:21.476+0000] {dagbag.py:588} INFO - Filling up the DagBag from /home/airflow/.local/lib/python3.12/site-packages/airflow/example_dags/example_python_decorator.py
[2024-10-16T17:21:21.505+0000] {processor.py:925} INFO - DAG(s) 'example_python_decorator' retrieved from /home/airflow/.local/lib/python3.12/site-packages/airflow/example_dags/example_python_decorator.py
[2024-10-16T17:21:21.737+0000] {logging_mixin.py:190} INFO - [2024-10-16T17:21:21.736+0000] {dag.py:3239} INFO - Sync 1 DAGs
[2024-10-16T17:21:21.759+0000] {logging_mixin.py:190} INFO - [2024-10-16T17:21:21.758+0000] {dag.py:4180} INFO - Setting next_dagrun for example_python_decorator to None, run_after=None
[2024-10-16T17:21:21.825+0000] {processor.py:208} INFO - Processing /home/airflow/.local/lib/python3.12/site-packages/airflow/example_dags/example_python_decorator.py took 0.377 seconds
[2024-10-16T17:21:52.264+0000] {processor.py:186} INFO - Started process (PID=131) to work on /home/airflow/.local/lib/python3.12/site-packages/airflow/example_dags/example_python_decorator.py
[2024-10-16T17:21:52.265+0000] {processor.py:914} INFO - Processing file /home/airflow/.local/lib/python3.12/site-packages/airflow/example_dags/example_python_decorator.py for tasks to queue
[2024-10-16T17:21:52.268+0000] {logging_mixin.py:190} INFO - [2024-10-16T17:21:52.268+0000] {dagbag.py:588} INFO - Filling up the DagBag from /home/airflow/.local/lib/python3.12/site-packages/airflow/example_dags/example_python_decorator.py
[2024-10-16T17:21:52.285+0000] {processor.py:925} INFO - DAG(s) 'example_python_decorator' retrieved from /home/airflow/.local/lib/python3.12/site-packages/airflow/example_dags/example_python_decorator.py
[2024-10-16T17:21:52.312+0000] {logging_mixin.py:190} INFO - [2024-10-16T17:21:52.312+0000] {dag.py:3239} INFO - Sync 1 DAGs
[2024-10-16T17:21:52.332+0000] {logging_mixin.py:190} INFO - [2024-10-16T17:21:52.332+0000] {dag.py:4180} INFO - Setting next_dagrun for example_python_decorator to None, run_after=None
[2024-10-16T17:21:52.355+0000] {processor.py:208} INFO - Processing /home/airflow/.local/lib/python3.12/site-packages/airflow/example_dags/example_python_decorator.py took 0.097 seconds
[2024-10-16T17:22:23.270+0000] {processor.py:186} INFO - Started process (PID=193) to work on /home/airflow/.local/lib/python3.12/site-packages/airflow/example_dags/example_python_decorator.py
[2024-10-16T17:22:23.271+0000] {processor.py:914} INFO - Processing file /home/airflow/.local/lib/python3.12/site-packages/airflow/example_dags/example_python_decorator.py for tasks to queue
[2024-10-16T17:22:23.275+0000] {logging_mixin.py:190} INFO - [2024-10-16T17:22:23.274+0000] {dagbag.py:588} INFO - Filling up the DagBag from /home/airflow/.local/lib/python3.12/site-packages/airflow/example_dags/example_python_decorator.py
[2024-10-16T17:22:23.296+0000] {processor.py:925} INFO - DAG(s) 'example_python_decorator' retrieved from /home/airflow/.local/lib/python3.12/site-packages/airflow/example_dags/example_python_decorator.py
[2024-10-16T17:22:23.326+0000] {logging_mixin.py:190} INFO - [2024-10-16T17:22:23.326+0000] {dag.py:3239} INFO - Sync 1 DAGs
[2024-10-16T17:22:23.348+0000] {logging_mixin.py:190} INFO - [2024-10-16T17:22:23.348+0000] {dag.py:4180} INFO - Setting next_dagrun for example_python_decorator to None, run_after=None
[2024-10-16T17:22:23.386+0000] {processor.py:208} INFO - Processing /home/airflow/.local/lib/python3.12/site-packages/airflow/example_dags/example_python_decorator.py took 0.122 seconds
[2024-10-16T17:22:53.511+0000] {processor.py:186} INFO - Started process (PID=255) to work on /home/airflow/.local/lib/python3.12/site-packages/airflow/example_dags/example_python_decorator.py
[2024-10-16T17:22:53.513+0000] {processor.py:914} INFO - Processing file /home/airflow/.local/lib/python3.12/site-packages/airflow/example_dags/example_python_decorator.py for tasks to queue
[2024-10-16T17:22:53.515+0000] {logging_mixin.py:190} INFO - [2024-10-16T17:22:53.515+0000] {dagbag.py:588} INFO - Filling up the DagBag from /home/airflow/.local/lib/python3.12/site-packages/airflow/example_dags/example_python_decorator.py
[2024-10-16T17:22:53.531+0000] {processor.py:925} INFO - DAG(s) 'example_python_decorator' retrieved from /home/airflow/.local/lib/python3.12/site-packages/airflow/example_dags/example_python_decorator.py
[2024-10-16T17:22:53.556+0000] {logging_mixin.py:190} INFO - [2024-10-16T17:22:53.555+0000] {dag.py:3239} INFO - Sync 1 DAGs
[2024-10-16T17:22:53.572+0000] {logging_mixin.py:190} INFO - [2024-10-16T17:22:53.572+0000] {dag.py:4180} INFO - Setting next_dagrun for example_python_decorator to None, run_after=None
[2024-10-16T17:22:53.595+0000] {processor.py:208} INFO - Processing /home/airflow/.local/lib/python3.12/site-packages/airflow/example_dags/example_python_decorator.py took 0.090 seconds
[2024-10-16T17:23:23.674+0000] {processor.py:186} INFO - Started process (PID=317) to work on /home/airflow/.local/lib/python3.12/site-packages/airflow/example_dags/example_python_decorator.py
[2024-10-16T17:23:23.675+0000] {processor.py:914} INFO - Processing file /home/airflow/.local/lib/python3.12/site-packages/airflow/example_dags/example_python_decorator.py for tasks to queue
[2024-10-16T17:23:23.678+0000] {logging_mixin.py:190} INFO - [2024-10-16T17:23:23.678+0000] {dagbag.py:588} INFO - Filling up the DagBag from /home/airflow/.local/lib/python3.12/site-packages/airflow/example_dags/example_python_decorator.py
[2024-10-16T17:23:23.694+0000] {processor.py:925} INFO - DAG(s) 'example_python_decorator' retrieved from /home/airflow/.local/lib/python3.12/site-packages/airflow/example_dags/example_python_decorator.py
[2024-10-16T17:23:23.719+0000] {logging_mixin.py:190} INFO - [2024-10-16T17:23:23.718+0000] {dag.py:3239} INFO - Sync 1 DAGs
[2024-10-16T17:23:23.736+0000] {logging_mixin.py:190} INFO - [2024-10-16T17:23:23.735+0000] {dag.py:4180} INFO - Setting next_dagrun for example_python_decorator to None, run_after=None
[2024-10-16T17:23:23.757+0000] {processor.py:208} INFO - Processing /home/airflow/.local/lib/python3.12/site-packages/airflow/example_dags/example_python_decorator.py took 0.090 seconds
[2024-10-16T17:23:54.294+0000] {processor.py:186} INFO - Started process (PID=379) to work on /home/airflow/.local/lib/python3.12/site-packages/airflow/example_dags/example_python_decorator.py
[2024-10-16T17:23:54.295+0000] {processor.py:914} INFO - Processing file /home/airflow/.local/lib/python3.12/site-packages/airflow/example_dags/example_python_decorator.py for tasks to queue
[2024-10-16T17:23:54.298+0000] {logging_mixin.py:190} INFO - [2024-10-16T17:23:54.297+0000] {dagbag.py:588} INFO - Filling up the DagBag from /home/airflow/.local/lib/python3.12/site-packages/airflow/example_dags/example_python_decorator.py
[2024-10-16T17:23:54.315+0000] {processor.py:925} INFO - DAG(s) 'example_python_decorator' retrieved from /home/airflow/.local/lib/python3.12/site-packages/airflow/example_dags/example_python_decorator.py
[2024-10-16T17:23:54.342+0000] {logging_mixin.py:190} INFO - [2024-10-16T17:23:54.342+0000] {dag.py:3239} INFO - Sync 1 DAGs
[2024-10-16T17:23:54.361+0000] {logging_mixin.py:190} INFO - [2024-10-16T17:23:54.360+0000] {dag.py:4180} INFO - Setting next_dagrun for example_python_decorator to None, run_after=None
[2024-10-16T17:23:54.383+0000] {processor.py:208} INFO - Processing /home/airflow/.local/lib/python3.12/site-packages/airflow/example_dags/example_python_decorator.py took 0.096 seconds
[2024-10-16T17:24:24.752+0000] {processor.py:186} INFO - Started process (PID=441) to work on /home/airflow/.local/lib/python3.12/site-packages/airflow/example_dags/example_python_decorator.py
[2024-10-16T17:24:24.753+0000] {processor.py:914} INFO - Processing file /home/airflow/.local/lib/python3.12/site-packages/airflow/example_dags/example_python_decorator.py for tasks to queue
[2024-10-16T17:24:24.755+0000] {logging_mixin.py:190} INFO - [2024-10-16T17:24:24.755+0000] {dagbag.py:588} INFO - Filling up the DagBag from /home/airflow/.local/lib/python3.12/site-packages/airflow/example_dags/example_python_decorator.py
[2024-10-16T17:24:24.772+0000] {processor.py:925} INFO - DAG(s) 'example_python_decorator' retrieved from /home/airflow/.local/lib/python3.12/site-packages/airflow/example_dags/example_python_decorator.py
[2024-10-16T17:24:24.798+0000] {logging_mixin.py:190} INFO - [2024-10-16T17:24:24.798+0000] {dag.py:3239} INFO - Sync 1 DAGs
[2024-10-16T17:24:24.816+0000] {logging_mixin.py:190} INFO - [2024-10-16T17:24:24.816+0000] {dag.py:4180} INFO - Setting next_dagrun for example_python_decorator to None, run_after=None
[2024-10-16T17:24:24.837+0000] {processor.py:208} INFO - Processing /home/airflow/.local/lib/python3.12/site-packages/airflow/example_dags/example_python_decorator.py took 0.092 seconds
[2024-10-16T17:24:55.136+0000] {processor.py:186} INFO - Started process (PID=503) to work on /home/airflow/.local/lib/python3.12/site-packages/airflow/example_dags/example_python_decorator.py
[2024-10-16T17:24:55.137+0000] {processor.py:914} INFO - Processing file /home/airflow/.local/lib/python3.12/site-packages/airflow/example_dags/example_python_decorator.py for tasks to queue
[2024-10-16T17:24:55.140+0000] {logging_mixin.py:190} INFO - [2024-10-16T17:24:55.140+0000] {dagbag.py:588} INFO - Filling up the DagBag from /home/airflow/.local/lib/python3.12/site-packages/airflow/example_dags/example_python_decorator.py
[2024-10-16T17:24:55.158+0000] {processor.py:925} INFO - DAG(s) 'example_python_decorator' retrieved from /home/airflow/.local/lib/python3.12/site-packages/airflow/example_dags/example_python_decorator.py
[2024-10-16T17:24:55.183+0000] {logging_mixin.py:190} INFO - [2024-10-16T17:24:55.183+0000] {dag.py:3239} INFO - Sync 1 DAGs
[2024-10-16T17:24:55.202+0000] {logging_mixin.py:190} INFO - [2024-10-16T17:24:55.201+0000] {dag.py:4180} INFO - Setting next_dagrun for example_python_decorator to None, run_after=None
[2024-10-16T17:24:55.223+0000] {processor.py:208} INFO - Processing /home/airflow/.local/lib/python3.12/site-packages/airflow/example_dags/example_python_decorator.py took 0.094 seconds
[2024-10-16T17:25:25.685+0000] {processor.py:186} INFO - Started process (PID=565) to work on /home/airflow/.local/lib/python3.12/site-packages/airflow/example_dags/example_python_decorator.py
[2024-10-16T17:25:25.687+0000] {processor.py:914} INFO - Processing file /home/airflow/.local/lib/python3.12/site-packages/airflow/example_dags/example_python_decorator.py for tasks to queue
[2024-10-16T17:25:25.690+0000] {logging_mixin.py:190} INFO - [2024-10-16T17:25:25.689+0000] {dagbag.py:588} INFO - Filling up the DagBag from /home/airflow/.local/lib/python3.12/site-packages/airflow/example_dags/example_python_decorator.py
[2024-10-16T17:25:25.708+0000] {processor.py:925} INFO - DAG(s) 'example_python_decorator' retrieved from /home/airflow/.local/lib/python3.12/site-packages/airflow/example_dags/example_python_decorator.py
[2024-10-16T17:25:25.735+0000] {logging_mixin.py:190} INFO - [2024-10-16T17:25:25.735+0000] {dag.py:3239} INFO - Sync 1 DAGs
[2024-10-16T17:25:25.753+0000] {logging_mixin.py:190} INFO - [2024-10-16T17:25:25.753+0000] {dag.py:4180} INFO - Setting next_dagrun for example_python_decorator to None, run_after=None
[2024-10-16T17:25:25.775+0000] {processor.py:208} INFO - Processing /home/airflow/.local/lib/python3.12/site-packages/airflow/example_dags/example_python_decorator.py took 0.098 seconds
[2024-10-16T17:25:55.919+0000] {processor.py:186} INFO - Started process (PID=627) to work on /home/airflow/.local/lib/python3.12/site-packages/airflow/example_dags/example_python_decorator.py
[2024-10-16T17:25:55.920+0000] {processor.py:914} INFO - Processing file /home/airflow/.local/lib/python3.12/site-packages/airflow/example_dags/example_python_decorator.py for tasks to queue
[2024-10-16T17:25:55.923+0000] {logging_mixin.py:190} INFO - [2024-10-16T17:25:55.922+0000] {dagbag.py:588} INFO - Filling up the DagBag from /home/airflow/.local/lib/python3.12/site-packages/airflow/example_dags/example_python_decorator.py
[2024-10-16T17:25:55.942+0000] {processor.py:925} INFO - DAG(s) 'example_python_decorator' retrieved from /home/airflow/.local/lib/python3.12/site-packages/airflow/example_dags/example_python_decorator.py
[2024-10-16T17:25:55.967+0000] {logging_mixin.py:190} INFO - [2024-10-16T17:25:55.967+0000] {dag.py:3239} INFO - Sync 1 DAGs
[2024-10-16T17:25:55.984+0000] {logging_mixin.py:190} INFO - [2024-10-16T17:25:55.984+0000] {dag.py:4180} INFO - Setting next_dagrun for example_python_decorator to None, run_after=None
[2024-10-16T17:25:56.009+0000] {processor.py:208} INFO - Processing /home/airflow/.local/lib/python3.12/site-packages/airflow/example_dags/example_python_decorator.py took 0.096 seconds
[2024-10-16T17:26:26.676+0000] {processor.py:186} INFO - Started process (PID=689) to work on /home/airflow/.local/lib/python3.12/site-packages/airflow/example_dags/example_python_decorator.py
[2024-10-16T17:26:26.677+0000] {processor.py:914} INFO - Processing file /home/airflow/.local/lib/python3.12/site-packages/airflow/example_dags/example_python_decorator.py for tasks to queue
[2024-10-16T17:26:26.679+0000] {logging_mixin.py:190} INFO - [2024-10-16T17:26:26.679+0000] {dagbag.py:588} INFO - Filling up the DagBag from /home/airflow/.local/lib/python3.12/site-packages/airflow/example_dags/example_python_decorator.py
[2024-10-16T17:26:26.696+0000] {processor.py:925} INFO - DAG(s) 'example_python_decorator' retrieved from /home/airflow/.local/lib/python3.12/site-packages/airflow/example_dags/example_python_decorator.py
[2024-10-16T17:26:26.722+0000] {logging_mixin.py:190} INFO - [2024-10-16T17:26:26.722+0000] {dag.py:3239} INFO - Sync 1 DAGs
[2024-10-16T17:26:26.740+0000] {logging_mixin.py:190} INFO - [2024-10-16T17:26:26.740+0000] {dag.py:4180} INFO - Setting next_dagrun for example_python_decorator to None, run_after=None
[2024-10-16T17:26:26.761+0000] {processor.py:208} INFO - Processing /home/airflow/.local/lib/python3.12/site-packages/airflow/example_dags/example_python_decorator.py took 0.092 seconds
[2024-10-16T17:26:57.092+0000] {processor.py:186} INFO - Started process (PID=751) to work on /home/airflow/.local/lib/python3.12/site-packages/airflow/example_dags/example_python_decorator.py
[2024-10-16T17:26:57.093+0000] {processor.py:914} INFO - Processing file /home/airflow/.local/lib/python3.12/site-packages/airflow/example_dags/example_python_decorator.py for tasks to queue
[2024-10-16T17:26:57.095+0000] {logging_mixin.py:190} INFO - [2024-10-16T17:26:57.095+0000] {dagbag.py:588} INFO - Filling up the DagBag from /home/airflow/.local/lib/python3.12/site-packages/airflow/example_dags/example_python_decorator.py
[2024-10-16T17:26:57.114+0000] {processor.py:925} INFO - DAG(s) 'example_python_decorator' retrieved from /home/airflow/.local/lib/python3.12/site-packages/airflow/example_dags/example_python_decorator.py
[2024-10-16T17:26:57.141+0000] {logging_mixin.py:190} INFO - [2024-10-16T17:26:57.140+0000] {dag.py:3239} INFO - Sync 1 DAGs
[2024-10-16T17:26:57.158+0000] {logging_mixin.py:190} INFO - [2024-10-16T17:26:57.158+0000] {dag.py:4180} INFO - Setting next_dagrun for example_python_decorator to None, run_after=None
[2024-10-16T17:26:57.180+0000] {processor.py:208} INFO - Processing /home/airflow/.local/lib/python3.12/site-packages/airflow/example_dags/example_python_decorator.py took 0.096 seconds
[2024-10-16T17:27:27.575+0000] {processor.py:186} INFO - Started process (PID=813) to work on /home/airflow/.local/lib/python3.12/site-packages/airflow/example_dags/example_python_decorator.py
[2024-10-16T17:27:27.576+0000] {processor.py:914} INFO - Processing file /home/airflow/.local/lib/python3.12/site-packages/airflow/example_dags/example_python_decorator.py for tasks to queue
[2024-10-16T17:27:27.579+0000] {logging_mixin.py:190} INFO - [2024-10-16T17:27:27.578+0000] {dagbag.py:588} INFO - Filling up the DagBag from /home/airflow/.local/lib/python3.12/site-packages/airflow/example_dags/example_python_decorator.py
[2024-10-16T17:27:27.596+0000] {processor.py:925} INFO - DAG(s) 'example_python_decorator' retrieved from /home/airflow/.local/lib/python3.12/site-packages/airflow/example_dags/example_python_decorator.py
[2024-10-16T17:27:27.623+0000] {logging_mixin.py:190} INFO - [2024-10-16T17:27:27.623+0000] {dag.py:3239} INFO - Sync 1 DAGs
[2024-10-16T17:27:27.642+0000] {logging_mixin.py:190} INFO - [2024-10-16T17:27:27.641+0000] {dag.py:4180} INFO - Setting next_dagrun for example_python_decorator to None, run_after=None
[2024-10-16T17:27:27.664+0000] {processor.py:208} INFO - Processing /home/airflow/.local/lib/python3.12/site-packages/airflow/example_dags/example_python_decorator.py took 0.096 seconds
[2024-10-16T17:27:58.124+0000] {processor.py:186} INFO - Started process (PID=875) to work on /home/airflow/.local/lib/python3.12/site-packages/airflow/example_dags/example_python_decorator.py
[2024-10-16T17:27:58.125+0000] {processor.py:914} INFO - Processing file /home/airflow/.local/lib/python3.12/site-packages/airflow/example_dags/example_python_decorator.py for tasks to queue
[2024-10-16T17:27:58.128+0000] {logging_mixin.py:190} INFO - [2024-10-16T17:27:58.127+0000] {dagbag.py:588} INFO - Filling up the DagBag from /home/airflow/.local/lib/python3.12/site-packages/airflow/example_dags/example_python_decorator.py
[2024-10-16T17:27:58.144+0000] {processor.py:925} INFO - DAG(s) 'example_python_decorator' retrieved from /home/airflow/.local/lib/python3.12/site-packages/airflow/example_dags/example_python_decorator.py
[2024-10-16T17:27:58.170+0000] {logging_mixin.py:190} INFO - [2024-10-16T17:27:58.170+0000] {dag.py:3239} INFO - Sync 1 DAGs
[2024-10-16T17:27:58.189+0000] {logging_mixin.py:190} INFO - [2024-10-16T17:27:58.189+0000] {dag.py:4180} INFO - Setting next_dagrun for example_python_decorator to None, run_after=None
[2024-10-16T17:27:58.211+0000] {processor.py:208} INFO - Processing /home/airflow/.local/lib/python3.12/site-packages/airflow/example_dags/example_python_decorator.py took 0.093 seconds
[2024-10-16T17:28:28.547+0000] {processor.py:186} INFO - Started process (PID=937) to work on /home/airflow/.local/lib/python3.12/site-packages/airflow/example_dags/example_python_decorator.py
[2024-10-16T17:28:28.549+0000] {processor.py:914} INFO - Processing file /home/airflow/.local/lib/python3.12/site-packages/airflow/example_dags/example_python_decorator.py for tasks to queue
[2024-10-16T17:28:28.551+0000] {logging_mixin.py:190} INFO - [2024-10-16T17:28:28.551+0000] {dagbag.py:588} INFO - Filling up the DagBag from /home/airflow/.local/lib/python3.12/site-packages/airflow/example_dags/example_python_decorator.py
[2024-10-16T17:28:28.569+0000] {processor.py:925} INFO - DAG(s) 'example_python_decorator' retrieved from /home/airflow/.local/lib/python3.12/site-packages/airflow/example_dags/example_python_decorator.py
[2024-10-16T17:28:28.594+0000] {logging_mixin.py:190} INFO - [2024-10-16T17:28:28.594+0000] {dag.py:3239} INFO - Sync 1 DAGs
[2024-10-16T17:28:28.611+0000] {logging_mixin.py:190} INFO - [2024-10-16T17:28:28.611+0000] {dag.py:4180} INFO - Setting next_dagrun for example_python_decorator to None, run_after=None
[2024-10-16T17:28:28.632+0000] {processor.py:208} INFO - Processing /home/airflow/.local/lib/python3.12/site-packages/airflow/example_dags/example_python_decorator.py took 0.092 seconds
[2024-10-16T17:28:58.993+0000] {processor.py:186} INFO - Started process (PID=999) to work on /home/airflow/.local/lib/python3.12/site-packages/airflow/example_dags/example_python_decorator.py
[2024-10-16T17:28:58.994+0000] {processor.py:914} INFO - Processing file /home/airflow/.local/lib/python3.12/site-packages/airflow/example_dags/example_python_decorator.py for tasks to queue
[2024-10-16T17:28:58.997+0000] {logging_mixin.py:190} INFO - [2024-10-16T17:28:58.997+0000] {dagbag.py:588} INFO - Filling up the DagBag from /home/airflow/.local/lib/python3.12/site-packages/airflow/example_dags/example_python_decorator.py
[2024-10-16T17:28:59.014+0000] {processor.py:925} INFO - DAG(s) 'example_python_decorator' retrieved from /home/airflow/.local/lib/python3.12/site-packages/airflow/example_dags/example_python_decorator.py
[2024-10-16T17:28:59.043+0000] {logging_mixin.py:190} INFO - [2024-10-16T17:28:59.042+0000] {dag.py:3239} INFO - Sync 1 DAGs
[2024-10-16T17:28:59.060+0000] {logging_mixin.py:190} INFO - [2024-10-16T17:28:59.060+0000] {dag.py:4180} INFO - Setting next_dagrun for example_python_decorator to None, run_after=None
[2024-10-16T17:28:59.082+0000] {processor.py:208} INFO - Processing /home/airflow/.local/lib/python3.12/site-packages/airflow/example_dags/example_python_decorator.py took 0.096 seconds
[2024-10-16T17:29:29.658+0000] {processor.py:186} INFO - Started process (PID=1061) to work on /home/airflow/.local/lib/python3.12/site-packages/airflow/example_dags/example_python_decorator.py
[2024-10-16T17:29:29.659+0000] {processor.py:914} INFO - Processing file /home/airflow/.local/lib/python3.12/site-packages/airflow/example_dags/example_python_decorator.py for tasks to queue
[2024-10-16T17:29:29.661+0000] {logging_mixin.py:190} INFO - [2024-10-16T17:29:29.661+0000] {dagbag.py:588} INFO - Filling up the DagBag from /home/airflow/.local/lib/python3.12/site-packages/airflow/example_dags/example_python_decorator.py
[2024-10-16T17:29:29.678+0000] {processor.py:925} INFO - DAG(s) 'example_python_decorator' retrieved from /home/airflow/.local/lib/python3.12/site-packages/airflow/example_dags/example_python_decorator.py
[2024-10-16T17:29:29.707+0000] {logging_mixin.py:190} INFO - [2024-10-16T17:29:29.706+0000] {dag.py:3239} INFO - Sync 1 DAGs
[2024-10-16T17:29:29.725+0000] {logging_mixin.py:190} INFO - [2024-10-16T17:29:29.725+0000] {dag.py:4180} INFO - Setting next_dagrun for example_python_decorator to None, run_after=None
[2024-10-16T17:29:29.747+0000] {processor.py:208} INFO - Processing /home/airflow/.local/lib/python3.12/site-packages/airflow/example_dags/example_python_decorator.py took 0.096 seconds
[2024-10-16T17:30:00.044+0000] {processor.py:186} INFO - Started process (PID=1123) to work on /home/airflow/.local/lib/python3.12/site-packages/airflow/example_dags/example_python_decorator.py
[2024-10-16T17:30:00.045+0000] {processor.py:914} INFO - Processing file /home/airflow/.local/lib/python3.12/site-packages/airflow/example_dags/example_python_decorator.py for tasks to queue
[2024-10-16T17:30:00.048+0000] {logging_mixin.py:190} INFO - [2024-10-16T17:30:00.048+0000] {dagbag.py:588} INFO - Filling up the DagBag from /home/airflow/.local/lib/python3.12/site-packages/airflow/example_dags/example_python_decorator.py
[2024-10-16T17:30:00.065+0000] {processor.py:925} INFO - DAG(s) 'example_python_decorator' retrieved from /home/airflow/.local/lib/python3.12/site-packages/airflow/example_dags/example_python_decorator.py
[2024-10-16T17:30:00.092+0000] {logging_mixin.py:190} INFO - [2024-10-16T17:30:00.091+0000] {dag.py:3239} INFO - Sync 1 DAGs
[2024-10-16T17:30:00.109+0000] {logging_mixin.py:190} INFO - [2024-10-16T17:30:00.109+0000] {dag.py:4180} INFO - Setting next_dagrun for example_python_decorator to None, run_after=None
[2024-10-16T17:30:00.131+0000] {processor.py:208} INFO - Processing /home/airflow/.local/lib/python3.12/site-packages/airflow/example_dags/example_python_decorator.py took 0.093 seconds
