[2024-10-16T16:38:04.965+0000] {processor.py:186} INFO - Started process (PID=88) to work on /home/airflow/.local/lib/python3.12/site-packages/airflow/example_dags/example_display_name.py
[2024-10-16T16:38:04.966+0000] {processor.py:914} INFO - Processing file /home/airflow/.local/lib/python3.12/site-packages/airflow/example_dags/example_display_name.py for tasks to queue
[2024-10-16T16:38:04.969+0000] {logging_mixin.py:190} INFO - [2024-10-16T16:38:04.968+0000] {dagbag.py:588} INFO - Filling up the DagBag from /home/airflow/.local/lib/python3.12/site-packages/airflow/example_dags/example_display_name.py
[2024-10-16T16:38:04.978+0000] {processor.py:925} INFO - DAG(s) 'example_display_name' retrieved from /home/airflow/.local/lib/python3.12/site-packages/airflow/example_dags/example_display_name.py
[2024-10-16T16:38:05.125+0000] {logging_mixin.py:190} INFO - [2024-10-16T16:38:05.124+0000] {override.py:1900} INFO - Created Permission View: can delete on DAG:example_display_name
[2024-10-16T16:38:05.145+0000] {logging_mixin.py:190} INFO - [2024-10-16T16:38:05.145+0000] {override.py:1900} INFO - Created Permission View: can edit on DAG:example_display_name
[2024-10-16T16:38:05.153+0000] {logging_mixin.py:190} INFO - [2024-10-16T16:38:05.152+0000] {override.py:1900} INFO - Created Permission View: can read on DAG:example_display_name
[2024-10-16T16:38:05.169+0000] {logging_mixin.py:190} INFO - [2024-10-16T16:38:05.169+0000] {override.py:1900} INFO - Created Permission View: menu access on DAG Run:example_display_name
[2024-10-16T16:38:05.185+0000] {logging_mixin.py:190} INFO - [2024-10-16T16:38:05.185+0000] {override.py:1900} INFO - Created Permission View: can create on DAG Run:example_display_name
[2024-10-16T16:38:05.194+0000] {logging_mixin.py:190} INFO - [2024-10-16T16:38:05.193+0000] {override.py:1900} INFO - Created Permission View: can delete on DAG Run:example_display_name
[2024-10-16T16:38:05.202+0000] {logging_mixin.py:190} INFO - [2024-10-16T16:38:05.202+0000] {override.py:1900} INFO - Created Permission View: can read on DAG Run:example_display_name
[2024-10-16T16:38:05.203+0000] {logging_mixin.py:190} INFO - [2024-10-16T16:38:05.203+0000] {dag.py:3239} INFO - Sync 1 DAGs
[2024-10-16T16:38:05.219+0000] {logging_mixin.py:190} INFO - [2024-10-16T16:38:05.219+0000] {dag.py:3262} INFO - Creating ORM DAG for example_display_name
[2024-10-16T16:38:05.221+0000] {logging_mixin.py:190} INFO - [2024-10-16T16:38:05.220+0000] {dag.py:4180} INFO - Setting next_dagrun for example_display_name to None, run_after=None
[2024-10-16T16:38:05.246+0000] {processor.py:208} INFO - Processing /home/airflow/.local/lib/python3.12/site-packages/airflow/example_dags/example_display_name.py took 0.288 seconds
[2024-10-16T16:38:35.651+0000] {processor.py:186} INFO - Started process (PID=150) to work on /home/airflow/.local/lib/python3.12/site-packages/airflow/example_dags/example_display_name.py
[2024-10-16T16:38:35.652+0000] {processor.py:914} INFO - Processing file /home/airflow/.local/lib/python3.12/site-packages/airflow/example_dags/example_display_name.py for tasks to queue
[2024-10-16T16:38:35.655+0000] {logging_mixin.py:190} INFO - [2024-10-16T16:38:35.655+0000] {dagbag.py:588} INFO - Filling up the DagBag from /home/airflow/.local/lib/python3.12/site-packages/airflow/example_dags/example_display_name.py
[2024-10-16T16:38:35.663+0000] {processor.py:925} INFO - DAG(s) 'example_display_name' retrieved from /home/airflow/.local/lib/python3.12/site-packages/airflow/example_dags/example_display_name.py
[2024-10-16T16:38:35.686+0000] {logging_mixin.py:190} INFO - [2024-10-16T16:38:35.685+0000] {dag.py:3239} INFO - Sync 1 DAGs
[2024-10-16T16:38:35.703+0000] {logging_mixin.py:190} INFO - [2024-10-16T16:38:35.703+0000] {dag.py:4180} INFO - Setting next_dagrun for example_display_name to None, run_after=None
[2024-10-16T16:38:35.725+0000] {processor.py:208} INFO - Processing /home/airflow/.local/lib/python3.12/site-packages/airflow/example_dags/example_display_name.py took 0.081 seconds
[2024-10-16T16:39:06.396+0000] {processor.py:186} INFO - Started process (PID=212) to work on /home/airflow/.local/lib/python3.12/site-packages/airflow/example_dags/example_display_name.py
[2024-10-16T16:39:06.398+0000] {processor.py:914} INFO - Processing file /home/airflow/.local/lib/python3.12/site-packages/airflow/example_dags/example_display_name.py for tasks to queue
[2024-10-16T16:39:06.400+0000] {logging_mixin.py:190} INFO - [2024-10-16T16:39:06.400+0000] {dagbag.py:588} INFO - Filling up the DagBag from /home/airflow/.local/lib/python3.12/site-packages/airflow/example_dags/example_display_name.py
[2024-10-16T16:39:06.409+0000] {processor.py:925} INFO - DAG(s) 'example_display_name' retrieved from /home/airflow/.local/lib/python3.12/site-packages/airflow/example_dags/example_display_name.py
[2024-10-16T16:39:06.431+0000] {logging_mixin.py:190} INFO - [2024-10-16T16:39:06.430+0000] {dag.py:3239} INFO - Sync 1 DAGs
[2024-10-16T16:39:06.454+0000] {logging_mixin.py:190} INFO - [2024-10-16T16:39:06.454+0000] {dag.py:4180} INFO - Setting next_dagrun for example_display_name to None, run_after=None
[2024-10-16T16:39:06.477+0000] {processor.py:208} INFO - Processing /home/airflow/.local/lib/python3.12/site-packages/airflow/example_dags/example_display_name.py took 0.087 seconds
[2024-10-16T16:39:36.947+0000] {processor.py:186} INFO - Started process (PID=274) to work on /home/airflow/.local/lib/python3.12/site-packages/airflow/example_dags/example_display_name.py
[2024-10-16T16:39:36.948+0000] {processor.py:914} INFO - Processing file /home/airflow/.local/lib/python3.12/site-packages/airflow/example_dags/example_display_name.py for tasks to queue
[2024-10-16T16:39:36.951+0000] {logging_mixin.py:190} INFO - [2024-10-16T16:39:36.950+0000] {dagbag.py:588} INFO - Filling up the DagBag from /home/airflow/.local/lib/python3.12/site-packages/airflow/example_dags/example_display_name.py
[2024-10-16T16:39:36.963+0000] {processor.py:925} INFO - DAG(s) 'example_display_name' retrieved from /home/airflow/.local/lib/python3.12/site-packages/airflow/example_dags/example_display_name.py
[2024-10-16T16:39:36.985+0000] {logging_mixin.py:190} INFO - [2024-10-16T16:39:36.985+0000] {dag.py:3239} INFO - Sync 1 DAGs
[2024-10-16T16:39:37.006+0000] {logging_mixin.py:190} INFO - [2024-10-16T16:39:37.006+0000] {dag.py:4180} INFO - Setting next_dagrun for example_display_name to None, run_after=None
[2024-10-16T16:39:37.031+0000] {processor.py:208} INFO - Processing /home/airflow/.local/lib/python3.12/site-packages/airflow/example_dags/example_display_name.py took 0.091 seconds
[2024-10-16T16:40:07.371+0000] {processor.py:186} INFO - Started process (PID=337) to work on /home/airflow/.local/lib/python3.12/site-packages/airflow/example_dags/example_display_name.py
[2024-10-16T16:40:07.373+0000] {processor.py:914} INFO - Processing file /home/airflow/.local/lib/python3.12/site-packages/airflow/example_dags/example_display_name.py for tasks to queue
[2024-10-16T16:40:07.376+0000] {logging_mixin.py:190} INFO - [2024-10-16T16:40:07.375+0000] {dagbag.py:588} INFO - Filling up the DagBag from /home/airflow/.local/lib/python3.12/site-packages/airflow/example_dags/example_display_name.py
[2024-10-16T16:40:07.385+0000] {processor.py:925} INFO - DAG(s) 'example_display_name' retrieved from /home/airflow/.local/lib/python3.12/site-packages/airflow/example_dags/example_display_name.py
[2024-10-16T16:40:07.409+0000] {logging_mixin.py:190} INFO - [2024-10-16T16:40:07.409+0000] {dag.py:3239} INFO - Sync 1 DAGs
[2024-10-16T16:40:07.428+0000] {logging_mixin.py:190} INFO - [2024-10-16T16:40:07.428+0000] {dag.py:4180} INFO - Setting next_dagrun for example_display_name to None, run_after=None
[2024-10-16T16:40:07.454+0000] {processor.py:208} INFO - Processing /home/airflow/.local/lib/python3.12/site-packages/airflow/example_dags/example_display_name.py took 0.091 seconds
[2024-10-16T16:40:37.862+0000] {processor.py:186} INFO - Started process (PID=399) to work on /home/airflow/.local/lib/python3.12/site-packages/airflow/example_dags/example_display_name.py
[2024-10-16T16:40:37.864+0000] {processor.py:914} INFO - Processing file /home/airflow/.local/lib/python3.12/site-packages/airflow/example_dags/example_display_name.py for tasks to queue
[2024-10-16T16:40:37.867+0000] {logging_mixin.py:190} INFO - [2024-10-16T16:40:37.866+0000] {dagbag.py:588} INFO - Filling up the DagBag from /home/airflow/.local/lib/python3.12/site-packages/airflow/example_dags/example_display_name.py
[2024-10-16T16:40:37.875+0000] {processor.py:925} INFO - DAG(s) 'example_display_name' retrieved from /home/airflow/.local/lib/python3.12/site-packages/airflow/example_dags/example_display_name.py
[2024-10-16T16:40:37.898+0000] {logging_mixin.py:190} INFO - [2024-10-16T16:40:37.898+0000] {dag.py:3239} INFO - Sync 1 DAGs
[2024-10-16T16:40:37.917+0000] {logging_mixin.py:190} INFO - [2024-10-16T16:40:37.917+0000] {dag.py:4180} INFO - Setting next_dagrun for example_display_name to None, run_after=None
[2024-10-16T16:40:37.941+0000] {processor.py:208} INFO - Processing /home/airflow/.local/lib/python3.12/site-packages/airflow/example_dags/example_display_name.py took 0.087 seconds
[2024-10-16T16:41:08.292+0000] {processor.py:186} INFO - Started process (PID=461) to work on /home/airflow/.local/lib/python3.12/site-packages/airflow/example_dags/example_display_name.py
[2024-10-16T16:41:08.293+0000] {processor.py:914} INFO - Processing file /home/airflow/.local/lib/python3.12/site-packages/airflow/example_dags/example_display_name.py for tasks to queue
[2024-10-16T16:41:08.295+0000] {logging_mixin.py:190} INFO - [2024-10-16T16:41:08.295+0000] {dagbag.py:588} INFO - Filling up the DagBag from /home/airflow/.local/lib/python3.12/site-packages/airflow/example_dags/example_display_name.py
[2024-10-16T16:41:08.304+0000] {processor.py:925} INFO - DAG(s) 'example_display_name' retrieved from /home/airflow/.local/lib/python3.12/site-packages/airflow/example_dags/example_display_name.py
[2024-10-16T16:41:08.327+0000] {logging_mixin.py:190} INFO - [2024-10-16T16:41:08.326+0000] {dag.py:3239} INFO - Sync 1 DAGs
[2024-10-16T16:41:08.345+0000] {logging_mixin.py:190} INFO - [2024-10-16T16:41:08.345+0000] {dag.py:4180} INFO - Setting next_dagrun for example_display_name to None, run_after=None
[2024-10-16T16:41:08.366+0000] {processor.py:208} INFO - Processing /home/airflow/.local/lib/python3.12/site-packages/airflow/example_dags/example_display_name.py took 0.082 seconds
[2024-10-16T16:41:38.707+0000] {processor.py:186} INFO - Started process (PID=522) to work on /home/airflow/.local/lib/python3.12/site-packages/airflow/example_dags/example_display_name.py
[2024-10-16T16:41:38.708+0000] {processor.py:914} INFO - Processing file /home/airflow/.local/lib/python3.12/site-packages/airflow/example_dags/example_display_name.py for tasks to queue
[2024-10-16T16:41:38.712+0000] {logging_mixin.py:190} INFO - [2024-10-16T16:41:38.712+0000] {dagbag.py:588} INFO - Filling up the DagBag from /home/airflow/.local/lib/python3.12/site-packages/airflow/example_dags/example_display_name.py
[2024-10-16T16:41:38.720+0000] {processor.py:925} INFO - DAG(s) 'example_display_name' retrieved from /home/airflow/.local/lib/python3.12/site-packages/airflow/example_dags/example_display_name.py
[2024-10-16T16:41:38.741+0000] {logging_mixin.py:190} INFO - [2024-10-16T16:41:38.741+0000] {dag.py:3239} INFO - Sync 1 DAGs
[2024-10-16T16:41:38.757+0000] {logging_mixin.py:190} INFO - [2024-10-16T16:41:38.757+0000] {dag.py:4180} INFO - Setting next_dagrun for example_display_name to None, run_after=None
[2024-10-16T16:41:38.780+0000] {processor.py:208} INFO - Processing /home/airflow/.local/lib/python3.12/site-packages/airflow/example_dags/example_display_name.py took 0.079 seconds
[2024-10-16T16:42:08.974+0000] {processor.py:186} INFO - Started process (PID=584) to work on /home/airflow/.local/lib/python3.12/site-packages/airflow/example_dags/example_display_name.py
[2024-10-16T16:42:08.975+0000] {processor.py:914} INFO - Processing file /home/airflow/.local/lib/python3.12/site-packages/airflow/example_dags/example_display_name.py for tasks to queue
[2024-10-16T16:42:08.979+0000] {logging_mixin.py:190} INFO - [2024-10-16T16:42:08.979+0000] {dagbag.py:588} INFO - Filling up the DagBag from /home/airflow/.local/lib/python3.12/site-packages/airflow/example_dags/example_display_name.py
[2024-10-16T16:42:08.987+0000] {processor.py:925} INFO - DAG(s) 'example_display_name' retrieved from /home/airflow/.local/lib/python3.12/site-packages/airflow/example_dags/example_display_name.py
[2024-10-16T16:42:09.010+0000] {logging_mixin.py:190} INFO - [2024-10-16T16:42:09.009+0000] {dag.py:3239} INFO - Sync 1 DAGs
[2024-10-16T16:42:09.028+0000] {logging_mixin.py:190} INFO - [2024-10-16T16:42:09.028+0000] {dag.py:4180} INFO - Setting next_dagrun for example_display_name to None, run_after=None
[2024-10-16T16:42:09.051+0000] {processor.py:208} INFO - Processing /home/airflow/.local/lib/python3.12/site-packages/airflow/example_dags/example_display_name.py took 0.085 seconds
[2024-10-16T16:42:39.201+0000] {processor.py:186} INFO - Started process (PID=645) to work on /home/airflow/.local/lib/python3.12/site-packages/airflow/example_dags/example_display_name.py
[2024-10-16T16:42:39.203+0000] {processor.py:914} INFO - Processing file /home/airflow/.local/lib/python3.12/site-packages/airflow/example_dags/example_display_name.py for tasks to queue
[2024-10-16T16:42:39.206+0000] {logging_mixin.py:190} INFO - [2024-10-16T16:42:39.205+0000] {dagbag.py:588} INFO - Filling up the DagBag from /home/airflow/.local/lib/python3.12/site-packages/airflow/example_dags/example_display_name.py
[2024-10-16T16:42:39.213+0000] {processor.py:925} INFO - DAG(s) 'example_display_name' retrieved from /home/airflow/.local/lib/python3.12/site-packages/airflow/example_dags/example_display_name.py
[2024-10-16T16:42:39.236+0000] {logging_mixin.py:190} INFO - [2024-10-16T16:42:39.235+0000] {dag.py:3239} INFO - Sync 1 DAGs
[2024-10-16T16:42:39.252+0000] {logging_mixin.py:190} INFO - [2024-10-16T16:42:39.252+0000] {dag.py:4180} INFO - Setting next_dagrun for example_display_name to None, run_after=None
[2024-10-16T16:42:39.276+0000] {processor.py:208} INFO - Processing /home/airflow/.local/lib/python3.12/site-packages/airflow/example_dags/example_display_name.py took 0.081 seconds
[2024-10-16T17:21:23.350+0000] {processor.py:186} INFO - Started process (PID=79) to work on /home/airflow/.local/lib/python3.12/site-packages/airflow/example_dags/example_display_name.py
[2024-10-16T17:21:23.351+0000] {processor.py:914} INFO - Processing file /home/airflow/.local/lib/python3.12/site-packages/airflow/example_dags/example_display_name.py for tasks to queue
[2024-10-16T17:21:23.354+0000] {logging_mixin.py:190} INFO - [2024-10-16T17:21:23.354+0000] {dagbag.py:588} INFO - Filling up the DagBag from /home/airflow/.local/lib/python3.12/site-packages/airflow/example_dags/example_display_name.py
[2024-10-16T17:21:23.362+0000] {processor.py:925} INFO - DAG(s) 'example_display_name' retrieved from /home/airflow/.local/lib/python3.12/site-packages/airflow/example_dags/example_display_name.py
[2024-10-16T17:21:23.390+0000] {logging_mixin.py:190} INFO - [2024-10-16T17:21:23.390+0000] {dag.py:3239} INFO - Sync 1 DAGs
[2024-10-16T17:21:23.409+0000] {logging_mixin.py:190} INFO - [2024-10-16T17:21:23.409+0000] {dag.py:4180} INFO - Setting next_dagrun for example_display_name to None, run_after=None
[2024-10-16T17:21:23.433+0000] {processor.py:208} INFO - Processing /home/airflow/.local/lib/python3.12/site-packages/airflow/example_dags/example_display_name.py took 0.089 seconds
[2024-10-16T17:21:54.213+0000] {processor.py:186} INFO - Started process (PID=141) to work on /home/airflow/.local/lib/python3.12/site-packages/airflow/example_dags/example_display_name.py
[2024-10-16T17:21:54.214+0000] {processor.py:914} INFO - Processing file /home/airflow/.local/lib/python3.12/site-packages/airflow/example_dags/example_display_name.py for tasks to queue
[2024-10-16T17:21:54.217+0000] {logging_mixin.py:190} INFO - [2024-10-16T17:21:54.216+0000] {dagbag.py:588} INFO - Filling up the DagBag from /home/airflow/.local/lib/python3.12/site-packages/airflow/example_dags/example_display_name.py
[2024-10-16T17:21:54.226+0000] {processor.py:925} INFO - DAG(s) 'example_display_name' retrieved from /home/airflow/.local/lib/python3.12/site-packages/airflow/example_dags/example_display_name.py
[2024-10-16T17:21:54.250+0000] {logging_mixin.py:190} INFO - [2024-10-16T17:21:54.250+0000] {dag.py:3239} INFO - Sync 1 DAGs
[2024-10-16T17:21:54.267+0000] {logging_mixin.py:190} INFO - [2024-10-16T17:21:54.267+0000] {dag.py:4180} INFO - Setting next_dagrun for example_display_name to None, run_after=None
[2024-10-16T17:21:54.292+0000] {processor.py:208} INFO - Processing /home/airflow/.local/lib/python3.12/site-packages/airflow/example_dags/example_display_name.py took 0.086 seconds
[2024-10-16T17:22:25.340+0000] {processor.py:186} INFO - Started process (PID=203) to work on /home/airflow/.local/lib/python3.12/site-packages/airflow/example_dags/example_display_name.py
[2024-10-16T17:22:25.341+0000] {processor.py:914} INFO - Processing file /home/airflow/.local/lib/python3.12/site-packages/airflow/example_dags/example_display_name.py for tasks to queue
[2024-10-16T17:22:25.344+0000] {logging_mixin.py:190} INFO - [2024-10-16T17:22:25.344+0000] {dagbag.py:588} INFO - Filling up the DagBag from /home/airflow/.local/lib/python3.12/site-packages/airflow/example_dags/example_display_name.py
[2024-10-16T17:22:25.354+0000] {processor.py:925} INFO - DAG(s) 'example_display_name' retrieved from /home/airflow/.local/lib/python3.12/site-packages/airflow/example_dags/example_display_name.py
[2024-10-16T17:22:25.381+0000] {logging_mixin.py:190} INFO - [2024-10-16T17:22:25.380+0000] {dag.py:3239} INFO - Sync 1 DAGs
[2024-10-16T17:22:25.402+0000] {logging_mixin.py:190} INFO - [2024-10-16T17:22:25.402+0000] {dag.py:4180} INFO - Setting next_dagrun for example_display_name to None, run_after=None
[2024-10-16T17:22:25.431+0000] {processor.py:208} INFO - Processing /home/airflow/.local/lib/python3.12/site-packages/airflow/example_dags/example_display_name.py took 0.100 seconds
[2024-10-16T17:22:56.011+0000] {processor.py:186} INFO - Started process (PID=265) to work on /home/airflow/.local/lib/python3.12/site-packages/airflow/example_dags/example_display_name.py
[2024-10-16T17:22:56.012+0000] {processor.py:914} INFO - Processing file /home/airflow/.local/lib/python3.12/site-packages/airflow/example_dags/example_display_name.py for tasks to queue
[2024-10-16T17:22:56.015+0000] {logging_mixin.py:190} INFO - [2024-10-16T17:22:56.014+0000] {dagbag.py:588} INFO - Filling up the DagBag from /home/airflow/.local/lib/python3.12/site-packages/airflow/example_dags/example_display_name.py
[2024-10-16T17:22:56.023+0000] {processor.py:925} INFO - DAG(s) 'example_display_name' retrieved from /home/airflow/.local/lib/python3.12/site-packages/airflow/example_dags/example_display_name.py
[2024-10-16T17:22:56.046+0000] {logging_mixin.py:190} INFO - [2024-10-16T17:22:56.046+0000] {dag.py:3239} INFO - Sync 1 DAGs
[2024-10-16T17:22:56.069+0000] {logging_mixin.py:190} INFO - [2024-10-16T17:22:56.068+0000] {dag.py:4180} INFO - Setting next_dagrun for example_display_name to None, run_after=None
[2024-10-16T17:22:56.097+0000] {processor.py:208} INFO - Processing /home/airflow/.local/lib/python3.12/site-packages/airflow/example_dags/example_display_name.py took 0.094 seconds
[2024-10-16T17:23:26.727+0000] {processor.py:186} INFO - Started process (PID=327) to work on /home/airflow/.local/lib/python3.12/site-packages/airflow/example_dags/example_display_name.py
[2024-10-16T17:23:26.729+0000] {processor.py:914} INFO - Processing file /home/airflow/.local/lib/python3.12/site-packages/airflow/example_dags/example_display_name.py for tasks to queue
[2024-10-16T17:23:26.731+0000] {logging_mixin.py:190} INFO - [2024-10-16T17:23:26.731+0000] {dagbag.py:588} INFO - Filling up the DagBag from /home/airflow/.local/lib/python3.12/site-packages/airflow/example_dags/example_display_name.py
[2024-10-16T17:23:26.739+0000] {processor.py:925} INFO - DAG(s) 'example_display_name' retrieved from /home/airflow/.local/lib/python3.12/site-packages/airflow/example_dags/example_display_name.py
[2024-10-16T17:23:26.760+0000] {logging_mixin.py:190} INFO - [2024-10-16T17:23:26.760+0000] {dag.py:3239} INFO - Sync 1 DAGs
[2024-10-16T17:23:26.777+0000] {logging_mixin.py:190} INFO - [2024-10-16T17:23:26.777+0000] {dag.py:4180} INFO - Setting next_dagrun for example_display_name to None, run_after=None
[2024-10-16T17:23:26.800+0000] {processor.py:208} INFO - Processing /home/airflow/.local/lib/python3.12/site-packages/airflow/example_dags/example_display_name.py took 0.080 seconds
[2024-10-16T17:23:57.134+0000] {processor.py:186} INFO - Started process (PID=389) to work on /home/airflow/.local/lib/python3.12/site-packages/airflow/example_dags/example_display_name.py
[2024-10-16T17:23:57.135+0000] {processor.py:914} INFO - Processing file /home/airflow/.local/lib/python3.12/site-packages/airflow/example_dags/example_display_name.py for tasks to queue
[2024-10-16T17:23:57.138+0000] {logging_mixin.py:190} INFO - [2024-10-16T17:23:57.137+0000] {dagbag.py:588} INFO - Filling up the DagBag from /home/airflow/.local/lib/python3.12/site-packages/airflow/example_dags/example_display_name.py
[2024-10-16T17:23:57.146+0000] {processor.py:925} INFO - DAG(s) 'example_display_name' retrieved from /home/airflow/.local/lib/python3.12/site-packages/airflow/example_dags/example_display_name.py
[2024-10-16T17:23:57.166+0000] {logging_mixin.py:190} INFO - [2024-10-16T17:23:57.166+0000] {dag.py:3239} INFO - Sync 1 DAGs
[2024-10-16T17:23:57.183+0000] {logging_mixin.py:190} INFO - [2024-10-16T17:23:57.183+0000] {dag.py:4180} INFO - Setting next_dagrun for example_display_name to None, run_after=None
[2024-10-16T17:23:57.205+0000] {processor.py:208} INFO - Processing /home/airflow/.local/lib/python3.12/site-packages/airflow/example_dags/example_display_name.py took 0.077 seconds
[2024-10-16T17:24:27.555+0000] {processor.py:186} INFO - Started process (PID=451) to work on /home/airflow/.local/lib/python3.12/site-packages/airflow/example_dags/example_display_name.py
[2024-10-16T17:24:27.556+0000] {processor.py:914} INFO - Processing file /home/airflow/.local/lib/python3.12/site-packages/airflow/example_dags/example_display_name.py for tasks to queue
[2024-10-16T17:24:27.559+0000] {logging_mixin.py:190} INFO - [2024-10-16T17:24:27.558+0000] {dagbag.py:588} INFO - Filling up the DagBag from /home/airflow/.local/lib/python3.12/site-packages/airflow/example_dags/example_display_name.py
[2024-10-16T17:24:27.567+0000] {processor.py:925} INFO - DAG(s) 'example_display_name' retrieved from /home/airflow/.local/lib/python3.12/site-packages/airflow/example_dags/example_display_name.py
[2024-10-16T17:24:27.590+0000] {logging_mixin.py:190} INFO - [2024-10-16T17:24:27.590+0000] {dag.py:3239} INFO - Sync 1 DAGs
[2024-10-16T17:24:27.606+0000] {logging_mixin.py:190} INFO - [2024-10-16T17:24:27.606+0000] {dag.py:4180} INFO - Setting next_dagrun for example_display_name to None, run_after=None
[2024-10-16T17:24:27.629+0000] {processor.py:208} INFO - Processing /home/airflow/.local/lib/python3.12/site-packages/airflow/example_dags/example_display_name.py took 0.081 seconds
[2024-10-16T17:24:57.986+0000] {processor.py:186} INFO - Started process (PID=513) to work on /home/airflow/.local/lib/python3.12/site-packages/airflow/example_dags/example_display_name.py
[2024-10-16T17:24:57.987+0000] {processor.py:914} INFO - Processing file /home/airflow/.local/lib/python3.12/site-packages/airflow/example_dags/example_display_name.py for tasks to queue
[2024-10-16T17:24:57.990+0000] {logging_mixin.py:190} INFO - [2024-10-16T17:24:57.990+0000] {dagbag.py:588} INFO - Filling up the DagBag from /home/airflow/.local/lib/python3.12/site-packages/airflow/example_dags/example_display_name.py
[2024-10-16T17:24:57.998+0000] {processor.py:925} INFO - DAG(s) 'example_display_name' retrieved from /home/airflow/.local/lib/python3.12/site-packages/airflow/example_dags/example_display_name.py
[2024-10-16T17:24:58.021+0000] {logging_mixin.py:190} INFO - [2024-10-16T17:24:58.021+0000] {dag.py:3239} INFO - Sync 1 DAGs
[2024-10-16T17:24:58.038+0000] {logging_mixin.py:190} INFO - [2024-10-16T17:24:58.038+0000] {dag.py:4180} INFO - Setting next_dagrun for example_display_name to None, run_after=None
[2024-10-16T17:24:58.060+0000] {processor.py:208} INFO - Processing /home/airflow/.local/lib/python3.12/site-packages/airflow/example_dags/example_display_name.py took 0.082 seconds
[2024-10-16T17:25:29.128+0000] {processor.py:186} INFO - Started process (PID=574) to work on /home/airflow/.local/lib/python3.12/site-packages/airflow/example_dags/example_display_name.py
[2024-10-16T17:25:29.129+0000] {processor.py:914} INFO - Processing file /home/airflow/.local/lib/python3.12/site-packages/airflow/example_dags/example_display_name.py for tasks to queue
[2024-10-16T17:25:29.133+0000] {logging_mixin.py:190} INFO - [2024-10-16T17:25:29.133+0000] {dagbag.py:588} INFO - Filling up the DagBag from /home/airflow/.local/lib/python3.12/site-packages/airflow/example_dags/example_display_name.py
[2024-10-16T17:25:29.151+0000] {processor.py:925} INFO - DAG(s) 'example_display_name' retrieved from /home/airflow/.local/lib/python3.12/site-packages/airflow/example_dags/example_display_name.py
[2024-10-16T17:25:29.175+0000] {logging_mixin.py:190} INFO - [2024-10-16T17:25:29.175+0000] {dag.py:3239} INFO - Sync 1 DAGs
[2024-10-16T17:25:29.194+0000] {logging_mixin.py:190} INFO - [2024-10-16T17:25:29.194+0000] {dag.py:4180} INFO - Setting next_dagrun for example_display_name to None, run_after=None
[2024-10-16T17:25:29.221+0000] {processor.py:208} INFO - Processing /home/airflow/.local/lib/python3.12/site-packages/airflow/example_dags/example_display_name.py took 0.106 seconds
[2024-10-16T17:25:59.719+0000] {processor.py:186} INFO - Started process (PID=636) to work on /home/airflow/.local/lib/python3.12/site-packages/airflow/example_dags/example_display_name.py
[2024-10-16T17:25:59.721+0000] {processor.py:914} INFO - Processing file /home/airflow/.local/lib/python3.12/site-packages/airflow/example_dags/example_display_name.py for tasks to queue
[2024-10-16T17:25:59.723+0000] {logging_mixin.py:190} INFO - [2024-10-16T17:25:59.723+0000] {dagbag.py:588} INFO - Filling up the DagBag from /home/airflow/.local/lib/python3.12/site-packages/airflow/example_dags/example_display_name.py
[2024-10-16T17:25:59.731+0000] {processor.py:925} INFO - DAG(s) 'example_display_name' retrieved from /home/airflow/.local/lib/python3.12/site-packages/airflow/example_dags/example_display_name.py
[2024-10-16T17:25:59.752+0000] {logging_mixin.py:190} INFO - [2024-10-16T17:25:59.752+0000] {dag.py:3239} INFO - Sync 1 DAGs
[2024-10-16T17:25:59.770+0000] {logging_mixin.py:190} INFO - [2024-10-16T17:25:59.770+0000] {dag.py:4180} INFO - Setting next_dagrun for example_display_name to None, run_after=None
[2024-10-16T17:25:59.791+0000] {processor.py:208} INFO - Processing /home/airflow/.local/lib/python3.12/site-packages/airflow/example_dags/example_display_name.py took 0.078 seconds
[2024-10-16T17:26:30.447+0000] {processor.py:186} INFO - Started process (PID=698) to work on /home/airflow/.local/lib/python3.12/site-packages/airflow/example_dags/example_display_name.py
[2024-10-16T17:26:30.448+0000] {processor.py:914} INFO - Processing file /home/airflow/.local/lib/python3.12/site-packages/airflow/example_dags/example_display_name.py for tasks to queue
[2024-10-16T17:26:30.450+0000] {logging_mixin.py:190} INFO - [2024-10-16T17:26:30.450+0000] {dagbag.py:588} INFO - Filling up the DagBag from /home/airflow/.local/lib/python3.12/site-packages/airflow/example_dags/example_display_name.py
[2024-10-16T17:26:30.458+0000] {processor.py:925} INFO - DAG(s) 'example_display_name' retrieved from /home/airflow/.local/lib/python3.12/site-packages/airflow/example_dags/example_display_name.py
[2024-10-16T17:26:30.481+0000] {logging_mixin.py:190} INFO - [2024-10-16T17:26:30.480+0000] {dag.py:3239} INFO - Sync 1 DAGs
[2024-10-16T17:26:30.498+0000] {logging_mixin.py:190} INFO - [2024-10-16T17:26:30.498+0000] {dag.py:4180} INFO - Setting next_dagrun for example_display_name to None, run_after=None
[2024-10-16T17:26:30.520+0000] {processor.py:208} INFO - Processing /home/airflow/.local/lib/python3.12/site-packages/airflow/example_dags/example_display_name.py took 0.080 seconds
[2024-10-16T17:27:00.973+0000] {processor.py:186} INFO - Started process (PID=761) to work on /home/airflow/.local/lib/python3.12/site-packages/airflow/example_dags/example_display_name.py
[2024-10-16T17:27:00.975+0000] {processor.py:914} INFO - Processing file /home/airflow/.local/lib/python3.12/site-packages/airflow/example_dags/example_display_name.py for tasks to queue
[2024-10-16T17:27:00.977+0000] {logging_mixin.py:190} INFO - [2024-10-16T17:27:00.977+0000] {dagbag.py:588} INFO - Filling up the DagBag from /home/airflow/.local/lib/python3.12/site-packages/airflow/example_dags/example_display_name.py
[2024-10-16T17:27:00.987+0000] {processor.py:925} INFO - DAG(s) 'example_display_name' retrieved from /home/airflow/.local/lib/python3.12/site-packages/airflow/example_dags/example_display_name.py
[2024-10-16T17:27:01.009+0000] {logging_mixin.py:190} INFO - [2024-10-16T17:27:01.009+0000] {dag.py:3239} INFO - Sync 1 DAGs
[2024-10-16T17:27:01.027+0000] {logging_mixin.py:190} INFO - [2024-10-16T17:27:01.026+0000] {dag.py:4180} INFO - Setting next_dagrun for example_display_name to None, run_after=None
[2024-10-16T17:27:01.049+0000] {processor.py:208} INFO - Processing /home/airflow/.local/lib/python3.12/site-packages/airflow/example_dags/example_display_name.py took 0.082 seconds
[2024-10-16T17:27:31.411+0000] {processor.py:186} INFO - Started process (PID=823) to work on /home/airflow/.local/lib/python3.12/site-packages/airflow/example_dags/example_display_name.py
[2024-10-16T17:27:31.412+0000] {processor.py:914} INFO - Processing file /home/airflow/.local/lib/python3.12/site-packages/airflow/example_dags/example_display_name.py for tasks to queue
[2024-10-16T17:27:31.415+0000] {logging_mixin.py:190} INFO - [2024-10-16T17:27:31.414+0000] {dagbag.py:588} INFO - Filling up the DagBag from /home/airflow/.local/lib/python3.12/site-packages/airflow/example_dags/example_display_name.py
[2024-10-16T17:27:31.423+0000] {processor.py:925} INFO - DAG(s) 'example_display_name' retrieved from /home/airflow/.local/lib/python3.12/site-packages/airflow/example_dags/example_display_name.py
[2024-10-16T17:27:31.445+0000] {logging_mixin.py:190} INFO - [2024-10-16T17:27:31.445+0000] {dag.py:3239} INFO - Sync 1 DAGs
[2024-10-16T17:27:31.463+0000] {logging_mixin.py:190} INFO - [2024-10-16T17:27:31.463+0000] {dag.py:4180} INFO - Setting next_dagrun for example_display_name to None, run_after=None
[2024-10-16T17:27:31.485+0000] {processor.py:208} INFO - Processing /home/airflow/.local/lib/python3.12/site-packages/airflow/example_dags/example_display_name.py took 0.081 seconds
[2024-10-16T17:28:01.948+0000] {processor.py:186} INFO - Started process (PID=885) to work on /home/airflow/.local/lib/python3.12/site-packages/airflow/example_dags/example_display_name.py
[2024-10-16T17:28:01.949+0000] {processor.py:914} INFO - Processing file /home/airflow/.local/lib/python3.12/site-packages/airflow/example_dags/example_display_name.py for tasks to queue
[2024-10-16T17:28:01.952+0000] {logging_mixin.py:190} INFO - [2024-10-16T17:28:01.951+0000] {dagbag.py:588} INFO - Filling up the DagBag from /home/airflow/.local/lib/python3.12/site-packages/airflow/example_dags/example_display_name.py
[2024-10-16T17:28:01.960+0000] {processor.py:925} INFO - DAG(s) 'example_display_name' retrieved from /home/airflow/.local/lib/python3.12/site-packages/airflow/example_dags/example_display_name.py
[2024-10-16T17:28:01.983+0000] {logging_mixin.py:190} INFO - [2024-10-16T17:28:01.983+0000] {dag.py:3239} INFO - Sync 1 DAGs
[2024-10-16T17:28:02.000+0000] {logging_mixin.py:190} INFO - [2024-10-16T17:28:02.000+0000] {dag.py:4180} INFO - Setting next_dagrun for example_display_name to None, run_after=None
[2024-10-16T17:28:02.023+0000] {processor.py:208} INFO - Processing /home/airflow/.local/lib/python3.12/site-packages/airflow/example_dags/example_display_name.py took 0.081 seconds
[2024-10-16T17:28:32.429+0000] {processor.py:186} INFO - Started process (PID=947) to work on /home/airflow/.local/lib/python3.12/site-packages/airflow/example_dags/example_display_name.py
[2024-10-16T17:28:32.430+0000] {processor.py:914} INFO - Processing file /home/airflow/.local/lib/python3.12/site-packages/airflow/example_dags/example_display_name.py for tasks to queue
[2024-10-16T17:28:32.433+0000] {logging_mixin.py:190} INFO - [2024-10-16T17:28:32.432+0000] {dagbag.py:588} INFO - Filling up the DagBag from /home/airflow/.local/lib/python3.12/site-packages/airflow/example_dags/example_display_name.py
[2024-10-16T17:28:32.441+0000] {processor.py:925} INFO - DAG(s) 'example_display_name' retrieved from /home/airflow/.local/lib/python3.12/site-packages/airflow/example_dags/example_display_name.py
[2024-10-16T17:28:32.462+0000] {logging_mixin.py:190} INFO - [2024-10-16T17:28:32.462+0000] {dag.py:3239} INFO - Sync 1 DAGs
[2024-10-16T17:28:32.479+0000] {logging_mixin.py:190} INFO - [2024-10-16T17:28:32.479+0000] {dag.py:4180} INFO - Setting next_dagrun for example_display_name to None, run_after=None
[2024-10-16T17:28:32.500+0000] {processor.py:208} INFO - Processing /home/airflow/.local/lib/python3.12/site-packages/airflow/example_dags/example_display_name.py took 0.078 seconds
[2024-10-16T17:29:02.826+0000] {processor.py:186} INFO - Started process (PID=1009) to work on /home/airflow/.local/lib/python3.12/site-packages/airflow/example_dags/example_display_name.py
[2024-10-16T17:29:02.827+0000] {processor.py:914} INFO - Processing file /home/airflow/.local/lib/python3.12/site-packages/airflow/example_dags/example_display_name.py for tasks to queue
[2024-10-16T17:29:02.830+0000] {logging_mixin.py:190} INFO - [2024-10-16T17:29:02.830+0000] {dagbag.py:588} INFO - Filling up the DagBag from /home/airflow/.local/lib/python3.12/site-packages/airflow/example_dags/example_display_name.py
[2024-10-16T17:29:02.838+0000] {processor.py:925} INFO - DAG(s) 'example_display_name' retrieved from /home/airflow/.local/lib/python3.12/site-packages/airflow/example_dags/example_display_name.py
[2024-10-16T17:29:02.860+0000] {logging_mixin.py:190} INFO - [2024-10-16T17:29:02.859+0000] {dag.py:3239} INFO - Sync 1 DAGs
[2024-10-16T17:29:02.876+0000] {logging_mixin.py:190} INFO - [2024-10-16T17:29:02.876+0000] {dag.py:4180} INFO - Setting next_dagrun for example_display_name to None, run_after=None
[2024-10-16T17:29:02.896+0000] {processor.py:208} INFO - Processing /home/airflow/.local/lib/python3.12/site-packages/airflow/example_dags/example_display_name.py took 0.077 seconds
[2024-10-16T17:29:33.448+0000] {processor.py:186} INFO - Started process (PID=1070) to work on /home/airflow/.local/lib/python3.12/site-packages/airflow/example_dags/example_display_name.py
[2024-10-16T17:29:33.449+0000] {processor.py:914} INFO - Processing file /home/airflow/.local/lib/python3.12/site-packages/airflow/example_dags/example_display_name.py for tasks to queue
[2024-10-16T17:29:33.452+0000] {logging_mixin.py:190} INFO - [2024-10-16T17:29:33.451+0000] {dagbag.py:588} INFO - Filling up the DagBag from /home/airflow/.local/lib/python3.12/site-packages/airflow/example_dags/example_display_name.py
[2024-10-16T17:29:33.460+0000] {processor.py:925} INFO - DAG(s) 'example_display_name' retrieved from /home/airflow/.local/lib/python3.12/site-packages/airflow/example_dags/example_display_name.py
[2024-10-16T17:29:33.482+0000] {logging_mixin.py:190} INFO - [2024-10-16T17:29:33.481+0000] {dag.py:3239} INFO - Sync 1 DAGs
[2024-10-16T17:29:33.499+0000] {logging_mixin.py:190} INFO - [2024-10-16T17:29:33.499+0000] {dag.py:4180} INFO - Setting next_dagrun for example_display_name to None, run_after=None
[2024-10-16T17:29:33.525+0000] {processor.py:208} INFO - Processing /home/airflow/.local/lib/python3.12/site-packages/airflow/example_dags/example_display_name.py took 0.085 seconds
[2024-10-16T17:30:03.884+0000] {processor.py:186} INFO - Started process (PID=1132) to work on /home/airflow/.local/lib/python3.12/site-packages/airflow/example_dags/example_display_name.py
[2024-10-16T17:30:03.885+0000] {processor.py:914} INFO - Processing file /home/airflow/.local/lib/python3.12/site-packages/airflow/example_dags/example_display_name.py for tasks to queue
[2024-10-16T17:30:03.888+0000] {logging_mixin.py:190} INFO - [2024-10-16T17:30:03.887+0000] {dagbag.py:588} INFO - Filling up the DagBag from /home/airflow/.local/lib/python3.12/site-packages/airflow/example_dags/example_display_name.py
[2024-10-16T17:30:03.897+0000] {processor.py:925} INFO - DAG(s) 'example_display_name' retrieved from /home/airflow/.local/lib/python3.12/site-packages/airflow/example_dags/example_display_name.py
[2024-10-16T17:30:03.920+0000] {logging_mixin.py:190} INFO - [2024-10-16T17:30:03.920+0000] {dag.py:3239} INFO - Sync 1 DAGs
[2024-10-16T17:30:03.939+0000] {logging_mixin.py:190} INFO - [2024-10-16T17:30:03.939+0000] {dag.py:4180} INFO - Setting next_dagrun for example_display_name to None, run_after=None
[2024-10-16T17:30:03.962+0000] {processor.py:208} INFO - Processing /home/airflow/.local/lib/python3.12/site-packages/airflow/example_dags/example_display_name.py took 0.086 seconds
