[2024-10-16T16:38:04.669+0000] {processor.py:186} INFO - Started process (PID=87) to work on /home/airflow/.local/lib/python3.12/site-packages/airflow/example_dags/example_short_circuit_operator.py
[2024-10-16T16:38:04.670+0000] {processor.py:914} INFO - Processing file /home/airflow/.local/lib/python3.12/site-packages/airflow/example_dags/example_short_circuit_operator.py for tasks to queue
[2024-10-16T16:38:04.672+0000] {logging_mixin.py:190} INFO - [2024-10-16T16:38:04.672+0000] {dagbag.py:588} INFO - Filling up the DagBag from /home/airflow/.local/lib/python3.12/site-packages/airflow/example_dags/example_short_circuit_operator.py
[2024-10-16T16:38:04.686+0000] {processor.py:925} INFO - DAG(s) 'example_short_circuit_operator' retrieved from /home/airflow/.local/lib/python3.12/site-packages/airflow/example_dags/example_short_circuit_operator.py
[2024-10-16T16:38:04.846+0000] {logging_mixin.py:190} INFO - [2024-10-16T16:38:04.845+0000] {override.py:1900} INFO - Created Permission View: can delete on DAG:example_short_circuit_operator
[2024-10-16T16:38:04.879+0000] {logging_mixin.py:190} INFO - [2024-10-16T16:38:04.879+0000] {override.py:1900} INFO - Created Permission View: can edit on DAG:example_short_circuit_operator
[2024-10-16T16:38:04.895+0000] {logging_mixin.py:190} INFO - [2024-10-16T16:38:04.894+0000] {override.py:1900} INFO - Created Permission View: can read on DAG:example_short_circuit_operator
[2024-10-16T16:38:04.903+0000] {logging_mixin.py:190} INFO - [2024-10-16T16:38:04.903+0000] {override.py:1900} INFO - Created Permission View: menu access on DAG Run:example_short_circuit_operator
[2024-10-16T16:38:04.917+0000] {logging_mixin.py:190} INFO - [2024-10-16T16:38:04.917+0000] {override.py:1900} INFO - Created Permission View: can create on DAG Run:example_short_circuit_operator
[2024-10-16T16:38:04.933+0000] {logging_mixin.py:190} INFO - [2024-10-16T16:38:04.933+0000] {override.py:1900} INFO - Created Permission View: can delete on DAG Run:example_short_circuit_operator
[2024-10-16T16:38:04.950+0000] {logging_mixin.py:190} INFO - [2024-10-16T16:38:04.949+0000] {override.py:1900} INFO - Created Permission View: can read on DAG Run:example_short_circuit_operator
[2024-10-16T16:38:04.951+0000] {logging_mixin.py:190} INFO - [2024-10-16T16:38:04.950+0000] {dag.py:3239} INFO - Sync 1 DAGs
[2024-10-16T16:38:04.969+0000] {logging_mixin.py:190} INFO - [2024-10-16T16:38:04.968+0000] {dag.py:3262} INFO - Creating ORM DAG for example_short_circuit_operator
[2024-10-16T16:38:04.970+0000] {logging_mixin.py:190} INFO - [2024-10-16T16:38:04.970+0000] {dag.py:4180} INFO - Setting next_dagrun for example_short_circuit_operator to None, run_after=None
[2024-10-16T16:38:04.995+0000] {processor.py:208} INFO - Processing /home/airflow/.local/lib/python3.12/site-packages/airflow/example_dags/example_short_circuit_operator.py took 0.333 seconds
[2024-10-16T16:38:35.597+0000] {processor.py:186} INFO - Started process (PID=149) to work on /home/airflow/.local/lib/python3.12/site-packages/airflow/example_dags/example_short_circuit_operator.py
[2024-10-16T16:38:35.599+0000] {processor.py:914} INFO - Processing file /home/airflow/.local/lib/python3.12/site-packages/airflow/example_dags/example_short_circuit_operator.py for tasks to queue
[2024-10-16T16:38:35.601+0000] {logging_mixin.py:190} INFO - [2024-10-16T16:38:35.601+0000] {dagbag.py:588} INFO - Filling up the DagBag from /home/airflow/.local/lib/python3.12/site-packages/airflow/example_dags/example_short_circuit_operator.py
[2024-10-16T16:38:35.611+0000] {processor.py:925} INFO - DAG(s) 'example_short_circuit_operator' retrieved from /home/airflow/.local/lib/python3.12/site-packages/airflow/example_dags/example_short_circuit_operator.py
[2024-10-16T16:38:35.640+0000] {logging_mixin.py:190} INFO - [2024-10-16T16:38:35.640+0000] {dag.py:3239} INFO - Sync 1 DAGs
[2024-10-16T16:38:35.658+0000] {logging_mixin.py:190} INFO - [2024-10-16T16:38:35.657+0000] {dag.py:4180} INFO - Setting next_dagrun for example_short_circuit_operator to None, run_after=None
[2024-10-16T16:38:35.680+0000] {processor.py:208} INFO - Processing /home/airflow/.local/lib/python3.12/site-packages/airflow/example_dags/example_short_circuit_operator.py took 0.090 seconds
[2024-10-16T16:39:06.342+0000] {processor.py:186} INFO - Started process (PID=211) to work on /home/airflow/.local/lib/python3.12/site-packages/airflow/example_dags/example_short_circuit_operator.py
[2024-10-16T16:39:06.343+0000] {processor.py:914} INFO - Processing file /home/airflow/.local/lib/python3.12/site-packages/airflow/example_dags/example_short_circuit_operator.py for tasks to queue
[2024-10-16T16:39:06.346+0000] {logging_mixin.py:190} INFO - [2024-10-16T16:39:06.345+0000] {dagbag.py:588} INFO - Filling up the DagBag from /home/airflow/.local/lib/python3.12/site-packages/airflow/example_dags/example_short_circuit_operator.py
[2024-10-16T16:39:06.355+0000] {processor.py:925} INFO - DAG(s) 'example_short_circuit_operator' retrieved from /home/airflow/.local/lib/python3.12/site-packages/airflow/example_dags/example_short_circuit_operator.py
[2024-10-16T16:39:06.385+0000] {logging_mixin.py:190} INFO - [2024-10-16T16:39:06.384+0000] {dag.py:3239} INFO - Sync 1 DAGs
[2024-10-16T16:39:06.402+0000] {logging_mixin.py:190} INFO - [2024-10-16T16:39:06.402+0000] {dag.py:4180} INFO - Setting next_dagrun for example_short_circuit_operator to None, run_after=None
[2024-10-16T16:39:06.425+0000] {processor.py:208} INFO - Processing /home/airflow/.local/lib/python3.12/site-packages/airflow/example_dags/example_short_circuit_operator.py took 0.090 seconds
[2024-10-16T16:39:36.891+0000] {processor.py:186} INFO - Started process (PID=273) to work on /home/airflow/.local/lib/python3.12/site-packages/airflow/example_dags/example_short_circuit_operator.py
[2024-10-16T16:39:36.893+0000] {processor.py:914} INFO - Processing file /home/airflow/.local/lib/python3.12/site-packages/airflow/example_dags/example_short_circuit_operator.py for tasks to queue
[2024-10-16T16:39:36.895+0000] {logging_mixin.py:190} INFO - [2024-10-16T16:39:36.895+0000] {dagbag.py:588} INFO - Filling up the DagBag from /home/airflow/.local/lib/python3.12/site-packages/airflow/example_dags/example_short_circuit_operator.py
[2024-10-16T16:39:36.906+0000] {processor.py:925} INFO - DAG(s) 'example_short_circuit_operator' retrieved from /home/airflow/.local/lib/python3.12/site-packages/airflow/example_dags/example_short_circuit_operator.py
[2024-10-16T16:39:36.936+0000] {logging_mixin.py:190} INFO - [2024-10-16T16:39:36.936+0000] {dag.py:3239} INFO - Sync 1 DAGs
[2024-10-16T16:39:36.957+0000] {logging_mixin.py:190} INFO - [2024-10-16T16:39:36.957+0000] {dag.py:4180} INFO - Setting next_dagrun for example_short_circuit_operator to None, run_after=None
[2024-10-16T16:39:36.982+0000] {processor.py:208} INFO - Processing /home/airflow/.local/lib/python3.12/site-packages/airflow/example_dags/example_short_circuit_operator.py took 0.098 seconds
[2024-10-16T16:40:07.239+0000] {processor.py:186} INFO - Started process (PID=336) to work on /home/airflow/.local/lib/python3.12/site-packages/airflow/example_dags/example_short_circuit_operator.py
[2024-10-16T16:40:07.240+0000] {processor.py:914} INFO - Processing file /home/airflow/.local/lib/python3.12/site-packages/airflow/example_dags/example_short_circuit_operator.py for tasks to queue
[2024-10-16T16:40:07.243+0000] {logging_mixin.py:190} INFO - [2024-10-16T16:40:07.243+0000] {dagbag.py:588} INFO - Filling up the DagBag from /home/airflow/.local/lib/python3.12/site-packages/airflow/example_dags/example_short_circuit_operator.py
[2024-10-16T16:40:07.253+0000] {processor.py:925} INFO - DAG(s) 'example_short_circuit_operator' retrieved from /home/airflow/.local/lib/python3.12/site-packages/airflow/example_dags/example_short_circuit_operator.py
[2024-10-16T16:40:07.284+0000] {logging_mixin.py:190} INFO - [2024-10-16T16:40:07.283+0000] {dag.py:3239} INFO - Sync 1 DAGs
[2024-10-16T16:40:07.304+0000] {logging_mixin.py:190} INFO - [2024-10-16T16:40:07.303+0000] {dag.py:4180} INFO - Setting next_dagrun for example_short_circuit_operator to None, run_after=None
[2024-10-16T16:40:07.333+0000] {processor.py:208} INFO - Processing /home/airflow/.local/lib/python3.12/site-packages/airflow/example_dags/example_short_circuit_operator.py took 0.101 seconds
[2024-10-16T16:40:37.462+0000] {processor.py:186} INFO - Started process (PID=397) to work on /home/airflow/.local/lib/python3.12/site-packages/airflow/example_dags/example_short_circuit_operator.py
[2024-10-16T16:40:37.464+0000] {processor.py:914} INFO - Processing file /home/airflow/.local/lib/python3.12/site-packages/airflow/example_dags/example_short_circuit_operator.py for tasks to queue
[2024-10-16T16:40:37.467+0000] {logging_mixin.py:190} INFO - [2024-10-16T16:40:37.467+0000] {dagbag.py:588} INFO - Filling up the DagBag from /home/airflow/.local/lib/python3.12/site-packages/airflow/example_dags/example_short_circuit_operator.py
[2024-10-16T16:40:37.476+0000] {processor.py:925} INFO - DAG(s) 'example_short_circuit_operator' retrieved from /home/airflow/.local/lib/python3.12/site-packages/airflow/example_dags/example_short_circuit_operator.py
[2024-10-16T16:40:37.507+0000] {logging_mixin.py:190} INFO - [2024-10-16T16:40:37.506+0000] {dag.py:3239} INFO - Sync 1 DAGs
[2024-10-16T16:40:37.541+0000] {logging_mixin.py:190} INFO - [2024-10-16T16:40:37.540+0000] {dag.py:4180} INFO - Setting next_dagrun for example_short_circuit_operator to None, run_after=None
[2024-10-16T16:40:37.575+0000] {processor.py:208} INFO - Processing /home/airflow/.local/lib/python3.12/site-packages/airflow/example_dags/example_short_circuit_operator.py took 0.121 seconds
[2024-10-16T16:41:07.813+0000] {processor.py:186} INFO - Started process (PID=458) to work on /home/airflow/.local/lib/python3.12/site-packages/airflow/example_dags/example_short_circuit_operator.py
[2024-10-16T16:41:07.814+0000] {processor.py:914} INFO - Processing file /home/airflow/.local/lib/python3.12/site-packages/airflow/example_dags/example_short_circuit_operator.py for tasks to queue
[2024-10-16T16:41:07.817+0000] {logging_mixin.py:190} INFO - [2024-10-16T16:41:07.816+0000] {dagbag.py:588} INFO - Filling up the DagBag from /home/airflow/.local/lib/python3.12/site-packages/airflow/example_dags/example_short_circuit_operator.py
[2024-10-16T16:41:07.826+0000] {processor.py:925} INFO - DAG(s) 'example_short_circuit_operator' retrieved from /home/airflow/.local/lib/python3.12/site-packages/airflow/example_dags/example_short_circuit_operator.py
[2024-10-16T16:41:07.865+0000] {logging_mixin.py:190} INFO - [2024-10-16T16:41:07.865+0000] {dag.py:3239} INFO - Sync 1 DAGs
[2024-10-16T16:41:07.888+0000] {logging_mixin.py:190} INFO - [2024-10-16T16:41:07.888+0000] {dag.py:4180} INFO - Setting next_dagrun for example_short_circuit_operator to None, run_after=None
[2024-10-16T16:41:07.912+0000] {processor.py:208} INFO - Processing /home/airflow/.local/lib/python3.12/site-packages/airflow/example_dags/example_short_circuit_operator.py took 0.106 seconds
[2024-10-16T16:41:38.589+0000] {processor.py:186} INFO - Started process (PID=521) to work on /home/airflow/.local/lib/python3.12/site-packages/airflow/example_dags/example_short_circuit_operator.py
[2024-10-16T16:41:38.590+0000] {processor.py:914} INFO - Processing file /home/airflow/.local/lib/python3.12/site-packages/airflow/example_dags/example_short_circuit_operator.py for tasks to queue
[2024-10-16T16:41:38.593+0000] {logging_mixin.py:190} INFO - [2024-10-16T16:41:38.593+0000] {dagbag.py:588} INFO - Filling up the DagBag from /home/airflow/.local/lib/python3.12/site-packages/airflow/example_dags/example_short_circuit_operator.py
[2024-10-16T16:41:38.602+0000] {processor.py:925} INFO - DAG(s) 'example_short_circuit_operator' retrieved from /home/airflow/.local/lib/python3.12/site-packages/airflow/example_dags/example_short_circuit_operator.py
[2024-10-16T16:41:38.629+0000] {logging_mixin.py:190} INFO - [2024-10-16T16:41:38.628+0000] {dag.py:3239} INFO - Sync 1 DAGs
[2024-10-16T16:41:38.650+0000] {logging_mixin.py:190} INFO - [2024-10-16T16:41:38.650+0000] {dag.py:4180} INFO - Setting next_dagrun for example_short_circuit_operator to None, run_after=None
[2024-10-16T16:41:38.673+0000] {processor.py:208} INFO - Processing /home/airflow/.local/lib/python3.12/site-packages/airflow/example_dags/example_short_circuit_operator.py took 0.090 seconds
[2024-10-16T16:42:08.839+0000] {processor.py:186} INFO - Started process (PID=582) to work on /home/airflow/.local/lib/python3.12/site-packages/airflow/example_dags/example_short_circuit_operator.py
[2024-10-16T16:42:08.841+0000] {processor.py:914} INFO - Processing file /home/airflow/.local/lib/python3.12/site-packages/airflow/example_dags/example_short_circuit_operator.py for tasks to queue
[2024-10-16T16:42:08.846+0000] {logging_mixin.py:190} INFO - [2024-10-16T16:42:08.845+0000] {dagbag.py:588} INFO - Filling up the DagBag from /home/airflow/.local/lib/python3.12/site-packages/airflow/example_dags/example_short_circuit_operator.py
[2024-10-16T16:42:08.857+0000] {processor.py:925} INFO - DAG(s) 'example_short_circuit_operator' retrieved from /home/airflow/.local/lib/python3.12/site-packages/airflow/example_dags/example_short_circuit_operator.py
[2024-10-16T16:42:08.885+0000] {logging_mixin.py:190} INFO - [2024-10-16T16:42:08.884+0000] {dag.py:3239} INFO - Sync 1 DAGs
[2024-10-16T16:42:08.902+0000] {logging_mixin.py:190} INFO - [2024-10-16T16:42:08.902+0000] {dag.py:4180} INFO - Setting next_dagrun for example_short_circuit_operator to None, run_after=None
[2024-10-16T16:42:08.925+0000] {processor.py:208} INFO - Processing /home/airflow/.local/lib/python3.12/site-packages/airflow/example_dags/example_short_circuit_operator.py took 0.097 seconds
[2024-10-16T16:42:39.201+0000] {processor.py:186} INFO - Started process (PID=644) to work on /home/airflow/.local/lib/python3.12/site-packages/airflow/example_dags/example_short_circuit_operator.py
[2024-10-16T16:42:39.203+0000] {processor.py:914} INFO - Processing file /home/airflow/.local/lib/python3.12/site-packages/airflow/example_dags/example_short_circuit_operator.py for tasks to queue
[2024-10-16T16:42:39.206+0000] {logging_mixin.py:190} INFO - [2024-10-16T16:42:39.205+0000] {dagbag.py:588} INFO - Filling up the DagBag from /home/airflow/.local/lib/python3.12/site-packages/airflow/example_dags/example_short_circuit_operator.py
[2024-10-16T16:42:39.215+0000] {processor.py:925} INFO - DAG(s) 'example_short_circuit_operator' retrieved from /home/airflow/.local/lib/python3.12/site-packages/airflow/example_dags/example_short_circuit_operator.py
[2024-10-16T16:42:39.242+0000] {logging_mixin.py:190} INFO - [2024-10-16T16:42:39.241+0000] {dag.py:3239} INFO - Sync 1 DAGs
[2024-10-16T16:42:39.258+0000] {logging_mixin.py:190} INFO - [2024-10-16T16:42:39.258+0000] {dag.py:4180} INFO - Setting next_dagrun for example_short_circuit_operator to None, run_after=None
[2024-10-16T16:42:39.282+0000] {processor.py:208} INFO - Processing /home/airflow/.local/lib/python3.12/site-packages/airflow/example_dags/example_short_circuit_operator.py took 0.088 seconds
[2024-10-16T17:21:23.203+0000] {processor.py:186} INFO - Started process (PID=78) to work on /home/airflow/.local/lib/python3.12/site-packages/airflow/example_dags/example_short_circuit_operator.py
[2024-10-16T17:21:23.205+0000] {processor.py:914} INFO - Processing file /home/airflow/.local/lib/python3.12/site-packages/airflow/example_dags/example_short_circuit_operator.py for tasks to queue
[2024-10-16T17:21:23.208+0000] {logging_mixin.py:190} INFO - [2024-10-16T17:21:23.208+0000] {dagbag.py:588} INFO - Filling up the DagBag from /home/airflow/.local/lib/python3.12/site-packages/airflow/example_dags/example_short_circuit_operator.py
[2024-10-16T17:21:23.220+0000] {processor.py:925} INFO - DAG(s) 'example_short_circuit_operator' retrieved from /home/airflow/.local/lib/python3.12/site-packages/airflow/example_dags/example_short_circuit_operator.py
[2024-10-16T17:21:23.259+0000] {logging_mixin.py:190} INFO - [2024-10-16T17:21:23.258+0000] {dag.py:3239} INFO - Sync 1 DAGs
[2024-10-16T17:21:23.280+0000] {logging_mixin.py:190} INFO - [2024-10-16T17:21:23.280+0000] {dag.py:4180} INFO - Setting next_dagrun for example_short_circuit_operator to None, run_after=None
[2024-10-16T17:21:23.306+0000] {processor.py:208} INFO - Processing /home/airflow/.local/lib/python3.12/site-packages/airflow/example_dags/example_short_circuit_operator.py took 0.110 seconds
[2024-10-16T17:21:54.094+0000] {processor.py:186} INFO - Started process (PID=140) to work on /home/airflow/.local/lib/python3.12/site-packages/airflow/example_dags/example_short_circuit_operator.py
[2024-10-16T17:21:54.095+0000] {processor.py:914} INFO - Processing file /home/airflow/.local/lib/python3.12/site-packages/airflow/example_dags/example_short_circuit_operator.py for tasks to queue
[2024-10-16T17:21:54.098+0000] {logging_mixin.py:190} INFO - [2024-10-16T17:21:54.098+0000] {dagbag.py:588} INFO - Filling up the DagBag from /home/airflow/.local/lib/python3.12/site-packages/airflow/example_dags/example_short_circuit_operator.py
[2024-10-16T17:21:54.108+0000] {processor.py:925} INFO - DAG(s) 'example_short_circuit_operator' retrieved from /home/airflow/.local/lib/python3.12/site-packages/airflow/example_dags/example_short_circuit_operator.py
[2024-10-16T17:21:54.138+0000] {logging_mixin.py:190} INFO - [2024-10-16T17:21:54.138+0000] {dag.py:3239} INFO - Sync 1 DAGs
[2024-10-16T17:21:54.155+0000] {logging_mixin.py:190} INFO - [2024-10-16T17:21:54.155+0000] {dag.py:4180} INFO - Setting next_dagrun for example_short_circuit_operator to None, run_after=None
[2024-10-16T17:21:54.179+0000] {processor.py:208} INFO - Processing /home/airflow/.local/lib/python3.12/site-packages/airflow/example_dags/example_short_circuit_operator.py took 0.091 seconds
[2024-10-16T17:22:25.196+0000] {processor.py:186} INFO - Started process (PID=202) to work on /home/airflow/.local/lib/python3.12/site-packages/airflow/example_dags/example_short_circuit_operator.py
[2024-10-16T17:22:25.198+0000] {processor.py:914} INFO - Processing file /home/airflow/.local/lib/python3.12/site-packages/airflow/example_dags/example_short_circuit_operator.py for tasks to queue
[2024-10-16T17:22:25.201+0000] {logging_mixin.py:190} INFO - [2024-10-16T17:22:25.200+0000] {dagbag.py:588} INFO - Filling up the DagBag from /home/airflow/.local/lib/python3.12/site-packages/airflow/example_dags/example_short_circuit_operator.py
[2024-10-16T17:22:25.215+0000] {processor.py:925} INFO - DAG(s) 'example_short_circuit_operator' retrieved from /home/airflow/.local/lib/python3.12/site-packages/airflow/example_dags/example_short_circuit_operator.py
[2024-10-16T17:22:25.248+0000] {logging_mixin.py:190} INFO - [2024-10-16T17:22:25.247+0000] {dag.py:3239} INFO - Sync 1 DAGs
[2024-10-16T17:22:25.268+0000] {logging_mixin.py:190} INFO - [2024-10-16T17:22:25.268+0000] {dag.py:4180} INFO - Setting next_dagrun for example_short_circuit_operator to None, run_after=None
[2024-10-16T17:22:25.299+0000] {processor.py:208} INFO - Processing /home/airflow/.local/lib/python3.12/site-packages/airflow/example_dags/example_short_circuit_operator.py took 0.113 seconds
[2024-10-16T17:22:55.978+0000] {processor.py:186} INFO - Started process (PID=264) to work on /home/airflow/.local/lib/python3.12/site-packages/airflow/example_dags/example_short_circuit_operator.py
[2024-10-16T17:22:55.979+0000] {processor.py:914} INFO - Processing file /home/airflow/.local/lib/python3.12/site-packages/airflow/example_dags/example_short_circuit_operator.py for tasks to queue
[2024-10-16T17:22:55.982+0000] {logging_mixin.py:190} INFO - [2024-10-16T17:22:55.982+0000] {dagbag.py:588} INFO - Filling up the DagBag from /home/airflow/.local/lib/python3.12/site-packages/airflow/example_dags/example_short_circuit_operator.py
[2024-10-16T17:22:55.994+0000] {processor.py:925} INFO - DAG(s) 'example_short_circuit_operator' retrieved from /home/airflow/.local/lib/python3.12/site-packages/airflow/example_dags/example_short_circuit_operator.py
[2024-10-16T17:22:56.029+0000] {logging_mixin.py:190} INFO - [2024-10-16T17:22:56.029+0000] {dag.py:3239} INFO - Sync 1 DAGs
[2024-10-16T17:22:56.049+0000] {logging_mixin.py:190} INFO - [2024-10-16T17:22:56.049+0000] {dag.py:4180} INFO - Setting next_dagrun for example_short_circuit_operator to None, run_after=None
[2024-10-16T17:22:56.074+0000] {processor.py:208} INFO - Processing /home/airflow/.local/lib/python3.12/site-packages/airflow/example_dags/example_short_circuit_operator.py took 0.104 seconds
[2024-10-16T17:23:26.612+0000] {processor.py:186} INFO - Started process (PID=326) to work on /home/airflow/.local/lib/python3.12/site-packages/airflow/example_dags/example_short_circuit_operator.py
[2024-10-16T17:23:26.613+0000] {processor.py:914} INFO - Processing file /home/airflow/.local/lib/python3.12/site-packages/airflow/example_dags/example_short_circuit_operator.py for tasks to queue
[2024-10-16T17:23:26.616+0000] {logging_mixin.py:190} INFO - [2024-10-16T17:23:26.616+0000] {dagbag.py:588} INFO - Filling up the DagBag from /home/airflow/.local/lib/python3.12/site-packages/airflow/example_dags/example_short_circuit_operator.py
[2024-10-16T17:23:26.626+0000] {processor.py:925} INFO - DAG(s) 'example_short_circuit_operator' retrieved from /home/airflow/.local/lib/python3.12/site-packages/airflow/example_dags/example_short_circuit_operator.py
[2024-10-16T17:23:26.652+0000] {logging_mixin.py:190} INFO - [2024-10-16T17:23:26.651+0000] {dag.py:3239} INFO - Sync 1 DAGs
[2024-10-16T17:23:26.669+0000] {logging_mixin.py:190} INFO - [2024-10-16T17:23:26.668+0000] {dag.py:4180} INFO - Setting next_dagrun for example_short_circuit_operator to None, run_after=None
[2024-10-16T17:23:26.693+0000] {processor.py:208} INFO - Processing /home/airflow/.local/lib/python3.12/site-packages/airflow/example_dags/example_short_circuit_operator.py took 0.089 seconds
[2024-10-16T17:23:57.019+0000] {processor.py:186} INFO - Started process (PID=387) to work on /home/airflow/.local/lib/python3.12/site-packages/airflow/example_dags/example_short_circuit_operator.py
[2024-10-16T17:23:57.020+0000] {processor.py:914} INFO - Processing file /home/airflow/.local/lib/python3.12/site-packages/airflow/example_dags/example_short_circuit_operator.py for tasks to queue
[2024-10-16T17:23:57.023+0000] {logging_mixin.py:190} INFO - [2024-10-16T17:23:57.022+0000] {dagbag.py:588} INFO - Filling up the DagBag from /home/airflow/.local/lib/python3.12/site-packages/airflow/example_dags/example_short_circuit_operator.py
[2024-10-16T17:23:57.032+0000] {processor.py:925} INFO - DAG(s) 'example_short_circuit_operator' retrieved from /home/airflow/.local/lib/python3.12/site-packages/airflow/example_dags/example_short_circuit_operator.py
[2024-10-16T17:23:57.059+0000] {logging_mixin.py:190} INFO - [2024-10-16T17:23:57.058+0000] {dag.py:3239} INFO - Sync 1 DAGs
[2024-10-16T17:23:57.078+0000] {logging_mixin.py:190} INFO - [2024-10-16T17:23:57.077+0000] {dag.py:4180} INFO - Setting next_dagrun for example_short_circuit_operator to None, run_after=None
[2024-10-16T17:23:57.100+0000] {processor.py:208} INFO - Processing /home/airflow/.local/lib/python3.12/site-packages/airflow/example_dags/example_short_circuit_operator.py took 0.088 seconds
[2024-10-16T17:24:27.437+0000] {processor.py:186} INFO - Started process (PID=449) to work on /home/airflow/.local/lib/python3.12/site-packages/airflow/example_dags/example_short_circuit_operator.py
[2024-10-16T17:24:27.439+0000] {processor.py:914} INFO - Processing file /home/airflow/.local/lib/python3.12/site-packages/airflow/example_dags/example_short_circuit_operator.py for tasks to queue
[2024-10-16T17:24:27.441+0000] {logging_mixin.py:190} INFO - [2024-10-16T17:24:27.441+0000] {dagbag.py:588} INFO - Filling up the DagBag from /home/airflow/.local/lib/python3.12/site-packages/airflow/example_dags/example_short_circuit_operator.py
[2024-10-16T17:24:27.451+0000] {processor.py:925} INFO - DAG(s) 'example_short_circuit_operator' retrieved from /home/airflow/.local/lib/python3.12/site-packages/airflow/example_dags/example_short_circuit_operator.py
[2024-10-16T17:24:27.480+0000] {logging_mixin.py:190} INFO - [2024-10-16T17:24:27.480+0000] {dag.py:3239} INFO - Sync 1 DAGs
[2024-10-16T17:24:27.498+0000] {logging_mixin.py:190} INFO - [2024-10-16T17:24:27.497+0000] {dag.py:4180} INFO - Setting next_dagrun for example_short_circuit_operator to None, run_after=None
[2024-10-16T17:24:27.520+0000] {processor.py:208} INFO - Processing /home/airflow/.local/lib/python3.12/site-packages/airflow/example_dags/example_short_circuit_operator.py took 0.089 seconds
[2024-10-16T17:24:57.860+0000] {processor.py:186} INFO - Started process (PID=511) to work on /home/airflow/.local/lib/python3.12/site-packages/airflow/example_dags/example_short_circuit_operator.py
[2024-10-16T17:24:57.861+0000] {processor.py:914} INFO - Processing file /home/airflow/.local/lib/python3.12/site-packages/airflow/example_dags/example_short_circuit_operator.py for tasks to queue
[2024-10-16T17:24:57.864+0000] {logging_mixin.py:190} INFO - [2024-10-16T17:24:57.863+0000] {dagbag.py:588} INFO - Filling up the DagBag from /home/airflow/.local/lib/python3.12/site-packages/airflow/example_dags/example_short_circuit_operator.py
[2024-10-16T17:24:57.874+0000] {processor.py:925} INFO - DAG(s) 'example_short_circuit_operator' retrieved from /home/airflow/.local/lib/python3.12/site-packages/airflow/example_dags/example_short_circuit_operator.py
[2024-10-16T17:24:57.905+0000] {logging_mixin.py:190} INFO - [2024-10-16T17:24:57.905+0000] {dag.py:3239} INFO - Sync 1 DAGs
[2024-10-16T17:24:57.925+0000] {logging_mixin.py:190} INFO - [2024-10-16T17:24:57.925+0000] {dag.py:4180} INFO - Setting next_dagrun for example_short_circuit_operator to None, run_after=None
[2024-10-16T17:24:57.948+0000] {processor.py:208} INFO - Processing /home/airflow/.local/lib/python3.12/site-packages/airflow/example_dags/example_short_circuit_operator.py took 0.095 seconds
[2024-10-16T17:25:28.914+0000] {processor.py:186} INFO - Started process (PID=573) to work on /home/airflow/.local/lib/python3.12/site-packages/airflow/example_dags/example_short_circuit_operator.py
[2024-10-16T17:25:28.940+0000] {processor.py:914} INFO - Processing file /home/airflow/.local/lib/python3.12/site-packages/airflow/example_dags/example_short_circuit_operator.py for tasks to queue
[2024-10-16T17:25:28.993+0000] {logging_mixin.py:190} INFO - [2024-10-16T17:25:28.989+0000] {dagbag.py:588} INFO - Filling up the DagBag from /home/airflow/.local/lib/python3.12/site-packages/airflow/example_dags/example_short_circuit_operator.py
[2024-10-16T17:25:29.042+0000] {processor.py:925} INFO - DAG(s) 'example_short_circuit_operator' retrieved from /home/airflow/.local/lib/python3.12/site-packages/airflow/example_dags/example_short_circuit_operator.py
[2024-10-16T17:25:29.125+0000] {logging_mixin.py:190} INFO - [2024-10-16T17:25:29.124+0000] {dag.py:3239} INFO - Sync 1 DAGs
[2024-10-16T17:25:29.160+0000] {logging_mixin.py:190} INFO - [2024-10-16T17:25:29.159+0000] {dag.py:4180} INFO - Setting next_dagrun for example_short_circuit_operator to None, run_after=None
[2024-10-16T17:25:29.188+0000] {processor.py:208} INFO - Processing /home/airflow/.local/lib/python3.12/site-packages/airflow/example_dags/example_short_circuit_operator.py took 0.311 seconds
[2024-10-16T17:25:59.664+0000] {processor.py:186} INFO - Started process (PID=635) to work on /home/airflow/.local/lib/python3.12/site-packages/airflow/example_dags/example_short_circuit_operator.py
[2024-10-16T17:25:59.665+0000] {processor.py:914} INFO - Processing file /home/airflow/.local/lib/python3.12/site-packages/airflow/example_dags/example_short_circuit_operator.py for tasks to queue
[2024-10-16T17:25:59.667+0000] {logging_mixin.py:190} INFO - [2024-10-16T17:25:59.667+0000] {dagbag.py:588} INFO - Filling up the DagBag from /home/airflow/.local/lib/python3.12/site-packages/airflow/example_dags/example_short_circuit_operator.py
[2024-10-16T17:25:59.677+0000] {processor.py:925} INFO - DAG(s) 'example_short_circuit_operator' retrieved from /home/airflow/.local/lib/python3.12/site-packages/airflow/example_dags/example_short_circuit_operator.py
[2024-10-16T17:25:59.705+0000] {logging_mixin.py:190} INFO - [2024-10-16T17:25:59.705+0000] {dag.py:3239} INFO - Sync 1 DAGs
[2024-10-16T17:25:59.723+0000] {logging_mixin.py:190} INFO - [2024-10-16T17:25:59.723+0000] {dag.py:4180} INFO - Setting next_dagrun for example_short_circuit_operator to None, run_after=None
[2024-10-16T17:25:59.744+0000] {processor.py:208} INFO - Processing /home/airflow/.local/lib/python3.12/site-packages/airflow/example_dags/example_short_circuit_operator.py took 0.088 seconds
[2024-10-16T17:26:30.384+0000] {processor.py:186} INFO - Started process (PID=697) to work on /home/airflow/.local/lib/python3.12/site-packages/airflow/example_dags/example_short_circuit_operator.py
[2024-10-16T17:26:30.385+0000] {processor.py:914} INFO - Processing file /home/airflow/.local/lib/python3.12/site-packages/airflow/example_dags/example_short_circuit_operator.py for tasks to queue
[2024-10-16T17:26:30.387+0000] {logging_mixin.py:190} INFO - [2024-10-16T17:26:30.387+0000] {dagbag.py:588} INFO - Filling up the DagBag from /home/airflow/.local/lib/python3.12/site-packages/airflow/example_dags/example_short_circuit_operator.py
[2024-10-16T17:26:30.398+0000] {processor.py:925} INFO - DAG(s) 'example_short_circuit_operator' retrieved from /home/airflow/.local/lib/python3.12/site-packages/airflow/example_dags/example_short_circuit_operator.py
[2024-10-16T17:26:30.430+0000] {logging_mixin.py:190} INFO - [2024-10-16T17:26:30.430+0000] {dag.py:3239} INFO - Sync 1 DAGs
[2024-10-16T17:26:30.447+0000] {logging_mixin.py:190} INFO - [2024-10-16T17:26:30.447+0000] {dag.py:4180} INFO - Setting next_dagrun for example_short_circuit_operator to None, run_after=None
[2024-10-16T17:26:30.468+0000] {processor.py:208} INFO - Processing /home/airflow/.local/lib/python3.12/site-packages/airflow/example_dags/example_short_circuit_operator.py took 0.092 seconds
[2024-10-16T17:27:00.844+0000] {processor.py:186} INFO - Started process (PID=759) to work on /home/airflow/.local/lib/python3.12/site-packages/airflow/example_dags/example_short_circuit_operator.py
[2024-10-16T17:27:00.846+0000] {processor.py:914} INFO - Processing file /home/airflow/.local/lib/python3.12/site-packages/airflow/example_dags/example_short_circuit_operator.py for tasks to queue
[2024-10-16T17:27:00.849+0000] {logging_mixin.py:190} INFO - [2024-10-16T17:27:00.849+0000] {dagbag.py:588} INFO - Filling up the DagBag from /home/airflow/.local/lib/python3.12/site-packages/airflow/example_dags/example_short_circuit_operator.py
[2024-10-16T17:27:00.860+0000] {processor.py:925} INFO - DAG(s) 'example_short_circuit_operator' retrieved from /home/airflow/.local/lib/python3.12/site-packages/airflow/example_dags/example_short_circuit_operator.py
[2024-10-16T17:27:00.888+0000] {logging_mixin.py:190} INFO - [2024-10-16T17:27:00.888+0000] {dag.py:3239} INFO - Sync 1 DAGs
[2024-10-16T17:27:00.906+0000] {logging_mixin.py:190} INFO - [2024-10-16T17:27:00.906+0000] {dag.py:4180} INFO - Setting next_dagrun for example_short_circuit_operator to None, run_after=None
[2024-10-16T17:27:00.932+0000] {processor.py:208} INFO - Processing /home/airflow/.local/lib/python3.12/site-packages/airflow/example_dags/example_short_circuit_operator.py took 0.095 seconds
[2024-10-16T17:27:31.289+0000] {processor.py:186} INFO - Started process (PID=821) to work on /home/airflow/.local/lib/python3.12/site-packages/airflow/example_dags/example_short_circuit_operator.py
[2024-10-16T17:27:31.291+0000] {processor.py:914} INFO - Processing file /home/airflow/.local/lib/python3.12/site-packages/airflow/example_dags/example_short_circuit_operator.py for tasks to queue
[2024-10-16T17:27:31.293+0000] {logging_mixin.py:190} INFO - [2024-10-16T17:27:31.293+0000] {dagbag.py:588} INFO - Filling up the DagBag from /home/airflow/.local/lib/python3.12/site-packages/airflow/example_dags/example_short_circuit_operator.py
[2024-10-16T17:27:31.303+0000] {processor.py:925} INFO - DAG(s) 'example_short_circuit_operator' retrieved from /home/airflow/.local/lib/python3.12/site-packages/airflow/example_dags/example_short_circuit_operator.py
[2024-10-16T17:27:31.331+0000] {logging_mixin.py:190} INFO - [2024-10-16T17:27:31.331+0000] {dag.py:3239} INFO - Sync 1 DAGs
[2024-10-16T17:27:31.354+0000] {logging_mixin.py:190} INFO - [2024-10-16T17:27:31.353+0000] {dag.py:4180} INFO - Setting next_dagrun for example_short_circuit_operator to None, run_after=None
[2024-10-16T17:27:31.376+0000] {processor.py:208} INFO - Processing /home/airflow/.local/lib/python3.12/site-packages/airflow/example_dags/example_short_circuit_operator.py took 0.094 seconds
[2024-10-16T17:28:01.829+0000] {processor.py:186} INFO - Started process (PID=883) to work on /home/airflow/.local/lib/python3.12/site-packages/airflow/example_dags/example_short_circuit_operator.py
[2024-10-16T17:28:01.830+0000] {processor.py:914} INFO - Processing file /home/airflow/.local/lib/python3.12/site-packages/airflow/example_dags/example_short_circuit_operator.py for tasks to queue
[2024-10-16T17:28:01.833+0000] {logging_mixin.py:190} INFO - [2024-10-16T17:28:01.833+0000] {dagbag.py:588} INFO - Filling up the DagBag from /home/airflow/.local/lib/python3.12/site-packages/airflow/example_dags/example_short_circuit_operator.py
[2024-10-16T17:28:01.843+0000] {processor.py:925} INFO - DAG(s) 'example_short_circuit_operator' retrieved from /home/airflow/.local/lib/python3.12/site-packages/airflow/example_dags/example_short_circuit_operator.py
[2024-10-16T17:28:01.872+0000] {logging_mixin.py:190} INFO - [2024-10-16T17:28:01.871+0000] {dag.py:3239} INFO - Sync 1 DAGs
[2024-10-16T17:28:01.890+0000] {logging_mixin.py:190} INFO - [2024-10-16T17:28:01.890+0000] {dag.py:4180} INFO - Setting next_dagrun for example_short_circuit_operator to None, run_after=None
[2024-10-16T17:28:01.914+0000] {processor.py:208} INFO - Processing /home/airflow/.local/lib/python3.12/site-packages/airflow/example_dags/example_short_circuit_operator.py took 0.092 seconds
[2024-10-16T17:28:32.314+0000] {processor.py:186} INFO - Started process (PID=945) to work on /home/airflow/.local/lib/python3.12/site-packages/airflow/example_dags/example_short_circuit_operator.py
[2024-10-16T17:28:32.315+0000] {processor.py:914} INFO - Processing file /home/airflow/.local/lib/python3.12/site-packages/airflow/example_dags/example_short_circuit_operator.py for tasks to queue
[2024-10-16T17:28:32.317+0000] {logging_mixin.py:190} INFO - [2024-10-16T17:28:32.317+0000] {dagbag.py:588} INFO - Filling up the DagBag from /home/airflow/.local/lib/python3.12/site-packages/airflow/example_dags/example_short_circuit_operator.py
[2024-10-16T17:28:32.327+0000] {processor.py:925} INFO - DAG(s) 'example_short_circuit_operator' retrieved from /home/airflow/.local/lib/python3.12/site-packages/airflow/example_dags/example_short_circuit_operator.py
[2024-10-16T17:28:32.356+0000] {logging_mixin.py:190} INFO - [2024-10-16T17:28:32.355+0000] {dag.py:3239} INFO - Sync 1 DAGs
[2024-10-16T17:28:32.376+0000] {logging_mixin.py:190} INFO - [2024-10-16T17:28:32.375+0000] {dag.py:4180} INFO - Setting next_dagrun for example_short_circuit_operator to None, run_after=None
[2024-10-16T17:28:32.396+0000] {processor.py:208} INFO - Processing /home/airflow/.local/lib/python3.12/site-packages/airflow/example_dags/example_short_circuit_operator.py took 0.089 seconds
[2024-10-16T17:29:02.706+0000] {processor.py:186} INFO - Started process (PID=1007) to work on /home/airflow/.local/lib/python3.12/site-packages/airflow/example_dags/example_short_circuit_operator.py
[2024-10-16T17:29:02.707+0000] {processor.py:914} INFO - Processing file /home/airflow/.local/lib/python3.12/site-packages/airflow/example_dags/example_short_circuit_operator.py for tasks to queue
[2024-10-16T17:29:02.710+0000] {logging_mixin.py:190} INFO - [2024-10-16T17:29:02.709+0000] {dagbag.py:588} INFO - Filling up the DagBag from /home/airflow/.local/lib/python3.12/site-packages/airflow/example_dags/example_short_circuit_operator.py
[2024-10-16T17:29:02.720+0000] {processor.py:925} INFO - DAG(s) 'example_short_circuit_operator' retrieved from /home/airflow/.local/lib/python3.12/site-packages/airflow/example_dags/example_short_circuit_operator.py
[2024-10-16T17:29:02.750+0000] {logging_mixin.py:190} INFO - [2024-10-16T17:29:02.749+0000] {dag.py:3239} INFO - Sync 1 DAGs
[2024-10-16T17:29:02.769+0000] {logging_mixin.py:190} INFO - [2024-10-16T17:29:02.768+0000] {dag.py:4180} INFO - Setting next_dagrun for example_short_circuit_operator to None, run_after=None
[2024-10-16T17:29:02.791+0000] {processor.py:208} INFO - Processing /home/airflow/.local/lib/python3.12/site-packages/airflow/example_dags/example_short_circuit_operator.py took 0.092 seconds
[2024-10-16T17:29:33.384+0000] {processor.py:186} INFO - Started process (PID=1069) to work on /home/airflow/.local/lib/python3.12/site-packages/airflow/example_dags/example_short_circuit_operator.py
[2024-10-16T17:29:33.385+0000] {processor.py:914} INFO - Processing file /home/airflow/.local/lib/python3.12/site-packages/airflow/example_dags/example_short_circuit_operator.py for tasks to queue
[2024-10-16T17:29:33.388+0000] {logging_mixin.py:190} INFO - [2024-10-16T17:29:33.387+0000] {dagbag.py:588} INFO - Filling up the DagBag from /home/airflow/.local/lib/python3.12/site-packages/airflow/example_dags/example_short_circuit_operator.py
[2024-10-16T17:29:33.397+0000] {processor.py:925} INFO - DAG(s) 'example_short_circuit_operator' retrieved from /home/airflow/.local/lib/python3.12/site-packages/airflow/example_dags/example_short_circuit_operator.py
[2024-10-16T17:29:33.425+0000] {logging_mixin.py:190} INFO - [2024-10-16T17:29:33.425+0000] {dag.py:3239} INFO - Sync 1 DAGs
[2024-10-16T17:29:33.446+0000] {logging_mixin.py:190} INFO - [2024-10-16T17:29:33.445+0000] {dag.py:4180} INFO - Setting next_dagrun for example_short_circuit_operator to None, run_after=None
[2024-10-16T17:29:33.468+0000] {processor.py:208} INFO - Processing /home/airflow/.local/lib/python3.12/site-packages/airflow/example_dags/example_short_circuit_operator.py took 0.090 seconds
[2024-10-16T17:30:03.769+0000] {processor.py:186} INFO - Started process (PID=1131) to work on /home/airflow/.local/lib/python3.12/site-packages/airflow/example_dags/example_short_circuit_operator.py
[2024-10-16T17:30:03.770+0000] {processor.py:914} INFO - Processing file /home/airflow/.local/lib/python3.12/site-packages/airflow/example_dags/example_short_circuit_operator.py for tasks to queue
[2024-10-16T17:30:03.773+0000] {logging_mixin.py:190} INFO - [2024-10-16T17:30:03.773+0000] {dagbag.py:588} INFO - Filling up the DagBag from /home/airflow/.local/lib/python3.12/site-packages/airflow/example_dags/example_short_circuit_operator.py
[2024-10-16T17:30:03.784+0000] {processor.py:925} INFO - DAG(s) 'example_short_circuit_operator' retrieved from /home/airflow/.local/lib/python3.12/site-packages/airflow/example_dags/example_short_circuit_operator.py
[2024-10-16T17:30:03.811+0000] {logging_mixin.py:190} INFO - [2024-10-16T17:30:03.811+0000] {dag.py:3239} INFO - Sync 1 DAGs
[2024-10-16T17:30:03.828+0000] {logging_mixin.py:190} INFO - [2024-10-16T17:30:03.828+0000] {dag.py:4180} INFO - Setting next_dagrun for example_short_circuit_operator to None, run_after=None
[2024-10-16T17:30:03.849+0000] {processor.py:208} INFO - Processing /home/airflow/.local/lib/python3.12/site-packages/airflow/example_dags/example_short_circuit_operator.py took 0.087 seconds
