[2024-10-16T16:38:13.134+0000] {processor.py:186} INFO - Started process (PID=118) to work on /home/airflow/.local/lib/python3.12/site-packages/airflow/example_dags/example_branch_operator.py
[2024-10-16T16:38:13.135+0000] {processor.py:914} INFO - Processing file /home/airflow/.local/lib/python3.12/site-packages/airflow/example_dags/example_branch_operator.py for tasks to queue
[2024-10-16T16:38:13.140+0000] {logging_mixin.py:190} INFO - [2024-10-16T16:38:13.139+0000] {dagbag.py:588} INFO - Filling up the DagBag from /home/airflow/.local/lib/python3.12/site-packages/airflow/example_dags/example_branch_operator.py
[2024-10-16T16:38:13.181+0000] {processor.py:925} INFO - DAG(s) 'example_branch_operator' retrieved from /home/airflow/.local/lib/python3.12/site-packages/airflow/example_dags/example_branch_operator.py
[2024-10-16T16:38:13.464+0000] {logging_mixin.py:190} INFO - [2024-10-16T16:38:13.463+0000] {override.py:1900} INFO - Created Permission View: can delete on DAG:example_branch_operator
[2024-10-16T16:38:13.511+0000] {logging_mixin.py:190} INFO - [2024-10-16T16:38:13.510+0000] {override.py:1900} INFO - Created Permission View: can edit on DAG:example_branch_operator
[2024-10-16T16:38:13.564+0000] {logging_mixin.py:190} INFO - [2024-10-16T16:38:13.564+0000] {override.py:1900} INFO - Created Permission View: can read on DAG:example_branch_operator
[2024-10-16T16:38:13.674+0000] {logging_mixin.py:190} INFO - [2024-10-16T16:38:13.674+0000] {override.py:1900} INFO - Created Permission View: menu access on DAG Run:example_branch_operator
[2024-10-16T16:38:13.718+0000] {logging_mixin.py:190} INFO - [2024-10-16T16:38:13.718+0000] {override.py:1900} INFO - Created Permission View: can create on DAG Run:example_branch_operator
[2024-10-16T16:38:13.770+0000] {logging_mixin.py:190} INFO - [2024-10-16T16:38:13.769+0000] {override.py:1900} INFO - Created Permission View: can delete on DAG Run:example_branch_operator
[2024-10-16T16:38:13.812+0000] {logging_mixin.py:190} INFO - [2024-10-16T16:38:13.812+0000] {override.py:1900} INFO - Created Permission View: can read on DAG Run:example_branch_operator
[2024-10-16T16:38:13.813+0000] {logging_mixin.py:190} INFO - [2024-10-16T16:38:13.813+0000] {dag.py:3239} INFO - Sync 1 DAGs
[2024-10-16T16:38:13.834+0000] {logging_mixin.py:190} INFO - [2024-10-16T16:38:13.834+0000] {dag.py:3262} INFO - Creating ORM DAG for example_branch_operator
[2024-10-16T16:38:13.854+0000] {logging_mixin.py:190} INFO - [2024-10-16T16:38:13.853+0000] {dag.py:4180} INFO - Setting next_dagrun for example_branch_operator to 2024-10-15 00:00:00+00:00, run_after=2024-10-16 00:00:00+00:00
[2024-10-16T16:38:13.925+0000] {processor.py:208} INFO - Processing /home/airflow/.local/lib/python3.12/site-packages/airflow/example_dags/example_branch_operator.py took 0.804 seconds
[2024-10-16T16:38:44.164+0000] {processor.py:186} INFO - Started process (PID=180) to work on /home/airflow/.local/lib/python3.12/site-packages/airflow/example_dags/example_branch_operator.py
[2024-10-16T16:38:44.166+0000] {processor.py:914} INFO - Processing file /home/airflow/.local/lib/python3.12/site-packages/airflow/example_dags/example_branch_operator.py for tasks to queue
[2024-10-16T16:38:44.170+0000] {logging_mixin.py:190} INFO - [2024-10-16T16:38:44.169+0000] {dagbag.py:588} INFO - Filling up the DagBag from /home/airflow/.local/lib/python3.12/site-packages/airflow/example_dags/example_branch_operator.py
[2024-10-16T16:38:44.225+0000] {processor.py:925} INFO - DAG(s) 'example_branch_operator' retrieved from /home/airflow/.local/lib/python3.12/site-packages/airflow/example_dags/example_branch_operator.py
[2024-10-16T16:38:44.285+0000] {logging_mixin.py:190} INFO - [2024-10-16T16:38:44.285+0000] {dag.py:3239} INFO - Sync 1 DAGs
[2024-10-16T16:38:44.339+0000] {logging_mixin.py:190} INFO - [2024-10-16T16:38:44.338+0000] {dag.py:4180} INFO - Setting next_dagrun for example_branch_operator to 2024-10-15 00:00:00+00:00, run_after=2024-10-16 00:00:00+00:00
[2024-10-16T16:38:44.377+0000] {processor.py:208} INFO - Processing /home/airflow/.local/lib/python3.12/site-packages/airflow/example_dags/example_branch_operator.py took 0.224 seconds
[2024-10-16T16:39:14.861+0000] {processor.py:186} INFO - Started process (PID=242) to work on /home/airflow/.local/lib/python3.12/site-packages/airflow/example_dags/example_branch_operator.py
[2024-10-16T16:39:14.862+0000] {processor.py:914} INFO - Processing file /home/airflow/.local/lib/python3.12/site-packages/airflow/example_dags/example_branch_operator.py for tasks to queue
[2024-10-16T16:39:14.865+0000] {logging_mixin.py:190} INFO - [2024-10-16T16:39:14.865+0000] {dagbag.py:588} INFO - Filling up the DagBag from /home/airflow/.local/lib/python3.12/site-packages/airflow/example_dags/example_branch_operator.py
[2024-10-16T16:39:14.886+0000] {processor.py:925} INFO - DAG(s) 'example_branch_operator' retrieved from /home/airflow/.local/lib/python3.12/site-packages/airflow/example_dags/example_branch_operator.py
[2024-10-16T16:39:14.921+0000] {logging_mixin.py:190} INFO - [2024-10-16T16:39:14.920+0000] {dag.py:3239} INFO - Sync 1 DAGs
[2024-10-16T16:39:14.948+0000] {logging_mixin.py:190} INFO - [2024-10-16T16:39:14.948+0000] {dag.py:4180} INFO - Setting next_dagrun for example_branch_operator to 2024-10-15 00:00:00+00:00, run_after=2024-10-16 00:00:00+00:00
[2024-10-16T16:39:14.980+0000] {processor.py:208} INFO - Processing /home/airflow/.local/lib/python3.12/site-packages/airflow/example_dags/example_branch_operator.py took 0.126 seconds
[2024-10-16T16:39:45.229+0000] {processor.py:186} INFO - Started process (PID=304) to work on /home/airflow/.local/lib/python3.12/site-packages/airflow/example_dags/example_branch_operator.py
[2024-10-16T16:39:45.230+0000] {processor.py:914} INFO - Processing file /home/airflow/.local/lib/python3.12/site-packages/airflow/example_dags/example_branch_operator.py for tasks to queue
[2024-10-16T16:39:45.233+0000] {logging_mixin.py:190} INFO - [2024-10-16T16:39:45.232+0000] {dagbag.py:588} INFO - Filling up the DagBag from /home/airflow/.local/lib/python3.12/site-packages/airflow/example_dags/example_branch_operator.py
[2024-10-16T16:39:45.255+0000] {processor.py:925} INFO - DAG(s) 'example_branch_operator' retrieved from /home/airflow/.local/lib/python3.12/site-packages/airflow/example_dags/example_branch_operator.py
[2024-10-16T16:39:45.290+0000] {logging_mixin.py:190} INFO - [2024-10-16T16:39:45.290+0000] {dag.py:3239} INFO - Sync 1 DAGs
[2024-10-16T16:39:45.319+0000] {logging_mixin.py:190} INFO - [2024-10-16T16:39:45.319+0000] {dag.py:4180} INFO - Setting next_dagrun for example_branch_operator to 2024-10-15 00:00:00+00:00, run_after=2024-10-16 00:00:00+00:00
[2024-10-16T16:39:45.342+0000] {processor.py:208} INFO - Processing /home/airflow/.local/lib/python3.12/site-packages/airflow/example_dags/example_branch_operator.py took 0.120 seconds
[2024-10-16T16:40:15.701+0000] {processor.py:186} INFO - Started process (PID=367) to work on /home/airflow/.local/lib/python3.12/site-packages/airflow/example_dags/example_branch_operator.py
[2024-10-16T16:40:15.702+0000] {processor.py:914} INFO - Processing file /home/airflow/.local/lib/python3.12/site-packages/airflow/example_dags/example_branch_operator.py for tasks to queue
[2024-10-16T16:40:15.705+0000] {logging_mixin.py:190} INFO - [2024-10-16T16:40:15.705+0000] {dagbag.py:588} INFO - Filling up the DagBag from /home/airflow/.local/lib/python3.12/site-packages/airflow/example_dags/example_branch_operator.py
[2024-10-16T16:40:15.729+0000] {processor.py:925} INFO - DAG(s) 'example_branch_operator' retrieved from /home/airflow/.local/lib/python3.12/site-packages/airflow/example_dags/example_branch_operator.py
[2024-10-16T16:40:15.764+0000] {logging_mixin.py:190} INFO - [2024-10-16T16:40:15.764+0000] {dag.py:3239} INFO - Sync 1 DAGs
[2024-10-16T16:40:15.794+0000] {logging_mixin.py:190} INFO - [2024-10-16T16:40:15.794+0000] {dag.py:4180} INFO - Setting next_dagrun for example_branch_operator to 2024-10-15 00:00:00+00:00, run_after=2024-10-16 00:00:00+00:00
[2024-10-16T16:40:15.821+0000] {processor.py:208} INFO - Processing /home/airflow/.local/lib/python3.12/site-packages/airflow/example_dags/example_branch_operator.py took 0.128 seconds
[2024-10-16T16:40:46.211+0000] {processor.py:186} INFO - Started process (PID=429) to work on /home/airflow/.local/lib/python3.12/site-packages/airflow/example_dags/example_branch_operator.py
[2024-10-16T16:40:46.212+0000] {processor.py:914} INFO - Processing file /home/airflow/.local/lib/python3.12/site-packages/airflow/example_dags/example_branch_operator.py for tasks to queue
[2024-10-16T16:40:46.215+0000] {logging_mixin.py:190} INFO - [2024-10-16T16:40:46.215+0000] {dagbag.py:588} INFO - Filling up the DagBag from /home/airflow/.local/lib/python3.12/site-packages/airflow/example_dags/example_branch_operator.py
[2024-10-16T16:40:46.238+0000] {processor.py:925} INFO - DAG(s) 'example_branch_operator' retrieved from /home/airflow/.local/lib/python3.12/site-packages/airflow/example_dags/example_branch_operator.py
[2024-10-16T16:40:46.280+0000] {logging_mixin.py:190} INFO - [2024-10-16T16:40:46.279+0000] {dag.py:3239} INFO - Sync 1 DAGs
[2024-10-16T16:40:46.316+0000] {logging_mixin.py:190} INFO - [2024-10-16T16:40:46.316+0000] {dag.py:4180} INFO - Setting next_dagrun for example_branch_operator to 2024-10-15 00:00:00+00:00, run_after=2024-10-16 00:00:00+00:00
[2024-10-16T16:40:46.345+0000] {processor.py:208} INFO - Processing /home/airflow/.local/lib/python3.12/site-packages/airflow/example_dags/example_branch_operator.py took 0.142 seconds
[2024-10-16T16:41:16.947+0000] {processor.py:186} INFO - Started process (PID=491) to work on /home/airflow/.local/lib/python3.12/site-packages/airflow/example_dags/example_branch_operator.py
[2024-10-16T16:41:16.948+0000] {processor.py:914} INFO - Processing file /home/airflow/.local/lib/python3.12/site-packages/airflow/example_dags/example_branch_operator.py for tasks to queue
[2024-10-16T16:41:16.951+0000] {logging_mixin.py:190} INFO - [2024-10-16T16:41:16.951+0000] {dagbag.py:588} INFO - Filling up the DagBag from /home/airflow/.local/lib/python3.12/site-packages/airflow/example_dags/example_branch_operator.py
[2024-10-16T16:41:16.974+0000] {processor.py:925} INFO - DAG(s) 'example_branch_operator' retrieved from /home/airflow/.local/lib/python3.12/site-packages/airflow/example_dags/example_branch_operator.py
[2024-10-16T16:41:17.008+0000] {logging_mixin.py:190} INFO - [2024-10-16T16:41:17.008+0000] {dag.py:3239} INFO - Sync 1 DAGs
[2024-10-16T16:41:17.041+0000] {logging_mixin.py:190} INFO - [2024-10-16T16:41:17.040+0000] {dag.py:4180} INFO - Setting next_dagrun for example_branch_operator to 2024-10-15 00:00:00+00:00, run_after=2024-10-16 00:00:00+00:00
[2024-10-16T16:41:17.063+0000] {processor.py:208} INFO - Processing /home/airflow/.local/lib/python3.12/site-packages/airflow/example_dags/example_branch_operator.py took 0.123 seconds
[2024-10-16T16:41:47.254+0000] {processor.py:186} INFO - Started process (PID=553) to work on /home/airflow/.local/lib/python3.12/site-packages/airflow/example_dags/example_branch_operator.py
[2024-10-16T16:41:47.256+0000] {processor.py:914} INFO - Processing file /home/airflow/.local/lib/python3.12/site-packages/airflow/example_dags/example_branch_operator.py for tasks to queue
[2024-10-16T16:41:47.258+0000] {logging_mixin.py:190} INFO - [2024-10-16T16:41:47.258+0000] {dagbag.py:588} INFO - Filling up the DagBag from /home/airflow/.local/lib/python3.12/site-packages/airflow/example_dags/example_branch_operator.py
[2024-10-16T16:41:47.279+0000] {processor.py:925} INFO - DAG(s) 'example_branch_operator' retrieved from /home/airflow/.local/lib/python3.12/site-packages/airflow/example_dags/example_branch_operator.py
[2024-10-16T16:41:47.314+0000] {logging_mixin.py:190} INFO - [2024-10-16T16:41:47.313+0000] {dag.py:3239} INFO - Sync 1 DAGs
[2024-10-16T16:41:47.346+0000] {logging_mixin.py:190} INFO - [2024-10-16T16:41:47.346+0000] {dag.py:4180} INFO - Setting next_dagrun for example_branch_operator to 2024-10-15 00:00:00+00:00, run_after=2024-10-16 00:00:00+00:00
[2024-10-16T16:41:47.371+0000] {processor.py:208} INFO - Processing /home/airflow/.local/lib/python3.12/site-packages/airflow/example_dags/example_branch_operator.py took 0.123 seconds
[2024-10-16T16:42:17.725+0000] {processor.py:186} INFO - Started process (PID=615) to work on /home/airflow/.local/lib/python3.12/site-packages/airflow/example_dags/example_branch_operator.py
[2024-10-16T16:42:17.727+0000] {processor.py:914} INFO - Processing file /home/airflow/.local/lib/python3.12/site-packages/airflow/example_dags/example_branch_operator.py for tasks to queue
[2024-10-16T16:42:17.729+0000] {logging_mixin.py:190} INFO - [2024-10-16T16:42:17.729+0000] {dagbag.py:588} INFO - Filling up the DagBag from /home/airflow/.local/lib/python3.12/site-packages/airflow/example_dags/example_branch_operator.py
[2024-10-16T16:42:17.752+0000] {processor.py:925} INFO - DAG(s) 'example_branch_operator' retrieved from /home/airflow/.local/lib/python3.12/site-packages/airflow/example_dags/example_branch_operator.py
[2024-10-16T16:42:17.784+0000] {logging_mixin.py:190} INFO - [2024-10-16T16:42:17.784+0000] {dag.py:3239} INFO - Sync 1 DAGs
[2024-10-16T16:42:17.811+0000] {logging_mixin.py:190} INFO - [2024-10-16T16:42:17.811+0000] {dag.py:4180} INFO - Setting next_dagrun for example_branch_operator to 2024-10-15 00:00:00+00:00, run_after=2024-10-16 00:00:00+00:00
[2024-10-16T16:42:17.834+0000] {processor.py:208} INFO - Processing /home/airflow/.local/lib/python3.12/site-packages/airflow/example_dags/example_branch_operator.py took 0.115 seconds
[2024-10-16T16:42:48.056+0000] {processor.py:186} INFO - Started process (PID=677) to work on /home/airflow/.local/lib/python3.12/site-packages/airflow/example_dags/example_branch_operator.py
[2024-10-16T16:42:48.057+0000] {processor.py:914} INFO - Processing file /home/airflow/.local/lib/python3.12/site-packages/airflow/example_dags/example_branch_operator.py for tasks to queue
[2024-10-16T16:42:48.061+0000] {logging_mixin.py:190} INFO - [2024-10-16T16:42:48.060+0000] {dagbag.py:588} INFO - Filling up the DagBag from /home/airflow/.local/lib/python3.12/site-packages/airflow/example_dags/example_branch_operator.py
[2024-10-16T16:42:48.084+0000] {processor.py:925} INFO - DAG(s) 'example_branch_operator' retrieved from /home/airflow/.local/lib/python3.12/site-packages/airflow/example_dags/example_branch_operator.py
[2024-10-16T16:42:48.123+0000] {logging_mixin.py:190} INFO - [2024-10-16T16:42:48.123+0000] {dag.py:3239} INFO - Sync 1 DAGs
[2024-10-16T16:42:48.156+0000] {logging_mixin.py:190} INFO - [2024-10-16T16:42:48.155+0000] {dag.py:4180} INFO - Setting next_dagrun for example_branch_operator to 2024-10-15 00:00:00+00:00, run_after=2024-10-16 00:00:00+00:00
[2024-10-16T16:42:48.181+0000] {processor.py:208} INFO - Processing /home/airflow/.local/lib/python3.12/site-packages/airflow/example_dags/example_branch_operator.py took 0.136 seconds
[2024-10-16T17:21:26.034+0000] {processor.py:186} INFO - Started process (PID=109) to work on /home/airflow/.local/lib/python3.12/site-packages/airflow/example_dags/example_branch_operator.py
[2024-10-16T17:21:26.035+0000] {processor.py:914} INFO - Processing file /home/airflow/.local/lib/python3.12/site-packages/airflow/example_dags/example_branch_operator.py for tasks to queue
[2024-10-16T17:21:26.038+0000] {logging_mixin.py:190} INFO - [2024-10-16T17:21:26.037+0000] {dagbag.py:588} INFO - Filling up the DagBag from /home/airflow/.local/lib/python3.12/site-packages/airflow/example_dags/example_branch_operator.py
[2024-10-16T17:21:26.058+0000] {processor.py:925} INFO - DAG(s) 'example_branch_operator' retrieved from /home/airflow/.local/lib/python3.12/site-packages/airflow/example_dags/example_branch_operator.py
[2024-10-16T17:21:26.209+0000] {logging_mixin.py:190} INFO - [2024-10-16T17:21:26.208+0000] {dag.py:3239} INFO - Sync 1 DAGs
[2024-10-16T17:21:26.235+0000] {logging_mixin.py:190} INFO - [2024-10-16T17:21:26.235+0000] {dag.py:4180} INFO - Setting next_dagrun for example_branch_operator to 2024-10-15 00:00:00+00:00, run_after=2024-10-16 00:00:00+00:00
[2024-10-16T17:21:26.259+0000] {processor.py:208} INFO - Processing /home/airflow/.local/lib/python3.12/site-packages/airflow/example_dags/example_branch_operator.py took 0.232 seconds
[2024-10-16T17:21:56.544+0000] {processor.py:186} INFO - Started process (PID=171) to work on /home/airflow/.local/lib/python3.12/site-packages/airflow/example_dags/example_branch_operator.py
[2024-10-16T17:21:56.545+0000] {processor.py:914} INFO - Processing file /home/airflow/.local/lib/python3.12/site-packages/airflow/example_dags/example_branch_operator.py for tasks to queue
[2024-10-16T17:21:56.548+0000] {logging_mixin.py:190} INFO - [2024-10-16T17:21:56.547+0000] {dagbag.py:588} INFO - Filling up the DagBag from /home/airflow/.local/lib/python3.12/site-packages/airflow/example_dags/example_branch_operator.py
[2024-10-16T17:21:56.571+0000] {processor.py:925} INFO - DAG(s) 'example_branch_operator' retrieved from /home/airflow/.local/lib/python3.12/site-packages/airflow/example_dags/example_branch_operator.py
[2024-10-16T17:21:56.620+0000] {logging_mixin.py:190} INFO - [2024-10-16T17:21:56.619+0000] {dag.py:3239} INFO - Sync 1 DAGs
[2024-10-16T17:21:56.654+0000] {logging_mixin.py:190} INFO - [2024-10-16T17:21:56.654+0000] {dag.py:4180} INFO - Setting next_dagrun for example_branch_operator to 2024-10-15 00:00:00+00:00, run_after=2024-10-16 00:00:00+00:00
[2024-10-16T17:21:56.678+0000] {processor.py:208} INFO - Processing /home/airflow/.local/lib/python3.12/site-packages/airflow/example_dags/example_branch_operator.py took 0.141 seconds
[2024-10-16T17:22:27.734+0000] {processor.py:186} INFO - Started process (PID=233) to work on /home/airflow/.local/lib/python3.12/site-packages/airflow/example_dags/example_branch_operator.py
[2024-10-16T17:22:27.735+0000] {processor.py:914} INFO - Processing file /home/airflow/.local/lib/python3.12/site-packages/airflow/example_dags/example_branch_operator.py for tasks to queue
[2024-10-16T17:22:27.738+0000] {logging_mixin.py:190} INFO - [2024-10-16T17:22:27.738+0000] {dagbag.py:588} INFO - Filling up the DagBag from /home/airflow/.local/lib/python3.12/site-packages/airflow/example_dags/example_branch_operator.py
[2024-10-16T17:22:27.760+0000] {processor.py:925} INFO - DAG(s) 'example_branch_operator' retrieved from /home/airflow/.local/lib/python3.12/site-packages/airflow/example_dags/example_branch_operator.py
[2024-10-16T17:22:27.794+0000] {logging_mixin.py:190} INFO - [2024-10-16T17:22:27.794+0000] {dag.py:3239} INFO - Sync 1 DAGs
[2024-10-16T17:22:27.825+0000] {logging_mixin.py:190} INFO - [2024-10-16T17:22:27.825+0000] {dag.py:4180} INFO - Setting next_dagrun for example_branch_operator to 2024-10-15 00:00:00+00:00, run_after=2024-10-16 00:00:00+00:00
[2024-10-16T17:22:27.863+0000] {processor.py:208} INFO - Processing /home/airflow/.local/lib/python3.12/site-packages/airflow/example_dags/example_branch_operator.py took 0.136 seconds
[2024-10-16T17:22:58.357+0000] {processor.py:186} INFO - Started process (PID=295) to work on /home/airflow/.local/lib/python3.12/site-packages/airflow/example_dags/example_branch_operator.py
[2024-10-16T17:22:58.358+0000] {processor.py:914} INFO - Processing file /home/airflow/.local/lib/python3.12/site-packages/airflow/example_dags/example_branch_operator.py for tasks to queue
[2024-10-16T17:22:58.361+0000] {logging_mixin.py:190} INFO - [2024-10-16T17:22:58.360+0000] {dagbag.py:588} INFO - Filling up the DagBag from /home/airflow/.local/lib/python3.12/site-packages/airflow/example_dags/example_branch_operator.py
[2024-10-16T17:22:58.385+0000] {processor.py:925} INFO - DAG(s) 'example_branch_operator' retrieved from /home/airflow/.local/lib/python3.12/site-packages/airflow/example_dags/example_branch_operator.py
[2024-10-16T17:22:58.445+0000] {logging_mixin.py:190} INFO - [2024-10-16T17:22:58.444+0000] {dag.py:3239} INFO - Sync 1 DAGs
[2024-10-16T17:22:58.519+0000] {logging_mixin.py:190} INFO - [2024-10-16T17:22:58.519+0000] {dag.py:4180} INFO - Setting next_dagrun for example_branch_operator to 2024-10-15 00:00:00+00:00, run_after=2024-10-16 00:00:00+00:00
[2024-10-16T17:22:58.553+0000] {processor.py:208} INFO - Processing /home/airflow/.local/lib/python3.12/site-packages/airflow/example_dags/example_branch_operator.py took 0.205 seconds
[2024-10-16T17:23:29.101+0000] {processor.py:186} INFO - Started process (PID=357) to work on /home/airflow/.local/lib/python3.12/site-packages/airflow/example_dags/example_branch_operator.py
[2024-10-16T17:23:29.102+0000] {processor.py:914} INFO - Processing file /home/airflow/.local/lib/python3.12/site-packages/airflow/example_dags/example_branch_operator.py for tasks to queue
[2024-10-16T17:23:29.105+0000] {logging_mixin.py:190} INFO - [2024-10-16T17:23:29.105+0000] {dagbag.py:588} INFO - Filling up the DagBag from /home/airflow/.local/lib/python3.12/site-packages/airflow/example_dags/example_branch_operator.py
[2024-10-16T17:23:29.127+0000] {processor.py:925} INFO - DAG(s) 'example_branch_operator' retrieved from /home/airflow/.local/lib/python3.12/site-packages/airflow/example_dags/example_branch_operator.py
[2024-10-16T17:23:29.162+0000] {logging_mixin.py:190} INFO - [2024-10-16T17:23:29.162+0000] {dag.py:3239} INFO - Sync 1 DAGs
[2024-10-16T17:23:29.191+0000] {logging_mixin.py:190} INFO - [2024-10-16T17:23:29.190+0000] {dag.py:4180} INFO - Setting next_dagrun for example_branch_operator to 2024-10-15 00:00:00+00:00, run_after=2024-10-16 00:00:00+00:00
[2024-10-16T17:23:29.215+0000] {processor.py:208} INFO - Processing /home/airflow/.local/lib/python3.12/site-packages/airflow/example_dags/example_branch_operator.py took 0.121 seconds
[2024-10-16T17:23:59.579+0000] {processor.py:186} INFO - Started process (PID=419) to work on /home/airflow/.local/lib/python3.12/site-packages/airflow/example_dags/example_branch_operator.py
[2024-10-16T17:23:59.581+0000] {processor.py:914} INFO - Processing file /home/airflow/.local/lib/python3.12/site-packages/airflow/example_dags/example_branch_operator.py for tasks to queue
[2024-10-16T17:23:59.583+0000] {logging_mixin.py:190} INFO - [2024-10-16T17:23:59.583+0000] {dagbag.py:588} INFO - Filling up the DagBag from /home/airflow/.local/lib/python3.12/site-packages/airflow/example_dags/example_branch_operator.py
[2024-10-16T17:23:59.603+0000] {processor.py:925} INFO - DAG(s) 'example_branch_operator' retrieved from /home/airflow/.local/lib/python3.12/site-packages/airflow/example_dags/example_branch_operator.py
[2024-10-16T17:23:59.639+0000] {logging_mixin.py:190} INFO - [2024-10-16T17:23:59.639+0000] {dag.py:3239} INFO - Sync 1 DAGs
[2024-10-16T17:23:59.668+0000] {logging_mixin.py:190} INFO - [2024-10-16T17:23:59.667+0000] {dag.py:4180} INFO - Setting next_dagrun for example_branch_operator to 2024-10-15 00:00:00+00:00, run_after=2024-10-16 00:00:00+00:00
[2024-10-16T17:23:59.690+0000] {processor.py:208} INFO - Processing /home/airflow/.local/lib/python3.12/site-packages/airflow/example_dags/example_branch_operator.py took 0.117 seconds
[2024-10-16T17:24:30.006+0000] {processor.py:186} INFO - Started process (PID=481) to work on /home/airflow/.local/lib/python3.12/site-packages/airflow/example_dags/example_branch_operator.py
[2024-10-16T17:24:30.007+0000] {processor.py:914} INFO - Processing file /home/airflow/.local/lib/python3.12/site-packages/airflow/example_dags/example_branch_operator.py for tasks to queue
[2024-10-16T17:24:30.010+0000] {logging_mixin.py:190} INFO - [2024-10-16T17:24:30.010+0000] {dagbag.py:588} INFO - Filling up the DagBag from /home/airflow/.local/lib/python3.12/site-packages/airflow/example_dags/example_branch_operator.py
[2024-10-16T17:24:30.032+0000] {processor.py:925} INFO - DAG(s) 'example_branch_operator' retrieved from /home/airflow/.local/lib/python3.12/site-packages/airflow/example_dags/example_branch_operator.py
[2024-10-16T17:24:30.069+0000] {logging_mixin.py:190} INFO - [2024-10-16T17:24:30.068+0000] {dag.py:3239} INFO - Sync 1 DAGs
[2024-10-16T17:24:30.100+0000] {logging_mixin.py:190} INFO - [2024-10-16T17:24:30.100+0000] {dag.py:4180} INFO - Setting next_dagrun for example_branch_operator to 2024-10-15 00:00:00+00:00, run_after=2024-10-16 00:00:00+00:00
[2024-10-16T17:24:30.122+0000] {processor.py:208} INFO - Processing /home/airflow/.local/lib/python3.12/site-packages/airflow/example_dags/example_branch_operator.py took 0.122 seconds
[2024-10-16T17:25:00.357+0000] {processor.py:186} INFO - Started process (PID=543) to work on /home/airflow/.local/lib/python3.12/site-packages/airflow/example_dags/example_branch_operator.py
[2024-10-16T17:25:00.358+0000] {processor.py:914} INFO - Processing file /home/airflow/.local/lib/python3.12/site-packages/airflow/example_dags/example_branch_operator.py for tasks to queue
[2024-10-16T17:25:00.360+0000] {logging_mixin.py:190} INFO - [2024-10-16T17:25:00.360+0000] {dagbag.py:588} INFO - Filling up the DagBag from /home/airflow/.local/lib/python3.12/site-packages/airflow/example_dags/example_branch_operator.py
[2024-10-16T17:25:00.381+0000] {processor.py:925} INFO - DAG(s) 'example_branch_operator' retrieved from /home/airflow/.local/lib/python3.12/site-packages/airflow/example_dags/example_branch_operator.py
[2024-10-16T17:25:00.415+0000] {logging_mixin.py:190} INFO - [2024-10-16T17:25:00.415+0000] {dag.py:3239} INFO - Sync 1 DAGs
[2024-10-16T17:25:00.446+0000] {logging_mixin.py:190} INFO - [2024-10-16T17:25:00.446+0000] {dag.py:4180} INFO - Setting next_dagrun for example_branch_operator to 2024-10-15 00:00:00+00:00, run_after=2024-10-16 00:00:00+00:00
[2024-10-16T17:25:00.469+0000] {processor.py:208} INFO - Processing /home/airflow/.local/lib/python3.12/site-packages/airflow/example_dags/example_branch_operator.py took 0.119 seconds
[2024-10-16T17:25:32.659+0000] {processor.py:186} INFO - Started process (PID=605) to work on /home/airflow/.local/lib/python3.12/site-packages/airflow/example_dags/example_branch_operator.py
[2024-10-16T17:25:32.663+0000] {processor.py:914} INFO - Processing file /home/airflow/.local/lib/python3.12/site-packages/airflow/example_dags/example_branch_operator.py for tasks to queue
[2024-10-16T17:25:32.667+0000] {logging_mixin.py:190} INFO - [2024-10-16T17:25:32.666+0000] {dagbag.py:588} INFO - Filling up the DagBag from /home/airflow/.local/lib/python3.12/site-packages/airflow/example_dags/example_branch_operator.py
[2024-10-16T17:25:32.701+0000] {processor.py:925} INFO - DAG(s) 'example_branch_operator' retrieved from /home/airflow/.local/lib/python3.12/site-packages/airflow/example_dags/example_branch_operator.py
[2024-10-16T17:25:32.756+0000] {logging_mixin.py:190} INFO - [2024-10-16T17:25:32.755+0000] {dag.py:3239} INFO - Sync 1 DAGs
[2024-10-16T17:25:32.808+0000] {logging_mixin.py:190} INFO - [2024-10-16T17:25:32.808+0000] {dag.py:4180} INFO - Setting next_dagrun for example_branch_operator to 2024-10-15 00:00:00+00:00, run_after=2024-10-16 00:00:00+00:00
[2024-10-16T17:25:32.838+0000] {processor.py:208} INFO - Processing /home/airflow/.local/lib/python3.12/site-packages/airflow/example_dags/example_branch_operator.py took 0.193 seconds
[2024-10-16T17:26:03.424+0000] {processor.py:186} INFO - Started process (PID=667) to work on /home/airflow/.local/lib/python3.12/site-packages/airflow/example_dags/example_branch_operator.py
[2024-10-16T17:26:03.426+0000] {processor.py:914} INFO - Processing file /home/airflow/.local/lib/python3.12/site-packages/airflow/example_dags/example_branch_operator.py for tasks to queue
[2024-10-16T17:26:03.428+0000] {logging_mixin.py:190} INFO - [2024-10-16T17:26:03.428+0000] {dagbag.py:588} INFO - Filling up the DagBag from /home/airflow/.local/lib/python3.12/site-packages/airflow/example_dags/example_branch_operator.py
[2024-10-16T17:26:03.451+0000] {processor.py:925} INFO - DAG(s) 'example_branch_operator' retrieved from /home/airflow/.local/lib/python3.12/site-packages/airflow/example_dags/example_branch_operator.py
[2024-10-16T17:26:03.487+0000] {logging_mixin.py:190} INFO - [2024-10-16T17:26:03.486+0000] {dag.py:3239} INFO - Sync 1 DAGs
[2024-10-16T17:26:03.517+0000] {logging_mixin.py:190} INFO - [2024-10-16T17:26:03.516+0000] {dag.py:4180} INFO - Setting next_dagrun for example_branch_operator to 2024-10-15 00:00:00+00:00, run_after=2024-10-16 00:00:00+00:00
[2024-10-16T17:26:03.539+0000] {processor.py:208} INFO - Processing /home/airflow/.local/lib/python3.12/site-packages/airflow/example_dags/example_branch_operator.py took 0.122 seconds
[2024-10-16T17:26:33.763+0000] {processor.py:186} INFO - Started process (PID=729) to work on /home/airflow/.local/lib/python3.12/site-packages/airflow/example_dags/example_branch_operator.py
[2024-10-16T17:26:33.764+0000] {processor.py:914} INFO - Processing file /home/airflow/.local/lib/python3.12/site-packages/airflow/example_dags/example_branch_operator.py for tasks to queue
[2024-10-16T17:26:33.767+0000] {logging_mixin.py:190} INFO - [2024-10-16T17:26:33.767+0000] {dagbag.py:588} INFO - Filling up the DagBag from /home/airflow/.local/lib/python3.12/site-packages/airflow/example_dags/example_branch_operator.py
[2024-10-16T17:26:33.791+0000] {processor.py:925} INFO - DAG(s) 'example_branch_operator' retrieved from /home/airflow/.local/lib/python3.12/site-packages/airflow/example_dags/example_branch_operator.py
[2024-10-16T17:26:33.830+0000] {logging_mixin.py:190} INFO - [2024-10-16T17:26:33.830+0000] {dag.py:3239} INFO - Sync 1 DAGs
[2024-10-16T17:26:33.864+0000] {logging_mixin.py:190} INFO - [2024-10-16T17:26:33.864+0000] {dag.py:4180} INFO - Setting next_dagrun for example_branch_operator to 2024-10-15 00:00:00+00:00, run_after=2024-10-16 00:00:00+00:00
[2024-10-16T17:26:33.888+0000] {processor.py:208} INFO - Processing /home/airflow/.local/lib/python3.12/site-packages/airflow/example_dags/example_branch_operator.py took 0.132 seconds
[2024-10-16T17:27:04.467+0000] {processor.py:186} INFO - Started process (PID=791) to work on /home/airflow/.local/lib/python3.12/site-packages/airflow/example_dags/example_branch_operator.py
[2024-10-16T17:27:04.468+0000] {processor.py:914} INFO - Processing file /home/airflow/.local/lib/python3.12/site-packages/airflow/example_dags/example_branch_operator.py for tasks to queue
[2024-10-16T17:27:04.471+0000] {logging_mixin.py:190} INFO - [2024-10-16T17:27:04.470+0000] {dagbag.py:588} INFO - Filling up the DagBag from /home/airflow/.local/lib/python3.12/site-packages/airflow/example_dags/example_branch_operator.py
[2024-10-16T17:27:04.493+0000] {processor.py:925} INFO - DAG(s) 'example_branch_operator' retrieved from /home/airflow/.local/lib/python3.12/site-packages/airflow/example_dags/example_branch_operator.py
[2024-10-16T17:27:04.535+0000] {logging_mixin.py:190} INFO - [2024-10-16T17:27:04.534+0000] {dag.py:3239} INFO - Sync 1 DAGs
[2024-10-16T17:27:04.570+0000] {logging_mixin.py:190} INFO - [2024-10-16T17:27:04.570+0000] {dag.py:4180} INFO - Setting next_dagrun for example_branch_operator to 2024-10-15 00:00:00+00:00, run_after=2024-10-16 00:00:00+00:00
[2024-10-16T17:27:04.593+0000] {processor.py:208} INFO - Processing /home/airflow/.local/lib/python3.12/site-packages/airflow/example_dags/example_branch_operator.py took 0.133 seconds
[2024-10-16T17:27:34.904+0000] {processor.py:186} INFO - Started process (PID=853) to work on /home/airflow/.local/lib/python3.12/site-packages/airflow/example_dags/example_branch_operator.py
[2024-10-16T17:27:34.905+0000] {processor.py:914} INFO - Processing file /home/airflow/.local/lib/python3.12/site-packages/airflow/example_dags/example_branch_operator.py for tasks to queue
[2024-10-16T17:27:34.908+0000] {logging_mixin.py:190} INFO - [2024-10-16T17:27:34.907+0000] {dagbag.py:588} INFO - Filling up the DagBag from /home/airflow/.local/lib/python3.12/site-packages/airflow/example_dags/example_branch_operator.py
[2024-10-16T17:27:34.931+0000] {processor.py:925} INFO - DAG(s) 'example_branch_operator' retrieved from /home/airflow/.local/lib/python3.12/site-packages/airflow/example_dags/example_branch_operator.py
[2024-10-16T17:27:34.965+0000] {logging_mixin.py:190} INFO - [2024-10-16T17:27:34.965+0000] {dag.py:3239} INFO - Sync 1 DAGs
[2024-10-16T17:27:34.994+0000] {logging_mixin.py:190} INFO - [2024-10-16T17:27:34.993+0000] {dag.py:4180} INFO - Setting next_dagrun for example_branch_operator to 2024-10-15 00:00:00+00:00, run_after=2024-10-16 00:00:00+00:00
[2024-10-16T17:27:35.016+0000] {processor.py:208} INFO - Processing /home/airflow/.local/lib/python3.12/site-packages/airflow/example_dags/example_branch_operator.py took 0.119 seconds
[2024-10-16T17:28:05.331+0000] {processor.py:186} INFO - Started process (PID=915) to work on /home/airflow/.local/lib/python3.12/site-packages/airflow/example_dags/example_branch_operator.py
[2024-10-16T17:28:05.332+0000] {processor.py:914} INFO - Processing file /home/airflow/.local/lib/python3.12/site-packages/airflow/example_dags/example_branch_operator.py for tasks to queue
[2024-10-16T17:28:05.335+0000] {logging_mixin.py:190} INFO - [2024-10-16T17:28:05.334+0000] {dagbag.py:588} INFO - Filling up the DagBag from /home/airflow/.local/lib/python3.12/site-packages/airflow/example_dags/example_branch_operator.py
[2024-10-16T17:28:05.355+0000] {processor.py:925} INFO - DAG(s) 'example_branch_operator' retrieved from /home/airflow/.local/lib/python3.12/site-packages/airflow/example_dags/example_branch_operator.py
[2024-10-16T17:28:05.390+0000] {logging_mixin.py:190} INFO - [2024-10-16T17:28:05.389+0000] {dag.py:3239} INFO - Sync 1 DAGs
[2024-10-16T17:28:05.417+0000] {logging_mixin.py:190} INFO - [2024-10-16T17:28:05.417+0000] {dag.py:4180} INFO - Setting next_dagrun for example_branch_operator to 2024-10-15 00:00:00+00:00, run_after=2024-10-16 00:00:00+00:00
[2024-10-16T17:28:05.439+0000] {processor.py:208} INFO - Processing /home/airflow/.local/lib/python3.12/site-packages/airflow/example_dags/example_branch_operator.py took 0.114 seconds
[2024-10-16T17:28:35.857+0000] {processor.py:186} INFO - Started process (PID=977) to work on /home/airflow/.local/lib/python3.12/site-packages/airflow/example_dags/example_branch_operator.py
[2024-10-16T17:28:35.858+0000] {processor.py:914} INFO - Processing file /home/airflow/.local/lib/python3.12/site-packages/airflow/example_dags/example_branch_operator.py for tasks to queue
[2024-10-16T17:28:35.862+0000] {logging_mixin.py:190} INFO - [2024-10-16T17:28:35.861+0000] {dagbag.py:588} INFO - Filling up the DagBag from /home/airflow/.local/lib/python3.12/site-packages/airflow/example_dags/example_branch_operator.py
[2024-10-16T17:28:35.885+0000] {processor.py:925} INFO - DAG(s) 'example_branch_operator' retrieved from /home/airflow/.local/lib/python3.12/site-packages/airflow/example_dags/example_branch_operator.py
[2024-10-16T17:28:35.924+0000] {logging_mixin.py:190} INFO - [2024-10-16T17:28:35.923+0000] {dag.py:3239} INFO - Sync 1 DAGs
[2024-10-16T17:28:35.960+0000] {logging_mixin.py:190} INFO - [2024-10-16T17:28:35.960+0000] {dag.py:4180} INFO - Setting next_dagrun for example_branch_operator to 2024-10-15 00:00:00+00:00, run_after=2024-10-16 00:00:00+00:00
[2024-10-16T17:28:35.983+0000] {processor.py:208} INFO - Processing /home/airflow/.local/lib/python3.12/site-packages/airflow/example_dags/example_branch_operator.py took 0.133 seconds
[2024-10-16T17:29:06.443+0000] {processor.py:186} INFO - Started process (PID=1039) to work on /home/airflow/.local/lib/python3.12/site-packages/airflow/example_dags/example_branch_operator.py
[2024-10-16T17:29:06.445+0000] {processor.py:914} INFO - Processing file /home/airflow/.local/lib/python3.12/site-packages/airflow/example_dags/example_branch_operator.py for tasks to queue
[2024-10-16T17:29:06.448+0000] {logging_mixin.py:190} INFO - [2024-10-16T17:29:06.448+0000] {dagbag.py:588} INFO - Filling up the DagBag from /home/airflow/.local/lib/python3.12/site-packages/airflow/example_dags/example_branch_operator.py
[2024-10-16T17:29:06.473+0000] {processor.py:925} INFO - DAG(s) 'example_branch_operator' retrieved from /home/airflow/.local/lib/python3.12/site-packages/airflow/example_dags/example_branch_operator.py
[2024-10-16T17:29:06.515+0000] {logging_mixin.py:190} INFO - [2024-10-16T17:29:06.515+0000] {dag.py:3239} INFO - Sync 1 DAGs
[2024-10-16T17:29:06.549+0000] {logging_mixin.py:190} INFO - [2024-10-16T17:29:06.549+0000] {dag.py:4180} INFO - Setting next_dagrun for example_branch_operator to 2024-10-15 00:00:00+00:00, run_after=2024-10-16 00:00:00+00:00
[2024-10-16T17:29:06.574+0000] {processor.py:208} INFO - Processing /home/airflow/.local/lib/python3.12/site-packages/airflow/example_dags/example_branch_operator.py took 0.137 seconds
[2024-10-16T17:29:36.889+0000] {processor.py:186} INFO - Started process (PID=1101) to work on /home/airflow/.local/lib/python3.12/site-packages/airflow/example_dags/example_branch_operator.py
[2024-10-16T17:29:36.890+0000] {processor.py:914} INFO - Processing file /home/airflow/.local/lib/python3.12/site-packages/airflow/example_dags/example_branch_operator.py for tasks to queue
[2024-10-16T17:29:36.893+0000] {logging_mixin.py:190} INFO - [2024-10-16T17:29:36.892+0000] {dagbag.py:588} INFO - Filling up the DagBag from /home/airflow/.local/lib/python3.12/site-packages/airflow/example_dags/example_branch_operator.py
[2024-10-16T17:29:36.914+0000] {processor.py:925} INFO - DAG(s) 'example_branch_operator' retrieved from /home/airflow/.local/lib/python3.12/site-packages/airflow/example_dags/example_branch_operator.py
[2024-10-16T17:29:36.948+0000] {logging_mixin.py:190} INFO - [2024-10-16T17:29:36.948+0000] {dag.py:3239} INFO - Sync 1 DAGs
[2024-10-16T17:29:36.981+0000] {logging_mixin.py:190} INFO - [2024-10-16T17:29:36.981+0000] {dag.py:4180} INFO - Setting next_dagrun for example_branch_operator to 2024-10-15 00:00:00+00:00, run_after=2024-10-16 00:00:00+00:00
[2024-10-16T17:29:37.005+0000] {processor.py:208} INFO - Processing /home/airflow/.local/lib/python3.12/site-packages/airflow/example_dags/example_branch_operator.py took 0.125 seconds
[2024-10-16T17:30:07.293+0000] {processor.py:186} INFO - Started process (PID=1163) to work on /home/airflow/.local/lib/python3.12/site-packages/airflow/example_dags/example_branch_operator.py
[2024-10-16T17:30:07.294+0000] {processor.py:914} INFO - Processing file /home/airflow/.local/lib/python3.12/site-packages/airflow/example_dags/example_branch_operator.py for tasks to queue
[2024-10-16T17:30:07.297+0000] {logging_mixin.py:190} INFO - [2024-10-16T17:30:07.296+0000] {dagbag.py:588} INFO - Filling up the DagBag from /home/airflow/.local/lib/python3.12/site-packages/airflow/example_dags/example_branch_operator.py
[2024-10-16T17:30:07.318+0000] {processor.py:925} INFO - DAG(s) 'example_branch_operator' retrieved from /home/airflow/.local/lib/python3.12/site-packages/airflow/example_dags/example_branch_operator.py
[2024-10-16T17:30:07.360+0000] {logging_mixin.py:190} INFO - [2024-10-16T17:30:07.359+0000] {dag.py:3239} INFO - Sync 1 DAGs
[2024-10-16T17:30:07.388+0000] {logging_mixin.py:190} INFO - [2024-10-16T17:30:07.388+0000] {dag.py:4180} INFO - Setting next_dagrun for example_branch_operator to 2024-10-15 00:00:00+00:00, run_after=2024-10-16 00:00:00+00:00
[2024-10-16T17:30:07.410+0000] {processor.py:208} INFO - Processing /home/airflow/.local/lib/python3.12/site-packages/airflow/example_dags/example_branch_operator.py took 0.123 seconds
