[2024-10-16T16:38:05.641+0000] {processor.py:186} INFO - Started process (PID=93) to work on /home/airflow/.local/lib/python3.12/site-packages/airflow/example_dags/tutorial_dag.py
[2024-10-16T16:38:05.642+0000] {processor.py:914} INFO - Processing file /home/airflow/.local/lib/python3.12/site-packages/airflow/example_dags/tutorial_dag.py for tasks to queue
[2024-10-16T16:38:05.645+0000] {logging_mixin.py:190} INFO - [2024-10-16T16:38:05.644+0000] {dagbag.py:588} INFO - Filling up the DagBag from /home/airflow/.local/lib/python3.12/site-packages/airflow/example_dags/tutorial_dag.py
[2024-10-16T16:38:05.654+0000] {processor.py:925} INFO - DAG(s) 'tutorial_dag' retrieved from /home/airflow/.local/lib/python3.12/site-packages/airflow/example_dags/tutorial_dag.py
[2024-10-16T16:38:05.800+0000] {logging_mixin.py:190} INFO - [2024-10-16T16:38:05.800+0000] {override.py:1900} INFO - Created Permission View: can delete on DAG:tutorial_dag
[2024-10-16T16:38:05.815+0000] {logging_mixin.py:190} INFO - [2024-10-16T16:38:05.815+0000] {override.py:1900} INFO - Created Permission View: can edit on DAG:tutorial_dag
[2024-10-16T16:38:05.830+0000] {logging_mixin.py:190} INFO - [2024-10-16T16:38:05.829+0000] {override.py:1900} INFO - Created Permission View: can read on DAG:tutorial_dag
[2024-10-16T16:38:05.843+0000] {logging_mixin.py:190} INFO - [2024-10-16T16:38:05.842+0000] {override.py:1900} INFO - Created Permission View: menu access on DAG Run:tutorial_dag
[2024-10-16T16:38:05.850+0000] {logging_mixin.py:190} INFO - [2024-10-16T16:38:05.850+0000] {override.py:1900} INFO - Created Permission View: can create on DAG Run:tutorial_dag
[2024-10-16T16:38:05.858+0000] {logging_mixin.py:190} INFO - [2024-10-16T16:38:05.858+0000] {override.py:1900} INFO - Created Permission View: can delete on DAG Run:tutorial_dag
[2024-10-16T16:38:05.866+0000] {logging_mixin.py:190} INFO - [2024-10-16T16:38:05.866+0000] {override.py:1900} INFO - Created Permission View: can read on DAG Run:tutorial_dag
[2024-10-16T16:38:05.867+0000] {logging_mixin.py:190} INFO - [2024-10-16T16:38:05.867+0000] {dag.py:3239} INFO - Sync 1 DAGs
[2024-10-16T16:38:05.884+0000] {logging_mixin.py:190} INFO - [2024-10-16T16:38:05.884+0000] {dag.py:3262} INFO - Creating ORM DAG for tutorial_dag
[2024-10-16T16:38:05.885+0000] {logging_mixin.py:190} INFO - [2024-10-16T16:38:05.885+0000] {dag.py:4180} INFO - Setting next_dagrun for tutorial_dag to None, run_after=None
[2024-10-16T16:38:05.910+0000] {processor.py:208} INFO - Processing /home/airflow/.local/lib/python3.12/site-packages/airflow/example_dags/tutorial_dag.py took 0.276 seconds
[2024-10-16T16:38:35.958+0000] {processor.py:186} INFO - Started process (PID=155) to work on /home/airflow/.local/lib/python3.12/site-packages/airflow/example_dags/tutorial_dag.py
[2024-10-16T16:38:35.959+0000] {processor.py:914} INFO - Processing file /home/airflow/.local/lib/python3.12/site-packages/airflow/example_dags/tutorial_dag.py for tasks to queue
[2024-10-16T16:38:35.962+0000] {logging_mixin.py:190} INFO - [2024-10-16T16:38:35.961+0000] {dagbag.py:588} INFO - Filling up the DagBag from /home/airflow/.local/lib/python3.12/site-packages/airflow/example_dags/tutorial_dag.py
[2024-10-16T16:38:35.971+0000] {processor.py:925} INFO - DAG(s) 'tutorial_dag' retrieved from /home/airflow/.local/lib/python3.12/site-packages/airflow/example_dags/tutorial_dag.py
[2024-10-16T16:38:35.993+0000] {logging_mixin.py:190} INFO - [2024-10-16T16:38:35.993+0000] {dag.py:3239} INFO - Sync 1 DAGs
[2024-10-16T16:38:36.011+0000] {logging_mixin.py:190} INFO - [2024-10-16T16:38:36.010+0000] {dag.py:4180} INFO - Setting next_dagrun for tutorial_dag to None, run_after=None
[2024-10-16T16:38:36.035+0000] {processor.py:208} INFO - Processing /home/airflow/.local/lib/python3.12/site-packages/airflow/example_dags/tutorial_dag.py took 0.083 seconds
[2024-10-16T16:39:06.697+0000] {processor.py:186} INFO - Started process (PID=217) to work on /home/airflow/.local/lib/python3.12/site-packages/airflow/example_dags/tutorial_dag.py
[2024-10-16T16:39:06.699+0000] {processor.py:914} INFO - Processing file /home/airflow/.local/lib/python3.12/site-packages/airflow/example_dags/tutorial_dag.py for tasks to queue
[2024-10-16T16:39:06.702+0000] {logging_mixin.py:190} INFO - [2024-10-16T16:39:06.701+0000] {dagbag.py:588} INFO - Filling up the DagBag from /home/airflow/.local/lib/python3.12/site-packages/airflow/example_dags/tutorial_dag.py
[2024-10-16T16:39:06.711+0000] {processor.py:925} INFO - DAG(s) 'tutorial_dag' retrieved from /home/airflow/.local/lib/python3.12/site-packages/airflow/example_dags/tutorial_dag.py
[2024-10-16T16:39:06.734+0000] {logging_mixin.py:190} INFO - [2024-10-16T16:39:06.734+0000] {dag.py:3239} INFO - Sync 1 DAGs
[2024-10-16T16:39:06.753+0000] {logging_mixin.py:190} INFO - [2024-10-16T16:39:06.752+0000] {dag.py:4180} INFO - Setting next_dagrun for tutorial_dag to None, run_after=None
[2024-10-16T16:39:06.778+0000] {processor.py:208} INFO - Processing /home/airflow/.local/lib/python3.12/site-packages/airflow/example_dags/tutorial_dag.py took 0.088 seconds
[2024-10-16T16:39:37.273+0000] {processor.py:186} INFO - Started process (PID=279) to work on /home/airflow/.local/lib/python3.12/site-packages/airflow/example_dags/tutorial_dag.py
[2024-10-16T16:39:37.274+0000] {processor.py:914} INFO - Processing file /home/airflow/.local/lib/python3.12/site-packages/airflow/example_dags/tutorial_dag.py for tasks to queue
[2024-10-16T16:39:37.277+0000] {logging_mixin.py:190} INFO - [2024-10-16T16:39:37.276+0000] {dagbag.py:588} INFO - Filling up the DagBag from /home/airflow/.local/lib/python3.12/site-packages/airflow/example_dags/tutorial_dag.py
[2024-10-16T16:39:37.285+0000] {processor.py:925} INFO - DAG(s) 'tutorial_dag' retrieved from /home/airflow/.local/lib/python3.12/site-packages/airflow/example_dags/tutorial_dag.py
[2024-10-16T16:39:37.309+0000] {logging_mixin.py:190} INFO - [2024-10-16T16:39:37.309+0000] {dag.py:3239} INFO - Sync 1 DAGs
[2024-10-16T16:39:37.330+0000] {logging_mixin.py:190} INFO - [2024-10-16T16:39:37.330+0000] {dag.py:4180} INFO - Setting next_dagrun for tutorial_dag to None, run_after=None
[2024-10-16T16:39:37.355+0000] {processor.py:208} INFO - Processing /home/airflow/.local/lib/python3.12/site-packages/airflow/example_dags/tutorial_dag.py took 0.090 seconds
[2024-10-16T16:40:07.756+0000] {processor.py:186} INFO - Started process (PID=342) to work on /home/airflow/.local/lib/python3.12/site-packages/airflow/example_dags/tutorial_dag.py
[2024-10-16T16:40:07.757+0000] {processor.py:914} INFO - Processing file /home/airflow/.local/lib/python3.12/site-packages/airflow/example_dags/tutorial_dag.py for tasks to queue
[2024-10-16T16:40:07.760+0000] {logging_mixin.py:190} INFO - [2024-10-16T16:40:07.760+0000] {dagbag.py:588} INFO - Filling up the DagBag from /home/airflow/.local/lib/python3.12/site-packages/airflow/example_dags/tutorial_dag.py
[2024-10-16T16:40:07.767+0000] {processor.py:925} INFO - DAG(s) 'tutorial_dag' retrieved from /home/airflow/.local/lib/python3.12/site-packages/airflow/example_dags/tutorial_dag.py
[2024-10-16T16:40:07.789+0000] {logging_mixin.py:190} INFO - [2024-10-16T16:40:07.789+0000] {dag.py:3239} INFO - Sync 1 DAGs
[2024-10-16T16:40:07.807+0000] {logging_mixin.py:190} INFO - [2024-10-16T16:40:07.807+0000] {dag.py:4180} INFO - Setting next_dagrun for tutorial_dag to None, run_after=None
[2024-10-16T16:40:07.829+0000] {processor.py:208} INFO - Processing /home/airflow/.local/lib/python3.12/site-packages/airflow/example_dags/tutorial_dag.py took 0.080 seconds
[2024-10-16T16:40:38.258+0000] {processor.py:186} INFO - Started process (PID=404) to work on /home/airflow/.local/lib/python3.12/site-packages/airflow/example_dags/tutorial_dag.py
[2024-10-16T16:40:38.259+0000] {processor.py:914} INFO - Processing file /home/airflow/.local/lib/python3.12/site-packages/airflow/example_dags/tutorial_dag.py for tasks to queue
[2024-10-16T16:40:38.262+0000] {logging_mixin.py:190} INFO - [2024-10-16T16:40:38.262+0000] {dagbag.py:588} INFO - Filling up the DagBag from /home/airflow/.local/lib/python3.12/site-packages/airflow/example_dags/tutorial_dag.py
[2024-10-16T16:40:38.270+0000] {processor.py:925} INFO - DAG(s) 'tutorial_dag' retrieved from /home/airflow/.local/lib/python3.12/site-packages/airflow/example_dags/tutorial_dag.py
[2024-10-16T16:40:38.293+0000] {logging_mixin.py:190} INFO - [2024-10-16T16:40:38.293+0000] {dag.py:3239} INFO - Sync 1 DAGs
[2024-10-16T16:40:38.313+0000] {logging_mixin.py:190} INFO - [2024-10-16T16:40:38.312+0000] {dag.py:4180} INFO - Setting next_dagrun for tutorial_dag to None, run_after=None
[2024-10-16T16:40:38.337+0000] {processor.py:208} INFO - Processing /home/airflow/.local/lib/python3.12/site-packages/airflow/example_dags/tutorial_dag.py took 0.086 seconds
[2024-10-16T16:41:08.779+0000] {processor.py:186} INFO - Started process (PID=466) to work on /home/airflow/.local/lib/python3.12/site-packages/airflow/example_dags/tutorial_dag.py
[2024-10-16T16:41:08.780+0000] {processor.py:914} INFO - Processing file /home/airflow/.local/lib/python3.12/site-packages/airflow/example_dags/tutorial_dag.py for tasks to queue
[2024-10-16T16:41:08.782+0000] {logging_mixin.py:190} INFO - [2024-10-16T16:41:08.782+0000] {dagbag.py:588} INFO - Filling up the DagBag from /home/airflow/.local/lib/python3.12/site-packages/airflow/example_dags/tutorial_dag.py
[2024-10-16T16:41:08.790+0000] {processor.py:925} INFO - DAG(s) 'tutorial_dag' retrieved from /home/airflow/.local/lib/python3.12/site-packages/airflow/example_dags/tutorial_dag.py
[2024-10-16T16:41:08.812+0000] {logging_mixin.py:190} INFO - [2024-10-16T16:41:08.811+0000] {dag.py:3239} INFO - Sync 1 DAGs
[2024-10-16T16:41:08.830+0000] {logging_mixin.py:190} INFO - [2024-10-16T16:41:08.829+0000] {dag.py:4180} INFO - Setting next_dagrun for tutorial_dag to None, run_after=None
[2024-10-16T16:41:08.867+0000] {processor.py:208} INFO - Processing /home/airflow/.local/lib/python3.12/site-packages/airflow/example_dags/tutorial_dag.py took 0.095 seconds
[2024-10-16T16:41:39.289+0000] {processor.py:186} INFO - Started process (PID=528) to work on /home/airflow/.local/lib/python3.12/site-packages/airflow/example_dags/tutorial_dag.py
[2024-10-16T16:41:39.290+0000] {processor.py:914} INFO - Processing file /home/airflow/.local/lib/python3.12/site-packages/airflow/example_dags/tutorial_dag.py for tasks to queue
[2024-10-16T16:41:39.293+0000] {logging_mixin.py:190} INFO - [2024-10-16T16:41:39.293+0000] {dagbag.py:588} INFO - Filling up the DagBag from /home/airflow/.local/lib/python3.12/site-packages/airflow/example_dags/tutorial_dag.py
[2024-10-16T16:41:39.301+0000] {processor.py:925} INFO - DAG(s) 'tutorial_dag' retrieved from /home/airflow/.local/lib/python3.12/site-packages/airflow/example_dags/tutorial_dag.py
[2024-10-16T16:41:39.323+0000] {logging_mixin.py:190} INFO - [2024-10-16T16:41:39.322+0000] {dag.py:3239} INFO - Sync 1 DAGs
[2024-10-16T16:41:39.341+0000] {logging_mixin.py:190} INFO - [2024-10-16T16:41:39.340+0000] {dag.py:4180} INFO - Setting next_dagrun for tutorial_dag to None, run_after=None
[2024-10-16T16:41:39.364+0000] {processor.py:208} INFO - Processing /home/airflow/.local/lib/python3.12/site-packages/airflow/example_dags/tutorial_dag.py took 0.082 seconds
[2024-10-16T16:42:09.598+0000] {processor.py:186} INFO - Started process (PID=590) to work on /home/airflow/.local/lib/python3.12/site-packages/airflow/example_dags/tutorial_dag.py
[2024-10-16T16:42:09.599+0000] {processor.py:914} INFO - Processing file /home/airflow/.local/lib/python3.12/site-packages/airflow/example_dags/tutorial_dag.py for tasks to queue
[2024-10-16T16:42:09.602+0000] {logging_mixin.py:190} INFO - [2024-10-16T16:42:09.601+0000] {dagbag.py:588} INFO - Filling up the DagBag from /home/airflow/.local/lib/python3.12/site-packages/airflow/example_dags/tutorial_dag.py
[2024-10-16T16:42:09.610+0000] {processor.py:925} INFO - DAG(s) 'tutorial_dag' retrieved from /home/airflow/.local/lib/python3.12/site-packages/airflow/example_dags/tutorial_dag.py
[2024-10-16T16:42:09.631+0000] {logging_mixin.py:190} INFO - [2024-10-16T16:42:09.631+0000] {dag.py:3239} INFO - Sync 1 DAGs
[2024-10-16T16:42:09.648+0000] {logging_mixin.py:190} INFO - [2024-10-16T16:42:09.648+0000] {dag.py:4180} INFO - Setting next_dagrun for tutorial_dag to None, run_after=None
[2024-10-16T16:42:09.677+0000] {processor.py:208} INFO - Processing /home/airflow/.local/lib/python3.12/site-packages/airflow/example_dags/tutorial_dag.py took 0.086 seconds
[2024-10-16T16:42:39.838+0000] {processor.py:186} INFO - Started process (PID=652) to work on /home/airflow/.local/lib/python3.12/site-packages/airflow/example_dags/tutorial_dag.py
[2024-10-16T16:42:39.839+0000] {processor.py:914} INFO - Processing file /home/airflow/.local/lib/python3.12/site-packages/airflow/example_dags/tutorial_dag.py for tasks to queue
[2024-10-16T16:42:39.841+0000] {logging_mixin.py:190} INFO - [2024-10-16T16:42:39.841+0000] {dagbag.py:588} INFO - Filling up the DagBag from /home/airflow/.local/lib/python3.12/site-packages/airflow/example_dags/tutorial_dag.py
[2024-10-16T16:42:39.849+0000] {processor.py:925} INFO - DAG(s) 'tutorial_dag' retrieved from /home/airflow/.local/lib/python3.12/site-packages/airflow/example_dags/tutorial_dag.py
[2024-10-16T16:42:39.870+0000] {logging_mixin.py:190} INFO - [2024-10-16T16:42:39.870+0000] {dag.py:3239} INFO - Sync 1 DAGs
[2024-10-16T16:42:39.888+0000] {logging_mixin.py:190} INFO - [2024-10-16T16:42:39.888+0000] {dag.py:4180} INFO - Setting next_dagrun for tutorial_dag to None, run_after=None
[2024-10-16T16:42:39.909+0000] {processor.py:208} INFO - Processing /home/airflow/.local/lib/python3.12/site-packages/airflow/example_dags/tutorial_dag.py took 0.078 seconds
[2024-10-16T17:21:23.755+0000] {processor.py:186} INFO - Started process (PID=84) to work on /home/airflow/.local/lib/python3.12/site-packages/airflow/example_dags/tutorial_dag.py
[2024-10-16T17:21:23.756+0000] {processor.py:914} INFO - Processing file /home/airflow/.local/lib/python3.12/site-packages/airflow/example_dags/tutorial_dag.py for tasks to queue
[2024-10-16T17:21:23.759+0000] {logging_mixin.py:190} INFO - [2024-10-16T17:21:23.759+0000] {dagbag.py:588} INFO - Filling up the DagBag from /home/airflow/.local/lib/python3.12/site-packages/airflow/example_dags/tutorial_dag.py
[2024-10-16T17:21:23.767+0000] {processor.py:925} INFO - DAG(s) 'tutorial_dag' retrieved from /home/airflow/.local/lib/python3.12/site-packages/airflow/example_dags/tutorial_dag.py
[2024-10-16T17:21:23.793+0000] {logging_mixin.py:190} INFO - [2024-10-16T17:21:23.793+0000] {dag.py:3239} INFO - Sync 1 DAGs
[2024-10-16T17:21:23.814+0000] {logging_mixin.py:190} INFO - [2024-10-16T17:21:23.814+0000] {dag.py:4180} INFO - Setting next_dagrun for tutorial_dag to None, run_after=None
[2024-10-16T17:21:23.843+0000] {processor.py:208} INFO - Processing /home/airflow/.local/lib/python3.12/site-packages/airflow/example_dags/tutorial_dag.py took 0.095 seconds
[2024-10-16T17:21:54.728+0000] {processor.py:186} INFO - Started process (PID=146) to work on /home/airflow/.local/lib/python3.12/site-packages/airflow/example_dags/tutorial_dag.py
[2024-10-16T17:21:54.730+0000] {processor.py:914} INFO - Processing file /home/airflow/.local/lib/python3.12/site-packages/airflow/example_dags/tutorial_dag.py for tasks to queue
[2024-10-16T17:21:54.732+0000] {logging_mixin.py:190} INFO - [2024-10-16T17:21:54.732+0000] {dagbag.py:588} INFO - Filling up the DagBag from /home/airflow/.local/lib/python3.12/site-packages/airflow/example_dags/tutorial_dag.py
[2024-10-16T17:21:54.740+0000] {processor.py:925} INFO - DAG(s) 'tutorial_dag' retrieved from /home/airflow/.local/lib/python3.12/site-packages/airflow/example_dags/tutorial_dag.py
[2024-10-16T17:21:54.763+0000] {logging_mixin.py:190} INFO - [2024-10-16T17:21:54.763+0000] {dag.py:3239} INFO - Sync 1 DAGs
[2024-10-16T17:21:54.781+0000] {logging_mixin.py:190} INFO - [2024-10-16T17:21:54.781+0000] {dag.py:4180} INFO - Setting next_dagrun for tutorial_dag to None, run_after=None
[2024-10-16T17:21:54.802+0000] {processor.py:208} INFO - Processing /home/airflow/.local/lib/python3.12/site-packages/airflow/example_dags/tutorial_dag.py took 0.081 seconds
[2024-10-16T17:22:25.750+0000] {processor.py:186} INFO - Started process (PID=208) to work on /home/airflow/.local/lib/python3.12/site-packages/airflow/example_dags/tutorial_dag.py
[2024-10-16T17:22:25.751+0000] {processor.py:914} INFO - Processing file /home/airflow/.local/lib/python3.12/site-packages/airflow/example_dags/tutorial_dag.py for tasks to queue
[2024-10-16T17:22:25.754+0000] {logging_mixin.py:190} INFO - [2024-10-16T17:22:25.754+0000] {dagbag.py:588} INFO - Filling up the DagBag from /home/airflow/.local/lib/python3.12/site-packages/airflow/example_dags/tutorial_dag.py
[2024-10-16T17:22:25.762+0000] {processor.py:925} INFO - DAG(s) 'tutorial_dag' retrieved from /home/airflow/.local/lib/python3.12/site-packages/airflow/example_dags/tutorial_dag.py
[2024-10-16T17:22:25.783+0000] {logging_mixin.py:190} INFO - [2024-10-16T17:22:25.782+0000] {dag.py:3239} INFO - Sync 1 DAGs
[2024-10-16T17:22:25.800+0000] {logging_mixin.py:190} INFO - [2024-10-16T17:22:25.800+0000] {dag.py:4180} INFO - Setting next_dagrun for tutorial_dag to None, run_after=None
[2024-10-16T17:22:25.822+0000] {processor.py:208} INFO - Processing /home/airflow/.local/lib/python3.12/site-packages/airflow/example_dags/tutorial_dag.py took 0.079 seconds
[2024-10-16T17:22:56.356+0000] {processor.py:186} INFO - Started process (PID=270) to work on /home/airflow/.local/lib/python3.12/site-packages/airflow/example_dags/tutorial_dag.py
[2024-10-16T17:22:56.357+0000] {processor.py:914} INFO - Processing file /home/airflow/.local/lib/python3.12/site-packages/airflow/example_dags/tutorial_dag.py for tasks to queue
[2024-10-16T17:22:56.360+0000] {logging_mixin.py:190} INFO - [2024-10-16T17:22:56.360+0000] {dagbag.py:588} INFO - Filling up the DagBag from /home/airflow/.local/lib/python3.12/site-packages/airflow/example_dags/tutorial_dag.py
[2024-10-16T17:22:56.369+0000] {processor.py:925} INFO - DAG(s) 'tutorial_dag' retrieved from /home/airflow/.local/lib/python3.12/site-packages/airflow/example_dags/tutorial_dag.py
[2024-10-16T17:22:56.394+0000] {logging_mixin.py:190} INFO - [2024-10-16T17:22:56.393+0000] {dag.py:3239} INFO - Sync 1 DAGs
[2024-10-16T17:22:56.417+0000] {logging_mixin.py:190} INFO - [2024-10-16T17:22:56.416+0000] {dag.py:4180} INFO - Setting next_dagrun for tutorial_dag to None, run_after=None
[2024-10-16T17:22:56.439+0000] {processor.py:208} INFO - Processing /home/airflow/.local/lib/python3.12/site-packages/airflow/example_dags/tutorial_dag.py took 0.090 seconds
[2024-10-16T17:23:27.085+0000] {processor.py:186} INFO - Started process (PID=332) to work on /home/airflow/.local/lib/python3.12/site-packages/airflow/example_dags/tutorial_dag.py
[2024-10-16T17:23:27.086+0000] {processor.py:914} INFO - Processing file /home/airflow/.local/lib/python3.12/site-packages/airflow/example_dags/tutorial_dag.py for tasks to queue
[2024-10-16T17:23:27.089+0000] {logging_mixin.py:190} INFO - [2024-10-16T17:23:27.089+0000] {dagbag.py:588} INFO - Filling up the DagBag from /home/airflow/.local/lib/python3.12/site-packages/airflow/example_dags/tutorial_dag.py
[2024-10-16T17:23:27.097+0000] {processor.py:925} INFO - DAG(s) 'tutorial_dag' retrieved from /home/airflow/.local/lib/python3.12/site-packages/airflow/example_dags/tutorial_dag.py
[2024-10-16T17:23:27.118+0000] {logging_mixin.py:190} INFO - [2024-10-16T17:23:27.118+0000] {dag.py:3239} INFO - Sync 1 DAGs
[2024-10-16T17:23:27.137+0000] {logging_mixin.py:190} INFO - [2024-10-16T17:23:27.137+0000] {dag.py:4180} INFO - Setting next_dagrun for tutorial_dag to None, run_after=None
[2024-10-16T17:23:27.159+0000] {processor.py:208} INFO - Processing /home/airflow/.local/lib/python3.12/site-packages/airflow/example_dags/tutorial_dag.py took 0.080 seconds
[2024-10-16T17:23:57.510+0000] {processor.py:186} INFO - Started process (PID=394) to work on /home/airflow/.local/lib/python3.12/site-packages/airflow/example_dags/tutorial_dag.py
[2024-10-16T17:23:57.511+0000] {processor.py:914} INFO - Processing file /home/airflow/.local/lib/python3.12/site-packages/airflow/example_dags/tutorial_dag.py for tasks to queue
[2024-10-16T17:23:57.513+0000] {logging_mixin.py:190} INFO - [2024-10-16T17:23:57.513+0000] {dagbag.py:588} INFO - Filling up the DagBag from /home/airflow/.local/lib/python3.12/site-packages/airflow/example_dags/tutorial_dag.py
[2024-10-16T17:23:57.521+0000] {processor.py:925} INFO - DAG(s) 'tutorial_dag' retrieved from /home/airflow/.local/lib/python3.12/site-packages/airflow/example_dags/tutorial_dag.py
[2024-10-16T17:23:57.542+0000] {logging_mixin.py:190} INFO - [2024-10-16T17:23:57.542+0000] {dag.py:3239} INFO - Sync 1 DAGs
[2024-10-16T17:23:57.558+0000] {logging_mixin.py:190} INFO - [2024-10-16T17:23:57.558+0000] {dag.py:4180} INFO - Setting next_dagrun for tutorial_dag to None, run_after=None
[2024-10-16T17:23:57.581+0000] {processor.py:208} INFO - Processing /home/airflow/.local/lib/python3.12/site-packages/airflow/example_dags/tutorial_dag.py took 0.077 seconds
[2024-10-16T17:24:27.931+0000] {processor.py:186} INFO - Started process (PID=456) to work on /home/airflow/.local/lib/python3.12/site-packages/airflow/example_dags/tutorial_dag.py
[2024-10-16T17:24:27.932+0000] {processor.py:914} INFO - Processing file /home/airflow/.local/lib/python3.12/site-packages/airflow/example_dags/tutorial_dag.py for tasks to queue
[2024-10-16T17:24:27.935+0000] {logging_mixin.py:190} INFO - [2024-10-16T17:24:27.934+0000] {dagbag.py:588} INFO - Filling up the DagBag from /home/airflow/.local/lib/python3.12/site-packages/airflow/example_dags/tutorial_dag.py
[2024-10-16T17:24:27.943+0000] {processor.py:925} INFO - DAG(s) 'tutorial_dag' retrieved from /home/airflow/.local/lib/python3.12/site-packages/airflow/example_dags/tutorial_dag.py
[2024-10-16T17:24:27.968+0000] {logging_mixin.py:190} INFO - [2024-10-16T17:24:27.968+0000] {dag.py:3239} INFO - Sync 1 DAGs
[2024-10-16T17:24:27.990+0000] {logging_mixin.py:190} INFO - [2024-10-16T17:24:27.989+0000] {dag.py:4180} INFO - Setting next_dagrun for tutorial_dag to None, run_after=None
[2024-10-16T17:24:28.011+0000] {processor.py:208} INFO - Processing /home/airflow/.local/lib/python3.12/site-packages/airflow/example_dags/tutorial_dag.py took 0.087 seconds
[2024-10-16T17:24:58.347+0000] {processor.py:186} INFO - Started process (PID=518) to work on /home/airflow/.local/lib/python3.12/site-packages/airflow/example_dags/tutorial_dag.py
[2024-10-16T17:24:58.349+0000] {processor.py:914} INFO - Processing file /home/airflow/.local/lib/python3.12/site-packages/airflow/example_dags/tutorial_dag.py for tasks to queue
[2024-10-16T17:24:58.352+0000] {logging_mixin.py:190} INFO - [2024-10-16T17:24:58.351+0000] {dagbag.py:588} INFO - Filling up the DagBag from /home/airflow/.local/lib/python3.12/site-packages/airflow/example_dags/tutorial_dag.py
[2024-10-16T17:24:58.359+0000] {processor.py:925} INFO - DAG(s) 'tutorial_dag' retrieved from /home/airflow/.local/lib/python3.12/site-packages/airflow/example_dags/tutorial_dag.py
[2024-10-16T17:24:58.381+0000] {logging_mixin.py:190} INFO - [2024-10-16T17:24:58.380+0000] {dag.py:3239} INFO - Sync 1 DAGs
[2024-10-16T17:24:58.398+0000] {logging_mixin.py:190} INFO - [2024-10-16T17:24:58.398+0000] {dag.py:4180} INFO - Setting next_dagrun for tutorial_dag to None, run_after=None
[2024-10-16T17:24:58.419+0000] {processor.py:208} INFO - Processing /home/airflow/.local/lib/python3.12/site-packages/airflow/example_dags/tutorial_dag.py took 0.079 seconds
[2024-10-16T17:25:29.661+0000] {processor.py:186} INFO - Started process (PID=580) to work on /home/airflow/.local/lib/python3.12/site-packages/airflow/example_dags/tutorial_dag.py
[2024-10-16T17:25:29.662+0000] {processor.py:914} INFO - Processing file /home/airflow/.local/lib/python3.12/site-packages/airflow/example_dags/tutorial_dag.py for tasks to queue
[2024-10-16T17:25:29.665+0000] {logging_mixin.py:190} INFO - [2024-10-16T17:25:29.664+0000] {dagbag.py:588} INFO - Filling up the DagBag from /home/airflow/.local/lib/python3.12/site-packages/airflow/example_dags/tutorial_dag.py
[2024-10-16T17:25:29.673+0000] {processor.py:925} INFO - DAG(s) 'tutorial_dag' retrieved from /home/airflow/.local/lib/python3.12/site-packages/airflow/example_dags/tutorial_dag.py
[2024-10-16T17:25:29.701+0000] {logging_mixin.py:190} INFO - [2024-10-16T17:25:29.701+0000] {dag.py:3239} INFO - Sync 1 DAGs
[2024-10-16T17:25:29.724+0000] {logging_mixin.py:190} INFO - [2024-10-16T17:25:29.723+0000] {dag.py:4180} INFO - Setting next_dagrun for tutorial_dag to None, run_after=None
[2024-10-16T17:25:29.749+0000] {processor.py:208} INFO - Processing /home/airflow/.local/lib/python3.12/site-packages/airflow/example_dags/tutorial_dag.py took 0.096 seconds
[2024-10-16T17:26:00.171+0000] {processor.py:186} INFO - Started process (PID=642) to work on /home/airflow/.local/lib/python3.12/site-packages/airflow/example_dags/tutorial_dag.py
[2024-10-16T17:26:00.172+0000] {processor.py:914} INFO - Processing file /home/airflow/.local/lib/python3.12/site-packages/airflow/example_dags/tutorial_dag.py for tasks to queue
[2024-10-16T17:26:00.175+0000] {logging_mixin.py:190} INFO - [2024-10-16T17:26:00.175+0000] {dagbag.py:588} INFO - Filling up the DagBag from /home/airflow/.local/lib/python3.12/site-packages/airflow/example_dags/tutorial_dag.py
[2024-10-16T17:26:00.183+0000] {processor.py:925} INFO - DAG(s) 'tutorial_dag' retrieved from /home/airflow/.local/lib/python3.12/site-packages/airflow/example_dags/tutorial_dag.py
[2024-10-16T17:26:00.209+0000] {logging_mixin.py:190} INFO - [2024-10-16T17:26:00.209+0000] {dag.py:3239} INFO - Sync 1 DAGs
[2024-10-16T17:26:00.228+0000] {logging_mixin.py:190} INFO - [2024-10-16T17:26:00.228+0000] {dag.py:4180} INFO - Setting next_dagrun for tutorial_dag to None, run_after=None
[2024-10-16T17:26:00.253+0000] {processor.py:208} INFO - Processing /home/airflow/.local/lib/python3.12/site-packages/airflow/example_dags/tutorial_dag.py took 0.088 seconds
[2024-10-16T17:26:30.924+0000] {processor.py:186} INFO - Started process (PID=704) to work on /home/airflow/.local/lib/python3.12/site-packages/airflow/example_dags/tutorial_dag.py
[2024-10-16T17:26:30.925+0000] {processor.py:914} INFO - Processing file /home/airflow/.local/lib/python3.12/site-packages/airflow/example_dags/tutorial_dag.py for tasks to queue
[2024-10-16T17:26:30.928+0000] {logging_mixin.py:190} INFO - [2024-10-16T17:26:30.928+0000] {dagbag.py:588} INFO - Filling up the DagBag from /home/airflow/.local/lib/python3.12/site-packages/airflow/example_dags/tutorial_dag.py
[2024-10-16T17:26:30.939+0000] {processor.py:925} INFO - DAG(s) 'tutorial_dag' retrieved from /home/airflow/.local/lib/python3.12/site-packages/airflow/example_dags/tutorial_dag.py
[2024-10-16T17:26:30.965+0000] {logging_mixin.py:190} INFO - [2024-10-16T17:26:30.965+0000] {dag.py:3239} INFO - Sync 1 DAGs
[2024-10-16T17:26:30.986+0000] {logging_mixin.py:190} INFO - [2024-10-16T17:26:30.985+0000] {dag.py:4180} INFO - Setting next_dagrun for tutorial_dag to None, run_after=None
[2024-10-16T17:26:31.010+0000] {processor.py:208} INFO - Processing /home/airflow/.local/lib/python3.12/site-packages/airflow/example_dags/tutorial_dag.py took 0.094 seconds
[2024-10-16T17:27:01.445+0000] {processor.py:186} INFO - Started process (PID=766) to work on /home/airflow/.local/lib/python3.12/site-packages/airflow/example_dags/tutorial_dag.py
[2024-10-16T17:27:01.447+0000] {processor.py:914} INFO - Processing file /home/airflow/.local/lib/python3.12/site-packages/airflow/example_dags/tutorial_dag.py for tasks to queue
[2024-10-16T17:27:01.449+0000] {logging_mixin.py:190} INFO - [2024-10-16T17:27:01.449+0000] {dagbag.py:588} INFO - Filling up the DagBag from /home/airflow/.local/lib/python3.12/site-packages/airflow/example_dags/tutorial_dag.py
[2024-10-16T17:27:01.459+0000] {processor.py:925} INFO - DAG(s) 'tutorial_dag' retrieved from /home/airflow/.local/lib/python3.12/site-packages/airflow/example_dags/tutorial_dag.py
[2024-10-16T17:27:01.487+0000] {logging_mixin.py:190} INFO - [2024-10-16T17:27:01.486+0000] {dag.py:3239} INFO - Sync 1 DAGs
[2024-10-16T17:27:01.510+0000] {logging_mixin.py:190} INFO - [2024-10-16T17:27:01.510+0000] {dag.py:4180} INFO - Setting next_dagrun for tutorial_dag to None, run_after=None
[2024-10-16T17:27:01.537+0000] {processor.py:208} INFO - Processing /home/airflow/.local/lib/python3.12/site-packages/airflow/example_dags/tutorial_dag.py took 0.102 seconds
[2024-10-16T17:27:31.785+0000] {processor.py:186} INFO - Started process (PID=828) to work on /home/airflow/.local/lib/python3.12/site-packages/airflow/example_dags/tutorial_dag.py
[2024-10-16T17:27:31.786+0000] {processor.py:914} INFO - Processing file /home/airflow/.local/lib/python3.12/site-packages/airflow/example_dags/tutorial_dag.py for tasks to queue
[2024-10-16T17:27:31.789+0000] {logging_mixin.py:190} INFO - [2024-10-16T17:27:31.788+0000] {dagbag.py:588} INFO - Filling up the DagBag from /home/airflow/.local/lib/python3.12/site-packages/airflow/example_dags/tutorial_dag.py
[2024-10-16T17:27:31.797+0000] {processor.py:925} INFO - DAG(s) 'tutorial_dag' retrieved from /home/airflow/.local/lib/python3.12/site-packages/airflow/example_dags/tutorial_dag.py
[2024-10-16T17:27:31.818+0000] {logging_mixin.py:190} INFO - [2024-10-16T17:27:31.818+0000] {dag.py:3239} INFO - Sync 1 DAGs
[2024-10-16T17:27:31.835+0000] {logging_mixin.py:190} INFO - [2024-10-16T17:27:31.835+0000] {dag.py:4180} INFO - Setting next_dagrun for tutorial_dag to None, run_after=None
[2024-10-16T17:27:31.857+0000] {processor.py:208} INFO - Processing /home/airflow/.local/lib/python3.12/site-packages/airflow/example_dags/tutorial_dag.py took 0.078 seconds
[2024-10-16T17:28:02.362+0000] {processor.py:186} INFO - Started process (PID=890) to work on /home/airflow/.local/lib/python3.12/site-packages/airflow/example_dags/tutorial_dag.py
[2024-10-16T17:28:02.363+0000] {processor.py:914} INFO - Processing file /home/airflow/.local/lib/python3.12/site-packages/airflow/example_dags/tutorial_dag.py for tasks to queue
[2024-10-16T17:28:02.366+0000] {logging_mixin.py:190} INFO - [2024-10-16T17:28:02.365+0000] {dagbag.py:588} INFO - Filling up the DagBag from /home/airflow/.local/lib/python3.12/site-packages/airflow/example_dags/tutorial_dag.py
[2024-10-16T17:28:02.374+0000] {processor.py:925} INFO - DAG(s) 'tutorial_dag' retrieved from /home/airflow/.local/lib/python3.12/site-packages/airflow/example_dags/tutorial_dag.py
[2024-10-16T17:28:02.395+0000] {logging_mixin.py:190} INFO - [2024-10-16T17:28:02.395+0000] {dag.py:3239} INFO - Sync 1 DAGs
[2024-10-16T17:28:02.413+0000] {logging_mixin.py:190} INFO - [2024-10-16T17:28:02.413+0000] {dag.py:4180} INFO - Setting next_dagrun for tutorial_dag to None, run_after=None
[2024-10-16T17:28:02.439+0000] {processor.py:208} INFO - Processing /home/airflow/.local/lib/python3.12/site-packages/airflow/example_dags/tutorial_dag.py took 0.083 seconds
[2024-10-16T17:28:32.801+0000] {processor.py:186} INFO - Started process (PID=952) to work on /home/airflow/.local/lib/python3.12/site-packages/airflow/example_dags/tutorial_dag.py
[2024-10-16T17:28:32.803+0000] {processor.py:914} INFO - Processing file /home/airflow/.local/lib/python3.12/site-packages/airflow/example_dags/tutorial_dag.py for tasks to queue
[2024-10-16T17:28:32.805+0000] {logging_mixin.py:190} INFO - [2024-10-16T17:28:32.805+0000] {dagbag.py:588} INFO - Filling up the DagBag from /home/airflow/.local/lib/python3.12/site-packages/airflow/example_dags/tutorial_dag.py
[2024-10-16T17:28:32.813+0000] {processor.py:925} INFO - DAG(s) 'tutorial_dag' retrieved from /home/airflow/.local/lib/python3.12/site-packages/airflow/example_dags/tutorial_dag.py
[2024-10-16T17:28:32.835+0000] {logging_mixin.py:190} INFO - [2024-10-16T17:28:32.835+0000] {dag.py:3239} INFO - Sync 1 DAGs
[2024-10-16T17:28:32.852+0000] {logging_mixin.py:190} INFO - [2024-10-16T17:28:32.851+0000] {dag.py:4180} INFO - Setting next_dagrun for tutorial_dag to None, run_after=None
[2024-10-16T17:28:32.873+0000] {processor.py:208} INFO - Processing /home/airflow/.local/lib/python3.12/site-packages/airflow/example_dags/tutorial_dag.py took 0.079 seconds
[2024-10-16T17:29:03.205+0000] {processor.py:186} INFO - Started process (PID=1014) to work on /home/airflow/.local/lib/python3.12/site-packages/airflow/example_dags/tutorial_dag.py
[2024-10-16T17:29:03.206+0000] {processor.py:914} INFO - Processing file /home/airflow/.local/lib/python3.12/site-packages/airflow/example_dags/tutorial_dag.py for tasks to queue
[2024-10-16T17:29:03.210+0000] {logging_mixin.py:190} INFO - [2024-10-16T17:29:03.209+0000] {dagbag.py:588} INFO - Filling up the DagBag from /home/airflow/.local/lib/python3.12/site-packages/airflow/example_dags/tutorial_dag.py
[2024-10-16T17:29:03.218+0000] {processor.py:925} INFO - DAG(s) 'tutorial_dag' retrieved from /home/airflow/.local/lib/python3.12/site-packages/airflow/example_dags/tutorial_dag.py
[2024-10-16T17:29:03.240+0000] {logging_mixin.py:190} INFO - [2024-10-16T17:29:03.239+0000] {dag.py:3239} INFO - Sync 1 DAGs
[2024-10-16T17:29:03.256+0000] {logging_mixin.py:190} INFO - [2024-10-16T17:29:03.256+0000] {dag.py:4180} INFO - Setting next_dagrun for tutorial_dag to None, run_after=None
[2024-10-16T17:29:03.278+0000] {processor.py:208} INFO - Processing /home/airflow/.local/lib/python3.12/site-packages/airflow/example_dags/tutorial_dag.py took 0.080 seconds
[2024-10-16T17:29:33.895+0000] {processor.py:186} INFO - Started process (PID=1076) to work on /home/airflow/.local/lib/python3.12/site-packages/airflow/example_dags/tutorial_dag.py
[2024-10-16T17:29:33.896+0000] {processor.py:914} INFO - Processing file /home/airflow/.local/lib/python3.12/site-packages/airflow/example_dags/tutorial_dag.py for tasks to queue
[2024-10-16T17:29:33.898+0000] {logging_mixin.py:190} INFO - [2024-10-16T17:29:33.898+0000] {dagbag.py:588} INFO - Filling up the DagBag from /home/airflow/.local/lib/python3.12/site-packages/airflow/example_dags/tutorial_dag.py
[2024-10-16T17:29:33.906+0000] {processor.py:925} INFO - DAG(s) 'tutorial_dag' retrieved from /home/airflow/.local/lib/python3.12/site-packages/airflow/example_dags/tutorial_dag.py
[2024-10-16T17:29:33.927+0000] {logging_mixin.py:190} INFO - [2024-10-16T17:29:33.927+0000] {dag.py:3239} INFO - Sync 1 DAGs
[2024-10-16T17:29:33.944+0000] {logging_mixin.py:190} INFO - [2024-10-16T17:29:33.944+0000] {dag.py:4180} INFO - Setting next_dagrun for tutorial_dag to None, run_after=None
[2024-10-16T17:29:33.966+0000] {processor.py:208} INFO - Processing /home/airflow/.local/lib/python3.12/site-packages/airflow/example_dags/tutorial_dag.py took 0.078 seconds
[2024-10-16T17:30:04.294+0000] {processor.py:186} INFO - Started process (PID=1138) to work on /home/airflow/.local/lib/python3.12/site-packages/airflow/example_dags/tutorial_dag.py
[2024-10-16T17:30:04.295+0000] {processor.py:914} INFO - Processing file /home/airflow/.local/lib/python3.12/site-packages/airflow/example_dags/tutorial_dag.py for tasks to queue
[2024-10-16T17:30:04.298+0000] {logging_mixin.py:190} INFO - [2024-10-16T17:30:04.297+0000] {dagbag.py:588} INFO - Filling up the DagBag from /home/airflow/.local/lib/python3.12/site-packages/airflow/example_dags/tutorial_dag.py
[2024-10-16T17:30:04.307+0000] {processor.py:925} INFO - DAG(s) 'tutorial_dag' retrieved from /home/airflow/.local/lib/python3.12/site-packages/airflow/example_dags/tutorial_dag.py
[2024-10-16T17:30:04.328+0000] {logging_mixin.py:190} INFO - [2024-10-16T17:30:04.328+0000] {dag.py:3239} INFO - Sync 1 DAGs
[2024-10-16T17:30:04.346+0000] {logging_mixin.py:190} INFO - [2024-10-16T17:30:04.346+0000] {dag.py:4180} INFO - Setting next_dagrun for tutorial_dag to None, run_after=None
[2024-10-16T17:30:04.369+0000] {processor.py:208} INFO - Processing /home/airflow/.local/lib/python3.12/site-packages/airflow/example_dags/tutorial_dag.py took 0.082 seconds
