[2024-10-16T16:38:05.918+0000] {processor.py:186} INFO - Started process (PID=94) to work on /home/airflow/.local/lib/python3.12/site-packages/airflow/example_dags/tutorial.py
[2024-10-16T16:38:05.920+0000] {processor.py:914} INFO - Processing file /home/airflow/.local/lib/python3.12/site-packages/airflow/example_dags/tutorial.py for tasks to queue
[2024-10-16T16:38:05.922+0000] {logging_mixin.py:190} INFO - [2024-10-16T16:38:05.922+0000] {dagbag.py:588} INFO - Filling up the DagBag from /home/airflow/.local/lib/python3.12/site-packages/airflow/example_dags/tutorial.py
[2024-10-16T16:38:05.932+0000] {processor.py:925} INFO - DAG(s) 'tutorial' retrieved from /home/airflow/.local/lib/python3.12/site-packages/airflow/example_dags/tutorial.py
[2024-10-16T16:38:06.059+0000] {logging_mixin.py:190} INFO - [2024-10-16T16:38:06.058+0000] {override.py:1900} INFO - Created Permission View: can delete on DAG:tutorial
[2024-10-16T16:38:06.075+0000] {logging_mixin.py:190} INFO - [2024-10-16T16:38:06.074+0000] {override.py:1900} INFO - Created Permission View: can edit on DAG:tutorial
[2024-10-16T16:38:06.083+0000] {logging_mixin.py:190} INFO - [2024-10-16T16:38:06.083+0000] {override.py:1900} INFO - Created Permission View: can read on DAG:tutorial
[2024-10-16T16:38:06.094+0000] {logging_mixin.py:190} INFO - [2024-10-16T16:38:06.094+0000] {override.py:1900} INFO - Created Permission View: menu access on DAG Run:tutorial
[2024-10-16T16:38:06.103+0000] {logging_mixin.py:190} INFO - [2024-10-16T16:38:06.103+0000] {override.py:1900} INFO - Created Permission View: can create on DAG Run:tutorial
[2024-10-16T16:38:06.111+0000] {logging_mixin.py:190} INFO - [2024-10-16T16:38:06.111+0000] {override.py:1900} INFO - Created Permission View: can delete on DAG Run:tutorial
[2024-10-16T16:38:06.120+0000] {logging_mixin.py:190} INFO - [2024-10-16T16:38:06.119+0000] {override.py:1900} INFO - Created Permission View: can read on DAG Run:tutorial
[2024-10-16T16:38:06.121+0000] {logging_mixin.py:190} INFO - [2024-10-16T16:38:06.120+0000] {dag.py:3239} INFO - Sync 1 DAGs
[2024-10-16T16:38:06.136+0000] {logging_mixin.py:190} INFO - [2024-10-16T16:38:06.135+0000] {dag.py:3262} INFO - Creating ORM DAG for tutorial
[2024-10-16T16:38:06.148+0000] {logging_mixin.py:190} INFO - [2024-10-16T16:38:06.147+0000] {dag.py:4180} INFO - Setting next_dagrun for tutorial to 2024-10-15 00:00:00+00:00, run_after=2024-10-16 00:00:00+00:00
[2024-10-16T16:38:06.168+0000] {processor.py:208} INFO - Processing /home/airflow/.local/lib/python3.12/site-packages/airflow/example_dags/tutorial.py took 0.257 seconds
[2024-10-16T16:38:37.087+0000] {processor.py:186} INFO - Started process (PID=156) to work on /home/airflow/.local/lib/python3.12/site-packages/airflow/example_dags/tutorial.py
[2024-10-16T16:38:37.088+0000] {processor.py:914} INFO - Processing file /home/airflow/.local/lib/python3.12/site-packages/airflow/example_dags/tutorial.py for tasks to queue
[2024-10-16T16:38:37.090+0000] {logging_mixin.py:190} INFO - [2024-10-16T16:38:37.090+0000] {dagbag.py:588} INFO - Filling up the DagBag from /home/airflow/.local/lib/python3.12/site-packages/airflow/example_dags/tutorial.py
[2024-10-16T16:38:37.099+0000] {processor.py:925} INFO - DAG(s) 'tutorial' retrieved from /home/airflow/.local/lib/python3.12/site-packages/airflow/example_dags/tutorial.py
[2024-10-16T16:38:37.125+0000] {logging_mixin.py:190} INFO - [2024-10-16T16:38:37.125+0000] {dag.py:3239} INFO - Sync 1 DAGs
[2024-10-16T16:38:37.152+0000] {logging_mixin.py:190} INFO - [2024-10-16T16:38:37.152+0000] {dag.py:4180} INFO - Setting next_dagrun for tutorial to 2024-10-15 00:00:00+00:00, run_after=2024-10-16 00:00:00+00:00
[2024-10-16T16:38:37.174+0000] {processor.py:208} INFO - Processing /home/airflow/.local/lib/python3.12/site-packages/airflow/example_dags/tutorial.py took 0.094 seconds
[2024-10-16T16:39:07.809+0000] {processor.py:186} INFO - Started process (PID=218) to work on /home/airflow/.local/lib/python3.12/site-packages/airflow/example_dags/tutorial.py
[2024-10-16T16:39:07.810+0000] {processor.py:914} INFO - Processing file /home/airflow/.local/lib/python3.12/site-packages/airflow/example_dags/tutorial.py for tasks to queue
[2024-10-16T16:39:07.813+0000] {logging_mixin.py:190} INFO - [2024-10-16T16:39:07.813+0000] {dagbag.py:588} INFO - Filling up the DagBag from /home/airflow/.local/lib/python3.12/site-packages/airflow/example_dags/tutorial.py
[2024-10-16T16:39:07.821+0000] {processor.py:925} INFO - DAG(s) 'tutorial' retrieved from /home/airflow/.local/lib/python3.12/site-packages/airflow/example_dags/tutorial.py
[2024-10-16T16:39:07.843+0000] {logging_mixin.py:190} INFO - [2024-10-16T16:39:07.843+0000] {dag.py:3239} INFO - Sync 1 DAGs
[2024-10-16T16:39:07.870+0000] {logging_mixin.py:190} INFO - [2024-10-16T16:39:07.870+0000] {dag.py:4180} INFO - Setting next_dagrun for tutorial to 2024-10-15 00:00:00+00:00, run_after=2024-10-16 00:00:00+00:00
[2024-10-16T16:39:07.896+0000] {processor.py:208} INFO - Processing /home/airflow/.local/lib/python3.12/site-packages/airflow/example_dags/tutorial.py took 0.094 seconds
[2024-10-16T16:39:38.367+0000] {processor.py:186} INFO - Started process (PID=280) to work on /home/airflow/.local/lib/python3.12/site-packages/airflow/example_dags/tutorial.py
[2024-10-16T16:39:38.368+0000] {processor.py:914} INFO - Processing file /home/airflow/.local/lib/python3.12/site-packages/airflow/example_dags/tutorial.py for tasks to queue
[2024-10-16T16:39:38.371+0000] {logging_mixin.py:190} INFO - [2024-10-16T16:39:38.370+0000] {dagbag.py:588} INFO - Filling up the DagBag from /home/airflow/.local/lib/python3.12/site-packages/airflow/example_dags/tutorial.py
[2024-10-16T16:39:38.379+0000] {processor.py:925} INFO - DAG(s) 'tutorial' retrieved from /home/airflow/.local/lib/python3.12/site-packages/airflow/example_dags/tutorial.py
[2024-10-16T16:39:38.402+0000] {logging_mixin.py:190} INFO - [2024-10-16T16:39:38.402+0000] {dag.py:3239} INFO - Sync 1 DAGs
[2024-10-16T16:39:38.429+0000] {logging_mixin.py:190} INFO - [2024-10-16T16:39:38.429+0000] {dag.py:4180} INFO - Setting next_dagrun for tutorial to 2024-10-15 00:00:00+00:00, run_after=2024-10-16 00:00:00+00:00
[2024-10-16T16:39:38.453+0000] {processor.py:208} INFO - Processing /home/airflow/.local/lib/python3.12/site-packages/airflow/example_dags/tutorial.py took 0.093 seconds
[2024-10-16T16:40:08.896+0000] {processor.py:186} INFO - Started process (PID=343) to work on /home/airflow/.local/lib/python3.12/site-packages/airflow/example_dags/tutorial.py
[2024-10-16T16:40:08.897+0000] {processor.py:914} INFO - Processing file /home/airflow/.local/lib/python3.12/site-packages/airflow/example_dags/tutorial.py for tasks to queue
[2024-10-16T16:40:08.900+0000] {logging_mixin.py:190} INFO - [2024-10-16T16:40:08.899+0000] {dagbag.py:588} INFO - Filling up the DagBag from /home/airflow/.local/lib/python3.12/site-packages/airflow/example_dags/tutorial.py
[2024-10-16T16:40:08.908+0000] {processor.py:925} INFO - DAG(s) 'tutorial' retrieved from /home/airflow/.local/lib/python3.12/site-packages/airflow/example_dags/tutorial.py
[2024-10-16T16:40:08.931+0000] {logging_mixin.py:190} INFO - [2024-10-16T16:40:08.931+0000] {dag.py:3239} INFO - Sync 1 DAGs
[2024-10-16T16:40:08.959+0000] {logging_mixin.py:190} INFO - [2024-10-16T16:40:08.959+0000] {dag.py:4180} INFO - Setting next_dagrun for tutorial to 2024-10-15 00:00:00+00:00, run_after=2024-10-16 00:00:00+00:00
[2024-10-16T16:40:08.981+0000] {processor.py:208} INFO - Processing /home/airflow/.local/lib/python3.12/site-packages/airflow/example_dags/tutorial.py took 0.091 seconds
[2024-10-16T16:40:39.385+0000] {processor.py:186} INFO - Started process (PID=405) to work on /home/airflow/.local/lib/python3.12/site-packages/airflow/example_dags/tutorial.py
[2024-10-16T16:40:39.386+0000] {processor.py:914} INFO - Processing file /home/airflow/.local/lib/python3.12/site-packages/airflow/example_dags/tutorial.py for tasks to queue
[2024-10-16T16:40:39.389+0000] {logging_mixin.py:190} INFO - [2024-10-16T16:40:39.389+0000] {dagbag.py:588} INFO - Filling up the DagBag from /home/airflow/.local/lib/python3.12/site-packages/airflow/example_dags/tutorial.py
[2024-10-16T16:40:39.400+0000] {processor.py:925} INFO - DAG(s) 'tutorial' retrieved from /home/airflow/.local/lib/python3.12/site-packages/airflow/example_dags/tutorial.py
[2024-10-16T16:40:39.424+0000] {logging_mixin.py:190} INFO - [2024-10-16T16:40:39.424+0000] {dag.py:3239} INFO - Sync 1 DAGs
[2024-10-16T16:40:39.454+0000] {logging_mixin.py:190} INFO - [2024-10-16T16:40:39.454+0000] {dag.py:4180} INFO - Setting next_dagrun for tutorial to 2024-10-15 00:00:00+00:00, run_after=2024-10-16 00:00:00+00:00
[2024-10-16T16:40:39.477+0000] {processor.py:208} INFO - Processing /home/airflow/.local/lib/python3.12/site-packages/airflow/example_dags/tutorial.py took 0.100 seconds
[2024-10-16T16:41:09.904+0000] {processor.py:186} INFO - Started process (PID=467) to work on /home/airflow/.local/lib/python3.12/site-packages/airflow/example_dags/tutorial.py
[2024-10-16T16:41:09.905+0000] {processor.py:914} INFO - Processing file /home/airflow/.local/lib/python3.12/site-packages/airflow/example_dags/tutorial.py for tasks to queue
[2024-10-16T16:41:09.908+0000] {logging_mixin.py:190} INFO - [2024-10-16T16:41:09.907+0000] {dagbag.py:588} INFO - Filling up the DagBag from /home/airflow/.local/lib/python3.12/site-packages/airflow/example_dags/tutorial.py
[2024-10-16T16:41:09.916+0000] {processor.py:925} INFO - DAG(s) 'tutorial' retrieved from /home/airflow/.local/lib/python3.12/site-packages/airflow/example_dags/tutorial.py
[2024-10-16T16:41:09.941+0000] {logging_mixin.py:190} INFO - [2024-10-16T16:41:09.941+0000] {dag.py:3239} INFO - Sync 1 DAGs
[2024-10-16T16:41:09.970+0000] {logging_mixin.py:190} INFO - [2024-10-16T16:41:09.970+0000] {dag.py:4180} INFO - Setting next_dagrun for tutorial to 2024-10-15 00:00:00+00:00, run_after=2024-10-16 00:00:00+00:00
[2024-10-16T16:41:09.993+0000] {processor.py:208} INFO - Processing /home/airflow/.local/lib/python3.12/site-packages/airflow/example_dags/tutorial.py took 0.096 seconds
[2024-10-16T16:41:40.380+0000] {processor.py:186} INFO - Started process (PID=529) to work on /home/airflow/.local/lib/python3.12/site-packages/airflow/example_dags/tutorial.py
[2024-10-16T16:41:40.382+0000] {processor.py:914} INFO - Processing file /home/airflow/.local/lib/python3.12/site-packages/airflow/example_dags/tutorial.py for tasks to queue
[2024-10-16T16:41:40.385+0000] {logging_mixin.py:190} INFO - [2024-10-16T16:41:40.384+0000] {dagbag.py:588} INFO - Filling up the DagBag from /home/airflow/.local/lib/python3.12/site-packages/airflow/example_dags/tutorial.py
[2024-10-16T16:41:40.394+0000] {processor.py:925} INFO - DAG(s) 'tutorial' retrieved from /home/airflow/.local/lib/python3.12/site-packages/airflow/example_dags/tutorial.py
[2024-10-16T16:41:40.416+0000] {logging_mixin.py:190} INFO - [2024-10-16T16:41:40.416+0000] {dag.py:3239} INFO - Sync 1 DAGs
[2024-10-16T16:41:40.443+0000] {logging_mixin.py:190} INFO - [2024-10-16T16:41:40.443+0000] {dag.py:4180} INFO - Setting next_dagrun for tutorial to 2024-10-15 00:00:00+00:00, run_after=2024-10-16 00:00:00+00:00
[2024-10-16T16:41:40.465+0000] {processor.py:208} INFO - Processing /home/airflow/.local/lib/python3.12/site-packages/airflow/example_dags/tutorial.py took 0.096 seconds
[2024-10-16T16:42:10.654+0000] {processor.py:186} INFO - Started process (PID=591) to work on /home/airflow/.local/lib/python3.12/site-packages/airflow/example_dags/tutorial.py
[2024-10-16T16:42:10.656+0000] {processor.py:914} INFO - Processing file /home/airflow/.local/lib/python3.12/site-packages/airflow/example_dags/tutorial.py for tasks to queue
[2024-10-16T16:42:10.658+0000] {logging_mixin.py:190} INFO - [2024-10-16T16:42:10.658+0000] {dagbag.py:588} INFO - Filling up the DagBag from /home/airflow/.local/lib/python3.12/site-packages/airflow/example_dags/tutorial.py
[2024-10-16T16:42:10.668+0000] {processor.py:925} INFO - DAG(s) 'tutorial' retrieved from /home/airflow/.local/lib/python3.12/site-packages/airflow/example_dags/tutorial.py
[2024-10-16T16:42:10.690+0000] {logging_mixin.py:190} INFO - [2024-10-16T16:42:10.689+0000] {dag.py:3239} INFO - Sync 1 DAGs
[2024-10-16T16:42:10.717+0000] {logging_mixin.py:190} INFO - [2024-10-16T16:42:10.716+0000] {dag.py:4180} INFO - Setting next_dagrun for tutorial to 2024-10-15 00:00:00+00:00, run_after=2024-10-16 00:00:00+00:00
[2024-10-16T16:42:10.738+0000] {processor.py:208} INFO - Processing /home/airflow/.local/lib/python3.12/site-packages/airflow/example_dags/tutorial.py took 0.095 seconds
[2024-10-16T16:42:40.957+0000] {processor.py:186} INFO - Started process (PID=653) to work on /home/airflow/.local/lib/python3.12/site-packages/airflow/example_dags/tutorial.py
[2024-10-16T16:42:40.958+0000] {processor.py:914} INFO - Processing file /home/airflow/.local/lib/python3.12/site-packages/airflow/example_dags/tutorial.py for tasks to queue
[2024-10-16T16:42:40.960+0000] {logging_mixin.py:190} INFO - [2024-10-16T16:42:40.960+0000] {dagbag.py:588} INFO - Filling up the DagBag from /home/airflow/.local/lib/python3.12/site-packages/airflow/example_dags/tutorial.py
[2024-10-16T16:42:40.969+0000] {processor.py:925} INFO - DAG(s) 'tutorial' retrieved from /home/airflow/.local/lib/python3.12/site-packages/airflow/example_dags/tutorial.py
[2024-10-16T16:42:40.991+0000] {logging_mixin.py:190} INFO - [2024-10-16T16:42:40.991+0000] {dag.py:3239} INFO - Sync 1 DAGs
[2024-10-16T16:42:41.020+0000] {logging_mixin.py:190} INFO - [2024-10-16T16:42:41.020+0000] {dag.py:4180} INFO - Setting next_dagrun for tutorial to 2024-10-15 00:00:00+00:00, run_after=2024-10-16 00:00:00+00:00
[2024-10-16T16:42:41.041+0000] {processor.py:208} INFO - Processing /home/airflow/.local/lib/python3.12/site-packages/airflow/example_dags/tutorial.py took 0.091 seconds
[2024-10-16T17:21:23.821+0000] {processor.py:186} INFO - Started process (PID=85) to work on /home/airflow/.local/lib/python3.12/site-packages/airflow/example_dags/tutorial.py
[2024-10-16T17:21:23.823+0000] {processor.py:914} INFO - Processing file /home/airflow/.local/lib/python3.12/site-packages/airflow/example_dags/tutorial.py for tasks to queue
[2024-10-16T17:21:23.826+0000] {logging_mixin.py:190} INFO - [2024-10-16T17:21:23.826+0000] {dagbag.py:588} INFO - Filling up the DagBag from /home/airflow/.local/lib/python3.12/site-packages/airflow/example_dags/tutorial.py
[2024-10-16T17:21:23.835+0000] {processor.py:925} INFO - DAG(s) 'tutorial' retrieved from /home/airflow/.local/lib/python3.12/site-packages/airflow/example_dags/tutorial.py
[2024-10-16T17:21:23.865+0000] {logging_mixin.py:190} INFO - [2024-10-16T17:21:23.864+0000] {dag.py:3239} INFO - Sync 1 DAGs
[2024-10-16T17:21:23.907+0000] {logging_mixin.py:190} INFO - [2024-10-16T17:21:23.907+0000] {dag.py:4180} INFO - Setting next_dagrun for tutorial to 2024-10-15 00:00:00+00:00, run_after=2024-10-16 00:00:00+00:00
[2024-10-16T17:21:23.937+0000] {processor.py:208} INFO - Processing /home/airflow/.local/lib/python3.12/site-packages/airflow/example_dags/tutorial.py took 0.123 seconds
[2024-10-16T17:21:54.730+0000] {processor.py:186} INFO - Started process (PID=147) to work on /home/airflow/.local/lib/python3.12/site-packages/airflow/example_dags/tutorial.py
[2024-10-16T17:21:54.731+0000] {processor.py:914} INFO - Processing file /home/airflow/.local/lib/python3.12/site-packages/airflow/example_dags/tutorial.py for tasks to queue
[2024-10-16T17:21:54.734+0000] {logging_mixin.py:190} INFO - [2024-10-16T17:21:54.733+0000] {dagbag.py:588} INFO - Filling up the DagBag from /home/airflow/.local/lib/python3.12/site-packages/airflow/example_dags/tutorial.py
[2024-10-16T17:21:54.743+0000] {processor.py:925} INFO - DAG(s) 'tutorial' retrieved from /home/airflow/.local/lib/python3.12/site-packages/airflow/example_dags/tutorial.py
[2024-10-16T17:21:54.766+0000] {logging_mixin.py:190} INFO - [2024-10-16T17:21:54.765+0000] {dag.py:3239} INFO - Sync 1 DAGs
[2024-10-16T17:21:54.794+0000] {logging_mixin.py:190} INFO - [2024-10-16T17:21:54.794+0000] {dag.py:4180} INFO - Setting next_dagrun for tutorial to 2024-10-15 00:00:00+00:00, run_after=2024-10-16 00:00:00+00:00
[2024-10-16T17:21:54.818+0000] {processor.py:208} INFO - Processing /home/airflow/.local/lib/python3.12/site-packages/airflow/example_dags/tutorial.py took 0.095 seconds
[2024-10-16T17:22:25.818+0000] {processor.py:186} INFO - Started process (PID=209) to work on /home/airflow/.local/lib/python3.12/site-packages/airflow/example_dags/tutorial.py
[2024-10-16T17:22:25.819+0000] {processor.py:914} INFO - Processing file /home/airflow/.local/lib/python3.12/site-packages/airflow/example_dags/tutorial.py for tasks to queue
[2024-10-16T17:22:25.822+0000] {logging_mixin.py:190} INFO - [2024-10-16T17:22:25.821+0000] {dagbag.py:588} INFO - Filling up the DagBag from /home/airflow/.local/lib/python3.12/site-packages/airflow/example_dags/tutorial.py
[2024-10-16T17:22:25.832+0000] {processor.py:925} INFO - DAG(s) 'tutorial' retrieved from /home/airflow/.local/lib/python3.12/site-packages/airflow/example_dags/tutorial.py
[2024-10-16T17:22:25.856+0000] {logging_mixin.py:190} INFO - [2024-10-16T17:22:25.856+0000] {dag.py:3239} INFO - Sync 1 DAGs
[2024-10-16T17:22:25.886+0000] {logging_mixin.py:190} INFO - [2024-10-16T17:22:25.886+0000] {dag.py:4180} INFO - Setting next_dagrun for tutorial to 2024-10-15 00:00:00+00:00, run_after=2024-10-16 00:00:00+00:00
[2024-10-16T17:22:25.910+0000] {processor.py:208} INFO - Processing /home/airflow/.local/lib/python3.12/site-packages/airflow/example_dags/tutorial.py took 0.099 seconds
[2024-10-16T17:22:56.424+0000] {processor.py:186} INFO - Started process (PID=271) to work on /home/airflow/.local/lib/python3.12/site-packages/airflow/example_dags/tutorial.py
[2024-10-16T17:22:56.425+0000] {processor.py:914} INFO - Processing file /home/airflow/.local/lib/python3.12/site-packages/airflow/example_dags/tutorial.py for tasks to queue
[2024-10-16T17:22:56.428+0000] {logging_mixin.py:190} INFO - [2024-10-16T17:22:56.428+0000] {dagbag.py:588} INFO - Filling up the DagBag from /home/airflow/.local/lib/python3.12/site-packages/airflow/example_dags/tutorial.py
[2024-10-16T17:22:56.438+0000] {processor.py:925} INFO - DAG(s) 'tutorial' retrieved from /home/airflow/.local/lib/python3.12/site-packages/airflow/example_dags/tutorial.py
[2024-10-16T17:22:56.464+0000] {logging_mixin.py:190} INFO - [2024-10-16T17:22:56.463+0000] {dag.py:3239} INFO - Sync 1 DAGs
[2024-10-16T17:22:56.496+0000] {logging_mixin.py:190} INFO - [2024-10-16T17:22:56.496+0000] {dag.py:4180} INFO - Setting next_dagrun for tutorial to 2024-10-15 00:00:00+00:00, run_after=2024-10-16 00:00:00+00:00
[2024-10-16T17:22:56.518+0000] {processor.py:208} INFO - Processing /home/airflow/.local/lib/python3.12/site-packages/airflow/example_dags/tutorial.py took 0.104 seconds
[2024-10-16T17:23:27.152+0000] {processor.py:186} INFO - Started process (PID=333) to work on /home/airflow/.local/lib/python3.12/site-packages/airflow/example_dags/tutorial.py
[2024-10-16T17:23:27.153+0000] {processor.py:914} INFO - Processing file /home/airflow/.local/lib/python3.12/site-packages/airflow/example_dags/tutorial.py for tasks to queue
[2024-10-16T17:23:27.156+0000] {logging_mixin.py:190} INFO - [2024-10-16T17:23:27.155+0000] {dagbag.py:588} INFO - Filling up the DagBag from /home/airflow/.local/lib/python3.12/site-packages/airflow/example_dags/tutorial.py
[2024-10-16T17:23:27.165+0000] {processor.py:925} INFO - DAG(s) 'tutorial' retrieved from /home/airflow/.local/lib/python3.12/site-packages/airflow/example_dags/tutorial.py
[2024-10-16T17:23:27.188+0000] {logging_mixin.py:190} INFO - [2024-10-16T17:23:27.188+0000] {dag.py:3239} INFO - Sync 1 DAGs
[2024-10-16T17:23:27.216+0000] {logging_mixin.py:190} INFO - [2024-10-16T17:23:27.216+0000] {dag.py:4180} INFO - Setting next_dagrun for tutorial to 2024-10-15 00:00:00+00:00, run_after=2024-10-16 00:00:00+00:00
[2024-10-16T17:23:27.237+0000] {processor.py:208} INFO - Processing /home/airflow/.local/lib/python3.12/site-packages/airflow/example_dags/tutorial.py took 0.093 seconds
[2024-10-16T17:23:57.619+0000] {processor.py:186} INFO - Started process (PID=395) to work on /home/airflow/.local/lib/python3.12/site-packages/airflow/example_dags/tutorial.py
[2024-10-16T17:23:57.620+0000] {processor.py:914} INFO - Processing file /home/airflow/.local/lib/python3.12/site-packages/airflow/example_dags/tutorial.py for tasks to queue
[2024-10-16T17:23:57.623+0000] {logging_mixin.py:190} INFO - [2024-10-16T17:23:57.622+0000] {dagbag.py:588} INFO - Filling up the DagBag from /home/airflow/.local/lib/python3.12/site-packages/airflow/example_dags/tutorial.py
[2024-10-16T17:23:57.631+0000] {processor.py:925} INFO - DAG(s) 'tutorial' retrieved from /home/airflow/.local/lib/python3.12/site-packages/airflow/example_dags/tutorial.py
[2024-10-16T17:23:57.655+0000] {logging_mixin.py:190} INFO - [2024-10-16T17:23:57.654+0000] {dag.py:3239} INFO - Sync 1 DAGs
[2024-10-16T17:23:57.683+0000] {logging_mixin.py:190} INFO - [2024-10-16T17:23:57.682+0000] {dag.py:4180} INFO - Setting next_dagrun for tutorial to 2024-10-15 00:00:00+00:00, run_after=2024-10-16 00:00:00+00:00
[2024-10-16T17:23:57.706+0000] {processor.py:208} INFO - Processing /home/airflow/.local/lib/python3.12/site-packages/airflow/example_dags/tutorial.py took 0.094 seconds
[2024-10-16T17:24:28.052+0000] {processor.py:186} INFO - Started process (PID=457) to work on /home/airflow/.local/lib/python3.12/site-packages/airflow/example_dags/tutorial.py
[2024-10-16T17:24:28.053+0000] {processor.py:914} INFO - Processing file /home/airflow/.local/lib/python3.12/site-packages/airflow/example_dags/tutorial.py for tasks to queue
[2024-10-16T17:24:28.056+0000] {logging_mixin.py:190} INFO - [2024-10-16T17:24:28.056+0000] {dagbag.py:588} INFO - Filling up the DagBag from /home/airflow/.local/lib/python3.12/site-packages/airflow/example_dags/tutorial.py
[2024-10-16T17:24:28.065+0000] {processor.py:925} INFO - DAG(s) 'tutorial' retrieved from /home/airflow/.local/lib/python3.12/site-packages/airflow/example_dags/tutorial.py
[2024-10-16T17:24:28.088+0000] {logging_mixin.py:190} INFO - [2024-10-16T17:24:28.088+0000] {dag.py:3239} INFO - Sync 1 DAGs
[2024-10-16T17:24:28.115+0000] {logging_mixin.py:190} INFO - [2024-10-16T17:24:28.115+0000] {dag.py:4180} INFO - Setting next_dagrun for tutorial to 2024-10-15 00:00:00+00:00, run_after=2024-10-16 00:00:00+00:00
[2024-10-16T17:24:28.137+0000] {processor.py:208} INFO - Processing /home/airflow/.local/lib/python3.12/site-packages/airflow/example_dags/tutorial.py took 0.092 seconds
[2024-10-16T17:24:58.455+0000] {processor.py:186} INFO - Started process (PID=519) to work on /home/airflow/.local/lib/python3.12/site-packages/airflow/example_dags/tutorial.py
[2024-10-16T17:24:58.456+0000] {processor.py:914} INFO - Processing file /home/airflow/.local/lib/python3.12/site-packages/airflow/example_dags/tutorial.py for tasks to queue
[2024-10-16T17:24:58.460+0000] {logging_mixin.py:190} INFO - [2024-10-16T17:24:58.459+0000] {dagbag.py:588} INFO - Filling up the DagBag from /home/airflow/.local/lib/python3.12/site-packages/airflow/example_dags/tutorial.py
[2024-10-16T17:24:58.469+0000] {processor.py:925} INFO - DAG(s) 'tutorial' retrieved from /home/airflow/.local/lib/python3.12/site-packages/airflow/example_dags/tutorial.py
[2024-10-16T17:24:58.491+0000] {logging_mixin.py:190} INFO - [2024-10-16T17:24:58.491+0000] {dag.py:3239} INFO - Sync 1 DAGs
[2024-10-16T17:24:58.518+0000] {logging_mixin.py:190} INFO - [2024-10-16T17:24:58.517+0000] {dag.py:4180} INFO - Setting next_dagrun for tutorial to 2024-10-15 00:00:00+00:00, run_after=2024-10-16 00:00:00+00:00
[2024-10-16T17:24:58.539+0000] {processor.py:208} INFO - Processing /home/airflow/.local/lib/python3.12/site-packages/airflow/example_dags/tutorial.py took 0.091 seconds
[2024-10-16T17:25:29.782+0000] {processor.py:186} INFO - Started process (PID=581) to work on /home/airflow/.local/lib/python3.12/site-packages/airflow/example_dags/tutorial.py
[2024-10-16T17:25:29.783+0000] {processor.py:914} INFO - Processing file /home/airflow/.local/lib/python3.12/site-packages/airflow/example_dags/tutorial.py for tasks to queue
[2024-10-16T17:25:29.786+0000] {logging_mixin.py:190} INFO - [2024-10-16T17:25:29.786+0000] {dagbag.py:588} INFO - Filling up the DagBag from /home/airflow/.local/lib/python3.12/site-packages/airflow/example_dags/tutorial.py
[2024-10-16T17:25:29.797+0000] {processor.py:925} INFO - DAG(s) 'tutorial' retrieved from /home/airflow/.local/lib/python3.12/site-packages/airflow/example_dags/tutorial.py
[2024-10-16T17:25:29.819+0000] {logging_mixin.py:190} INFO - [2024-10-16T17:25:29.818+0000] {dag.py:3239} INFO - Sync 1 DAGs
[2024-10-16T17:25:29.848+0000] {logging_mixin.py:190} INFO - [2024-10-16T17:25:29.848+0000] {dag.py:4180} INFO - Setting next_dagrun for tutorial to 2024-10-15 00:00:00+00:00, run_after=2024-10-16 00:00:00+00:00
[2024-10-16T17:25:29.884+0000] {processor.py:208} INFO - Processing /home/airflow/.local/lib/python3.12/site-packages/airflow/example_dags/tutorial.py took 0.109 seconds
[2024-10-16T17:26:00.266+0000] {processor.py:186} INFO - Started process (PID=643) to work on /home/airflow/.local/lib/python3.12/site-packages/airflow/example_dags/tutorial.py
[2024-10-16T17:26:00.267+0000] {processor.py:914} INFO - Processing file /home/airflow/.local/lib/python3.12/site-packages/airflow/example_dags/tutorial.py for tasks to queue
[2024-10-16T17:26:00.270+0000] {logging_mixin.py:190} INFO - [2024-10-16T17:26:00.270+0000] {dagbag.py:588} INFO - Filling up the DagBag from /home/airflow/.local/lib/python3.12/site-packages/airflow/example_dags/tutorial.py
[2024-10-16T17:26:00.279+0000] {processor.py:925} INFO - DAG(s) 'tutorial' retrieved from /home/airflow/.local/lib/python3.12/site-packages/airflow/example_dags/tutorial.py
[2024-10-16T17:26:00.300+0000] {logging_mixin.py:190} INFO - [2024-10-16T17:26:00.299+0000] {dag.py:3239} INFO - Sync 1 DAGs
[2024-10-16T17:26:00.329+0000] {logging_mixin.py:190} INFO - [2024-10-16T17:26:00.328+0000] {dag.py:4180} INFO - Setting next_dagrun for tutorial to 2024-10-15 00:00:00+00:00, run_after=2024-10-16 00:00:00+00:00
[2024-10-16T17:26:00.352+0000] {processor.py:208} INFO - Processing /home/airflow/.local/lib/python3.12/site-packages/airflow/example_dags/tutorial.py took 0.093 seconds
[2024-10-16T17:26:30.956+0000] {processor.py:186} INFO - Started process (PID=705) to work on /home/airflow/.local/lib/python3.12/site-packages/airflow/example_dags/tutorial.py
[2024-10-16T17:26:30.957+0000] {processor.py:914} INFO - Processing file /home/airflow/.local/lib/python3.12/site-packages/airflow/example_dags/tutorial.py for tasks to queue
[2024-10-16T17:26:30.960+0000] {logging_mixin.py:190} INFO - [2024-10-16T17:26:30.959+0000] {dagbag.py:588} INFO - Filling up the DagBag from /home/airflow/.local/lib/python3.12/site-packages/airflow/example_dags/tutorial.py
[2024-10-16T17:26:30.971+0000] {processor.py:925} INFO - DAG(s) 'tutorial' retrieved from /home/airflow/.local/lib/python3.12/site-packages/airflow/example_dags/tutorial.py
[2024-10-16T17:26:30.995+0000] {logging_mixin.py:190} INFO - [2024-10-16T17:26:30.995+0000] {dag.py:3239} INFO - Sync 1 DAGs
[2024-10-16T17:26:31.028+0000] {logging_mixin.py:190} INFO - [2024-10-16T17:26:31.028+0000] {dag.py:4180} INFO - Setting next_dagrun for tutorial to 2024-10-15 00:00:00+00:00, run_after=2024-10-16 00:00:00+00:00
[2024-10-16T17:26:31.053+0000] {processor.py:208} INFO - Processing /home/airflow/.local/lib/python3.12/site-packages/airflow/example_dags/tutorial.py took 0.105 seconds
[2024-10-16T17:27:01.523+0000] {processor.py:186} INFO - Started process (PID=767) to work on /home/airflow/.local/lib/python3.12/site-packages/airflow/example_dags/tutorial.py
[2024-10-16T17:27:01.524+0000] {processor.py:914} INFO - Processing file /home/airflow/.local/lib/python3.12/site-packages/airflow/example_dags/tutorial.py for tasks to queue
[2024-10-16T17:27:01.527+0000] {logging_mixin.py:190} INFO - [2024-10-16T17:27:01.527+0000] {dagbag.py:588} INFO - Filling up the DagBag from /home/airflow/.local/lib/python3.12/site-packages/airflow/example_dags/tutorial.py
[2024-10-16T17:27:01.540+0000] {processor.py:925} INFO - DAG(s) 'tutorial' retrieved from /home/airflow/.local/lib/python3.12/site-packages/airflow/example_dags/tutorial.py
[2024-10-16T17:27:01.568+0000] {logging_mixin.py:190} INFO - [2024-10-16T17:27:01.568+0000] {dag.py:3239} INFO - Sync 1 DAGs
[2024-10-16T17:27:01.601+0000] {logging_mixin.py:190} INFO - [2024-10-16T17:27:01.600+0000] {dag.py:4180} INFO - Setting next_dagrun for tutorial to 2024-10-15 00:00:00+00:00, run_after=2024-10-16 00:00:00+00:00
[2024-10-16T17:27:01.625+0000] {processor.py:208} INFO - Processing /home/airflow/.local/lib/python3.12/site-packages/airflow/example_dags/tutorial.py took 0.111 seconds
[2024-10-16T17:27:31.897+0000] {processor.py:186} INFO - Started process (PID=829) to work on /home/airflow/.local/lib/python3.12/site-packages/airflow/example_dags/tutorial.py
[2024-10-16T17:27:31.898+0000] {processor.py:914} INFO - Processing file /home/airflow/.local/lib/python3.12/site-packages/airflow/example_dags/tutorial.py for tasks to queue
[2024-10-16T17:27:31.901+0000] {logging_mixin.py:190} INFO - [2024-10-16T17:27:31.901+0000] {dagbag.py:588} INFO - Filling up the DagBag from /home/airflow/.local/lib/python3.12/site-packages/airflow/example_dags/tutorial.py
[2024-10-16T17:27:31.910+0000] {processor.py:925} INFO - DAG(s) 'tutorial' retrieved from /home/airflow/.local/lib/python3.12/site-packages/airflow/example_dags/tutorial.py
[2024-10-16T17:27:31.930+0000] {logging_mixin.py:190} INFO - [2024-10-16T17:27:31.930+0000] {dag.py:3239} INFO - Sync 1 DAGs
[2024-10-16T17:27:31.957+0000] {logging_mixin.py:190} INFO - [2024-10-16T17:27:31.957+0000] {dag.py:4180} INFO - Setting next_dagrun for tutorial to 2024-10-15 00:00:00+00:00, run_after=2024-10-16 00:00:00+00:00
[2024-10-16T17:27:31.979+0000] {processor.py:208} INFO - Processing /home/airflow/.local/lib/python3.12/site-packages/airflow/example_dags/tutorial.py took 0.089 seconds
[2024-10-16T17:28:02.456+0000] {processor.py:186} INFO - Started process (PID=891) to work on /home/airflow/.local/lib/python3.12/site-packages/airflow/example_dags/tutorial.py
[2024-10-16T17:28:02.458+0000] {processor.py:914} INFO - Processing file /home/airflow/.local/lib/python3.12/site-packages/airflow/example_dags/tutorial.py for tasks to queue
[2024-10-16T17:28:02.460+0000] {logging_mixin.py:190} INFO - [2024-10-16T17:28:02.460+0000] {dagbag.py:588} INFO - Filling up the DagBag from /home/airflow/.local/lib/python3.12/site-packages/airflow/example_dags/tutorial.py
[2024-10-16T17:28:02.470+0000] {processor.py:925} INFO - DAG(s) 'tutorial' retrieved from /home/airflow/.local/lib/python3.12/site-packages/airflow/example_dags/tutorial.py
[2024-10-16T17:28:02.491+0000] {logging_mixin.py:190} INFO - [2024-10-16T17:28:02.491+0000] {dag.py:3239} INFO - Sync 1 DAGs
[2024-10-16T17:28:02.519+0000] {logging_mixin.py:190} INFO - [2024-10-16T17:28:02.519+0000] {dag.py:4180} INFO - Setting next_dagrun for tutorial to 2024-10-15 00:00:00+00:00, run_after=2024-10-16 00:00:00+00:00
[2024-10-16T17:28:02.540+0000] {processor.py:208} INFO - Processing /home/airflow/.local/lib/python3.12/site-packages/airflow/example_dags/tutorial.py took 0.092 seconds
[2024-10-16T17:28:32.918+0000] {processor.py:186} INFO - Started process (PID=953) to work on /home/airflow/.local/lib/python3.12/site-packages/airflow/example_dags/tutorial.py
[2024-10-16T17:28:32.919+0000] {processor.py:914} INFO - Processing file /home/airflow/.local/lib/python3.12/site-packages/airflow/example_dags/tutorial.py for tasks to queue
[2024-10-16T17:28:32.921+0000] {logging_mixin.py:190} INFO - [2024-10-16T17:28:32.921+0000] {dagbag.py:588} INFO - Filling up the DagBag from /home/airflow/.local/lib/python3.12/site-packages/airflow/example_dags/tutorial.py
[2024-10-16T17:28:32.930+0000] {processor.py:925} INFO - DAG(s) 'tutorial' retrieved from /home/airflow/.local/lib/python3.12/site-packages/airflow/example_dags/tutorial.py
[2024-10-16T17:28:32.953+0000] {logging_mixin.py:190} INFO - [2024-10-16T17:28:32.953+0000] {dag.py:3239} INFO - Sync 1 DAGs
[2024-10-16T17:28:32.982+0000] {logging_mixin.py:190} INFO - [2024-10-16T17:28:32.981+0000] {dag.py:4180} INFO - Setting next_dagrun for tutorial to 2024-10-15 00:00:00+00:00, run_after=2024-10-16 00:00:00+00:00
[2024-10-16T17:28:33.004+0000] {processor.py:208} INFO - Processing /home/airflow/.local/lib/python3.12/site-packages/airflow/example_dags/tutorial.py took 0.093 seconds
[2024-10-16T17:29:03.319+0000] {processor.py:186} INFO - Started process (PID=1015) to work on /home/airflow/.local/lib/python3.12/site-packages/airflow/example_dags/tutorial.py
[2024-10-16T17:29:03.321+0000] {processor.py:914} INFO - Processing file /home/airflow/.local/lib/python3.12/site-packages/airflow/example_dags/tutorial.py for tasks to queue
[2024-10-16T17:29:03.323+0000] {logging_mixin.py:190} INFO - [2024-10-16T17:29:03.323+0000] {dagbag.py:588} INFO - Filling up the DagBag from /home/airflow/.local/lib/python3.12/site-packages/airflow/example_dags/tutorial.py
[2024-10-16T17:29:03.331+0000] {processor.py:925} INFO - DAG(s) 'tutorial' retrieved from /home/airflow/.local/lib/python3.12/site-packages/airflow/example_dags/tutorial.py
[2024-10-16T17:29:03.353+0000] {logging_mixin.py:190} INFO - [2024-10-16T17:29:03.353+0000] {dag.py:3239} INFO - Sync 1 DAGs
[2024-10-16T17:29:03.380+0000] {logging_mixin.py:190} INFO - [2024-10-16T17:29:03.380+0000] {dag.py:4180} INFO - Setting next_dagrun for tutorial to 2024-10-15 00:00:00+00:00, run_after=2024-10-16 00:00:00+00:00
[2024-10-16T17:29:03.402+0000] {processor.py:208} INFO - Processing /home/airflow/.local/lib/python3.12/site-packages/airflow/example_dags/tutorial.py took 0.089 seconds
[2024-10-16T17:29:34.004+0000] {processor.py:186} INFO - Started process (PID=1077) to work on /home/airflow/.local/lib/python3.12/site-packages/airflow/example_dags/tutorial.py
[2024-10-16T17:29:34.005+0000] {processor.py:914} INFO - Processing file /home/airflow/.local/lib/python3.12/site-packages/airflow/example_dags/tutorial.py for tasks to queue
[2024-10-16T17:29:34.008+0000] {logging_mixin.py:190} INFO - [2024-10-16T17:29:34.008+0000] {dagbag.py:588} INFO - Filling up the DagBag from /home/airflow/.local/lib/python3.12/site-packages/airflow/example_dags/tutorial.py
[2024-10-16T17:29:34.017+0000] {processor.py:925} INFO - DAG(s) 'tutorial' retrieved from /home/airflow/.local/lib/python3.12/site-packages/airflow/example_dags/tutorial.py
[2024-10-16T17:29:34.041+0000] {logging_mixin.py:190} INFO - [2024-10-16T17:29:34.041+0000] {dag.py:3239} INFO - Sync 1 DAGs
[2024-10-16T17:29:34.072+0000] {logging_mixin.py:190} INFO - [2024-10-16T17:29:34.072+0000] {dag.py:4180} INFO - Setting next_dagrun for tutorial to 2024-10-15 00:00:00+00:00, run_after=2024-10-16 00:00:00+00:00
[2024-10-16T17:29:34.095+0000] {processor.py:208} INFO - Processing /home/airflow/.local/lib/python3.12/site-packages/airflow/example_dags/tutorial.py took 0.098 seconds
[2024-10-16T17:30:04.406+0000] {processor.py:186} INFO - Started process (PID=1139) to work on /home/airflow/.local/lib/python3.12/site-packages/airflow/example_dags/tutorial.py
[2024-10-16T17:30:04.407+0000] {processor.py:914} INFO - Processing file /home/airflow/.local/lib/python3.12/site-packages/airflow/example_dags/tutorial.py for tasks to queue
[2024-10-16T17:30:04.410+0000] {logging_mixin.py:190} INFO - [2024-10-16T17:30:04.409+0000] {dagbag.py:588} INFO - Filling up the DagBag from /home/airflow/.local/lib/python3.12/site-packages/airflow/example_dags/tutorial.py
[2024-10-16T17:30:04.419+0000] {processor.py:925} INFO - DAG(s) 'tutorial' retrieved from /home/airflow/.local/lib/python3.12/site-packages/airflow/example_dags/tutorial.py
[2024-10-16T17:30:04.439+0000] {logging_mixin.py:190} INFO - [2024-10-16T17:30:04.439+0000] {dag.py:3239} INFO - Sync 1 DAGs
[2024-10-16T17:30:04.467+0000] {logging_mixin.py:190} INFO - [2024-10-16T17:30:04.467+0000] {dag.py:4180} INFO - Setting next_dagrun for tutorial to 2024-10-15 00:00:00+00:00, run_after=2024-10-16 00:00:00+00:00
[2024-10-16T17:30:04.489+0000] {processor.py:208} INFO - Processing /home/airflow/.local/lib/python3.12/site-packages/airflow/example_dags/tutorial.py took 0.090 seconds
