[2024-11-01T15:06:21.986+0000] {local_task_job_runner.py:123} INFO - ::group::Pre task execution logs
[2024-11-01T15:06:22.007+0000] {taskinstance.py:2612} INFO - Dependencies all met for dep_context=non-requeueable deps ti=<TaskInstance: write_kafka.load_connections scheduled__2024-11-01T14:00:00+00:00 [queued]>
[2024-11-01T15:06:22.017+0000] {taskinstance.py:2612} INFO - Dependencies all met for dep_context=requeueable deps ti=<TaskInstance: write_kafka.load_connections scheduled__2024-11-01T14:00:00+00:00 [queued]>
[2024-11-01T15:06:22.018+0000] {taskinstance.py:2865} INFO - Starting attempt 1 of 2
[2024-11-01T15:06:22.043+0000] {taskinstance.py:2888} INFO - Executing <Task(PythonOperator): load_connections> on 2024-11-01 14:00:00+00:00
[2024-11-01T15:06:22.051+0000] {warnings.py:112} WARNING - /home/***/.local/lib/python3.12/site-packages/***/task/task_runner/standard_task_runner.py:70: DeprecationWarning: This process (pid=85) is multi-threaded, use of fork() may lead to deadlocks in the child.
  pid = os.fork()

[2024-11-01T15:06:22.053+0000] {standard_task_runner.py:72} INFO - Started process 87 to run task
[2024-11-01T15:06:22.054+0000] {standard_task_runner.py:104} INFO - Running: ['***', 'tasks', 'run', 'write_kafka', 'load_connections', 'scheduled__2024-11-01T14:00:00+00:00', '--job-id', '32', '--raw', '--subdir', 'DAGS_FOLDER/write_kafka.py', '--cfg-path', '/tmp/tmpondvmoyw']
[2024-11-01T15:06:22.056+0000] {standard_task_runner.py:105} INFO - Job 32: Subtask load_connections
[2024-11-01T15:06:22.327+0000] {task_command.py:467} INFO - Running <TaskInstance: write_kafka.load_connections scheduled__2024-11-01T14:00:00+00:00 [running]> on host c14417e25734
[2024-11-01T15:06:22.422+0000] {taskinstance.py:3131} INFO - Exporting env vars: AIRFLOW_CTX_DAG_OWNER='***' AIRFLOW_CTX_DAG_ID='write_kafka' AIRFLOW_CTX_TASK_ID='load_connections' AIRFLOW_CTX_EXECUTION_DATE='2024-11-01T14:00:00+00:00' AIRFLOW_CTX_TRY_NUMBER='1' AIRFLOW_CTX_DAG_RUN_ID='scheduled__2024-11-01T14:00:00+00:00'
[2024-11-01T15:06:22.424+0000] {taskinstance.py:731} INFO - ::endgroup::
[2024-11-01T15:06:22.460+0000] {crypto.py:82} WARNING - empty cryptography key - values will not be stored encrypted.
[2024-11-01T15:06:22.468+0000] {python.py:240} INFO - Done. Returned value was: None
[2024-11-01T15:06:22.483+0000] {taskinstance.py:340} INFO - ::group::Post task execution logs
[2024-11-01T15:06:22.484+0000] {taskinstance.py:352} INFO - Marking task as SUCCESS. dag_id=write_kafka, task_id=load_connections, run_id=scheduled__2024-11-01T14:00:00+00:00, execution_date=20241101T140000, start_date=20241101T150622, end_date=20241101T150622
[2024-11-01T15:06:22.549+0000] {local_task_job_runner.py:266} INFO - Task exited with return code 0
[2024-11-01T15:06:22.792+0000] {taskinstance.py:3900} INFO - 1 downstream tasks scheduled from follow-on schedule check
[2024-11-01T15:06:22.805+0000] {local_task_job_runner.py:245} INFO - ::endgroup::
[2024-11-01T15:29:20.162+0000] {local_task_job_runner.py:123} INFO - ::group::Pre task execution logs
[2024-11-01T15:29:20.182+0000] {taskinstance.py:2612} INFO - Dependencies all met for dep_context=non-requeueable deps ti=<TaskInstance: write_kafka.load_connections scheduled__2024-11-01T14:00:00+00:00 [queued]>
[2024-11-01T15:29:20.192+0000] {taskinstance.py:2612} INFO - Dependencies all met for dep_context=requeueable deps ti=<TaskInstance: write_kafka.load_connections scheduled__2024-11-01T14:00:00+00:00 [queued]>
[2024-11-01T15:29:20.193+0000] {taskinstance.py:2865} INFO - Starting attempt 1 of 2
[2024-11-01T15:29:20.213+0000] {taskinstance.py:2888} INFO - Executing <Task(PythonOperator): load_connections> on 2024-11-01 14:00:00+00:00
[2024-11-01T15:29:20.221+0000] {warnings.py:112} WARNING - /home/***/.local/lib/python3.12/site-packages/***/task/task_runner/standard_task_runner.py:70: DeprecationWarning: This process (pid=97) is multi-threaded, use of fork() may lead to deadlocks in the child.
  pid = os.fork()

[2024-11-01T15:29:20.222+0000] {standard_task_runner.py:72} INFO - Started process 99 to run task
[2024-11-01T15:29:20.223+0000] {standard_task_runner.py:104} INFO - Running: ['***', 'tasks', 'run', 'write_kafka', 'load_connections', 'scheduled__2024-11-01T14:00:00+00:00', '--job-id', '3', '--raw', '--subdir', 'DAGS_FOLDER/write_kafka.py', '--cfg-path', '/tmp/tmpu3pkz6ps']
[2024-11-01T15:29:20.226+0000] {standard_task_runner.py:105} INFO - Job 3: Subtask load_connections
[2024-11-01T15:29:20.489+0000] {task_command.py:467} INFO - Running <TaskInstance: write_kafka.load_connections scheduled__2024-11-01T14:00:00+00:00 [running]> on host 6644d007f35d
[2024-11-01T15:29:20.580+0000] {taskinstance.py:3131} INFO - Exporting env vars: AIRFLOW_CTX_DAG_OWNER='***' AIRFLOW_CTX_DAG_ID='write_kafka' AIRFLOW_CTX_TASK_ID='load_connections' AIRFLOW_CTX_EXECUTION_DATE='2024-11-01T14:00:00+00:00' AIRFLOW_CTX_TRY_NUMBER='1' AIRFLOW_CTX_DAG_RUN_ID='scheduled__2024-11-01T14:00:00+00:00'
[2024-11-01T15:29:20.581+0000] {taskinstance.py:731} INFO - ::endgroup::
[2024-11-01T15:29:20.615+0000] {crypto.py:82} WARNING - empty cryptography key - values will not be stored encrypted.
[2024-11-01T15:29:20.628+0000] {python.py:240} INFO - Done. Returned value was: None
[2024-11-01T15:29:20.641+0000] {taskinstance.py:340} INFO - ::group::Post task execution logs
[2024-11-01T15:29:20.642+0000] {taskinstance.py:352} INFO - Marking task as SUCCESS. dag_id=write_kafka, task_id=load_connections, run_id=scheduled__2024-11-01T14:00:00+00:00, execution_date=20241101T140000, start_date=20241101T152920, end_date=20241101T152920
[2024-11-01T15:29:20.679+0000] {local_task_job_runner.py:266} INFO - Task exited with return code 0
[2024-11-01T15:29:20.894+0000] {taskinstance.py:3900} INFO - 1 downstream tasks scheduled from follow-on schedule check
[2024-11-01T15:29:20.897+0000] {local_task_job_runner.py:245} INFO - ::endgroup::
