[2024-10-31T17:40:05.511+0000] {local_task_job_runner.py:123} INFO - ::group::Pre task execution logs
[2024-10-31T17:40:05.534+0000] {taskinstance.py:2612} INFO - Dependencies all met for dep_context=non-requeueable deps ti=<TaskInstance: write_kafka.load_connections manual__2024-10-31T17:40:01.778642+00:00 [queued]>
[2024-10-31T17:40:05.549+0000] {taskinstance.py:2612} INFO - Dependencies all met for dep_context=requeueable deps ti=<TaskInstance: write_kafka.load_connections manual__2024-10-31T17:40:01.778642+00:00 [queued]>
[2024-10-31T17:40:05.550+0000] {taskinstance.py:2865} INFO - Starting attempt 1 of 2
[2024-10-31T17:40:05.875+0000] {taskinstance.py:2888} INFO - Executing <Task(PythonOperator): load_connections> on 2024-10-31 17:40:01.778642+00:00
[2024-10-31T17:40:05.885+0000] {warnings.py:112} WARNING - /home/***/.local/lib/python3.12/site-packages/***/task/task_runner/standard_task_runner.py:70: DeprecationWarning: This process (pid=86) is multi-threaded, use of fork() may lead to deadlocks in the child.
  pid = os.fork()

[2024-10-31T17:40:05.887+0000] {standard_task_runner.py:72} INFO - Started process 89 to run task
[2024-10-31T17:40:05.886+0000] {standard_task_runner.py:104} INFO - Running: ['***', 'tasks', 'run', 'write_kafka', 'load_connections', 'manual__2024-10-31T17:40:01.778642+00:00', '--job-id', '3', '--raw', '--subdir', 'DAGS_FOLDER/write_kafka.py', '--cfg-path', '/tmp/tmpqisx8dnh']
[2024-10-31T17:40:05.891+0000] {standard_task_runner.py:105} INFO - Job 3: Subtask load_connections
[2024-10-31T17:40:05.970+0000] {task_command.py:467} INFO - Running <TaskInstance: write_kafka.load_connections manual__2024-10-31T17:40:01.778642+00:00 [running]> on host 764f828e7588
[2024-10-31T17:40:06.097+0000] {taskinstance.py:3131} INFO - Exporting env vars: AIRFLOW_CTX_DAG_OWNER='***' AIRFLOW_CTX_DAG_ID='write_kafka' AIRFLOW_CTX_TASK_ID='load_connections' AIRFLOW_CTX_EXECUTION_DATE='2024-10-31T17:40:01.778642+00:00' AIRFLOW_CTX_TRY_NUMBER='1' AIRFLOW_CTX_DAG_RUN_ID='manual__2024-10-31T17:40:01.778642+00:00'
[2024-10-31T17:40:06.099+0000] {taskinstance.py:731} INFO - ::endgroup::
[2024-10-31T17:40:06.104+0000] {crypto.py:82} WARNING - empty cryptography key - values will not be stored encrypted.
[2024-10-31T17:40:06.128+0000] {python.py:240} INFO - Done. Returned value was: None
[2024-10-31T17:40:06.145+0000] {taskinstance.py:340} INFO - ::group::Post task execution logs
[2024-10-31T17:40:06.146+0000] {taskinstance.py:352} INFO - Marking task as SUCCESS. dag_id=write_kafka, task_id=load_connections, run_id=manual__2024-10-31T17:40:01.778642+00:00, execution_date=20241031T174001, start_date=20241031T174005, end_date=20241031T174006
[2024-10-31T17:40:06.226+0000] {local_task_job_runner.py:266} INFO - Task exited with return code 0
[2024-10-31T17:40:06.268+0000] {taskinstance.py:3900} INFO - 0 downstream tasks scheduled from follow-on schedule check
[2024-10-31T17:40:06.278+0000] {local_task_job_runner.py:245} INFO - ::endgroup::
